[2024-10-12T18:14:20.161+0000] {local_task_job_runner.py:123} INFO - ::group::Pre task execution logs
[2024-10-12T18:14:20.172+0000] {taskinstance.py:2612} INFO - Dependencies all met for dep_context=non-requeueable deps ti=<TaskInstance: first-dag.task1 scheduled__2021-11-15T00:00:00+00:00 [queued]>
[2024-10-12T18:14:20.177+0000] {taskinstance.py:2612} INFO - Dependencies all met for dep_context=requeueable deps ti=<TaskInstance: first-dag.task1 scheduled__2021-11-15T00:00:00+00:00 [queued]>
[2024-10-12T18:14:20.179+0000] {taskinstance.py:2865} INFO - Starting attempt 1 of 6
[2024-10-12T18:14:20.189+0000] {taskinstance.py:2888} INFO - Executing <Task(BashOperator): task1> on 2021-11-15 00:00:00+00:00
[2024-10-12T18:14:20.194+0000] {logging_mixin.py:190} WARNING - /home/***/.local/lib/python3.12/site-packages/***/task/task_runner/standard_task_runner.py:70 DeprecationWarning: This process (pid=754) is multi-threaded, use of fork() may lead to deadlocks in the child.
[2024-10-12T18:14:20.195+0000] {standard_task_runner.py:72} INFO - Started process 763 to run task
[2024-10-12T18:14:20.196+0000] {standard_task_runner.py:104} INFO - Running: ['***', 'tasks', 'run', 'first-dag', 'task1', 'scheduled__2021-11-15T00:00:00+00:00', '--job-id', '111', '--raw', '--subdir', 'DAGS_FOLDER/first_dag.py', '--cfg-path', '/tmp/tmpee5mpru0']
[2024-10-12T18:14:20.202+0000] {standard_task_runner.py:105} INFO - Job 111: Subtask task1
[2024-10-12T18:14:20.236+0000] {task_command.py:467} INFO - Running <TaskInstance: first-dag.task1 scheduled__2021-11-15T00:00:00+00:00 [running]> on host 50fe842129eb
[2024-10-12T18:14:20.297+0000] {taskinstance.py:3131} INFO - Exporting env vars: AIRFLOW_CTX_DAG_OWNER='james' AIRFLOW_CTX_DAG_ID='first-dag' AIRFLOW_CTX_TASK_ID='task1' AIRFLOW_CTX_EXECUTION_DATE='2021-11-15T00:00:00+00:00' AIRFLOW_CTX_TRY_NUMBER='1' AIRFLOW_CTX_DAG_RUN_ID='scheduled__2021-11-15T00:00:00+00:00'
[2024-10-12T18:14:20.297+0000] {taskinstance.py:731} INFO - ::endgroup::
[2024-10-12T18:14:20.308+0000] {subprocess.py:63} INFO - Tmp dir root location: /tmp
[2024-10-12T18:14:20.312+0000] {subprocess.py:75} INFO - Running command: ['/usr/bin/bash', '-c', 'echo "Running task1"']
[2024-10-12T18:14:20.321+0000] {subprocess.py:86} INFO - Output:
[2024-10-12T18:14:20.321+0000] {subprocess.py:93} INFO - Running task1
[2024-10-12T18:14:20.322+0000] {subprocess.py:97} INFO - Command exited with return code 0
[2024-10-12T18:14:20.342+0000] {taskinstance.py:340} INFO - ::group::Post task execution logs
[2024-10-12T18:14:20.342+0000] {taskinstance.py:352} INFO - Marking task as SUCCESS. dag_id=first-dag, task_id=task1, run_id=scheduled__2021-11-15T00:00:00+00:00, execution_date=20211115T000000, start_date=20241012T181420, end_date=20241012T181420
[2024-10-12T18:14:20.375+0000] {local_task_job_runner.py:266} INFO - Task exited with return code 0
[2024-10-12T18:14:20.383+0000] {local_task_job_runner.py:245} INFO - ::endgroup::
