[2024-10-12T18:14:38.444+0000] {local_task_job_runner.py:123} INFO - ::group::Pre task execution logs
[2024-10-12T18:14:38.455+0000] {taskinstance.py:2612} INFO - Dependencies all met for dep_context=non-requeueable deps ti=<TaskInstance: first-dag.task1 scheduled__2022-01-03T00:00:00+00:00 [queued]>
[2024-10-12T18:14:38.461+0000] {taskinstance.py:2612} INFO - Dependencies all met for dep_context=requeueable deps ti=<TaskInstance: first-dag.task1 scheduled__2022-01-03T00:00:00+00:00 [queued]>
[2024-10-12T18:14:38.462+0000] {taskinstance.py:2865} INFO - Starting attempt 1 of 6
[2024-10-12T18:14:38.493+0000] {taskinstance.py:2888} INFO - Executing <Task(BashOperator): task1> on 2022-01-03 00:00:00+00:00
[2024-10-12T18:14:38.498+0000] {logging_mixin.py:190} WARNING - /home/***/.local/lib/python3.12/site-packages/***/task/task_runner/standard_task_runner.py:70 DeprecationWarning: This process (pid=1152) is multi-threaded, use of fork() may lead to deadlocks in the child.
[2024-10-12T18:14:38.498+0000] {standard_task_runner.py:72} INFO - Started process 1162 to run task
[2024-10-12T18:14:38.497+0000] {standard_task_runner.py:104} INFO - Running: ['***', 'tasks', 'run', 'first-dag', 'task1', 'scheduled__2022-01-03T00:00:00+00:00', '--job-id', '209', '--raw', '--subdir', 'DAGS_FOLDER/first_dag.py', '--cfg-path', '/tmp/tmp2eeg557y']
[2024-10-12T18:14:38.500+0000] {standard_task_runner.py:105} INFO - Job 209: Subtask task1
[2024-10-12T18:14:38.538+0000] {task_command.py:467} INFO - Running <TaskInstance: first-dag.task1 scheduled__2022-01-03T00:00:00+00:00 [running]> on host 50fe842129eb
[2024-10-12T18:14:38.601+0000] {taskinstance.py:3131} INFO - Exporting env vars: AIRFLOW_CTX_DAG_OWNER='james' AIRFLOW_CTX_DAG_ID='first-dag' AIRFLOW_CTX_TASK_ID='task1' AIRFLOW_CTX_EXECUTION_DATE='2022-01-03T00:00:00+00:00' AIRFLOW_CTX_TRY_NUMBER='1' AIRFLOW_CTX_DAG_RUN_ID='scheduled__2022-01-03T00:00:00+00:00'
[2024-10-12T18:14:38.602+0000] {taskinstance.py:731} INFO - ::endgroup::
[2024-10-12T18:14:38.616+0000] {subprocess.py:63} INFO - Tmp dir root location: /tmp
[2024-10-12T18:14:38.616+0000] {subprocess.py:75} INFO - Running command: ['/usr/bin/bash', '-c', 'echo "Running task1"']
[2024-10-12T18:14:38.623+0000] {subprocess.py:86} INFO - Output:
[2024-10-12T18:14:38.625+0000] {subprocess.py:93} INFO - Running task1
[2024-10-12T18:14:38.625+0000] {subprocess.py:97} INFO - Command exited with return code 0
[2024-10-12T18:14:38.644+0000] {taskinstance.py:340} INFO - ::group::Post task execution logs
[2024-10-12T18:14:38.644+0000] {taskinstance.py:352} INFO - Marking task as SUCCESS. dag_id=first-dag, task_id=task1, run_id=scheduled__2022-01-03T00:00:00+00:00, execution_date=20220103T000000, start_date=20241012T181438, end_date=20241012T181438
[2024-10-12T18:14:38.720+0000] {local_task_job_runner.py:266} INFO - Task exited with return code 0
[2024-10-12T18:14:38.730+0000] {local_task_job_runner.py:245} INFO - ::endgroup::
