[2024-10-12T18:17:22.877+0000] {local_task_job_runner.py:123} INFO - ::group::Pre task execution logs
[2024-10-12T18:17:22.896+0000] {taskinstance.py:2612} INFO - Dependencies all met for dep_context=non-requeueable deps ti=<TaskInstance: first-dag.task2 scheduled__2023-07-20T00:00:00+00:00 [queued]>
[2024-10-12T18:17:22.905+0000] {taskinstance.py:2612} INFO - Dependencies all met for dep_context=requeueable deps ti=<TaskInstance: first-dag.task2 scheduled__2023-07-20T00:00:00+00:00 [queued]>
[2024-10-12T18:17:22.907+0000] {taskinstance.py:2865} INFO - Starting attempt 1 of 6
[2024-10-12T18:17:22.959+0000] {taskinstance.py:2888} INFO - Executing <Task(BashOperator): task2> on 2023-07-20 00:00:00+00:00
[2024-10-12T18:17:22.967+0000] {logging_mixin.py:190} WARNING - /home/***/.local/lib/python3.12/site-packages/***/task/task_runner/standard_task_runner.py:70 DeprecationWarning: This process (pid=5758) is multi-threaded, use of fork() may lead to deadlocks in the child.
[2024-10-12T18:17:22.970+0000] {standard_task_runner.py:72} INFO - Started process 5771 to run task
[2024-10-12T18:17:22.966+0000] {standard_task_runner.py:104} INFO - Running: ['***', 'tasks', 'run', 'first-dag', 'task2', 'scheduled__2023-07-20T00:00:00+00:00', '--job-id', '1345', '--raw', '--subdir', 'DAGS_FOLDER/first_dag.py', '--cfg-path', '/tmp/tmp0hgrvbvj']
[2024-10-12T18:17:22.975+0000] {standard_task_runner.py:105} INFO - Job 1345: Subtask task2
[2024-10-12T18:17:23.027+0000] {task_command.py:467} INFO - Running <TaskInstance: first-dag.task2 scheduled__2023-07-20T00:00:00+00:00 [running]> on host 50fe842129eb
[2024-10-12T18:17:23.102+0000] {taskinstance.py:3131} INFO - Exporting env vars: AIRFLOW_CTX_DAG_OWNER='james' AIRFLOW_CTX_DAG_ID='first-dag' AIRFLOW_CTX_TASK_ID='task2' AIRFLOW_CTX_EXECUTION_DATE='2023-07-20T00:00:00+00:00' AIRFLOW_CTX_TRY_NUMBER='1' AIRFLOW_CTX_DAG_RUN_ID='scheduled__2023-07-20T00:00:00+00:00'
[2024-10-12T18:17:23.103+0000] {taskinstance.py:731} INFO - ::endgroup::
[2024-10-12T18:17:23.118+0000] {subprocess.py:63} INFO - Tmp dir root location: /tmp
[2024-10-12T18:17:23.121+0000] {subprocess.py:75} INFO - Running command: ['/usr/bin/bash', '-c', 'echo "Running task2"']
[2024-10-12T18:17:23.130+0000] {subprocess.py:86} INFO - Output:
[2024-10-12T18:17:23.132+0000] {subprocess.py:93} INFO - Running task2
[2024-10-12T18:17:23.133+0000] {subprocess.py:97} INFO - Command exited with return code 0
[2024-10-12T18:17:23.160+0000] {taskinstance.py:340} INFO - ::group::Post task execution logs
[2024-10-12T18:17:23.161+0000] {taskinstance.py:352} INFO - Marking task as SUCCESS. dag_id=first-dag, task_id=task2, run_id=scheduled__2023-07-20T00:00:00+00:00, execution_date=20230720T000000, start_date=20241012T181722, end_date=20241012T181723
[2024-10-12T18:17:23.236+0000] {local_task_job_runner.py:266} INFO - Task exited with return code 0
[2024-10-12T18:17:23.243+0000] {local_task_job_runner.py:245} INFO - ::endgroup::
