[2024-10-12T18:15:59.810+0000] {local_task_job_runner.py:123} INFO - ::group::Pre task execution logs
[2024-10-12T18:15:59.825+0000] {taskinstance.py:2612} INFO - Dependencies all met for dep_context=non-requeueable deps ti=<TaskInstance: first-dag.task1 scheduled__2022-09-27T00:00:00+00:00 [queued]>
[2024-10-12T18:15:59.831+0000] {taskinstance.py:2612} INFO - Dependencies all met for dep_context=requeueable deps ti=<TaskInstance: first-dag.task1 scheduled__2022-09-27T00:00:00+00:00 [queued]>
[2024-10-12T18:15:59.833+0000] {taskinstance.py:2865} INFO - Starting attempt 1 of 6
[2024-10-12T18:15:59.885+0000] {taskinstance.py:2888} INFO - Executing <Task(BashOperator): task1> on 2022-09-27 00:00:00+00:00
[2024-10-12T18:15:59.891+0000] {logging_mixin.py:190} WARNING - /home/***/.local/lib/python3.12/site-packages/***/task/task_runner/standard_task_runner.py:70 DeprecationWarning: This process (pid=3317) is multi-threaded, use of fork() may lead to deadlocks in the child.
[2024-10-12T18:15:59.892+0000] {standard_task_runner.py:72} INFO - Started process 3332 to run task
[2024-10-12T18:15:59.892+0000] {standard_task_runner.py:104} INFO - Running: ['***', 'tasks', 'run', 'first-dag', 'task1', 'scheduled__2022-09-27T00:00:00+00:00', '--job-id', '744', '--raw', '--subdir', 'DAGS_FOLDER/first_dag.py', '--cfg-path', '/tmp/tmpvpd3drbx']
[2024-10-12T18:15:59.894+0000] {standard_task_runner.py:105} INFO - Job 744: Subtask task1
[2024-10-12T18:15:59.931+0000] {task_command.py:467} INFO - Running <TaskInstance: first-dag.task1 scheduled__2022-09-27T00:00:00+00:00 [running]> on host 50fe842129eb
[2024-10-12T18:16:00.004+0000] {taskinstance.py:3131} INFO - Exporting env vars: AIRFLOW_CTX_DAG_OWNER='james' AIRFLOW_CTX_DAG_ID='first-dag' AIRFLOW_CTX_TASK_ID='task1' AIRFLOW_CTX_EXECUTION_DATE='2022-09-27T00:00:00+00:00' AIRFLOW_CTX_TRY_NUMBER='1' AIRFLOW_CTX_DAG_RUN_ID='scheduled__2022-09-27T00:00:00+00:00'
[2024-10-12T18:16:00.005+0000] {taskinstance.py:731} INFO - ::endgroup::
[2024-10-12T18:16:00.019+0000] {subprocess.py:63} INFO - Tmp dir root location: /tmp
[2024-10-12T18:16:00.019+0000] {subprocess.py:75} INFO - Running command: ['/usr/bin/bash', '-c', 'echo "Running task1"']
[2024-10-12T18:16:00.028+0000] {subprocess.py:86} INFO - Output:
[2024-10-12T18:16:00.029+0000] {subprocess.py:93} INFO - Running task1
[2024-10-12T18:16:00.030+0000] {subprocess.py:97} INFO - Command exited with return code 0
[2024-10-12T18:16:00.052+0000] {taskinstance.py:340} INFO - ::group::Post task execution logs
[2024-10-12T18:16:00.052+0000] {taskinstance.py:352} INFO - Marking task as SUCCESS. dag_id=first-dag, task_id=task1, run_id=scheduled__2022-09-27T00:00:00+00:00, execution_date=20220927T000000, start_date=20241012T181559, end_date=20241012T181600
[2024-10-12T18:16:00.116+0000] {local_task_job_runner.py:266} INFO - Task exited with return code 0
[2024-10-12T18:16:00.140+0000] {taskinstance.py:3900} INFO - 1 downstream tasks scheduled from follow-on schedule check
[2024-10-12T18:16:00.142+0000] {local_task_job_runner.py:245} INFO - ::endgroup::
