[2024-10-12T18:16:45.862+0000] {local_task_job_runner.py:123} INFO - ::group::Pre task execution logs
[2024-10-12T18:16:45.880+0000] {taskinstance.py:2612} INFO - Dependencies all met for dep_context=non-requeueable deps ti=<TaskInstance: first-dag.task2 scheduled__2023-03-16T00:00:00+00:00 [queued]>
[2024-10-12T18:16:45.890+0000] {taskinstance.py:2612} INFO - Dependencies all met for dep_context=requeueable deps ti=<TaskInstance: first-dag.task2 scheduled__2023-03-16T00:00:00+00:00 [queued]>
[2024-10-12T18:16:45.890+0000] {taskinstance.py:2865} INFO - Starting attempt 1 of 6
[2024-10-12T18:16:45.905+0000] {taskinstance.py:2888} INFO - Executing <Task(BashOperator): task2> on 2023-03-16 00:00:00+00:00
[2024-10-12T18:16:45.914+0000] {logging_mixin.py:190} WARNING - /home/***/.local/lib/python3.12/site-packages/***/task/task_runner/standard_task_runner.py:70 DeprecationWarning: This process (pid=4734) is multi-threaded, use of fork() may lead to deadlocks in the child.
[2024-10-12T18:16:45.915+0000] {standard_task_runner.py:72} INFO - Started process 4746 to run task
[2024-10-12T18:16:45.914+0000] {standard_task_runner.py:104} INFO - Running: ['***', 'tasks', 'run', 'first-dag', 'task2', 'scheduled__2023-03-16T00:00:00+00:00', '--job-id', '1094', '--raw', '--subdir', 'DAGS_FOLDER/first_dag.py', '--cfg-path', '/tmp/tmp06_8dwdz']
[2024-10-12T18:16:45.918+0000] {standard_task_runner.py:105} INFO - Job 1094: Subtask task2
[2024-10-12T18:16:45.958+0000] {task_command.py:467} INFO - Running <TaskInstance: first-dag.task2 scheduled__2023-03-16T00:00:00+00:00 [running]> on host 50fe842129eb
[2024-10-12T18:16:46.029+0000] {taskinstance.py:3131} INFO - Exporting env vars: AIRFLOW_CTX_DAG_OWNER='james' AIRFLOW_CTX_DAG_ID='first-dag' AIRFLOW_CTX_TASK_ID='task2' AIRFLOW_CTX_EXECUTION_DATE='2023-03-16T00:00:00+00:00' AIRFLOW_CTX_TRY_NUMBER='1' AIRFLOW_CTX_DAG_RUN_ID='scheduled__2023-03-16T00:00:00+00:00'
[2024-10-12T18:16:46.030+0000] {taskinstance.py:731} INFO - ::endgroup::
[2024-10-12T18:16:46.043+0000] {subprocess.py:63} INFO - Tmp dir root location: /tmp
[2024-10-12T18:16:46.045+0000] {subprocess.py:75} INFO - Running command: ['/usr/bin/bash', '-c', 'echo "Running task2"']
[2024-10-12T18:16:46.053+0000] {subprocess.py:86} INFO - Output:
[2024-10-12T18:16:46.054+0000] {subprocess.py:93} INFO - Running task2
[2024-10-12T18:16:46.054+0000] {subprocess.py:97} INFO - Command exited with return code 0
[2024-10-12T18:16:46.072+0000] {taskinstance.py:340} INFO - ::group::Post task execution logs
[2024-10-12T18:16:46.072+0000] {taskinstance.py:352} INFO - Marking task as SUCCESS. dag_id=first-dag, task_id=task2, run_id=scheduled__2023-03-16T00:00:00+00:00, execution_date=20230316T000000, start_date=20241012T181645, end_date=20241012T181646
[2024-10-12T18:16:46.097+0000] {local_task_job_runner.py:266} INFO - Task exited with return code 0
[2024-10-12T18:16:46.104+0000] {local_task_job_runner.py:245} INFO - ::endgroup::
