[2024-10-12T18:19:10.975+0000] {local_task_job_runner.py:123} INFO - ::group::Pre task execution logs
[2024-10-12T18:19:10.990+0000] {taskinstance.py:2612} INFO - Dependencies all met for dep_context=non-requeueable deps ti=<TaskInstance: first-dag.task2 scheduled__2024-08-10T00:00:00+00:00 [queued]>
[2024-10-12T18:19:10.999+0000] {taskinstance.py:2612} INFO - Dependencies all met for dep_context=requeueable deps ti=<TaskInstance: first-dag.task2 scheduled__2024-08-10T00:00:00+00:00 [queued]>
[2024-10-12T18:19:10.999+0000] {taskinstance.py:2865} INFO - Starting attempt 1 of 6
[2024-10-12T18:19:11.011+0000] {taskinstance.py:2888} INFO - Executing <Task(BashOperator): task2> on 2024-08-10 00:00:00+00:00
[2024-10-12T18:19:11.016+0000] {logging_mixin.py:190} WARNING - /home/***/.local/lib/python3.12/site-packages/***/task/task_runner/standard_task_runner.py:70 DeprecationWarning: This process (pid=8886) is multi-threaded, use of fork() may lead to deadlocks in the child.
[2024-10-12T18:19:11.017+0000] {standard_task_runner.py:72} INFO - Started process 8896 to run task
[2024-10-12T18:19:11.016+0000] {standard_task_runner.py:104} INFO - Running: ['***', 'tasks', 'run', 'first-dag', 'task2', 'scheduled__2024-08-10T00:00:00+00:00', '--job-id', '2118', '--raw', '--subdir', 'DAGS_FOLDER/first_dag.py', '--cfg-path', '/tmp/tmpww2i3fj8']
[2024-10-12T18:19:11.021+0000] {standard_task_runner.py:105} INFO - Job 2118: Subtask task2
[2024-10-12T18:19:11.057+0000] {task_command.py:467} INFO - Running <TaskInstance: first-dag.task2 scheduled__2024-08-10T00:00:00+00:00 [running]> on host 50fe842129eb
[2024-10-12T18:19:11.127+0000] {taskinstance.py:3131} INFO - Exporting env vars: AIRFLOW_CTX_DAG_OWNER='james' AIRFLOW_CTX_DAG_ID='first-dag' AIRFLOW_CTX_TASK_ID='task2' AIRFLOW_CTX_EXECUTION_DATE='2024-08-10T00:00:00+00:00' AIRFLOW_CTX_TRY_NUMBER='1' AIRFLOW_CTX_DAG_RUN_ID='scheduled__2024-08-10T00:00:00+00:00'
[2024-10-12T18:19:11.129+0000] {taskinstance.py:731} INFO - ::endgroup::
[2024-10-12T18:19:11.141+0000] {subprocess.py:63} INFO - Tmp dir root location: /tmp
[2024-10-12T18:19:11.142+0000] {subprocess.py:75} INFO - Running command: ['/usr/bin/bash', '-c', 'echo "Running task2"']
[2024-10-12T18:19:11.147+0000] {subprocess.py:86} INFO - Output:
[2024-10-12T18:19:11.148+0000] {subprocess.py:93} INFO - Running task2
[2024-10-12T18:19:11.148+0000] {subprocess.py:97} INFO - Command exited with return code 0
[2024-10-12T18:19:11.162+0000] {taskinstance.py:340} INFO - ::group::Post task execution logs
[2024-10-12T18:19:11.162+0000] {taskinstance.py:352} INFO - Marking task as SUCCESS. dag_id=first-dag, task_id=task2, run_id=scheduled__2024-08-10T00:00:00+00:00, execution_date=20240810T000000, start_date=20241012T181910, end_date=20241012T181911
[2024-10-12T18:19:11.201+0000] {local_task_job_runner.py:266} INFO - Task exited with return code 0
[2024-10-12T18:19:11.210+0000] {taskinstance.py:3900} INFO - 0 downstream tasks scheduled from follow-on schedule check
[2024-10-12T18:19:11.211+0000] {local_task_job_runner.py:245} INFO - ::endgroup::
