[2024-10-12T18:15:53.979+0000] {local_task_job_runner.py:123} INFO - ::group::Pre task execution logs
[2024-10-12T18:15:53.989+0000] {taskinstance.py:2612} INFO - Dependencies all met for dep_context=non-requeueable deps ti=<TaskInstance: first-dag.task2 scheduled__2022-09-06T00:00:00+00:00 [queued]>
[2024-10-12T18:15:53.994+0000] {taskinstance.py:2612} INFO - Dependencies all met for dep_context=requeueable deps ti=<TaskInstance: first-dag.task2 scheduled__2022-09-06T00:00:00+00:00 [queued]>
[2024-10-12T18:15:53.995+0000] {taskinstance.py:2865} INFO - Starting attempt 1 of 6
[2024-10-12T18:15:54.009+0000] {taskinstance.py:2888} INFO - Executing <Task(BashOperator): task2> on 2022-09-06 00:00:00+00:00
[2024-10-12T18:15:54.015+0000] {logging_mixin.py:190} WARNING - /home/***/.local/lib/python3.12/site-packages/***/task/task_runner/standard_task_runner.py:70 DeprecationWarning: This process (pid=3178) is multi-threaded, use of fork() may lead to deadlocks in the child.
[2024-10-12T18:15:54.016+0000] {standard_task_runner.py:72} INFO - Started process 3180 to run task
[2024-10-12T18:15:54.015+0000] {standard_task_runner.py:104} INFO - Running: ['***', 'tasks', 'run', 'first-dag', 'task2', 'scheduled__2022-09-06T00:00:00+00:00', '--job-id', '707', '--raw', '--subdir', 'DAGS_FOLDER/first_dag.py', '--cfg-path', '/tmp/tmp91lid6wg']
[2024-10-12T18:15:54.018+0000] {standard_task_runner.py:105} INFO - Job 707: Subtask task2
[2024-10-12T18:15:54.050+0000] {task_command.py:467} INFO - Running <TaskInstance: first-dag.task2 scheduled__2022-09-06T00:00:00+00:00 [running]> on host 50fe842129eb
[2024-10-12T18:15:54.101+0000] {taskinstance.py:3131} INFO - Exporting env vars: AIRFLOW_CTX_DAG_OWNER='james' AIRFLOW_CTX_DAG_ID='first-dag' AIRFLOW_CTX_TASK_ID='task2' AIRFLOW_CTX_EXECUTION_DATE='2022-09-06T00:00:00+00:00' AIRFLOW_CTX_TRY_NUMBER='1' AIRFLOW_CTX_DAG_RUN_ID='scheduled__2022-09-06T00:00:00+00:00'
[2024-10-12T18:15:54.102+0000] {taskinstance.py:731} INFO - ::endgroup::
[2024-10-12T18:15:54.114+0000] {subprocess.py:63} INFO - Tmp dir root location: /tmp
[2024-10-12T18:15:54.114+0000] {subprocess.py:75} INFO - Running command: ['/usr/bin/bash', '-c', 'echo "Running task2"']
[2024-10-12T18:15:54.122+0000] {subprocess.py:86} INFO - Output:
[2024-10-12T18:15:54.123+0000] {subprocess.py:93} INFO - Running task2
[2024-10-12T18:15:54.123+0000] {subprocess.py:97} INFO - Command exited with return code 0
[2024-10-12T18:15:54.136+0000] {taskinstance.py:340} INFO - ::group::Post task execution logs
[2024-10-12T18:15:54.137+0000] {taskinstance.py:352} INFO - Marking task as SUCCESS. dag_id=first-dag, task_id=task2, run_id=scheduled__2022-09-06T00:00:00+00:00, execution_date=20220906T000000, start_date=20241012T181553, end_date=20241012T181554
[2024-10-12T18:15:54.155+0000] {local_task_job_runner.py:266} INFO - Task exited with return code 0
[2024-10-12T18:15:54.164+0000] {taskinstance.py:3900} INFO - 0 downstream tasks scheduled from follow-on schedule check
[2024-10-12T18:15:54.165+0000] {local_task_job_runner.py:245} INFO - ::endgroup::
