[2024-10-12T18:17:35.209+0000] {local_task_job_runner.py:123} INFO - ::group::Pre task execution logs
[2024-10-12T18:17:35.224+0000] {taskinstance.py:2612} INFO - Dependencies all met for dep_context=non-requeueable deps ti=<TaskInstance: first-dag.task2 scheduled__2023-08-24T00:00:00+00:00 [queued]>
[2024-10-12T18:17:35.232+0000] {taskinstance.py:2612} INFO - Dependencies all met for dep_context=requeueable deps ti=<TaskInstance: first-dag.task2 scheduled__2023-08-24T00:00:00+00:00 [queued]>
[2024-10-12T18:17:35.233+0000] {taskinstance.py:2865} INFO - Starting attempt 1 of 6
[2024-10-12T18:17:35.275+0000] {taskinstance.py:2888} INFO - Executing <Task(BashOperator): task2> on 2023-08-24 00:00:00+00:00
[2024-10-12T18:17:35.282+0000] {standard_task_runner.py:104} INFO - Running: ['***', 'tasks', 'run', 'first-dag', 'task2', 'scheduled__2023-08-24T00:00:00+00:00', '--job-id', '1415', '--raw', '--subdir', 'DAGS_FOLDER/first_dag.py', '--cfg-path', '/tmp/tmpx3wp5yen']
[2024-10-12T18:17:35.283+0000] {logging_mixin.py:190} WARNING - /home/***/.local/lib/python3.12/site-packages/***/task/task_runner/standard_task_runner.py:70 DeprecationWarning: This process (pid=6035) is multi-threaded, use of fork() may lead to deadlocks in the child.
[2024-10-12T18:17:35.284+0000] {standard_task_runner.py:105} INFO - Job 1415: Subtask task2
[2024-10-12T18:17:35.284+0000] {standard_task_runner.py:72} INFO - Started process 6048 to run task
[2024-10-12T18:17:35.330+0000] {task_command.py:467} INFO - Running <TaskInstance: first-dag.task2 scheduled__2023-08-24T00:00:00+00:00 [running]> on host 50fe842129eb
[2024-10-12T18:17:35.390+0000] {taskinstance.py:3131} INFO - Exporting env vars: AIRFLOW_CTX_DAG_OWNER='james' AIRFLOW_CTX_DAG_ID='first-dag' AIRFLOW_CTX_TASK_ID='task2' AIRFLOW_CTX_EXECUTION_DATE='2023-08-24T00:00:00+00:00' AIRFLOW_CTX_TRY_NUMBER='1' AIRFLOW_CTX_DAG_RUN_ID='scheduled__2023-08-24T00:00:00+00:00'
[2024-10-12T18:17:35.390+0000] {taskinstance.py:731} INFO - ::endgroup::
[2024-10-12T18:17:35.413+0000] {subprocess.py:63} INFO - Tmp dir root location: /tmp
[2024-10-12T18:17:35.414+0000] {subprocess.py:75} INFO - Running command: ['/usr/bin/bash', '-c', 'echo "Running task2"']
[2024-10-12T18:17:35.422+0000] {subprocess.py:86} INFO - Output:
[2024-10-12T18:17:35.425+0000] {subprocess.py:93} INFO - Running task2
[2024-10-12T18:17:35.425+0000] {subprocess.py:97} INFO - Command exited with return code 0
[2024-10-12T18:17:35.448+0000] {taskinstance.py:340} INFO - ::group::Post task execution logs
[2024-10-12T18:17:35.449+0000] {taskinstance.py:352} INFO - Marking task as SUCCESS. dag_id=first-dag, task_id=task2, run_id=scheduled__2023-08-24T00:00:00+00:00, execution_date=20230824T000000, start_date=20241012T181735, end_date=20241012T181735
[2024-10-12T18:17:35.547+0000] {local_task_job_runner.py:266} INFO - Task exited with return code 0
[2024-10-12T18:17:35.565+0000] {taskinstance.py:3900} INFO - 0 downstream tasks scheduled from follow-on schedule check
[2024-10-12T18:17:35.567+0000] {local_task_job_runner.py:245} INFO - ::endgroup::
