[0m11:30:44.292811 [debug] [MainThread]: Sending event: {'category': 'dbt', 'action': 'invocation', 'label': 'start', 'context': [<snowplow_tracker.self_describing_json.SelfDescribingJson object at 0x7534fbf68f10>, <snowplow_tracker.self_describing_json.SelfDescribingJson object at 0x7534fc287990>, <snowplow_tracker.self_describing_json.SelfDescribingJson object at 0x7534fbf49190>]}


============================== 11:30:44.294123 | 1fd578bc-1849-4197-86c1-0ba1fe0fcf52 ==============================
[0m11:30:44.294123 [info ] [MainThread]: Running with dbt=1.8.7
[0m11:30:44.294400 [debug] [MainThread]: running dbt with arguments {'printer_width': '80', 'indirect_selection': 'eager', 'write_json': 'True', 'log_cache_events': 'False', 'partial_parse': 'True', 'cache_selected_only': 'False', 'profiles_dir': '/home/nguyen/.dbt', 'fail_fast': 'False', 'version_check': 'True', 'log_path': 'logs', 'warn_error': 'None', 'debug': 'False', 'use_colors': 'True', 'use_experimental_parser': 'False', 'no_print': 'None', 'quiet': 'False', 'empty': 'None', 'log_format': 'default', 'static_parser': 'True', 'introspect': 'True', 'invocation_command': 'dbt init', 'target_path': 'None', 'warn_error_options': 'WarnErrorOptions(include=[], exclude=[])', 'send_anonymous_usage_stats': 'True'}
[0m11:30:51.905345 [debug] [MainThread]: Starter project path: /home/nguyen/Desktop/NLP_RNN/dataengineer/etl_tutorials/tut1/.env/lib/python3.11/site-packages/dbt/include/starter_project
[0m11:30:51.910107 [info ] [MainThread]: 
Your new dbt project "dbt_tut" was created!

For more information on how to configure the profiles.yml file,
please consult the dbt documentation here:

  https://docs.getdbt.com/docs/configure-your-profile

One more thing:

Need help? Don't hesitate to reach out to us via GitHub issues or on Slack:

  https://community.getdbt.com/

Happy modeling!

[0m11:30:51.910318 [info ] [MainThread]: Setting up your profile.
[0m11:33:08.101799 [info ] [MainThread]: Profile dbt_tut written to /home/nguyen/.dbt/profiles.yml using target's profile_template.yml and your supplied values. Run 'dbt debug' to validate the connection.
[0m11:33:08.104399 [debug] [MainThread]: Resource report: {"command_name": "init", "command_success": true, "command_wall_clock_time": 143.8323, "process_user_time": 0.633208, "process_kernel_time": 0.041911, "process_mem_max_rss": "111040", "process_in_blocks": "16", "process_out_blocks": "80"}
[0m11:33:08.106065 [debug] [MainThread]: Command `dbt init` succeeded at 11:33:08.105753 after 143.83 seconds
[0m11:33:08.107069 [debug] [MainThread]: Sending event: {'category': 'dbt', 'action': 'invocation', 'label': 'end', 'context': [<snowplow_tracker.self_describing_json.SelfDescribingJson object at 0x7534ff77e4d0>, <snowplow_tracker.self_describing_json.SelfDescribingJson object at 0x7534fbef7710>, <snowplow_tracker.self_describing_json.SelfDescribingJson object at 0x7534fbef7890>]}
[0m11:33:08.108124 [debug] [MainThread]: Flushing usage events
