[2024-10-12T18:18:22.480+0000] {local_task_job_runner.py:123} INFO - ::group::Pre task execution logs
[2024-10-12T18:18:22.492+0000] {taskinstance.py:2612} INFO - Dependencies all met for dep_context=non-requeueable deps ti=<TaskInstance: first-dag.task2 scheduled__2024-02-18T00:00:00+00:00 [queued]>
[2024-10-12T18:18:22.499+0000] {taskinstance.py:2612} INFO - Dependencies all met for dep_context=requeueable deps ti=<TaskInstance: first-dag.task2 scheduled__2024-02-18T00:00:00+00:00 [queued]>
[2024-10-12T18:18:22.500+0000] {taskinstance.py:2865} INFO - Starting attempt 1 of 6
[2024-10-12T18:18:22.512+0000] {taskinstance.py:2888} INFO - Executing <Task(BashOperator): task2> on 2024-02-18 00:00:00+00:00
[2024-10-12T18:18:22.517+0000] {logging_mixin.py:190} WARNING - /home/***/.local/lib/python3.12/site-packages/***/task/task_runner/standard_task_runner.py:70 DeprecationWarning: This process (pid=7485) is multi-threaded, use of fork() may lead to deadlocks in the child.
[2024-10-12T18:18:22.519+0000] {standard_task_runner.py:72} INFO - Started process 7497 to run task
[2024-10-12T18:18:22.518+0000] {standard_task_runner.py:104} INFO - Running: ['***', 'tasks', 'run', 'first-dag', 'task2', 'scheduled__2024-02-18T00:00:00+00:00', '--job-id', '1772', '--raw', '--subdir', 'DAGS_FOLDER/first_dag.py', '--cfg-path', '/tmp/tmp6tdgbmvq']
[2024-10-12T18:18:22.523+0000] {standard_task_runner.py:105} INFO - Job 1772: Subtask task2
[2024-10-12T18:18:22.559+0000] {task_command.py:467} INFO - Running <TaskInstance: first-dag.task2 scheduled__2024-02-18T00:00:00+00:00 [running]> on host 50fe842129eb
[2024-10-12T18:18:22.636+0000] {taskinstance.py:3131} INFO - Exporting env vars: AIRFLOW_CTX_DAG_OWNER='james' AIRFLOW_CTX_DAG_ID='first-dag' AIRFLOW_CTX_TASK_ID='task2' AIRFLOW_CTX_EXECUTION_DATE='2024-02-18T00:00:00+00:00' AIRFLOW_CTX_TRY_NUMBER='1' AIRFLOW_CTX_DAG_RUN_ID='scheduled__2024-02-18T00:00:00+00:00'
[2024-10-12T18:18:22.636+0000] {taskinstance.py:731} INFO - ::endgroup::
[2024-10-12T18:18:22.650+0000] {subprocess.py:63} INFO - Tmp dir root location: /tmp
[2024-10-12T18:18:22.650+0000] {subprocess.py:75} INFO - Running command: ['/usr/bin/bash', '-c', 'echo "Running task2"']
[2024-10-12T18:18:22.658+0000] {subprocess.py:86} INFO - Output:
[2024-10-12T18:18:22.659+0000] {subprocess.py:93} INFO - Running task2
[2024-10-12T18:18:22.660+0000] {subprocess.py:97} INFO - Command exited with return code 0
[2024-10-12T18:18:22.678+0000] {taskinstance.py:340} INFO - ::group::Post task execution logs
[2024-10-12T18:18:22.679+0000] {taskinstance.py:352} INFO - Marking task as SUCCESS. dag_id=first-dag, task_id=task2, run_id=scheduled__2024-02-18T00:00:00+00:00, execution_date=20240218T000000, start_date=20241012T181822, end_date=20241012T181822
[2024-10-12T18:18:22.703+0000] {local_task_job_runner.py:266} INFO - Task exited with return code 0
[2024-10-12T18:18:22.714+0000] {taskinstance.py:3900} INFO - 0 downstream tasks scheduled from follow-on schedule check
[2024-10-12T18:18:22.716+0000] {local_task_job_runner.py:245} INFO - ::endgroup::
