[2024-10-12T18:17:58.867+0000] {local_task_job_runner.py:123} INFO - ::group::Pre task execution logs
[2024-10-12T18:17:58.881+0000] {taskinstance.py:2612} INFO - Dependencies all met for dep_context=non-requeueable deps ti=<TaskInstance: first-dag.task2 scheduled__2023-11-19T00:00:00+00:00 [queued]>
[2024-10-12T18:17:58.888+0000] {taskinstance.py:2612} INFO - Dependencies all met for dep_context=requeueable deps ti=<TaskInstance: first-dag.task2 scheduled__2023-11-19T00:00:00+00:00 [queued]>
[2024-10-12T18:17:58.889+0000] {taskinstance.py:2865} INFO - Starting attempt 1 of 6
[2024-10-12T18:17:58.929+0000] {taskinstance.py:2888} INFO - Executing <Task(BashOperator): task2> on 2023-11-19 00:00:00+00:00
[2024-10-12T18:17:58.935+0000] {logging_mixin.py:190} WARNING - /home/***/.local/lib/python3.12/site-packages/***/task/task_runner/standard_task_runner.py:70 DeprecationWarning: This process (pid=6752) is multi-threaded, use of fork() may lead to deadlocks in the child.
[2024-10-12T18:17:58.936+0000] {standard_task_runner.py:72} INFO - Started process 6763 to run task
[2024-10-12T18:17:58.936+0000] {standard_task_runner.py:104} INFO - Running: ['***', 'tasks', 'run', 'first-dag', 'task2', 'scheduled__2023-11-19T00:00:00+00:00', '--job-id', '1590', '--raw', '--subdir', 'DAGS_FOLDER/first_dag.py', '--cfg-path', '/tmp/tmplu1aaqft']
[2024-10-12T18:17:58.940+0000] {standard_task_runner.py:105} INFO - Job 1590: Subtask task2
[2024-10-12T18:17:58.975+0000] {task_command.py:467} INFO - Running <TaskInstance: first-dag.task2 scheduled__2023-11-19T00:00:00+00:00 [running]> on host 50fe842129eb
[2024-10-12T18:17:59.033+0000] {taskinstance.py:3131} INFO - Exporting env vars: AIRFLOW_CTX_DAG_OWNER='james' AIRFLOW_CTX_DAG_ID='first-dag' AIRFLOW_CTX_TASK_ID='task2' AIRFLOW_CTX_EXECUTION_DATE='2023-11-19T00:00:00+00:00' AIRFLOW_CTX_TRY_NUMBER='1' AIRFLOW_CTX_DAG_RUN_ID='scheduled__2023-11-19T00:00:00+00:00'
[2024-10-12T18:17:59.034+0000] {taskinstance.py:731} INFO - ::endgroup::
[2024-10-12T18:17:59.048+0000] {subprocess.py:63} INFO - Tmp dir root location: /tmp
[2024-10-12T18:17:59.049+0000] {subprocess.py:75} INFO - Running command: ['/usr/bin/bash', '-c', 'echo "Running task2"']
[2024-10-12T18:17:59.057+0000] {subprocess.py:86} INFO - Output:
[2024-10-12T18:17:59.059+0000] {subprocess.py:93} INFO - Running task2
[2024-10-12T18:17:59.059+0000] {subprocess.py:97} INFO - Command exited with return code 0
[2024-10-12T18:17:59.079+0000] {taskinstance.py:340} INFO - ::group::Post task execution logs
[2024-10-12T18:17:59.080+0000] {taskinstance.py:352} INFO - Marking task as SUCCESS. dag_id=first-dag, task_id=task2, run_id=scheduled__2023-11-19T00:00:00+00:00, execution_date=20231119T000000, start_date=20241012T181758, end_date=20241012T181759
[2024-10-12T18:17:59.158+0000] {local_task_job_runner.py:266} INFO - Task exited with return code 0
[2024-10-12T18:17:59.173+0000] {taskinstance.py:3900} INFO - 0 downstream tasks scheduled from follow-on schedule check
[2024-10-12T18:17:59.174+0000] {local_task_job_runner.py:245} INFO - ::endgroup::
