[2024-10-12T18:14:29.554+0000] {local_task_job_runner.py:123} INFO - ::group::Pre task execution logs
[2024-10-12T18:14:29.567+0000] {taskinstance.py:2612} INFO - Dependencies all met for dep_context=non-requeueable deps ti=<TaskInstance: first-dag.task1 scheduled__2021-12-14T00:00:00+00:00 [queued]>
[2024-10-12T18:14:29.573+0000] {taskinstance.py:2612} INFO - Dependencies all met for dep_context=requeueable deps ti=<TaskInstance: first-dag.task1 scheduled__2021-12-14T00:00:00+00:00 [queued]>
[2024-10-12T18:14:29.574+0000] {taskinstance.py:2865} INFO - Starting attempt 1 of 6
[2024-10-12T18:14:29.600+0000] {taskinstance.py:2888} INFO - Executing <Task(BashOperator): task1> on 2021-12-14 00:00:00+00:00
[2024-10-12T18:14:29.605+0000] {logging_mixin.py:190} WARNING - /home/***/.local/lib/python3.12/site-packages/***/task/task_runner/standard_task_runner.py:70 DeprecationWarning: This process (pid=988) is multi-threaded, use of fork() may lead to deadlocks in the child.
[2024-10-12T18:14:29.606+0000] {standard_task_runner.py:72} INFO - Started process 996 to run task
[2024-10-12T18:14:29.606+0000] {standard_task_runner.py:104} INFO - Running: ['***', 'tasks', 'run', 'first-dag', 'task1', 'scheduled__2021-12-14T00:00:00+00:00', '--job-id', '169', '--raw', '--subdir', 'DAGS_FOLDER/first_dag.py', '--cfg-path', '/tmp/tmpnb19sr_c']
[2024-10-12T18:14:29.608+0000] {standard_task_runner.py:105} INFO - Job 169: Subtask task1
[2024-10-12T18:14:29.645+0000] {task_command.py:467} INFO - Running <TaskInstance: first-dag.task1 scheduled__2021-12-14T00:00:00+00:00 [running]> on host 50fe842129eb
[2024-10-12T18:14:29.713+0000] {taskinstance.py:3131} INFO - Exporting env vars: AIRFLOW_CTX_DAG_OWNER='james' AIRFLOW_CTX_DAG_ID='first-dag' AIRFLOW_CTX_TASK_ID='task1' AIRFLOW_CTX_EXECUTION_DATE='2021-12-14T00:00:00+00:00' AIRFLOW_CTX_TRY_NUMBER='1' AIRFLOW_CTX_DAG_RUN_ID='scheduled__2021-12-14T00:00:00+00:00'
[2024-10-12T18:14:29.714+0000] {taskinstance.py:731} INFO - ::endgroup::
[2024-10-12T18:14:29.728+0000] {subprocess.py:63} INFO - Tmp dir root location: /tmp
[2024-10-12T18:14:29.729+0000] {subprocess.py:75} INFO - Running command: ['/usr/bin/bash', '-c', 'echo "Running task1"']
[2024-10-12T18:14:29.739+0000] {subprocess.py:86} INFO - Output:
[2024-10-12T18:14:29.742+0000] {subprocess.py:93} INFO - Running task1
[2024-10-12T18:14:29.743+0000] {subprocess.py:97} INFO - Command exited with return code 0
[2024-10-12T18:14:29.763+0000] {taskinstance.py:340} INFO - ::group::Post task execution logs
[2024-10-12T18:14:29.764+0000] {taskinstance.py:352} INFO - Marking task as SUCCESS. dag_id=first-dag, task_id=task1, run_id=scheduled__2021-12-14T00:00:00+00:00, execution_date=20211214T000000, start_date=20241012T181429, end_date=20241012T181429
[2024-10-12T18:14:29.827+0000] {local_task_job_runner.py:266} INFO - Task exited with return code 0
[2024-10-12T18:14:29.847+0000] {taskinstance.py:3900} INFO - 1 downstream tasks scheduled from follow-on schedule check
[2024-10-12T18:14:29.848+0000] {local_task_job_runner.py:245} INFO - ::endgroup::
