[2024-10-15T15:51:13.745+0000] {local_task_job_runner.py:123} INFO - ::group::Pre task execution logs
[2024-10-15T15:51:13.756+0000] {taskinstance.py:2612} INFO - Dependencies all met for dep_context=non-requeueable deps ti=<TaskInstance: dag_with_cron.task1 scheduled__2024-10-02T00:00:00+00:00 [queued]>
[2024-10-15T15:51:13.762+0000] {taskinstance.py:2612} INFO - Dependencies all met for dep_context=requeueable deps ti=<TaskInstance: dag_with_cron.task1 scheduled__2024-10-02T00:00:00+00:00 [queued]>
[2024-10-15T15:51:13.762+0000] {taskinstance.py:2865} INFO - Starting attempt 1 of 6
[2024-10-15T15:51:13.770+0000] {taskinstance.py:2888} INFO - Executing <Task(BashOperator): task1> on 2024-10-02 00:00:00+00:00
[2024-10-15T15:51:13.776+0000] {standard_task_runner.py:104} INFO - Running: ['***', 'tasks', 'run', 'dag_with_cron', 'task1', 'scheduled__2024-10-02T00:00:00+00:00', '--job-id', '15', '--raw', '--subdir', 'DAGS_FOLDER/dag_with_cron.py', '--cfg-path', '/tmp/tmplz2gmm4d']
[2024-10-15T15:51:13.778+0000] {standard_task_runner.py:105} INFO - Job 15: Subtask task1
[2024-10-15T15:51:13.779+0000] {logging_mixin.py:190} WARNING - /home/***/.local/lib/python3.12/site-packages/***/task/task_runner/standard_task_runner.py:70 DeprecationWarning: This process (pid=2542) is multi-threaded, use of fork() may lead to deadlocks in the child.
[2024-10-15T15:51:13.780+0000] {standard_task_runner.py:72} INFO - Started process 2549 to run task
[2024-10-15T15:51:13.802+0000] {task_command.py:467} INFO - Running <TaskInstance: dag_with_cron.task1 scheduled__2024-10-02T00:00:00+00:00 [running]> on host 49b50434baff
[2024-10-15T15:51:13.846+0000] {taskinstance.py:3131} INFO - Exporting env vars: AIRFLOW_CTX_DAG_OWNER='james' AIRFLOW_CTX_DAG_ID='dag_with_cron' AIRFLOW_CTX_TASK_ID='task1' AIRFLOW_CTX_EXECUTION_DATE='2024-10-02T00:00:00+00:00' AIRFLOW_CTX_TRY_NUMBER='1' AIRFLOW_CTX_DAG_RUN_ID='scheduled__2024-10-02T00:00:00+00:00'
[2024-10-15T15:51:13.847+0000] {taskinstance.py:731} INFO - ::endgroup::
[2024-10-15T15:51:13.855+0000] {subprocess.py:63} INFO - Tmp dir root location: /tmp
[2024-10-15T15:51:13.856+0000] {subprocess.py:75} INFO - Running command: ['/usr/bin/bash', '-c', 'echo hello world']
[2024-10-15T15:51:13.860+0000] {subprocess.py:86} INFO - Output:
[2024-10-15T15:51:13.861+0000] {subprocess.py:93} INFO - hello world
[2024-10-15T15:51:13.861+0000] {subprocess.py:97} INFO - Command exited with return code 0
[2024-10-15T15:51:13.875+0000] {taskinstance.py:340} INFO - ::group::Post task execution logs
[2024-10-15T15:51:13.875+0000] {taskinstance.py:352} INFO - Marking task as SUCCESS. dag_id=dag_with_cron, task_id=task1, run_id=scheduled__2024-10-02T00:00:00+00:00, execution_date=20241002T000000, start_date=20241015T155113, end_date=20241015T155113
[2024-10-15T15:51:13.913+0000] {local_task_job_runner.py:266} INFO - Task exited with return code 0
[2024-10-15T15:51:13.922+0000] {taskinstance.py:3900} INFO - 0 downstream tasks scheduled from follow-on schedule check
[2024-10-15T15:51:13.923+0000] {local_task_job_runner.py:245} INFO - ::endgroup::
