[2024-10-12T18:18:10.399+0000] {local_task_job_runner.py:123} INFO - ::group::Pre task execution logs
[2024-10-12T18:18:10.414+0000] {taskinstance.py:2612} INFO - Dependencies all met for dep_context=non-requeueable deps ti=<TaskInstance: first-dag.task1 scheduled__2024-01-01T00:00:00+00:00 [queued]>
[2024-10-12T18:18:10.420+0000] {taskinstance.py:2612} INFO - Dependencies all met for dep_context=requeueable deps ti=<TaskInstance: first-dag.task1 scheduled__2024-01-01T00:00:00+00:00 [queued]>
[2024-10-12T18:18:10.420+0000] {taskinstance.py:2865} INFO - Starting attempt 1 of 6
[2024-10-12T18:18:10.455+0000] {taskinstance.py:2888} INFO - Executing <Task(BashOperator): task1> on 2024-01-01 00:00:00+00:00
[2024-10-12T18:18:10.459+0000] {logging_mixin.py:190} WARNING - /home/***/.local/lib/python3.12/site-packages/***/task/task_runner/standard_task_runner.py:70 DeprecationWarning: This process (pid=7048) is multi-threaded, use of fork() may lead to deadlocks in the child.
[2024-10-12T18:18:10.460+0000] {standard_task_runner.py:72} INFO - Started process 7059 to run task
[2024-10-12T18:18:10.460+0000] {standard_task_runner.py:104} INFO - Running: ['***', 'tasks', 'run', 'first-dag', 'task1', 'scheduled__2024-01-01T00:00:00+00:00', '--job-id', '1666', '--raw', '--subdir', 'DAGS_FOLDER/first_dag.py', '--cfg-path', '/tmp/tmpiukxdrsh']
[2024-10-12T18:18:10.461+0000] {standard_task_runner.py:105} INFO - Job 1666: Subtask task1
[2024-10-12T18:18:10.506+0000] {task_command.py:467} INFO - Running <TaskInstance: first-dag.task1 scheduled__2024-01-01T00:00:00+00:00 [running]> on host 50fe842129eb
[2024-10-12T18:18:10.566+0000] {taskinstance.py:3131} INFO - Exporting env vars: AIRFLOW_CTX_DAG_OWNER='james' AIRFLOW_CTX_DAG_ID='first-dag' AIRFLOW_CTX_TASK_ID='task1' AIRFLOW_CTX_EXECUTION_DATE='2024-01-01T00:00:00+00:00' AIRFLOW_CTX_TRY_NUMBER='1' AIRFLOW_CTX_DAG_RUN_ID='scheduled__2024-01-01T00:00:00+00:00'
[2024-10-12T18:18:10.567+0000] {taskinstance.py:731} INFO - ::endgroup::
[2024-10-12T18:18:10.581+0000] {subprocess.py:63} INFO - Tmp dir root location: /tmp
[2024-10-12T18:18:10.582+0000] {subprocess.py:75} INFO - Running command: ['/usr/bin/bash', '-c', 'echo "Running task1"']
[2024-10-12T18:18:10.588+0000] {subprocess.py:86} INFO - Output:
[2024-10-12T18:18:10.589+0000] {subprocess.py:93} INFO - Running task1
[2024-10-12T18:18:10.589+0000] {subprocess.py:97} INFO - Command exited with return code 0
[2024-10-12T18:18:10.609+0000] {taskinstance.py:340} INFO - ::group::Post task execution logs
[2024-10-12T18:18:10.610+0000] {taskinstance.py:352} INFO - Marking task as SUCCESS. dag_id=first-dag, task_id=task1, run_id=scheduled__2024-01-01T00:00:00+00:00, execution_date=20240101T000000, start_date=20241012T181810, end_date=20241012T181810
[2024-10-12T18:18:10.683+0000] {local_task_job_runner.py:266} INFO - Task exited with return code 0
[2024-10-12T18:18:10.704+0000] {taskinstance.py:3900} INFO - 1 downstream tasks scheduled from follow-on schedule check
[2024-10-12T18:18:10.707+0000] {local_task_job_runner.py:245} INFO - ::endgroup::
