[2024-10-12T18:15:42.346+0000] {local_task_job_runner.py:123} INFO - ::group::Pre task execution logs
[2024-10-12T18:15:42.359+0000] {taskinstance.py:2612} INFO - Dependencies all met for dep_context=non-requeueable deps ti=<TaskInstance: first-dag.task2 scheduled__2022-07-23T00:00:00+00:00 [queued]>
[2024-10-12T18:15:42.367+0000] {taskinstance.py:2612} INFO - Dependencies all met for dep_context=requeueable deps ti=<TaskInstance: first-dag.task2 scheduled__2022-07-23T00:00:00+00:00 [queued]>
[2024-10-12T18:15:42.368+0000] {taskinstance.py:2865} INFO - Starting attempt 1 of 6
[2024-10-12T18:15:42.423+0000] {taskinstance.py:2888} INFO - Executing <Task(BashOperator): task2> on 2022-07-23 00:00:00+00:00
[2024-10-12T18:15:42.429+0000] {logging_mixin.py:190} WARNING - /home/***/.local/lib/python3.12/site-packages/***/task/task_runner/standard_task_runner.py:70 DeprecationWarning: This process (pid=2818) is multi-threaded, use of fork() may lead to deadlocks in the child.
[2024-10-12T18:15:42.430+0000] {standard_task_runner.py:72} INFO - Started process 2833 to run task
[2024-10-12T18:15:42.431+0000] {standard_task_runner.py:104} INFO - Running: ['***', 'tasks', 'run', 'first-dag', 'task2', 'scheduled__2022-07-23T00:00:00+00:00', '--job-id', '621', '--raw', '--subdir', 'DAGS_FOLDER/first_dag.py', '--cfg-path', '/tmp/tmperri2oqm']
[2024-10-12T18:15:42.433+0000] {standard_task_runner.py:105} INFO - Job 621: Subtask task2
[2024-10-12T18:15:42.473+0000] {task_command.py:467} INFO - Running <TaskInstance: first-dag.task2 scheduled__2022-07-23T00:00:00+00:00 [running]> on host 50fe842129eb
[2024-10-12T18:15:42.536+0000] {taskinstance.py:3131} INFO - Exporting env vars: AIRFLOW_CTX_DAG_OWNER='james' AIRFLOW_CTX_DAG_ID='first-dag' AIRFLOW_CTX_TASK_ID='task2' AIRFLOW_CTX_EXECUTION_DATE='2022-07-23T00:00:00+00:00' AIRFLOW_CTX_TRY_NUMBER='1' AIRFLOW_CTX_DAG_RUN_ID='scheduled__2022-07-23T00:00:00+00:00'
[2024-10-12T18:15:42.537+0000] {taskinstance.py:731} INFO - ::endgroup::
[2024-10-12T18:15:42.551+0000] {subprocess.py:63} INFO - Tmp dir root location: /tmp
[2024-10-12T18:15:42.551+0000] {subprocess.py:75} INFO - Running command: ['/usr/bin/bash', '-c', 'echo "Running task2"']
[2024-10-12T18:15:42.559+0000] {subprocess.py:86} INFO - Output:
[2024-10-12T18:15:42.560+0000] {subprocess.py:93} INFO - Running task2
[2024-10-12T18:15:42.563+0000] {subprocess.py:97} INFO - Command exited with return code 0
[2024-10-12T18:15:42.580+0000] {taskinstance.py:340} INFO - ::group::Post task execution logs
[2024-10-12T18:15:42.581+0000] {taskinstance.py:352} INFO - Marking task as SUCCESS. dag_id=first-dag, task_id=task2, run_id=scheduled__2022-07-23T00:00:00+00:00, execution_date=20220723T000000, start_date=20241012T181542, end_date=20241012T181542
[2024-10-12T18:15:42.651+0000] {local_task_job_runner.py:266} INFO - Task exited with return code 0
[2024-10-12T18:15:42.658+0000] {local_task_job_runner.py:245} INFO - ::endgroup::
