[2024-10-12T18:19:20.262+0000] {local_task_job_runner.py:123} INFO - ::group::Pre task execution logs
[2024-10-12T18:19:20.275+0000] {taskinstance.py:2612} INFO - Dependencies all met for dep_context=non-requeueable deps ti=<TaskInstance: first-dag.task1 scheduled__2024-09-16T00:00:00+00:00 [queued]>
[2024-10-12T18:19:20.282+0000] {taskinstance.py:2612} INFO - Dependencies all met for dep_context=requeueable deps ti=<TaskInstance: first-dag.task1 scheduled__2024-09-16T00:00:00+00:00 [queued]>
[2024-10-12T18:19:20.283+0000] {taskinstance.py:2865} INFO - Starting attempt 1 of 6
[2024-10-12T18:19:20.398+0000] {taskinstance.py:2888} INFO - Executing <Task(BashOperator): task1> on 2024-09-16 00:00:00+00:00
[2024-10-12T18:19:20.405+0000] {standard_task_runner.py:104} INFO - Running: ['***', 'tasks', 'run', 'first-dag', 'task1', 'scheduled__2024-09-16T00:00:00+00:00', '--job-id', '2183', '--raw', '--subdir', 'DAGS_FOLDER/first_dag.py', '--cfg-path', '/tmp/tmpzm1za2r7']
[2024-10-12T18:19:20.406+0000] {logging_mixin.py:190} WARNING - /home/***/.local/lib/python3.12/site-packages/***/task/task_runner/standard_task_runner.py:70 DeprecationWarning: This process (pid=9148) is multi-threaded, use of fork() may lead to deadlocks in the child.
[2024-10-12T18:19:20.407+0000] {standard_task_runner.py:105} INFO - Job 2183: Subtask task1
[2024-10-12T18:19:20.407+0000] {standard_task_runner.py:72} INFO - Started process 9164 to run task
[2024-10-12T18:19:20.450+0000] {task_command.py:467} INFO - Running <TaskInstance: first-dag.task1 scheduled__2024-09-16T00:00:00+00:00 [running]> on host 50fe842129eb
[2024-10-12T18:19:20.525+0000] {taskinstance.py:3131} INFO - Exporting env vars: AIRFLOW_CTX_DAG_OWNER='james' AIRFLOW_CTX_DAG_ID='first-dag' AIRFLOW_CTX_TASK_ID='task1' AIRFLOW_CTX_EXECUTION_DATE='2024-09-16T00:00:00+00:00' AIRFLOW_CTX_TRY_NUMBER='1' AIRFLOW_CTX_DAG_RUN_ID='scheduled__2024-09-16T00:00:00+00:00'
[2024-10-12T18:19:20.525+0000] {taskinstance.py:731} INFO - ::endgroup::
[2024-10-12T18:19:20.540+0000] {subprocess.py:63} INFO - Tmp dir root location: /tmp
[2024-10-12T18:19:20.542+0000] {subprocess.py:75} INFO - Running command: ['/usr/bin/bash', '-c', 'echo "Running task1"']
[2024-10-12T18:19:20.550+0000] {subprocess.py:86} INFO - Output:
[2024-10-12T18:19:20.551+0000] {subprocess.py:93} INFO - Running task1
[2024-10-12T18:19:20.552+0000] {subprocess.py:97} INFO - Command exited with return code 0
[2024-10-12T18:19:20.567+0000] {taskinstance.py:340} INFO - ::group::Post task execution logs
[2024-10-12T18:19:20.568+0000] {taskinstance.py:352} INFO - Marking task as SUCCESS. dag_id=first-dag, task_id=task1, run_id=scheduled__2024-09-16T00:00:00+00:00, execution_date=20240916T000000, start_date=20241012T181920, end_date=20241012T181920
[2024-10-12T18:19:20.629+0000] {local_task_job_runner.py:266} INFO - Task exited with return code 0
[2024-10-12T18:19:20.647+0000] {taskinstance.py:3900} INFO - 1 downstream tasks scheduled from follow-on schedule check
[2024-10-12T18:19:20.648+0000] {local_task_job_runner.py:245} INFO - ::endgroup::
