[2024-10-12T16:35:24.438+0000] {processor.py:186} INFO - Started process (PID=273) to work on /home/airflow/.local/lib/python3.12/site-packages/airflow/example_dags/example_task_group.py
[2024-10-12T16:35:24.438+0000] {processor.py:914} INFO - Processing file /home/airflow/.local/lib/python3.12/site-packages/airflow/example_dags/example_task_group.py for tasks to queue
[2024-10-12T16:35:24.440+0000] {logging_mixin.py:190} INFO - [2024-10-12T16:35:24.440+0000] {dagbag.py:588} INFO - Filling up the DagBag from /home/airflow/.local/lib/python3.12/site-packages/airflow/example_dags/example_task_group.py
[2024-10-12T16:35:24.447+0000] {processor.py:925} INFO - DAG(s) 'example_task_group' retrieved from /home/airflow/.local/lib/python3.12/site-packages/airflow/example_dags/example_task_group.py
[2024-10-12T16:35:24.502+0000] {logging_mixin.py:190} INFO - [2024-10-12T16:35:24.502+0000] {override.py:1900} INFO - Created Permission View: can edit on DAG:example_task_group
[2024-10-12T16:35:24.507+0000] {logging_mixin.py:190} INFO - [2024-10-12T16:35:24.507+0000] {override.py:1900} INFO - Created Permission View: can read on DAG:example_task_group
[2024-10-12T16:35:24.510+0000] {logging_mixin.py:190} INFO - [2024-10-12T16:35:24.510+0000] {override.py:1900} INFO - Created Permission View: can delete on DAG:example_task_group
[2024-10-12T16:35:24.514+0000] {logging_mixin.py:190} INFO - [2024-10-12T16:35:24.514+0000] {override.py:1900} INFO - Created Permission View: menu access on DAG Run:example_task_group
[2024-10-12T16:35:24.518+0000] {logging_mixin.py:190} INFO - [2024-10-12T16:35:24.518+0000] {override.py:1900} INFO - Created Permission View: can read on DAG Run:example_task_group
[2024-10-12T16:35:24.521+0000] {logging_mixin.py:190} INFO - [2024-10-12T16:35:24.521+0000] {override.py:1900} INFO - Created Permission View: can delete on DAG Run:example_task_group
[2024-10-12T16:35:24.524+0000] {logging_mixin.py:190} INFO - [2024-10-12T16:35:24.524+0000] {override.py:1900} INFO - Created Permission View: can create on DAG Run:example_task_group
[2024-10-12T16:35:24.525+0000] {logging_mixin.py:190} INFO - [2024-10-12T16:35:24.525+0000] {dag.py:3239} INFO - Sync 1 DAGs
[2024-10-12T16:35:24.531+0000] {logging_mixin.py:190} INFO - [2024-10-12T16:35:24.531+0000] {dag.py:3262} INFO - Creating ORM DAG for example_task_group
[2024-10-12T16:35:24.531+0000] {logging_mixin.py:190} INFO - [2024-10-12T16:35:24.531+0000] {dag.py:4180} INFO - Setting next_dagrun for example_task_group to None, run_after=None
[2024-10-12T16:35:24.539+0000] {processor.py:208} INFO - Processing /home/airflow/.local/lib/python3.12/site-packages/airflow/example_dags/example_task_group.py took 0.105 seconds
[2024-10-12T16:35:55.075+0000] {processor.py:186} INFO - Started process (PID=559) to work on /home/airflow/.local/lib/python3.12/site-packages/airflow/example_dags/example_task_group.py
[2024-10-12T16:35:55.076+0000] {processor.py:914} INFO - Processing file /home/airflow/.local/lib/python3.12/site-packages/airflow/example_dags/example_task_group.py for tasks to queue
[2024-10-12T16:35:55.077+0000] {logging_mixin.py:190} INFO - [2024-10-12T16:35:55.077+0000] {dagbag.py:588} INFO - Filling up the DagBag from /home/airflow/.local/lib/python3.12/site-packages/airflow/example_dags/example_task_group.py
[2024-10-12T16:35:55.082+0000] {processor.py:925} INFO - DAG(s) 'example_task_group' retrieved from /home/airflow/.local/lib/python3.12/site-packages/airflow/example_dags/example_task_group.py
[2024-10-12T16:35:55.095+0000] {logging_mixin.py:190} INFO - [2024-10-12T16:35:55.095+0000] {dag.py:3239} INFO - Sync 1 DAGs
[2024-10-12T16:35:55.103+0000] {logging_mixin.py:190} INFO - [2024-10-12T16:35:55.103+0000] {dag.py:4180} INFO - Setting next_dagrun for example_task_group to None, run_after=None
[2024-10-12T16:35:55.113+0000] {processor.py:208} INFO - Processing /home/airflow/.local/lib/python3.12/site-packages/airflow/example_dags/example_task_group.py took 0.041 seconds
[2024-10-12T16:36:25.301+0000] {processor.py:186} INFO - Started process (PID=845) to work on /home/airflow/.local/lib/python3.12/site-packages/airflow/example_dags/example_task_group.py
[2024-10-12T16:36:25.301+0000] {processor.py:914} INFO - Processing file /home/airflow/.local/lib/python3.12/site-packages/airflow/example_dags/example_task_group.py for tasks to queue
[2024-10-12T16:36:25.303+0000] {logging_mixin.py:190} INFO - [2024-10-12T16:36:25.302+0000] {dagbag.py:588} INFO - Filling up the DagBag from /home/airflow/.local/lib/python3.12/site-packages/airflow/example_dags/example_task_group.py
[2024-10-12T16:36:25.308+0000] {processor.py:925} INFO - DAG(s) 'example_task_group' retrieved from /home/airflow/.local/lib/python3.12/site-packages/airflow/example_dags/example_task_group.py
[2024-10-12T16:36:25.318+0000] {logging_mixin.py:190} INFO - [2024-10-12T16:36:25.318+0000] {dag.py:3239} INFO - Sync 1 DAGs
[2024-10-12T16:36:25.326+0000] {logging_mixin.py:190} INFO - [2024-10-12T16:36:25.326+0000] {dag.py:4180} INFO - Setting next_dagrun for example_task_group to None, run_after=None
[2024-10-12T16:36:25.336+0000] {processor.py:208} INFO - Processing /home/airflow/.local/lib/python3.12/site-packages/airflow/example_dags/example_task_group.py took 0.039 seconds
[2024-10-12T16:36:55.461+0000] {processor.py:186} INFO - Started process (PID=1131) to work on /home/airflow/.local/lib/python3.12/site-packages/airflow/example_dags/example_task_group.py
[2024-10-12T16:36:55.461+0000] {processor.py:914} INFO - Processing file /home/airflow/.local/lib/python3.12/site-packages/airflow/example_dags/example_task_group.py for tasks to queue
[2024-10-12T16:36:55.462+0000] {logging_mixin.py:190} INFO - [2024-10-12T16:36:55.462+0000] {dagbag.py:588} INFO - Filling up the DagBag from /home/airflow/.local/lib/python3.12/site-packages/airflow/example_dags/example_task_group.py
[2024-10-12T16:36:55.467+0000] {processor.py:925} INFO - DAG(s) 'example_task_group' retrieved from /home/airflow/.local/lib/python3.12/site-packages/airflow/example_dags/example_task_group.py
[2024-10-12T16:36:55.479+0000] {logging_mixin.py:190} INFO - [2024-10-12T16:36:55.479+0000] {dag.py:3239} INFO - Sync 1 DAGs
[2024-10-12T16:36:55.487+0000] {logging_mixin.py:190} INFO - [2024-10-12T16:36:55.487+0000] {dag.py:4180} INFO - Setting next_dagrun for example_task_group to None, run_after=None
[2024-10-12T16:36:55.497+0000] {processor.py:208} INFO - Processing /home/airflow/.local/lib/python3.12/site-packages/airflow/example_dags/example_task_group.py took 0.040 seconds
[2024-10-12T16:37:25.734+0000] {processor.py:186} INFO - Started process (PID=1417) to work on /home/airflow/.local/lib/python3.12/site-packages/airflow/example_dags/example_task_group.py
[2024-10-12T16:37:25.734+0000] {processor.py:914} INFO - Processing file /home/airflow/.local/lib/python3.12/site-packages/airflow/example_dags/example_task_group.py for tasks to queue
[2024-10-12T16:37:25.736+0000] {logging_mixin.py:190} INFO - [2024-10-12T16:37:25.735+0000] {dagbag.py:588} INFO - Filling up the DagBag from /home/airflow/.local/lib/python3.12/site-packages/airflow/example_dags/example_task_group.py
[2024-10-12T16:37:25.741+0000] {processor.py:925} INFO - DAG(s) 'example_task_group' retrieved from /home/airflow/.local/lib/python3.12/site-packages/airflow/example_dags/example_task_group.py
[2024-10-12T16:37:25.752+0000] {logging_mixin.py:190} INFO - [2024-10-12T16:37:25.752+0000] {dag.py:3239} INFO - Sync 1 DAGs
[2024-10-12T16:37:25.760+0000] {logging_mixin.py:190} INFO - [2024-10-12T16:37:25.760+0000] {dag.py:4180} INFO - Setting next_dagrun for example_task_group to None, run_after=None
[2024-10-12T16:37:25.769+0000] {processor.py:208} INFO - Processing /home/airflow/.local/lib/python3.12/site-packages/airflow/example_dags/example_task_group.py took 0.042 seconds
[2024-10-12T16:37:56.081+0000] {processor.py:186} INFO - Started process (PID=1703) to work on /home/airflow/.local/lib/python3.12/site-packages/airflow/example_dags/example_task_group.py
[2024-10-12T16:37:56.082+0000] {processor.py:914} INFO - Processing file /home/airflow/.local/lib/python3.12/site-packages/airflow/example_dags/example_task_group.py for tasks to queue
[2024-10-12T16:37:56.083+0000] {logging_mixin.py:190} INFO - [2024-10-12T16:37:56.083+0000] {dagbag.py:588} INFO - Filling up the DagBag from /home/airflow/.local/lib/python3.12/site-packages/airflow/example_dags/example_task_group.py
[2024-10-12T16:37:56.089+0000] {processor.py:925} INFO - DAG(s) 'example_task_group' retrieved from /home/airflow/.local/lib/python3.12/site-packages/airflow/example_dags/example_task_group.py
[2024-10-12T16:37:56.102+0000] {logging_mixin.py:190} INFO - [2024-10-12T16:37:56.102+0000] {dag.py:3239} INFO - Sync 1 DAGs
[2024-10-12T16:37:56.112+0000] {logging_mixin.py:190} INFO - [2024-10-12T16:37:56.112+0000] {dag.py:4180} INFO - Setting next_dagrun for example_task_group to None, run_after=None
[2024-10-12T16:37:56.128+0000] {processor.py:208} INFO - Processing /home/airflow/.local/lib/python3.12/site-packages/airflow/example_dags/example_task_group.py took 0.050 seconds
[2024-10-12T16:38:26.338+0000] {processor.py:186} INFO - Started process (PID=1989) to work on /home/airflow/.local/lib/python3.12/site-packages/airflow/example_dags/example_task_group.py
[2024-10-12T16:38:26.339+0000] {processor.py:914} INFO - Processing file /home/airflow/.local/lib/python3.12/site-packages/airflow/example_dags/example_task_group.py for tasks to queue
[2024-10-12T16:38:26.340+0000] {logging_mixin.py:190} INFO - [2024-10-12T16:38:26.340+0000] {dagbag.py:588} INFO - Filling up the DagBag from /home/airflow/.local/lib/python3.12/site-packages/airflow/example_dags/example_task_group.py
[2024-10-12T16:38:26.346+0000] {processor.py:925} INFO - DAG(s) 'example_task_group' retrieved from /home/airflow/.local/lib/python3.12/site-packages/airflow/example_dags/example_task_group.py
[2024-10-12T16:38:26.357+0000] {logging_mixin.py:190} INFO - [2024-10-12T16:38:26.357+0000] {dag.py:3239} INFO - Sync 1 DAGs
[2024-10-12T16:38:26.365+0000] {logging_mixin.py:190} INFO - [2024-10-12T16:38:26.365+0000] {dag.py:4180} INFO - Setting next_dagrun for example_task_group to None, run_after=None
[2024-10-12T16:38:26.376+0000] {processor.py:208} INFO - Processing /home/airflow/.local/lib/python3.12/site-packages/airflow/example_dags/example_task_group.py took 0.042 seconds
[2024-10-12T16:38:56.446+0000] {processor.py:186} INFO - Started process (PID=2275) to work on /home/airflow/.local/lib/python3.12/site-packages/airflow/example_dags/example_task_group.py
[2024-10-12T16:38:56.447+0000] {processor.py:914} INFO - Processing file /home/airflow/.local/lib/python3.12/site-packages/airflow/example_dags/example_task_group.py for tasks to queue
[2024-10-12T16:38:56.448+0000] {logging_mixin.py:190} INFO - [2024-10-12T16:38:56.448+0000] {dagbag.py:588} INFO - Filling up the DagBag from /home/airflow/.local/lib/python3.12/site-packages/airflow/example_dags/example_task_group.py
[2024-10-12T16:38:56.453+0000] {processor.py:925} INFO - DAG(s) 'example_task_group' retrieved from /home/airflow/.local/lib/python3.12/site-packages/airflow/example_dags/example_task_group.py
[2024-10-12T16:38:56.465+0000] {logging_mixin.py:190} INFO - [2024-10-12T16:38:56.464+0000] {dag.py:3239} INFO - Sync 1 DAGs
[2024-10-12T16:38:56.472+0000] {logging_mixin.py:190} INFO - [2024-10-12T16:38:56.472+0000] {dag.py:4180} INFO - Setting next_dagrun for example_task_group to None, run_after=None
[2024-10-12T16:38:56.482+0000] {processor.py:208} INFO - Processing /home/airflow/.local/lib/python3.12/site-packages/airflow/example_dags/example_task_group.py took 0.039 seconds
[2024-10-12T16:39:26.831+0000] {processor.py:186} INFO - Started process (PID=2561) to work on /home/airflow/.local/lib/python3.12/site-packages/airflow/example_dags/example_task_group.py
[2024-10-12T16:39:26.832+0000] {processor.py:914} INFO - Processing file /home/airflow/.local/lib/python3.12/site-packages/airflow/example_dags/example_task_group.py for tasks to queue
[2024-10-12T16:39:26.833+0000] {logging_mixin.py:190} INFO - [2024-10-12T16:39:26.833+0000] {dagbag.py:588} INFO - Filling up the DagBag from /home/airflow/.local/lib/python3.12/site-packages/airflow/example_dags/example_task_group.py
[2024-10-12T16:39:26.838+0000] {processor.py:925} INFO - DAG(s) 'example_task_group' retrieved from /home/airflow/.local/lib/python3.12/site-packages/airflow/example_dags/example_task_group.py
[2024-10-12T16:39:26.850+0000] {logging_mixin.py:190} INFO - [2024-10-12T16:39:26.850+0000] {dag.py:3239} INFO - Sync 1 DAGs
[2024-10-12T16:39:26.858+0000] {logging_mixin.py:190} INFO - [2024-10-12T16:39:26.858+0000] {dag.py:4180} INFO - Setting next_dagrun for example_task_group to None, run_after=None
[2024-10-12T16:39:26.868+0000] {processor.py:208} INFO - Processing /home/airflow/.local/lib/python3.12/site-packages/airflow/example_dags/example_task_group.py took 0.041 seconds
[2024-10-12T16:39:57.077+0000] {processor.py:186} INFO - Started process (PID=2847) to work on /home/airflow/.local/lib/python3.12/site-packages/airflow/example_dags/example_task_group.py
[2024-10-12T16:39:57.077+0000] {processor.py:914} INFO - Processing file /home/airflow/.local/lib/python3.12/site-packages/airflow/example_dags/example_task_group.py for tasks to queue
[2024-10-12T16:39:57.079+0000] {logging_mixin.py:190} INFO - [2024-10-12T16:39:57.078+0000] {dagbag.py:588} INFO - Filling up the DagBag from /home/airflow/.local/lib/python3.12/site-packages/airflow/example_dags/example_task_group.py
[2024-10-12T16:39:57.084+0000] {processor.py:925} INFO - DAG(s) 'example_task_group' retrieved from /home/airflow/.local/lib/python3.12/site-packages/airflow/example_dags/example_task_group.py
[2024-10-12T16:39:57.096+0000] {logging_mixin.py:190} INFO - [2024-10-12T16:39:57.096+0000] {dag.py:3239} INFO - Sync 1 DAGs
[2024-10-12T16:39:57.105+0000] {logging_mixin.py:190} INFO - [2024-10-12T16:39:57.105+0000] {dag.py:4180} INFO - Setting next_dagrun for example_task_group to None, run_after=None
[2024-10-12T16:39:57.115+0000] {processor.py:208} INFO - Processing /home/airflow/.local/lib/python3.12/site-packages/airflow/example_dags/example_task_group.py took 0.042 seconds
[2024-10-12T16:40:27.354+0000] {processor.py:186} INFO - Started process (PID=3135) to work on /home/airflow/.local/lib/python3.12/site-packages/airflow/example_dags/example_task_group.py
[2024-10-12T16:40:27.355+0000] {processor.py:914} INFO - Processing file /home/airflow/.local/lib/python3.12/site-packages/airflow/example_dags/example_task_group.py for tasks to queue
[2024-10-12T16:40:27.356+0000] {logging_mixin.py:190} INFO - [2024-10-12T16:40:27.356+0000] {dagbag.py:588} INFO - Filling up the DagBag from /home/airflow/.local/lib/python3.12/site-packages/airflow/example_dags/example_task_group.py
[2024-10-12T16:40:27.361+0000] {processor.py:925} INFO - DAG(s) 'example_task_group' retrieved from /home/airflow/.local/lib/python3.12/site-packages/airflow/example_dags/example_task_group.py
[2024-10-12T16:40:27.374+0000] {logging_mixin.py:190} INFO - [2024-10-12T16:40:27.373+0000] {dag.py:3239} INFO - Sync 1 DAGs
[2024-10-12T16:40:27.382+0000] {logging_mixin.py:190} INFO - [2024-10-12T16:40:27.381+0000] {dag.py:4180} INFO - Setting next_dagrun for example_task_group to None, run_after=None
[2024-10-12T16:40:27.395+0000] {processor.py:208} INFO - Processing /home/airflow/.local/lib/python3.12/site-packages/airflow/example_dags/example_task_group.py took 0.045 seconds
[2024-10-12T16:40:57.757+0000] {processor.py:186} INFO - Started process (PID=3419) to work on /home/airflow/.local/lib/python3.12/site-packages/airflow/example_dags/example_task_group.py
[2024-10-12T16:40:57.758+0000] {processor.py:914} INFO - Processing file /home/airflow/.local/lib/python3.12/site-packages/airflow/example_dags/example_task_group.py for tasks to queue
[2024-10-12T16:40:57.759+0000] {logging_mixin.py:190} INFO - [2024-10-12T16:40:57.759+0000] {dagbag.py:588} INFO - Filling up the DagBag from /home/airflow/.local/lib/python3.12/site-packages/airflow/example_dags/example_task_group.py
[2024-10-12T16:40:57.766+0000] {processor.py:925} INFO - DAG(s) 'example_task_group' retrieved from /home/airflow/.local/lib/python3.12/site-packages/airflow/example_dags/example_task_group.py
[2024-10-12T16:40:57.787+0000] {logging_mixin.py:190} INFO - [2024-10-12T16:40:57.787+0000] {dag.py:3239} INFO - Sync 1 DAGs
[2024-10-12T16:40:57.798+0000] {logging_mixin.py:190} INFO - [2024-10-12T16:40:57.798+0000] {dag.py:4180} INFO - Setting next_dagrun for example_task_group to None, run_after=None
[2024-10-12T16:40:57.809+0000] {processor.py:208} INFO - Processing /home/airflow/.local/lib/python3.12/site-packages/airflow/example_dags/example_task_group.py took 0.056 seconds
[2024-10-12T16:41:28.099+0000] {processor.py:186} INFO - Started process (PID=3705) to work on /home/airflow/.local/lib/python3.12/site-packages/airflow/example_dags/example_task_group.py
[2024-10-12T16:41:28.100+0000] {processor.py:914} INFO - Processing file /home/airflow/.local/lib/python3.12/site-packages/airflow/example_dags/example_task_group.py for tasks to queue
[2024-10-12T16:41:28.101+0000] {logging_mixin.py:190} INFO - [2024-10-12T16:41:28.101+0000] {dagbag.py:588} INFO - Filling up the DagBag from /home/airflow/.local/lib/python3.12/site-packages/airflow/example_dags/example_task_group.py
[2024-10-12T16:41:28.108+0000] {processor.py:925} INFO - DAG(s) 'example_task_group' retrieved from /home/airflow/.local/lib/python3.12/site-packages/airflow/example_dags/example_task_group.py
[2024-10-12T16:41:28.120+0000] {logging_mixin.py:190} INFO - [2024-10-12T16:41:28.120+0000] {dag.py:3239} INFO - Sync 1 DAGs
[2024-10-12T16:41:28.130+0000] {logging_mixin.py:190} INFO - [2024-10-12T16:41:28.130+0000] {dag.py:4180} INFO - Setting next_dagrun for example_task_group to None, run_after=None
[2024-10-12T16:41:28.143+0000] {processor.py:208} INFO - Processing /home/airflow/.local/lib/python3.12/site-packages/airflow/example_dags/example_task_group.py took 0.048 seconds
