[2024-10-12T16:35:24.188+0000] {processor.py:186} INFO - Started process (PID=247) to work on /home/airflow/.local/lib/python3.12/site-packages/airflow/example_dags/example_trigger_target_dag.py
[2024-10-12T16:35:24.188+0000] {processor.py:914} INFO - Processing file /home/airflow/.local/lib/python3.12/site-packages/airflow/example_dags/example_trigger_target_dag.py for tasks to queue
[2024-10-12T16:35:24.194+0000] {logging_mixin.py:190} INFO - [2024-10-12T16:35:24.194+0000] {dagbag.py:588} INFO - Filling up the DagBag from /home/airflow/.local/lib/python3.12/site-packages/airflow/example_dags/example_trigger_target_dag.py
[2024-10-12T16:35:24.198+0000] {processor.py:925} INFO - DAG(s) 'example_trigger_target_dag' retrieved from /home/airflow/.local/lib/python3.12/site-packages/airflow/example_dags/example_trigger_target_dag.py
[2024-10-12T16:35:24.258+0000] {logging_mixin.py:190} INFO - [2024-10-12T16:35:24.258+0000] {override.py:1900} INFO - Created Permission View: can edit on DAG:example_trigger_target_dag
[2024-10-12T16:35:24.264+0000] {logging_mixin.py:190} INFO - [2024-10-12T16:35:24.263+0000] {override.py:1900} INFO - Created Permission View: can read on DAG:example_trigger_target_dag
[2024-10-12T16:35:24.267+0000] {logging_mixin.py:190} INFO - [2024-10-12T16:35:24.267+0000] {override.py:1900} INFO - Created Permission View: can delete on DAG:example_trigger_target_dag
[2024-10-12T16:35:24.270+0000] {logging_mixin.py:190} INFO - [2024-10-12T16:35:24.270+0000] {override.py:1900} INFO - Created Permission View: menu access on DAG Run:example_trigger_target_dag
[2024-10-12T16:35:24.273+0000] {logging_mixin.py:190} INFO - [2024-10-12T16:35:24.273+0000] {override.py:1900} INFO - Created Permission View: can read on DAG Run:example_trigger_target_dag
[2024-10-12T16:35:24.276+0000] {logging_mixin.py:190} INFO - [2024-10-12T16:35:24.276+0000] {override.py:1900} INFO - Created Permission View: can delete on DAG Run:example_trigger_target_dag
[2024-10-12T16:35:24.280+0000] {logging_mixin.py:190} INFO - [2024-10-12T16:35:24.280+0000] {override.py:1900} INFO - Created Permission View: can create on DAG Run:example_trigger_target_dag
[2024-10-12T16:35:24.281+0000] {logging_mixin.py:190} INFO - [2024-10-12T16:35:24.280+0000] {dag.py:3239} INFO - Sync 1 DAGs
[2024-10-12T16:35:24.288+0000] {logging_mixin.py:190} INFO - [2024-10-12T16:35:24.288+0000] {dag.py:3262} INFO - Creating ORM DAG for example_trigger_target_dag
[2024-10-12T16:35:24.288+0000] {logging_mixin.py:190} INFO - [2024-10-12T16:35:24.288+0000] {dag.py:4180} INFO - Setting next_dagrun for example_trigger_target_dag to None, run_after=None
[2024-10-12T16:35:24.298+0000] {processor.py:208} INFO - Processing /home/airflow/.local/lib/python3.12/site-packages/airflow/example_dags/example_trigger_target_dag.py took 0.113 seconds
[2024-10-12T16:35:54.969+0000] {processor.py:186} INFO - Started process (PID=539) to work on /home/airflow/.local/lib/python3.12/site-packages/airflow/example_dags/example_trigger_target_dag.py
[2024-10-12T16:35:54.969+0000] {processor.py:914} INFO - Processing file /home/airflow/.local/lib/python3.12/site-packages/airflow/example_dags/example_trigger_target_dag.py for tasks to queue
[2024-10-12T16:35:54.971+0000] {logging_mixin.py:190} INFO - [2024-10-12T16:35:54.971+0000] {dagbag.py:588} INFO - Filling up the DagBag from /home/airflow/.local/lib/python3.12/site-packages/airflow/example_dags/example_trigger_target_dag.py
[2024-10-12T16:35:54.975+0000] {processor.py:925} INFO - DAG(s) 'example_trigger_target_dag' retrieved from /home/airflow/.local/lib/python3.12/site-packages/airflow/example_dags/example_trigger_target_dag.py
[2024-10-12T16:35:54.986+0000] {logging_mixin.py:190} INFO - [2024-10-12T16:35:54.985+0000] {dag.py:3239} INFO - Sync 1 DAGs
[2024-10-12T16:35:54.993+0000] {logging_mixin.py:190} INFO - [2024-10-12T16:35:54.993+0000] {dag.py:4180} INFO - Setting next_dagrun for example_trigger_target_dag to None, run_after=None
[2024-10-12T16:35:55.003+0000] {processor.py:208} INFO - Processing /home/airflow/.local/lib/python3.12/site-packages/airflow/example_dags/example_trigger_target_dag.py took 0.037 seconds
[2024-10-12T16:36:25.189+0000] {processor.py:186} INFO - Started process (PID=825) to work on /home/airflow/.local/lib/python3.12/site-packages/airflow/example_dags/example_trigger_target_dag.py
[2024-10-12T16:36:25.190+0000] {processor.py:914} INFO - Processing file /home/airflow/.local/lib/python3.12/site-packages/airflow/example_dags/example_trigger_target_dag.py for tasks to queue
[2024-10-12T16:36:25.191+0000] {logging_mixin.py:190} INFO - [2024-10-12T16:36:25.191+0000] {dagbag.py:588} INFO - Filling up the DagBag from /home/airflow/.local/lib/python3.12/site-packages/airflow/example_dags/example_trigger_target_dag.py
[2024-10-12T16:36:25.195+0000] {processor.py:925} INFO - DAG(s) 'example_trigger_target_dag' retrieved from /home/airflow/.local/lib/python3.12/site-packages/airflow/example_dags/example_trigger_target_dag.py
[2024-10-12T16:36:25.206+0000] {logging_mixin.py:190} INFO - [2024-10-12T16:36:25.206+0000] {dag.py:3239} INFO - Sync 1 DAGs
[2024-10-12T16:36:25.215+0000] {logging_mixin.py:190} INFO - [2024-10-12T16:36:25.215+0000] {dag.py:4180} INFO - Setting next_dagrun for example_trigger_target_dag to None, run_after=None
[2024-10-12T16:36:25.227+0000] {processor.py:208} INFO - Processing /home/airflow/.local/lib/python3.12/site-packages/airflow/example_dags/example_trigger_target_dag.py took 0.041 seconds
[2024-10-12T16:36:55.345+0000] {processor.py:186} INFO - Started process (PID=1111) to work on /home/airflow/.local/lib/python3.12/site-packages/airflow/example_dags/example_trigger_target_dag.py
[2024-10-12T16:36:55.346+0000] {processor.py:914} INFO - Processing file /home/airflow/.local/lib/python3.12/site-packages/airflow/example_dags/example_trigger_target_dag.py for tasks to queue
[2024-10-12T16:36:55.347+0000] {logging_mixin.py:190} INFO - [2024-10-12T16:36:55.347+0000] {dagbag.py:588} INFO - Filling up the DagBag from /home/airflow/.local/lib/python3.12/site-packages/airflow/example_dags/example_trigger_target_dag.py
[2024-10-12T16:36:55.351+0000] {processor.py:925} INFO - DAG(s) 'example_trigger_target_dag' retrieved from /home/airflow/.local/lib/python3.12/site-packages/airflow/example_dags/example_trigger_target_dag.py
[2024-10-12T16:36:55.362+0000] {logging_mixin.py:190} INFO - [2024-10-12T16:36:55.362+0000] {dag.py:3239} INFO - Sync 1 DAGs
[2024-10-12T16:36:55.370+0000] {logging_mixin.py:190} INFO - [2024-10-12T16:36:55.370+0000] {dag.py:4180} INFO - Setting next_dagrun for example_trigger_target_dag to None, run_after=None
[2024-10-12T16:36:55.379+0000] {processor.py:208} INFO - Processing /home/airflow/.local/lib/python3.12/site-packages/airflow/example_dags/example_trigger_target_dag.py took 0.038 seconds
[2024-10-12T16:37:25.557+0000] {processor.py:186} INFO - Started process (PID=1397) to work on /home/airflow/.local/lib/python3.12/site-packages/airflow/example_dags/example_trigger_target_dag.py
[2024-10-12T16:37:25.557+0000] {processor.py:914} INFO - Processing file /home/airflow/.local/lib/python3.12/site-packages/airflow/example_dags/example_trigger_target_dag.py for tasks to queue
[2024-10-12T16:37:25.559+0000] {logging_mixin.py:190} INFO - [2024-10-12T16:37:25.559+0000] {dagbag.py:588} INFO - Filling up the DagBag from /home/airflow/.local/lib/python3.12/site-packages/airflow/example_dags/example_trigger_target_dag.py
[2024-10-12T16:37:25.563+0000] {processor.py:925} INFO - DAG(s) 'example_trigger_target_dag' retrieved from /home/airflow/.local/lib/python3.12/site-packages/airflow/example_dags/example_trigger_target_dag.py
[2024-10-12T16:37:25.577+0000] {logging_mixin.py:190} INFO - [2024-10-12T16:37:25.577+0000] {dag.py:3239} INFO - Sync 1 DAGs
[2024-10-12T16:37:25.585+0000] {logging_mixin.py:190} INFO - [2024-10-12T16:37:25.585+0000] {dag.py:4180} INFO - Setting next_dagrun for example_trigger_target_dag to None, run_after=None
[2024-10-12T16:37:25.595+0000] {processor.py:208} INFO - Processing /home/airflow/.local/lib/python3.12/site-packages/airflow/example_dags/example_trigger_target_dag.py took 0.041 seconds
[2024-10-12T16:37:55.825+0000] {processor.py:186} INFO - Started process (PID=1678) to work on /home/airflow/.local/lib/python3.12/site-packages/airflow/example_dags/example_trigger_target_dag.py
[2024-10-12T16:37:55.826+0000] {processor.py:914} INFO - Processing file /home/airflow/.local/lib/python3.12/site-packages/airflow/example_dags/example_trigger_target_dag.py for tasks to queue
[2024-10-12T16:37:55.829+0000] {logging_mixin.py:190} INFO - [2024-10-12T16:37:55.829+0000] {dagbag.py:588} INFO - Filling up the DagBag from /home/airflow/.local/lib/python3.12/site-packages/airflow/example_dags/example_trigger_target_dag.py
[2024-10-12T16:37:55.835+0000] {processor.py:925} INFO - DAG(s) 'example_trigger_target_dag' retrieved from /home/airflow/.local/lib/python3.12/site-packages/airflow/example_dags/example_trigger_target_dag.py
[2024-10-12T16:37:55.847+0000] {logging_mixin.py:190} INFO - [2024-10-12T16:37:55.847+0000] {dag.py:3239} INFO - Sync 1 DAGs
[2024-10-12T16:37:55.855+0000] {logging_mixin.py:190} INFO - [2024-10-12T16:37:55.855+0000] {dag.py:4180} INFO - Setting next_dagrun for example_trigger_target_dag to None, run_after=None
[2024-10-12T16:37:55.865+0000] {processor.py:208} INFO - Processing /home/airflow/.local/lib/python3.12/site-packages/airflow/example_dags/example_trigger_target_dag.py took 0.043 seconds
[2024-10-12T16:38:26.165+0000] {processor.py:186} INFO - Started process (PID=1966) to work on /home/airflow/.local/lib/python3.12/site-packages/airflow/example_dags/example_trigger_target_dag.py
[2024-10-12T16:38:26.165+0000] {processor.py:914} INFO - Processing file /home/airflow/.local/lib/python3.12/site-packages/airflow/example_dags/example_trigger_target_dag.py for tasks to queue
[2024-10-12T16:38:26.167+0000] {logging_mixin.py:190} INFO - [2024-10-12T16:38:26.167+0000] {dagbag.py:588} INFO - Filling up the DagBag from /home/airflow/.local/lib/python3.12/site-packages/airflow/example_dags/example_trigger_target_dag.py
[2024-10-12T16:38:26.172+0000] {processor.py:925} INFO - DAG(s) 'example_trigger_target_dag' retrieved from /home/airflow/.local/lib/python3.12/site-packages/airflow/example_dags/example_trigger_target_dag.py
[2024-10-12T16:38:26.182+0000] {logging_mixin.py:190} INFO - [2024-10-12T16:38:26.182+0000] {dag.py:3239} INFO - Sync 1 DAGs
[2024-10-12T16:38:26.190+0000] {logging_mixin.py:190} INFO - [2024-10-12T16:38:26.190+0000] {dag.py:4180} INFO - Setting next_dagrun for example_trigger_target_dag to None, run_after=None
[2024-10-12T16:38:26.200+0000] {processor.py:208} INFO - Processing /home/airflow/.local/lib/python3.12/site-packages/airflow/example_dags/example_trigger_target_dag.py took 0.039 seconds
[2024-10-12T16:38:56.308+0000] {processor.py:186} INFO - Started process (PID=2252) to work on /home/airflow/.local/lib/python3.12/site-packages/airflow/example_dags/example_trigger_target_dag.py
[2024-10-12T16:38:56.309+0000] {processor.py:914} INFO - Processing file /home/airflow/.local/lib/python3.12/site-packages/airflow/example_dags/example_trigger_target_dag.py for tasks to queue
[2024-10-12T16:38:56.310+0000] {logging_mixin.py:190} INFO - [2024-10-12T16:38:56.310+0000] {dagbag.py:588} INFO - Filling up the DagBag from /home/airflow/.local/lib/python3.12/site-packages/airflow/example_dags/example_trigger_target_dag.py
[2024-10-12T16:38:56.315+0000] {processor.py:925} INFO - DAG(s) 'example_trigger_target_dag' retrieved from /home/airflow/.local/lib/python3.12/site-packages/airflow/example_dags/example_trigger_target_dag.py
[2024-10-12T16:38:56.325+0000] {logging_mixin.py:190} INFO - [2024-10-12T16:38:56.325+0000] {dag.py:3239} INFO - Sync 1 DAGs
[2024-10-12T16:38:56.333+0000] {logging_mixin.py:190} INFO - [2024-10-12T16:38:56.332+0000] {dag.py:4180} INFO - Setting next_dagrun for example_trigger_target_dag to None, run_after=None
[2024-10-12T16:38:56.342+0000] {processor.py:208} INFO - Processing /home/airflow/.local/lib/python3.12/site-packages/airflow/example_dags/example_trigger_target_dag.py took 0.038 seconds
[2024-10-12T16:39:26.599+0000] {processor.py:186} INFO - Started process (PID=2536) to work on /home/airflow/.local/lib/python3.12/site-packages/airflow/example_dags/example_trigger_target_dag.py
[2024-10-12T16:39:26.600+0000] {processor.py:914} INFO - Processing file /home/airflow/.local/lib/python3.12/site-packages/airflow/example_dags/example_trigger_target_dag.py for tasks to queue
[2024-10-12T16:39:26.603+0000] {logging_mixin.py:190} INFO - [2024-10-12T16:39:26.602+0000] {dagbag.py:588} INFO - Filling up the DagBag from /home/airflow/.local/lib/python3.12/site-packages/airflow/example_dags/example_trigger_target_dag.py
[2024-10-12T16:39:26.610+0000] {processor.py:925} INFO - DAG(s) 'example_trigger_target_dag' retrieved from /home/airflow/.local/lib/python3.12/site-packages/airflow/example_dags/example_trigger_target_dag.py
[2024-10-12T16:39:26.634+0000] {logging_mixin.py:190} INFO - [2024-10-12T16:39:26.633+0000] {dag.py:3239} INFO - Sync 1 DAGs
[2024-10-12T16:39:26.649+0000] {logging_mixin.py:190} INFO - [2024-10-12T16:39:26.649+0000] {dag.py:4180} INFO - Setting next_dagrun for example_trigger_target_dag to None, run_after=None
[2024-10-12T16:39:26.666+0000] {processor.py:208} INFO - Processing /home/airflow/.local/lib/python3.12/site-packages/airflow/example_dags/example_trigger_target_dag.py took 0.074 seconds
[2024-10-12T16:39:56.834+0000] {processor.py:186} INFO - Started process (PID=2824) to work on /home/airflow/.local/lib/python3.12/site-packages/airflow/example_dags/example_trigger_target_dag.py
[2024-10-12T16:39:56.835+0000] {processor.py:914} INFO - Processing file /home/airflow/.local/lib/python3.12/site-packages/airflow/example_dags/example_trigger_target_dag.py for tasks to queue
[2024-10-12T16:39:56.836+0000] {logging_mixin.py:190} INFO - [2024-10-12T16:39:56.836+0000] {dagbag.py:588} INFO - Filling up the DagBag from /home/airflow/.local/lib/python3.12/site-packages/airflow/example_dags/example_trigger_target_dag.py
[2024-10-12T16:39:56.841+0000] {processor.py:925} INFO - DAG(s) 'example_trigger_target_dag' retrieved from /home/airflow/.local/lib/python3.12/site-packages/airflow/example_dags/example_trigger_target_dag.py
[2024-10-12T16:39:56.851+0000] {logging_mixin.py:190} INFO - [2024-10-12T16:39:56.851+0000] {dag.py:3239} INFO - Sync 1 DAGs
[2024-10-12T16:39:56.859+0000] {logging_mixin.py:190} INFO - [2024-10-12T16:39:56.859+0000] {dag.py:4180} INFO - Setting next_dagrun for example_trigger_target_dag to None, run_after=None
[2024-10-12T16:39:56.869+0000] {processor.py:208} INFO - Processing /home/airflow/.local/lib/python3.12/site-packages/airflow/example_dags/example_trigger_target_dag.py took 0.038 seconds
[2024-10-12T16:40:27.134+0000] {processor.py:186} INFO - Started process (PID=3108) to work on /home/airflow/.local/lib/python3.12/site-packages/airflow/example_dags/example_trigger_target_dag.py
[2024-10-12T16:40:27.135+0000] {processor.py:914} INFO - Processing file /home/airflow/.local/lib/python3.12/site-packages/airflow/example_dags/example_trigger_target_dag.py for tasks to queue
[2024-10-12T16:40:27.137+0000] {logging_mixin.py:190} INFO - [2024-10-12T16:40:27.137+0000] {dagbag.py:588} INFO - Filling up the DagBag from /home/airflow/.local/lib/python3.12/site-packages/airflow/example_dags/example_trigger_target_dag.py
[2024-10-12T16:40:27.142+0000] {processor.py:925} INFO - DAG(s) 'example_trigger_target_dag' retrieved from /home/airflow/.local/lib/python3.12/site-packages/airflow/example_dags/example_trigger_target_dag.py
[2024-10-12T16:40:27.154+0000] {logging_mixin.py:190} INFO - [2024-10-12T16:40:27.153+0000] {dag.py:3239} INFO - Sync 1 DAGs
[2024-10-12T16:40:27.163+0000] {logging_mixin.py:190} INFO - [2024-10-12T16:40:27.163+0000] {dag.py:4180} INFO - Setting next_dagrun for example_trigger_target_dag to None, run_after=None
[2024-10-12T16:40:27.173+0000] {processor.py:208} INFO - Processing /home/airflow/.local/lib/python3.12/site-packages/airflow/example_dags/example_trigger_target_dag.py took 0.043 seconds
[2024-10-12T16:40:57.633+0000] {processor.py:186} INFO - Started process (PID=3399) to work on /home/airflow/.local/lib/python3.12/site-packages/airflow/example_dags/example_trigger_target_dag.py
[2024-10-12T16:40:57.634+0000] {processor.py:914} INFO - Processing file /home/airflow/.local/lib/python3.12/site-packages/airflow/example_dags/example_trigger_target_dag.py for tasks to queue
[2024-10-12T16:40:57.636+0000] {logging_mixin.py:190} INFO - [2024-10-12T16:40:57.636+0000] {dagbag.py:588} INFO - Filling up the DagBag from /home/airflow/.local/lib/python3.12/site-packages/airflow/example_dags/example_trigger_target_dag.py
[2024-10-12T16:40:57.641+0000] {processor.py:925} INFO - DAG(s) 'example_trigger_target_dag' retrieved from /home/airflow/.local/lib/python3.12/site-packages/airflow/example_dags/example_trigger_target_dag.py
[2024-10-12T16:40:57.654+0000] {logging_mixin.py:190} INFO - [2024-10-12T16:40:57.654+0000] {dag.py:3239} INFO - Sync 1 DAGs
[2024-10-12T16:40:57.662+0000] {logging_mixin.py:190} INFO - [2024-10-12T16:40:57.662+0000] {dag.py:4180} INFO - Setting next_dagrun for example_trigger_target_dag to None, run_after=None
[2024-10-12T16:40:57.673+0000] {processor.py:208} INFO - Processing /home/airflow/.local/lib/python3.12/site-packages/airflow/example_dags/example_trigger_target_dag.py took 0.043 seconds
[2024-10-12T16:41:27.979+0000] {processor.py:186} INFO - Started process (PID=3685) to work on /home/airflow/.local/lib/python3.12/site-packages/airflow/example_dags/example_trigger_target_dag.py
[2024-10-12T16:41:27.980+0000] {processor.py:914} INFO - Processing file /home/airflow/.local/lib/python3.12/site-packages/airflow/example_dags/example_trigger_target_dag.py for tasks to queue
[2024-10-12T16:41:27.981+0000] {logging_mixin.py:190} INFO - [2024-10-12T16:41:27.981+0000] {dagbag.py:588} INFO - Filling up the DagBag from /home/airflow/.local/lib/python3.12/site-packages/airflow/example_dags/example_trigger_target_dag.py
[2024-10-12T16:41:27.987+0000] {processor.py:925} INFO - DAG(s) 'example_trigger_target_dag' retrieved from /home/airflow/.local/lib/python3.12/site-packages/airflow/example_dags/example_trigger_target_dag.py
[2024-10-12T16:41:27.999+0000] {logging_mixin.py:190} INFO - [2024-10-12T16:41:27.999+0000] {dag.py:3239} INFO - Sync 1 DAGs
[2024-10-12T16:41:28.007+0000] {logging_mixin.py:190} INFO - [2024-10-12T16:41:28.007+0000] {dag.py:4180} INFO - Setting next_dagrun for example_trigger_target_dag to None, run_after=None
[2024-10-12T16:41:28.018+0000] {processor.py:208} INFO - Processing /home/airflow/.local/lib/python3.12/site-packages/airflow/example_dags/example_trigger_target_dag.py took 0.043 seconds
