[2024-10-12T16:35:26.896+0000] {processor.py:186} INFO - Started process (PID=428) to work on /home/airflow/.local/lib/python3.12/site-packages/airflow/example_dags/example_sla_dag.py
[2024-10-12T16:35:26.897+0000] {processor.py:914} INFO - Processing file /home/airflow/.local/lib/python3.12/site-packages/airflow/example_dags/example_sla_dag.py for tasks to queue
[2024-10-12T16:35:26.898+0000] {logging_mixin.py:190} INFO - [2024-10-12T16:35:26.898+0000] {dagbag.py:588} INFO - Filling up the DagBag from /home/airflow/.local/lib/python3.12/site-packages/airflow/example_dags/example_sla_dag.py
[2024-10-12T16:35:26.904+0000] {processor.py:925} INFO - DAG(s) 'example_sla_dag' retrieved from /home/airflow/.local/lib/python3.12/site-packages/airflow/example_dags/example_sla_dag.py
[2024-10-12T16:35:26.958+0000] {logging_mixin.py:190} INFO - [2024-10-12T16:35:26.958+0000] {override.py:1900} INFO - Created Permission View: can edit on DAG:example_sla_dag
[2024-10-12T16:35:26.963+0000] {logging_mixin.py:190} INFO - [2024-10-12T16:35:26.963+0000] {override.py:1900} INFO - Created Permission View: can read on DAG:example_sla_dag
[2024-10-12T16:35:26.966+0000] {logging_mixin.py:190} INFO - [2024-10-12T16:35:26.966+0000] {override.py:1900} INFO - Created Permission View: can delete on DAG:example_sla_dag
[2024-10-12T16:35:26.970+0000] {logging_mixin.py:190} INFO - [2024-10-12T16:35:26.969+0000] {override.py:1900} INFO - Created Permission View: menu access on DAG Run:example_sla_dag
[2024-10-12T16:35:26.973+0000] {logging_mixin.py:190} INFO - [2024-10-12T16:35:26.973+0000] {override.py:1900} INFO - Created Permission View: can read on DAG Run:example_sla_dag
[2024-10-12T16:35:26.976+0000] {logging_mixin.py:190} INFO - [2024-10-12T16:35:26.976+0000] {override.py:1900} INFO - Created Permission View: can delete on DAG Run:example_sla_dag
[2024-10-12T16:35:26.979+0000] {logging_mixin.py:190} INFO - [2024-10-12T16:35:26.979+0000] {override.py:1900} INFO - Created Permission View: can create on DAG Run:example_sla_dag
[2024-10-12T16:35:26.979+0000] {logging_mixin.py:190} INFO - [2024-10-12T16:35:26.979+0000] {dag.py:3239} INFO - Sync 1 DAGs
[2024-10-12T16:35:26.986+0000] {logging_mixin.py:190} INFO - [2024-10-12T16:35:26.986+0000] {dag.py:3262} INFO - Creating ORM DAG for example_sla_dag
[2024-10-12T16:35:26.993+0000] {logging_mixin.py:190} INFO - [2024-10-12T16:35:26.993+0000] {dag.py:4180} INFO - Setting next_dagrun for example_sla_dag to 2024-10-12 16:32:00+00:00, run_after=2024-10-12 16:34:00+00:00
[2024-10-12T16:35:27.001+0000] {processor.py:208} INFO - Processing /home/airflow/.local/lib/python3.12/site-packages/airflow/example_dags/example_sla_dag.py took 0.108 seconds
[2024-10-12T16:35:57.235+0000] {processor.py:186} INFO - Started process (PID=714) to work on /home/airflow/.local/lib/python3.12/site-packages/airflow/example_dags/example_sla_dag.py
[2024-10-12T16:35:57.236+0000] {processor.py:914} INFO - Processing file /home/airflow/.local/lib/python3.12/site-packages/airflow/example_dags/example_sla_dag.py for tasks to queue
[2024-10-12T16:35:57.237+0000] {logging_mixin.py:190} INFO - [2024-10-12T16:35:57.237+0000] {dagbag.py:588} INFO - Filling up the DagBag from /home/airflow/.local/lib/python3.12/site-packages/airflow/example_dags/example_sla_dag.py
[2024-10-12T16:35:57.243+0000] {processor.py:925} INFO - DAG(s) 'example_sla_dag' retrieved from /home/airflow/.local/lib/python3.12/site-packages/airflow/example_dags/example_sla_dag.py
[2024-10-12T16:35:57.255+0000] {logging_mixin.py:190} INFO - [2024-10-12T16:35:57.255+0000] {dag.py:3239} INFO - Sync 1 DAGs
[2024-10-12T16:35:57.268+0000] {logging_mixin.py:190} INFO - [2024-10-12T16:35:57.268+0000] {dag.py:4180} INFO - Setting next_dagrun for example_sla_dag to 2024-10-12 16:32:00+00:00, run_after=2024-10-12 16:34:00+00:00
[2024-10-12T16:35:57.277+0000] {processor.py:208} INFO - Processing /home/airflow/.local/lib/python3.12/site-packages/airflow/example_dags/example_sla_dag.py took 0.046 seconds
[2024-10-12T16:36:27.483+0000] {processor.py:186} INFO - Started process (PID=1000) to work on /home/airflow/.local/lib/python3.12/site-packages/airflow/example_dags/example_sla_dag.py
[2024-10-12T16:36:27.484+0000] {processor.py:914} INFO - Processing file /home/airflow/.local/lib/python3.12/site-packages/airflow/example_dags/example_sla_dag.py for tasks to queue
[2024-10-12T16:36:27.485+0000] {logging_mixin.py:190} INFO - [2024-10-12T16:36:27.485+0000] {dagbag.py:588} INFO - Filling up the DagBag from /home/airflow/.local/lib/python3.12/site-packages/airflow/example_dags/example_sla_dag.py
[2024-10-12T16:36:27.491+0000] {processor.py:925} INFO - DAG(s) 'example_sla_dag' retrieved from /home/airflow/.local/lib/python3.12/site-packages/airflow/example_dags/example_sla_dag.py
[2024-10-12T16:36:27.501+0000] {logging_mixin.py:190} INFO - [2024-10-12T16:36:27.501+0000] {dag.py:3239} INFO - Sync 1 DAGs
[2024-10-12T16:36:27.514+0000] {logging_mixin.py:190} INFO - [2024-10-12T16:36:27.514+0000] {dag.py:4180} INFO - Setting next_dagrun for example_sla_dag to 2024-10-12 16:34:00+00:00, run_after=2024-10-12 16:36:00+00:00
[2024-10-12T16:36:27.523+0000] {processor.py:208} INFO - Processing /home/airflow/.local/lib/python3.12/site-packages/airflow/example_dags/example_sla_dag.py took 0.044 seconds
[2024-10-12T16:36:57.639+0000] {processor.py:186} INFO - Started process (PID=1286) to work on /home/airflow/.local/lib/python3.12/site-packages/airflow/example_dags/example_sla_dag.py
[2024-10-12T16:36:57.639+0000] {processor.py:914} INFO - Processing file /home/airflow/.local/lib/python3.12/site-packages/airflow/example_dags/example_sla_dag.py for tasks to queue
[2024-10-12T16:36:57.640+0000] {logging_mixin.py:190} INFO - [2024-10-12T16:36:57.640+0000] {dagbag.py:588} INFO - Filling up the DagBag from /home/airflow/.local/lib/python3.12/site-packages/airflow/example_dags/example_sla_dag.py
[2024-10-12T16:36:57.646+0000] {processor.py:925} INFO - DAG(s) 'example_sla_dag' retrieved from /home/airflow/.local/lib/python3.12/site-packages/airflow/example_dags/example_sla_dag.py
[2024-10-12T16:36:57.656+0000] {logging_mixin.py:190} INFO - [2024-10-12T16:36:57.656+0000] {dag.py:3239} INFO - Sync 1 DAGs
[2024-10-12T16:36:57.670+0000] {logging_mixin.py:190} INFO - [2024-10-12T16:36:57.670+0000] {dag.py:4180} INFO - Setting next_dagrun for example_sla_dag to 2024-10-12 16:34:00+00:00, run_after=2024-10-12 16:36:00+00:00
[2024-10-12T16:36:57.679+0000] {processor.py:208} INFO - Processing /home/airflow/.local/lib/python3.12/site-packages/airflow/example_dags/example_sla_dag.py took 0.044 seconds
[2024-10-12T16:37:27.961+0000] {processor.py:186} INFO - Started process (PID=1574) to work on /home/airflow/.local/lib/python3.12/site-packages/airflow/example_dags/example_sla_dag.py
[2024-10-12T16:37:27.962+0000] {processor.py:914} INFO - Processing file /home/airflow/.local/lib/python3.12/site-packages/airflow/example_dags/example_sla_dag.py for tasks to queue
[2024-10-12T16:37:27.963+0000] {logging_mixin.py:190} INFO - [2024-10-12T16:37:27.963+0000] {dagbag.py:588} INFO - Filling up the DagBag from /home/airflow/.local/lib/python3.12/site-packages/airflow/example_dags/example_sla_dag.py
[2024-10-12T16:37:27.969+0000] {processor.py:925} INFO - DAG(s) 'example_sla_dag' retrieved from /home/airflow/.local/lib/python3.12/site-packages/airflow/example_dags/example_sla_dag.py
[2024-10-12T16:37:27.979+0000] {logging_mixin.py:190} INFO - [2024-10-12T16:37:27.979+0000] {dag.py:3239} INFO - Sync 1 DAGs
[2024-10-12T16:37:27.993+0000] {logging_mixin.py:190} INFO - [2024-10-12T16:37:27.993+0000] {dag.py:4180} INFO - Setting next_dagrun for example_sla_dag to 2024-10-12 16:34:00+00:00, run_after=2024-10-12 16:36:00+00:00
[2024-10-12T16:37:28.002+0000] {processor.py:208} INFO - Processing /home/airflow/.local/lib/python3.12/site-packages/airflow/example_dags/example_sla_dag.py took 0.045 seconds
[2024-10-12T16:37:58.334+0000] {processor.py:186} INFO - Started process (PID=1858) to work on /home/airflow/.local/lib/python3.12/site-packages/airflow/example_dags/example_sla_dag.py
[2024-10-12T16:37:58.335+0000] {processor.py:914} INFO - Processing file /home/airflow/.local/lib/python3.12/site-packages/airflow/example_dags/example_sla_dag.py for tasks to queue
[2024-10-12T16:37:58.337+0000] {logging_mixin.py:190} INFO - [2024-10-12T16:37:58.337+0000] {dagbag.py:588} INFO - Filling up the DagBag from /home/airflow/.local/lib/python3.12/site-packages/airflow/example_dags/example_sla_dag.py
[2024-10-12T16:37:58.343+0000] {processor.py:925} INFO - DAG(s) 'example_sla_dag' retrieved from /home/airflow/.local/lib/python3.12/site-packages/airflow/example_dags/example_sla_dag.py
[2024-10-12T16:37:58.355+0000] {logging_mixin.py:190} INFO - [2024-10-12T16:37:58.355+0000] {dag.py:3239} INFO - Sync 1 DAGs
[2024-10-12T16:37:58.370+0000] {logging_mixin.py:190} INFO - [2024-10-12T16:37:58.370+0000] {dag.py:4180} INFO - Setting next_dagrun for example_sla_dag to 2024-10-12 16:34:00+00:00, run_after=2024-10-12 16:36:00+00:00
[2024-10-12T16:37:58.380+0000] {processor.py:208} INFO - Processing /home/airflow/.local/lib/python3.12/site-packages/airflow/example_dags/example_sla_dag.py took 0.049 seconds
[2024-10-12T16:38:28.492+0000] {processor.py:186} INFO - Started process (PID=2145) to work on /home/airflow/.local/lib/python3.12/site-packages/airflow/example_dags/example_sla_dag.py
[2024-10-12T16:38:28.492+0000] {processor.py:914} INFO - Processing file /home/airflow/.local/lib/python3.12/site-packages/airflow/example_dags/example_sla_dag.py for tasks to queue
[2024-10-12T16:38:28.494+0000] {logging_mixin.py:190} INFO - [2024-10-12T16:38:28.494+0000] {dagbag.py:588} INFO - Filling up the DagBag from /home/airflow/.local/lib/python3.12/site-packages/airflow/example_dags/example_sla_dag.py
[2024-10-12T16:38:28.500+0000] {processor.py:925} INFO - DAG(s) 'example_sla_dag' retrieved from /home/airflow/.local/lib/python3.12/site-packages/airflow/example_dags/example_sla_dag.py
[2024-10-12T16:38:28.510+0000] {logging_mixin.py:190} INFO - [2024-10-12T16:38:28.510+0000] {dag.py:3239} INFO - Sync 1 DAGs
[2024-10-12T16:38:28.524+0000] {logging_mixin.py:190} INFO - [2024-10-12T16:38:28.524+0000] {dag.py:4180} INFO - Setting next_dagrun for example_sla_dag to 2024-10-12 16:36:00+00:00, run_after=2024-10-12 16:38:00+00:00
[2024-10-12T16:38:28.533+0000] {processor.py:208} INFO - Processing /home/airflow/.local/lib/python3.12/site-packages/airflow/example_dags/example_sla_dag.py took 0.045 seconds
[2024-10-12T16:38:58.764+0000] {processor.py:186} INFO - Started process (PID=2430) to work on /home/airflow/.local/lib/python3.12/site-packages/airflow/example_dags/example_sla_dag.py
[2024-10-12T16:38:58.764+0000] {processor.py:914} INFO - Processing file /home/airflow/.local/lib/python3.12/site-packages/airflow/example_dags/example_sla_dag.py for tasks to queue
[2024-10-12T16:38:58.766+0000] {logging_mixin.py:190} INFO - [2024-10-12T16:38:58.766+0000] {dagbag.py:588} INFO - Filling up the DagBag from /home/airflow/.local/lib/python3.12/site-packages/airflow/example_dags/example_sla_dag.py
[2024-10-12T16:38:58.772+0000] {processor.py:925} INFO - DAG(s) 'example_sla_dag' retrieved from /home/airflow/.local/lib/python3.12/site-packages/airflow/example_dags/example_sla_dag.py
[2024-10-12T16:38:58.784+0000] {logging_mixin.py:190} INFO - [2024-10-12T16:38:58.784+0000] {dag.py:3239} INFO - Sync 1 DAGs
[2024-10-12T16:38:58.799+0000] {logging_mixin.py:190} INFO - [2024-10-12T16:38:58.799+0000] {dag.py:4180} INFO - Setting next_dagrun for example_sla_dag to 2024-10-12 16:36:00+00:00, run_after=2024-10-12 16:38:00+00:00
[2024-10-12T16:38:58.809+0000] {processor.py:208} INFO - Processing /home/airflow/.local/lib/python3.12/site-packages/airflow/example_dags/example_sla_dag.py took 0.049 seconds
[2024-10-12T16:39:29.049+0000] {processor.py:186} INFO - Started process (PID=2716) to work on /home/airflow/.local/lib/python3.12/site-packages/airflow/example_dags/example_sla_dag.py
[2024-10-12T16:39:29.049+0000] {processor.py:914} INFO - Processing file /home/airflow/.local/lib/python3.12/site-packages/airflow/example_dags/example_sla_dag.py for tasks to queue
[2024-10-12T16:39:29.051+0000] {logging_mixin.py:190} INFO - [2024-10-12T16:39:29.051+0000] {dagbag.py:588} INFO - Filling up the DagBag from /home/airflow/.local/lib/python3.12/site-packages/airflow/example_dags/example_sla_dag.py
[2024-10-12T16:39:29.058+0000] {processor.py:925} INFO - DAG(s) 'example_sla_dag' retrieved from /home/airflow/.local/lib/python3.12/site-packages/airflow/example_dags/example_sla_dag.py
[2024-10-12T16:39:29.069+0000] {logging_mixin.py:190} INFO - [2024-10-12T16:39:29.068+0000] {dag.py:3239} INFO - Sync 1 DAGs
[2024-10-12T16:39:29.083+0000] {logging_mixin.py:190} INFO - [2024-10-12T16:39:29.083+0000] {dag.py:4180} INFO - Setting next_dagrun for example_sla_dag to 2024-10-12 16:36:00+00:00, run_after=2024-10-12 16:38:00+00:00
[2024-10-12T16:39:29.093+0000] {processor.py:208} INFO - Processing /home/airflow/.local/lib/python3.12/site-packages/airflow/example_dags/example_sla_dag.py took 0.048 seconds
[2024-10-12T16:39:59.278+0000] {processor.py:186} INFO - Started process (PID=3002) to work on /home/airflow/.local/lib/python3.12/site-packages/airflow/example_dags/example_sla_dag.py
[2024-10-12T16:39:59.279+0000] {processor.py:914} INFO - Processing file /home/airflow/.local/lib/python3.12/site-packages/airflow/example_dags/example_sla_dag.py for tasks to queue
[2024-10-12T16:39:59.280+0000] {logging_mixin.py:190} INFO - [2024-10-12T16:39:59.280+0000] {dagbag.py:588} INFO - Filling up the DagBag from /home/airflow/.local/lib/python3.12/site-packages/airflow/example_dags/example_sla_dag.py
[2024-10-12T16:39:59.287+0000] {processor.py:925} INFO - DAG(s) 'example_sla_dag' retrieved from /home/airflow/.local/lib/python3.12/site-packages/airflow/example_dags/example_sla_dag.py
[2024-10-12T16:39:59.298+0000] {logging_mixin.py:190} INFO - [2024-10-12T16:39:59.298+0000] {dag.py:3239} INFO - Sync 1 DAGs
[2024-10-12T16:39:59.313+0000] {logging_mixin.py:190} INFO - [2024-10-12T16:39:59.313+0000] {dag.py:4180} INFO - Setting next_dagrun for example_sla_dag to 2024-10-12 16:36:00+00:00, run_after=2024-10-12 16:38:00+00:00
[2024-10-12T16:39:59.322+0000] {processor.py:208} INFO - Processing /home/airflow/.local/lib/python3.12/site-packages/airflow/example_dags/example_sla_dag.py took 0.047 seconds
[2024-10-12T16:40:29.741+0000] {processor.py:186} INFO - Started process (PID=3288) to work on /home/airflow/.local/lib/python3.12/site-packages/airflow/example_dags/example_sla_dag.py
[2024-10-12T16:40:29.742+0000] {processor.py:914} INFO - Processing file /home/airflow/.local/lib/python3.12/site-packages/airflow/example_dags/example_sla_dag.py for tasks to queue
[2024-10-12T16:40:29.743+0000] {logging_mixin.py:190} INFO - [2024-10-12T16:40:29.743+0000] {dagbag.py:588} INFO - Filling up the DagBag from /home/airflow/.local/lib/python3.12/site-packages/airflow/example_dags/example_sla_dag.py
[2024-10-12T16:40:29.749+0000] {processor.py:925} INFO - DAG(s) 'example_sla_dag' retrieved from /home/airflow/.local/lib/python3.12/site-packages/airflow/example_dags/example_sla_dag.py
[2024-10-12T16:40:29.760+0000] {logging_mixin.py:190} INFO - [2024-10-12T16:40:29.760+0000] {dag.py:3239} INFO - Sync 1 DAGs
[2024-10-12T16:40:29.776+0000] {logging_mixin.py:190} INFO - [2024-10-12T16:40:29.776+0000] {dag.py:4180} INFO - Setting next_dagrun for example_sla_dag to 2024-10-12 16:38:00+00:00, run_after=2024-10-12 16:40:00+00:00
[2024-10-12T16:40:29.785+0000] {processor.py:208} INFO - Processing /home/airflow/.local/lib/python3.12/site-packages/airflow/example_dags/example_sla_dag.py took 0.048 seconds
[2024-10-12T16:41:00.093+0000] {processor.py:186} INFO - Started process (PID=3576) to work on /home/airflow/.local/lib/python3.12/site-packages/airflow/example_dags/example_sla_dag.py
[2024-10-12T16:41:00.094+0000] {processor.py:914} INFO - Processing file /home/airflow/.local/lib/python3.12/site-packages/airflow/example_dags/example_sla_dag.py for tasks to queue
[2024-10-12T16:41:00.095+0000] {logging_mixin.py:190} INFO - [2024-10-12T16:41:00.095+0000] {dagbag.py:588} INFO - Filling up the DagBag from /home/airflow/.local/lib/python3.12/site-packages/airflow/example_dags/example_sla_dag.py
[2024-10-12T16:41:00.101+0000] {processor.py:925} INFO - DAG(s) 'example_sla_dag' retrieved from /home/airflow/.local/lib/python3.12/site-packages/airflow/example_dags/example_sla_dag.py
[2024-10-12T16:41:00.113+0000] {logging_mixin.py:190} INFO - [2024-10-12T16:41:00.113+0000] {dag.py:3239} INFO - Sync 1 DAGs
[2024-10-12T16:41:00.127+0000] {logging_mixin.py:190} INFO - [2024-10-12T16:41:00.127+0000] {dag.py:4180} INFO - Setting next_dagrun for example_sla_dag to 2024-10-12 16:38:00+00:00, run_after=2024-10-12 16:40:00+00:00
[2024-10-12T16:41:00.140+0000] {processor.py:208} INFO - Processing /home/airflow/.local/lib/python3.12/site-packages/airflow/example_dags/example_sla_dag.py took 0.050 seconds
[2024-10-12T16:41:30.561+0000] {processor.py:186} INFO - Started process (PID=3860) to work on /home/airflow/.local/lib/python3.12/site-packages/airflow/example_dags/example_sla_dag.py
[2024-10-12T16:41:30.562+0000] {processor.py:914} INFO - Processing file /home/airflow/.local/lib/python3.12/site-packages/airflow/example_dags/example_sla_dag.py for tasks to queue
[2024-10-12T16:41:30.563+0000] {logging_mixin.py:190} INFO - [2024-10-12T16:41:30.563+0000] {dagbag.py:588} INFO - Filling up the DagBag from /home/airflow/.local/lib/python3.12/site-packages/airflow/example_dags/example_sla_dag.py
[2024-10-12T16:41:30.569+0000] {processor.py:925} INFO - DAG(s) 'example_sla_dag' retrieved from /home/airflow/.local/lib/python3.12/site-packages/airflow/example_dags/example_sla_dag.py
[2024-10-12T16:41:30.584+0000] {logging_mixin.py:190} INFO - [2024-10-12T16:41:30.583+0000] {dag.py:3239} INFO - Sync 1 DAGs
[2024-10-12T16:41:30.598+0000] {logging_mixin.py:190} INFO - [2024-10-12T16:41:30.598+0000] {dag.py:4180} INFO - Setting next_dagrun for example_sla_dag to 2024-10-12 16:38:00+00:00, run_after=2024-10-12 16:40:00+00:00
[2024-10-12T16:41:30.609+0000] {processor.py:208} INFO - Processing /home/airflow/.local/lib/python3.12/site-packages/airflow/example_dags/example_sla_dag.py took 0.052 seconds
