[2024-10-12T16:35:25.426+0000] {processor.py:186} INFO - Started process (PID=343) to work on /home/airflow/.local/lib/python3.12/site-packages/airflow/example_dags/example_branch_datetime_operator.py
[2024-10-12T16:35:25.427+0000] {processor.py:914} INFO - Processing file /home/airflow/.local/lib/python3.12/site-packages/airflow/example_dags/example_branch_datetime_operator.py for tasks to queue
[2024-10-12T16:35:25.429+0000] {logging_mixin.py:190} INFO - [2024-10-12T16:35:25.428+0000] {dagbag.py:588} INFO - Filling up the DagBag from /home/airflow/.local/lib/python3.12/site-packages/airflow/example_dags/example_branch_datetime_operator.py
[2024-10-12T16:35:25.436+0000] {processor.py:925} INFO - DAG(s) 'example_branch_datetime_operator_2', 'example_branch_datetime_operator_3', 'example_branch_datetime_operator' retrieved from /home/airflow/.local/lib/python3.12/site-packages/airflow/example_dags/example_branch_datetime_operator.py
[2024-10-12T16:35:25.498+0000] {logging_mixin.py:190} INFO - [2024-10-12T16:35:25.498+0000] {override.py:1900} INFO - Created Permission View: can edit on DAG:example_branch_datetime_operator_2
[2024-10-12T16:35:25.504+0000] {logging_mixin.py:190} INFO - [2024-10-12T16:35:25.504+0000] {override.py:1900} INFO - Created Permission View: can read on DAG:example_branch_datetime_operator_2
[2024-10-12T16:35:25.507+0000] {logging_mixin.py:190} INFO - [2024-10-12T16:35:25.507+0000] {override.py:1900} INFO - Created Permission View: can delete on DAG:example_branch_datetime_operator_2
[2024-10-12T16:35:25.510+0000] {logging_mixin.py:190} INFO - [2024-10-12T16:35:25.510+0000] {override.py:1900} INFO - Created Permission View: menu access on DAG Run:example_branch_datetime_operator_2
[2024-10-12T16:35:25.513+0000] {logging_mixin.py:190} INFO - [2024-10-12T16:35:25.513+0000] {override.py:1900} INFO - Created Permission View: can read on DAG Run:example_branch_datetime_operator_2
[2024-10-12T16:35:25.516+0000] {logging_mixin.py:190} INFO - [2024-10-12T16:35:25.516+0000] {override.py:1900} INFO - Created Permission View: can delete on DAG Run:example_branch_datetime_operator_2
[2024-10-12T16:35:25.519+0000] {logging_mixin.py:190} INFO - [2024-10-12T16:35:25.519+0000] {override.py:1900} INFO - Created Permission View: can create on DAG Run:example_branch_datetime_operator_2
[2024-10-12T16:35:25.525+0000] {logging_mixin.py:190} INFO - [2024-10-12T16:35:25.525+0000] {override.py:1900} INFO - Created Permission View: can edit on DAG:example_branch_datetime_operator_3
[2024-10-12T16:35:25.529+0000] {logging_mixin.py:190} INFO - [2024-10-12T16:35:25.529+0000] {override.py:1900} INFO - Created Permission View: can read on DAG:example_branch_datetime_operator_3
[2024-10-12T16:35:25.533+0000] {logging_mixin.py:190} INFO - [2024-10-12T16:35:25.533+0000] {override.py:1900} INFO - Created Permission View: can delete on DAG:example_branch_datetime_operator_3
[2024-10-12T16:35:25.536+0000] {logging_mixin.py:190} INFO - [2024-10-12T16:35:25.536+0000] {override.py:1900} INFO - Created Permission View: menu access on DAG Run:example_branch_datetime_operator_3
[2024-10-12T16:35:25.540+0000] {logging_mixin.py:190} INFO - [2024-10-12T16:35:25.539+0000] {override.py:1900} INFO - Created Permission View: can read on DAG Run:example_branch_datetime_operator_3
[2024-10-12T16:35:25.543+0000] {logging_mixin.py:190} INFO - [2024-10-12T16:35:25.543+0000] {override.py:1900} INFO - Created Permission View: can delete on DAG Run:example_branch_datetime_operator_3
[2024-10-12T16:35:25.546+0000] {logging_mixin.py:190} INFO - [2024-10-12T16:35:25.546+0000] {override.py:1900} INFO - Created Permission View: can create on DAG Run:example_branch_datetime_operator_3
[2024-10-12T16:35:25.551+0000] {logging_mixin.py:190} INFO - [2024-10-12T16:35:25.551+0000] {override.py:1900} INFO - Created Permission View: can edit on DAG:example_branch_datetime_operator
[2024-10-12T16:35:25.554+0000] {logging_mixin.py:190} INFO - [2024-10-12T16:35:25.554+0000] {override.py:1900} INFO - Created Permission View: can read on DAG:example_branch_datetime_operator
[2024-10-12T16:35:25.557+0000] {logging_mixin.py:190} INFO - [2024-10-12T16:35:25.557+0000] {override.py:1900} INFO - Created Permission View: can delete on DAG:example_branch_datetime_operator
[2024-10-12T16:35:25.561+0000] {logging_mixin.py:190} INFO - [2024-10-12T16:35:25.561+0000] {override.py:1900} INFO - Created Permission View: menu access on DAG Run:example_branch_datetime_operator
[2024-10-12T16:35:25.568+0000] {logging_mixin.py:190} INFO - [2024-10-12T16:35:25.567+0000] {override.py:1900} INFO - Created Permission View: can read on DAG Run:example_branch_datetime_operator
[2024-10-12T16:35:25.572+0000] {logging_mixin.py:190} INFO - [2024-10-12T16:35:25.572+0000] {override.py:1900} INFO - Created Permission View: can delete on DAG Run:example_branch_datetime_operator
[2024-10-12T16:35:25.575+0000] {logging_mixin.py:190} INFO - [2024-10-12T16:35:25.574+0000] {override.py:1900} INFO - Created Permission View: can create on DAG Run:example_branch_datetime_operator
[2024-10-12T16:35:25.575+0000] {logging_mixin.py:190} INFO - [2024-10-12T16:35:25.575+0000] {dag.py:3239} INFO - Sync 3 DAGs
[2024-10-12T16:35:25.581+0000] {logging_mixin.py:190} INFO - [2024-10-12T16:35:25.581+0000] {dag.py:3262} INFO - Creating ORM DAG for example_branch_datetime_operator
[2024-10-12T16:35:25.582+0000] {logging_mixin.py:190} INFO - [2024-10-12T16:35:25.582+0000] {dag.py:3262} INFO - Creating ORM DAG for example_branch_datetime_operator_3
[2024-10-12T16:35:25.582+0000] {logging_mixin.py:190} INFO - [2024-10-12T16:35:25.582+0000] {dag.py:3262} INFO - Creating ORM DAG for example_branch_datetime_operator_2
[2024-10-12T16:35:25.588+0000] {logging_mixin.py:190} INFO - [2024-10-12T16:35:25.588+0000] {dag.py:4180} INFO - Setting next_dagrun for example_branch_datetime_operator to 2024-10-11 00:00:00+00:00, run_after=2024-10-12 00:00:00+00:00
[2024-10-12T16:35:25.589+0000] {logging_mixin.py:190} INFO - [2024-10-12T16:35:25.589+0000] {dag.py:4180} INFO - Setting next_dagrun for example_branch_datetime_operator_2 to 2024-10-11 00:00:00+00:00, run_after=2024-10-12 00:00:00+00:00
[2024-10-12T16:35:25.589+0000] {logging_mixin.py:190} INFO - [2024-10-12T16:35:25.589+0000] {dag.py:4180} INFO - Setting next_dagrun for example_branch_datetime_operator_3 to 2024-10-11 00:00:00+00:00, run_after=2024-10-12 00:00:00+00:00
[2024-10-12T16:35:25.599+0000] {processor.py:208} INFO - Processing /home/airflow/.local/lib/python3.12/site-packages/airflow/example_dags/example_branch_datetime_operator.py took 0.176 seconds
[2024-10-12T16:35:55.623+0000] {processor.py:186} INFO - Started process (PID=631) to work on /home/airflow/.local/lib/python3.12/site-packages/airflow/example_dags/example_branch_datetime_operator.py
[2024-10-12T16:35:55.624+0000] {processor.py:914} INFO - Processing file /home/airflow/.local/lib/python3.12/site-packages/airflow/example_dags/example_branch_datetime_operator.py for tasks to queue
[2024-10-12T16:35:55.625+0000] {logging_mixin.py:190} INFO - [2024-10-12T16:35:55.625+0000] {dagbag.py:588} INFO - Filling up the DagBag from /home/airflow/.local/lib/python3.12/site-packages/airflow/example_dags/example_branch_datetime_operator.py
[2024-10-12T16:35:55.632+0000] {processor.py:925} INFO - DAG(s) 'example_branch_datetime_operator', 'example_branch_datetime_operator_2', 'example_branch_datetime_operator_3' retrieved from /home/airflow/.local/lib/python3.12/site-packages/airflow/example_dags/example_branch_datetime_operator.py
[2024-10-12T16:35:55.647+0000] {logging_mixin.py:190} INFO - [2024-10-12T16:35:55.646+0000] {dag.py:3239} INFO - Sync 3 DAGs
[2024-10-12T16:35:55.660+0000] {logging_mixin.py:190} INFO - [2024-10-12T16:35:55.660+0000] {dag.py:4180} INFO - Setting next_dagrun for example_branch_datetime_operator to 2024-10-11 00:00:00+00:00, run_after=2024-10-12 00:00:00+00:00
[2024-10-12T16:35:55.662+0000] {logging_mixin.py:190} INFO - [2024-10-12T16:35:55.662+0000] {dag.py:4180} INFO - Setting next_dagrun for example_branch_datetime_operator_2 to 2024-10-11 00:00:00+00:00, run_after=2024-10-12 00:00:00+00:00
[2024-10-12T16:35:55.664+0000] {logging_mixin.py:190} INFO - [2024-10-12T16:35:55.663+0000] {dag.py:4180} INFO - Setting next_dagrun for example_branch_datetime_operator_3 to 2024-10-11 00:00:00+00:00, run_after=2024-10-12 00:00:00+00:00
[2024-10-12T16:35:55.672+0000] {processor.py:208} INFO - Processing /home/airflow/.local/lib/python3.12/site-packages/airflow/example_dags/example_branch_datetime_operator.py took 0.052 seconds
[2024-10-12T16:36:25.799+0000] {processor.py:186} INFO - Started process (PID=915) to work on /home/airflow/.local/lib/python3.12/site-packages/airflow/example_dags/example_branch_datetime_operator.py
[2024-10-12T16:36:25.799+0000] {processor.py:914} INFO - Processing file /home/airflow/.local/lib/python3.12/site-packages/airflow/example_dags/example_branch_datetime_operator.py for tasks to queue
[2024-10-12T16:36:25.801+0000] {logging_mixin.py:190} INFO - [2024-10-12T16:36:25.801+0000] {dagbag.py:588} INFO - Filling up the DagBag from /home/airflow/.local/lib/python3.12/site-packages/airflow/example_dags/example_branch_datetime_operator.py
[2024-10-12T16:36:25.807+0000] {processor.py:925} INFO - DAG(s) 'example_branch_datetime_operator', 'example_branch_datetime_operator_3', 'example_branch_datetime_operator_2' retrieved from /home/airflow/.local/lib/python3.12/site-packages/airflow/example_dags/example_branch_datetime_operator.py
[2024-10-12T16:36:25.822+0000] {logging_mixin.py:190} INFO - [2024-10-12T16:36:25.822+0000] {dag.py:3239} INFO - Sync 3 DAGs
[2024-10-12T16:36:25.835+0000] {logging_mixin.py:190} INFO - [2024-10-12T16:36:25.835+0000] {dag.py:4180} INFO - Setting next_dagrun for example_branch_datetime_operator to 2024-10-11 00:00:00+00:00, run_after=2024-10-12 00:00:00+00:00
[2024-10-12T16:36:25.839+0000] {logging_mixin.py:190} INFO - [2024-10-12T16:36:25.838+0000] {dag.py:4180} INFO - Setting next_dagrun for example_branch_datetime_operator_2 to 2024-10-11 00:00:00+00:00, run_after=2024-10-12 00:00:00+00:00
[2024-10-12T16:36:25.840+0000] {logging_mixin.py:190} INFO - [2024-10-12T16:36:25.840+0000] {dag.py:4180} INFO - Setting next_dagrun for example_branch_datetime_operator_3 to 2024-10-11 00:00:00+00:00, run_after=2024-10-12 00:00:00+00:00
[2024-10-12T16:36:25.848+0000] {processor.py:208} INFO - Processing /home/airflow/.local/lib/python3.12/site-packages/airflow/example_dags/example_branch_datetime_operator.py took 0.053 seconds
[2024-10-12T16:36:55.935+0000] {processor.py:186} INFO - Started process (PID=1201) to work on /home/airflow/.local/lib/python3.12/site-packages/airflow/example_dags/example_branch_datetime_operator.py
[2024-10-12T16:36:55.936+0000] {processor.py:914} INFO - Processing file /home/airflow/.local/lib/python3.12/site-packages/airflow/example_dags/example_branch_datetime_operator.py for tasks to queue
[2024-10-12T16:36:55.938+0000] {logging_mixin.py:190} INFO - [2024-10-12T16:36:55.937+0000] {dagbag.py:588} INFO - Filling up the DagBag from /home/airflow/.local/lib/python3.12/site-packages/airflow/example_dags/example_branch_datetime_operator.py
[2024-10-12T16:36:55.944+0000] {processor.py:925} INFO - DAG(s) 'example_branch_datetime_operator', 'example_branch_datetime_operator_2', 'example_branch_datetime_operator_3' retrieved from /home/airflow/.local/lib/python3.12/site-packages/airflow/example_dags/example_branch_datetime_operator.py
[2024-10-12T16:36:55.958+0000] {logging_mixin.py:190} INFO - [2024-10-12T16:36:55.958+0000] {dag.py:3239} INFO - Sync 3 DAGs
[2024-10-12T16:36:55.972+0000] {logging_mixin.py:190} INFO - [2024-10-12T16:36:55.972+0000] {dag.py:4180} INFO - Setting next_dagrun for example_branch_datetime_operator to 2024-10-11 00:00:00+00:00, run_after=2024-10-12 00:00:00+00:00
[2024-10-12T16:36:55.975+0000] {logging_mixin.py:190} INFO - [2024-10-12T16:36:55.975+0000] {dag.py:4180} INFO - Setting next_dagrun for example_branch_datetime_operator_2 to 2024-10-11 00:00:00+00:00, run_after=2024-10-12 00:00:00+00:00
[2024-10-12T16:36:55.976+0000] {logging_mixin.py:190} INFO - [2024-10-12T16:36:55.976+0000] {dag.py:4180} INFO - Setting next_dagrun for example_branch_datetime_operator_3 to 2024-10-11 00:00:00+00:00, run_after=2024-10-12 00:00:00+00:00
[2024-10-12T16:36:55.986+0000] {processor.py:208} INFO - Processing /home/airflow/.local/lib/python3.12/site-packages/airflow/example_dags/example_branch_datetime_operator.py took 0.054 seconds
[2024-10-12T16:37:26.212+0000] {processor.py:186} INFO - Started process (PID=1487) to work on /home/airflow/.local/lib/python3.12/site-packages/airflow/example_dags/example_branch_datetime_operator.py
[2024-10-12T16:37:26.213+0000] {processor.py:914} INFO - Processing file /home/airflow/.local/lib/python3.12/site-packages/airflow/example_dags/example_branch_datetime_operator.py for tasks to queue
[2024-10-12T16:37:26.214+0000] {logging_mixin.py:190} INFO - [2024-10-12T16:37:26.214+0000] {dagbag.py:588} INFO - Filling up the DagBag from /home/airflow/.local/lib/python3.12/site-packages/airflow/example_dags/example_branch_datetime_operator.py
[2024-10-12T16:37:26.221+0000] {processor.py:925} INFO - DAG(s) 'example_branch_datetime_operator_2', 'example_branch_datetime_operator', 'example_branch_datetime_operator_3' retrieved from /home/airflow/.local/lib/python3.12/site-packages/airflow/example_dags/example_branch_datetime_operator.py
[2024-10-12T16:37:26.235+0000] {logging_mixin.py:190} INFO - [2024-10-12T16:37:26.235+0000] {dag.py:3239} INFO - Sync 3 DAGs
[2024-10-12T16:37:26.249+0000] {logging_mixin.py:190} INFO - [2024-10-12T16:37:26.248+0000] {dag.py:4180} INFO - Setting next_dagrun for example_branch_datetime_operator to 2024-10-11 00:00:00+00:00, run_after=2024-10-12 00:00:00+00:00
[2024-10-12T16:37:26.251+0000] {logging_mixin.py:190} INFO - [2024-10-12T16:37:26.251+0000] {dag.py:4180} INFO - Setting next_dagrun for example_branch_datetime_operator_2 to 2024-10-11 00:00:00+00:00, run_after=2024-10-12 00:00:00+00:00
[2024-10-12T16:37:26.253+0000] {logging_mixin.py:190} INFO - [2024-10-12T16:37:26.253+0000] {dag.py:4180} INFO - Setting next_dagrun for example_branch_datetime_operator_3 to 2024-10-11 00:00:00+00:00, run_after=2024-10-12 00:00:00+00:00
[2024-10-12T16:37:26.261+0000] {processor.py:208} INFO - Processing /home/airflow/.local/lib/python3.12/site-packages/airflow/example_dags/example_branch_datetime_operator.py took 0.052 seconds
[2024-10-12T16:37:56.597+0000] {processor.py:186} INFO - Started process (PID=1773) to work on /home/airflow/.local/lib/python3.12/site-packages/airflow/example_dags/example_branch_datetime_operator.py
[2024-10-12T16:37:56.597+0000] {processor.py:914} INFO - Processing file /home/airflow/.local/lib/python3.12/site-packages/airflow/example_dags/example_branch_datetime_operator.py for tasks to queue
[2024-10-12T16:37:56.599+0000] {logging_mixin.py:190} INFO - [2024-10-12T16:37:56.599+0000] {dagbag.py:588} INFO - Filling up the DagBag from /home/airflow/.local/lib/python3.12/site-packages/airflow/example_dags/example_branch_datetime_operator.py
[2024-10-12T16:37:56.606+0000] {processor.py:925} INFO - DAG(s) 'example_branch_datetime_operator', 'example_branch_datetime_operator_3', 'example_branch_datetime_operator_2' retrieved from /home/airflow/.local/lib/python3.12/site-packages/airflow/example_dags/example_branch_datetime_operator.py
[2024-10-12T16:37:56.621+0000] {logging_mixin.py:190} INFO - [2024-10-12T16:37:56.621+0000] {dag.py:3239} INFO - Sync 3 DAGs
[2024-10-12T16:37:56.636+0000] {logging_mixin.py:190} INFO - [2024-10-12T16:37:56.636+0000] {dag.py:4180} INFO - Setting next_dagrun for example_branch_datetime_operator to 2024-10-11 00:00:00+00:00, run_after=2024-10-12 00:00:00+00:00
[2024-10-12T16:37:56.639+0000] {logging_mixin.py:190} INFO - [2024-10-12T16:37:56.639+0000] {dag.py:4180} INFO - Setting next_dagrun for example_branch_datetime_operator_2 to 2024-10-11 00:00:00+00:00, run_after=2024-10-12 00:00:00+00:00
[2024-10-12T16:37:56.641+0000] {logging_mixin.py:190} INFO - [2024-10-12T16:37:56.641+0000] {dag.py:4180} INFO - Setting next_dagrun for example_branch_datetime_operator_3 to 2024-10-11 00:00:00+00:00, run_after=2024-10-12 00:00:00+00:00
[2024-10-12T16:37:56.650+0000] {processor.py:208} INFO - Processing /home/airflow/.local/lib/python3.12/site-packages/airflow/example_dags/example_branch_datetime_operator.py took 0.057 seconds
[2024-10-12T16:38:26.845+0000] {processor.py:186} INFO - Started process (PID=2059) to work on /home/airflow/.local/lib/python3.12/site-packages/airflow/example_dags/example_branch_datetime_operator.py
[2024-10-12T16:38:26.846+0000] {processor.py:914} INFO - Processing file /home/airflow/.local/lib/python3.12/site-packages/airflow/example_dags/example_branch_datetime_operator.py for tasks to queue
[2024-10-12T16:38:26.848+0000] {logging_mixin.py:190} INFO - [2024-10-12T16:38:26.848+0000] {dagbag.py:588} INFO - Filling up the DagBag from /home/airflow/.local/lib/python3.12/site-packages/airflow/example_dags/example_branch_datetime_operator.py
[2024-10-12T16:38:26.854+0000] {processor.py:925} INFO - DAG(s) 'example_branch_datetime_operator', 'example_branch_datetime_operator_3', 'example_branch_datetime_operator_2' retrieved from /home/airflow/.local/lib/python3.12/site-packages/airflow/example_dags/example_branch_datetime_operator.py
[2024-10-12T16:38:26.870+0000] {logging_mixin.py:190} INFO - [2024-10-12T16:38:26.870+0000] {dag.py:3239} INFO - Sync 3 DAGs
[2024-10-12T16:38:26.885+0000] {logging_mixin.py:190} INFO - [2024-10-12T16:38:26.885+0000] {dag.py:4180} INFO - Setting next_dagrun for example_branch_datetime_operator to 2024-10-11 00:00:00+00:00, run_after=2024-10-12 00:00:00+00:00
[2024-10-12T16:38:26.888+0000] {logging_mixin.py:190} INFO - [2024-10-12T16:38:26.888+0000] {dag.py:4180} INFO - Setting next_dagrun for example_branch_datetime_operator_2 to 2024-10-11 00:00:00+00:00, run_after=2024-10-12 00:00:00+00:00
[2024-10-12T16:38:26.889+0000] {logging_mixin.py:190} INFO - [2024-10-12T16:38:26.889+0000] {dag.py:4180} INFO - Setting next_dagrun for example_branch_datetime_operator_3 to 2024-10-11 00:00:00+00:00, run_after=2024-10-12 00:00:00+00:00
[2024-10-12T16:38:26.898+0000] {processor.py:208} INFO - Processing /home/airflow/.local/lib/python3.12/site-packages/airflow/example_dags/example_branch_datetime_operator.py took 0.056 seconds
[2024-10-12T16:38:57.059+0000] {processor.py:186} INFO - Started process (PID=2345) to work on /home/airflow/.local/lib/python3.12/site-packages/airflow/example_dags/example_branch_datetime_operator.py
[2024-10-12T16:38:57.059+0000] {processor.py:914} INFO - Processing file /home/airflow/.local/lib/python3.12/site-packages/airflow/example_dags/example_branch_datetime_operator.py for tasks to queue
[2024-10-12T16:38:57.061+0000] {logging_mixin.py:190} INFO - [2024-10-12T16:38:57.060+0000] {dagbag.py:588} INFO - Filling up the DagBag from /home/airflow/.local/lib/python3.12/site-packages/airflow/example_dags/example_branch_datetime_operator.py
[2024-10-12T16:38:57.067+0000] {processor.py:925} INFO - DAG(s) 'example_branch_datetime_operator_3', 'example_branch_datetime_operator', 'example_branch_datetime_operator_2' retrieved from /home/airflow/.local/lib/python3.12/site-packages/airflow/example_dags/example_branch_datetime_operator.py
[2024-10-12T16:38:57.082+0000] {logging_mixin.py:190} INFO - [2024-10-12T16:38:57.082+0000] {dag.py:3239} INFO - Sync 3 DAGs
[2024-10-12T16:38:57.099+0000] {logging_mixin.py:190} INFO - [2024-10-12T16:38:57.098+0000] {dag.py:4180} INFO - Setting next_dagrun for example_branch_datetime_operator to 2024-10-11 00:00:00+00:00, run_after=2024-10-12 00:00:00+00:00
[2024-10-12T16:38:57.101+0000] {logging_mixin.py:190} INFO - [2024-10-12T16:38:57.101+0000] {dag.py:4180} INFO - Setting next_dagrun for example_branch_datetime_operator_2 to 2024-10-11 00:00:00+00:00, run_after=2024-10-12 00:00:00+00:00
[2024-10-12T16:38:57.102+0000] {logging_mixin.py:190} INFO - [2024-10-12T16:38:57.102+0000] {dag.py:4180} INFO - Setting next_dagrun for example_branch_datetime_operator_3 to 2024-10-11 00:00:00+00:00, run_after=2024-10-12 00:00:00+00:00
[2024-10-12T16:38:57.112+0000] {processor.py:208} INFO - Processing /home/airflow/.local/lib/python3.12/site-packages/airflow/example_dags/example_branch_datetime_operator.py took 0.057 seconds
[2024-10-12T16:39:27.404+0000] {processor.py:186} INFO - Started process (PID=2631) to work on /home/airflow/.local/lib/python3.12/site-packages/airflow/example_dags/example_branch_datetime_operator.py
[2024-10-12T16:39:27.405+0000] {processor.py:914} INFO - Processing file /home/airflow/.local/lib/python3.12/site-packages/airflow/example_dags/example_branch_datetime_operator.py for tasks to queue
[2024-10-12T16:39:27.406+0000] {logging_mixin.py:190} INFO - [2024-10-12T16:39:27.406+0000] {dagbag.py:588} INFO - Filling up the DagBag from /home/airflow/.local/lib/python3.12/site-packages/airflow/example_dags/example_branch_datetime_operator.py
[2024-10-12T16:39:27.413+0000] {processor.py:925} INFO - DAG(s) 'example_branch_datetime_operator', 'example_branch_datetime_operator_2', 'example_branch_datetime_operator_3' retrieved from /home/airflow/.local/lib/python3.12/site-packages/airflow/example_dags/example_branch_datetime_operator.py
[2024-10-12T16:39:27.428+0000] {logging_mixin.py:190} INFO - [2024-10-12T16:39:27.428+0000] {dag.py:3239} INFO - Sync 3 DAGs
[2024-10-12T16:39:27.444+0000] {logging_mixin.py:190} INFO - [2024-10-12T16:39:27.444+0000] {dag.py:4180} INFO - Setting next_dagrun for example_branch_datetime_operator to 2024-10-11 00:00:00+00:00, run_after=2024-10-12 00:00:00+00:00
[2024-10-12T16:39:27.446+0000] {logging_mixin.py:190} INFO - [2024-10-12T16:39:27.446+0000] {dag.py:4180} INFO - Setting next_dagrun for example_branch_datetime_operator_2 to 2024-10-11 00:00:00+00:00, run_after=2024-10-12 00:00:00+00:00
[2024-10-12T16:39:27.448+0000] {logging_mixin.py:190} INFO - [2024-10-12T16:39:27.448+0000] {dag.py:4180} INFO - Setting next_dagrun for example_branch_datetime_operator_3 to 2024-10-11 00:00:00+00:00, run_after=2024-10-12 00:00:00+00:00
[2024-10-12T16:39:27.456+0000] {processor.py:208} INFO - Processing /home/airflow/.local/lib/python3.12/site-packages/airflow/example_dags/example_branch_datetime_operator.py took 0.056 seconds
[2024-10-12T16:39:57.594+0000] {processor.py:186} INFO - Started process (PID=2917) to work on /home/airflow/.local/lib/python3.12/site-packages/airflow/example_dags/example_branch_datetime_operator.py
[2024-10-12T16:39:57.595+0000] {processor.py:914} INFO - Processing file /home/airflow/.local/lib/python3.12/site-packages/airflow/example_dags/example_branch_datetime_operator.py for tasks to queue
[2024-10-12T16:39:57.597+0000] {logging_mixin.py:190} INFO - [2024-10-12T16:39:57.596+0000] {dagbag.py:588} INFO - Filling up the DagBag from /home/airflow/.local/lib/python3.12/site-packages/airflow/example_dags/example_branch_datetime_operator.py
[2024-10-12T16:39:57.603+0000] {processor.py:925} INFO - DAG(s) 'example_branch_datetime_operator_2', 'example_branch_datetime_operator', 'example_branch_datetime_operator_3' retrieved from /home/airflow/.local/lib/python3.12/site-packages/airflow/example_dags/example_branch_datetime_operator.py
[2024-10-12T16:39:57.617+0000] {logging_mixin.py:190} INFO - [2024-10-12T16:39:57.617+0000] {dag.py:3239} INFO - Sync 3 DAGs
[2024-10-12T16:39:57.631+0000] {logging_mixin.py:190} INFO - [2024-10-12T16:39:57.631+0000] {dag.py:4180} INFO - Setting next_dagrun for example_branch_datetime_operator to 2024-10-11 00:00:00+00:00, run_after=2024-10-12 00:00:00+00:00
[2024-10-12T16:39:57.634+0000] {logging_mixin.py:190} INFO - [2024-10-12T16:39:57.634+0000] {dag.py:4180} INFO - Setting next_dagrun for example_branch_datetime_operator_2 to 2024-10-11 00:00:00+00:00, run_after=2024-10-12 00:00:00+00:00
[2024-10-12T16:39:57.635+0000] {logging_mixin.py:190} INFO - [2024-10-12T16:39:57.635+0000] {dag.py:4180} INFO - Setting next_dagrun for example_branch_datetime_operator_3 to 2024-10-11 00:00:00+00:00, run_after=2024-10-12 00:00:00+00:00
[2024-10-12T16:39:57.643+0000] {processor.py:208} INFO - Processing /home/airflow/.local/lib/python3.12/site-packages/airflow/example_dags/example_branch_datetime_operator.py took 0.052 seconds
[2024-10-12T16:40:28.017+0000] {processor.py:186} INFO - Started process (PID=3205) to work on /home/airflow/.local/lib/python3.12/site-packages/airflow/example_dags/example_branch_datetime_operator.py
[2024-10-12T16:40:28.018+0000] {processor.py:914} INFO - Processing file /home/airflow/.local/lib/python3.12/site-packages/airflow/example_dags/example_branch_datetime_operator.py for tasks to queue
[2024-10-12T16:40:28.019+0000] {logging_mixin.py:190} INFO - [2024-10-12T16:40:28.019+0000] {dagbag.py:588} INFO - Filling up the DagBag from /home/airflow/.local/lib/python3.12/site-packages/airflow/example_dags/example_branch_datetime_operator.py
[2024-10-12T16:40:28.027+0000] {processor.py:925} INFO - DAG(s) 'example_branch_datetime_operator', 'example_branch_datetime_operator_2', 'example_branch_datetime_operator_3' retrieved from /home/airflow/.local/lib/python3.12/site-packages/airflow/example_dags/example_branch_datetime_operator.py
[2024-10-12T16:40:28.041+0000] {logging_mixin.py:190} INFO - [2024-10-12T16:40:28.041+0000] {dag.py:3239} INFO - Sync 3 DAGs
[2024-10-12T16:40:28.055+0000] {logging_mixin.py:190} INFO - [2024-10-12T16:40:28.055+0000] {dag.py:4180} INFO - Setting next_dagrun for example_branch_datetime_operator to 2024-10-11 00:00:00+00:00, run_after=2024-10-12 00:00:00+00:00
[2024-10-12T16:40:28.058+0000] {logging_mixin.py:190} INFO - [2024-10-12T16:40:28.058+0000] {dag.py:4180} INFO - Setting next_dagrun for example_branch_datetime_operator_2 to 2024-10-11 00:00:00+00:00, run_after=2024-10-12 00:00:00+00:00
[2024-10-12T16:40:28.059+0000] {logging_mixin.py:190} INFO - [2024-10-12T16:40:28.059+0000] {dag.py:4180} INFO - Setting next_dagrun for example_branch_datetime_operator_3 to 2024-10-11 00:00:00+00:00, run_after=2024-10-12 00:00:00+00:00
[2024-10-12T16:40:28.068+0000] {processor.py:208} INFO - Processing /home/airflow/.local/lib/python3.12/site-packages/airflow/example_dags/example_branch_datetime_operator.py took 0.054 seconds
[2024-10-12T16:40:58.415+0000] {processor.py:186} INFO - Started process (PID=3491) to work on /home/airflow/.local/lib/python3.12/site-packages/airflow/example_dags/example_branch_datetime_operator.py
[2024-10-12T16:40:58.415+0000] {processor.py:914} INFO - Processing file /home/airflow/.local/lib/python3.12/site-packages/airflow/example_dags/example_branch_datetime_operator.py for tasks to queue
[2024-10-12T16:40:58.417+0000] {logging_mixin.py:190} INFO - [2024-10-12T16:40:58.417+0000] {dagbag.py:588} INFO - Filling up the DagBag from /home/airflow/.local/lib/python3.12/site-packages/airflow/example_dags/example_branch_datetime_operator.py
[2024-10-12T16:40:58.425+0000] {processor.py:925} INFO - DAG(s) 'example_branch_datetime_operator_3', 'example_branch_datetime_operator', 'example_branch_datetime_operator_2' retrieved from /home/airflow/.local/lib/python3.12/site-packages/airflow/example_dags/example_branch_datetime_operator.py
[2024-10-12T16:40:58.444+0000] {logging_mixin.py:190} INFO - [2024-10-12T16:40:58.444+0000] {dag.py:3239} INFO - Sync 3 DAGs
[2024-10-12T16:40:58.461+0000] {logging_mixin.py:190} INFO - [2024-10-12T16:40:58.461+0000] {dag.py:4180} INFO - Setting next_dagrun for example_branch_datetime_operator to 2024-10-11 00:00:00+00:00, run_after=2024-10-12 00:00:00+00:00
[2024-10-12T16:40:58.464+0000] {logging_mixin.py:190} INFO - [2024-10-12T16:40:58.464+0000] {dag.py:4180} INFO - Setting next_dagrun for example_branch_datetime_operator_2 to 2024-10-11 00:00:00+00:00, run_after=2024-10-12 00:00:00+00:00
[2024-10-12T16:40:58.466+0000] {logging_mixin.py:190} INFO - [2024-10-12T16:40:58.466+0000] {dag.py:4180} INFO - Setting next_dagrun for example_branch_datetime_operator_3 to 2024-10-11 00:00:00+00:00, run_after=2024-10-12 00:00:00+00:00
[2024-10-12T16:40:58.476+0000] {processor.py:208} INFO - Processing /home/airflow/.local/lib/python3.12/site-packages/airflow/example_dags/example_branch_datetime_operator.py took 0.064 seconds
[2024-10-12T16:41:28.826+0000] {processor.py:186} INFO - Started process (PID=3775) to work on /home/airflow/.local/lib/python3.12/site-packages/airflow/example_dags/example_branch_datetime_operator.py
[2024-10-12T16:41:28.827+0000] {processor.py:914} INFO - Processing file /home/airflow/.local/lib/python3.12/site-packages/airflow/example_dags/example_branch_datetime_operator.py for tasks to queue
[2024-10-12T16:41:28.828+0000] {logging_mixin.py:190} INFO - [2024-10-12T16:41:28.828+0000] {dagbag.py:588} INFO - Filling up the DagBag from /home/airflow/.local/lib/python3.12/site-packages/airflow/example_dags/example_branch_datetime_operator.py
[2024-10-12T16:41:28.835+0000] {processor.py:925} INFO - DAG(s) 'example_branch_datetime_operator_2', 'example_branch_datetime_operator_3', 'example_branch_datetime_operator' retrieved from /home/airflow/.local/lib/python3.12/site-packages/airflow/example_dags/example_branch_datetime_operator.py
[2024-10-12T16:41:28.852+0000] {logging_mixin.py:190} INFO - [2024-10-12T16:41:28.852+0000] {dag.py:3239} INFO - Sync 3 DAGs
[2024-10-12T16:41:28.867+0000] {logging_mixin.py:190} INFO - [2024-10-12T16:41:28.867+0000] {dag.py:4180} INFO - Setting next_dagrun for example_branch_datetime_operator to 2024-10-11 00:00:00+00:00, run_after=2024-10-12 00:00:00+00:00
[2024-10-12T16:41:28.871+0000] {logging_mixin.py:190} INFO - [2024-10-12T16:41:28.870+0000] {dag.py:4180} INFO - Setting next_dagrun for example_branch_datetime_operator_2 to 2024-10-11 00:00:00+00:00, run_after=2024-10-12 00:00:00+00:00
[2024-10-12T16:41:28.872+0000] {logging_mixin.py:190} INFO - [2024-10-12T16:41:28.872+0000] {dag.py:4180} INFO - Setting next_dagrun for example_branch_datetime_operator_3 to 2024-10-11 00:00:00+00:00, run_after=2024-10-12 00:00:00+00:00
[2024-10-12T16:41:28.881+0000] {processor.py:208} INFO - Processing /home/airflow/.local/lib/python3.12/site-packages/airflow/example_dags/example_branch_datetime_operator.py took 0.059 seconds
