[2024-10-12T16:35:25.616+0000] {processor.py:186} INFO - Started process (PID=353) to work on /home/airflow/.local/lib/python3.12/site-packages/airflow/example_dags/example_dag_decorator.py
[2024-10-12T16:35:25.617+0000] {processor.py:914} INFO - Processing file /home/airflow/.local/lib/python3.12/site-packages/airflow/example_dags/example_dag_decorator.py for tasks to queue
[2024-10-12T16:35:25.621+0000] {logging_mixin.py:190} INFO - [2024-10-12T16:35:25.621+0000] {dagbag.py:588} INFO - Filling up the DagBag from /home/airflow/.local/lib/python3.12/site-packages/airflow/example_dags/example_dag_decorator.py
[2024-10-12T16:35:25.628+0000] {processor.py:925} INFO - DAG(s) 'example_dag_decorator' retrieved from /home/airflow/.local/lib/python3.12/site-packages/airflow/example_dags/example_dag_decorator.py
[2024-10-12T16:35:25.683+0000] {logging_mixin.py:190} INFO - [2024-10-12T16:35:25.683+0000] {override.py:1900} INFO - Created Permission View: can edit on DAG:example_dag_decorator
[2024-10-12T16:35:25.688+0000] {logging_mixin.py:190} INFO - [2024-10-12T16:35:25.688+0000] {override.py:1900} INFO - Created Permission View: can read on DAG:example_dag_decorator
[2024-10-12T16:35:25.692+0000] {logging_mixin.py:190} INFO - [2024-10-12T16:35:25.692+0000] {override.py:1900} INFO - Created Permission View: can delete on DAG:example_dag_decorator
[2024-10-12T16:35:25.695+0000] {logging_mixin.py:190} INFO - [2024-10-12T16:35:25.695+0000] {override.py:1900} INFO - Created Permission View: menu access on DAG Run:example_dag_decorator
[2024-10-12T16:35:25.698+0000] {logging_mixin.py:190} INFO - [2024-10-12T16:35:25.698+0000] {override.py:1900} INFO - Created Permission View: can read on DAG Run:example_dag_decorator
[2024-10-12T16:35:25.701+0000] {logging_mixin.py:190} INFO - [2024-10-12T16:35:25.701+0000] {override.py:1900} INFO - Created Permission View: can delete on DAG Run:example_dag_decorator
[2024-10-12T16:35:25.706+0000] {logging_mixin.py:190} INFO - [2024-10-12T16:35:25.706+0000] {override.py:1900} INFO - Created Permission View: can create on DAG Run:example_dag_decorator
[2024-10-12T16:35:25.707+0000] {logging_mixin.py:190} INFO - [2024-10-12T16:35:25.707+0000] {dag.py:3239} INFO - Sync 1 DAGs
[2024-10-12T16:35:25.718+0000] {logging_mixin.py:190} INFO - [2024-10-12T16:35:25.718+0000] {dag.py:3262} INFO - Creating ORM DAG for example_dag_decorator
[2024-10-12T16:35:25.718+0000] {logging_mixin.py:190} INFO - [2024-10-12T16:35:25.718+0000] {dag.py:4180} INFO - Setting next_dagrun for example_dag_decorator to None, run_after=None
[2024-10-12T16:35:25.726+0000] {processor.py:208} INFO - Processing /home/airflow/.local/lib/python3.12/site-packages/airflow/example_dags/example_dag_decorator.py took 0.114 seconds
[2024-10-12T16:35:56.644+0000] {processor.py:186} INFO - Started process (PID=641) to work on /home/airflow/.local/lib/python3.12/site-packages/airflow/example_dags/example_dag_decorator.py
[2024-10-12T16:35:56.645+0000] {processor.py:914} INFO - Processing file /home/airflow/.local/lib/python3.12/site-packages/airflow/example_dags/example_dag_decorator.py for tasks to queue
[2024-10-12T16:35:56.647+0000] {logging_mixin.py:190} INFO - [2024-10-12T16:35:56.647+0000] {dagbag.py:588} INFO - Filling up the DagBag from /home/airflow/.local/lib/python3.12/site-packages/airflow/example_dags/example_dag_decorator.py
[2024-10-12T16:35:56.658+0000] {processor.py:925} INFO - DAG(s) 'example_dag_decorator' retrieved from /home/airflow/.local/lib/python3.12/site-packages/airflow/example_dags/example_dag_decorator.py
[2024-10-12T16:35:56.726+0000] {logging_mixin.py:190} INFO - [2024-10-12T16:35:56.726+0000] {dag.py:3239} INFO - Sync 1 DAGs
[2024-10-12T16:35:56.732+0000] {logging_mixin.py:190} INFO - [2024-10-12T16:35:56.732+0000] {dag.py:4180} INFO - Setting next_dagrun for example_dag_decorator to None, run_after=None
[2024-10-12T16:35:56.742+0000] {processor.py:208} INFO - Processing /home/airflow/.local/lib/python3.12/site-packages/airflow/example_dags/example_dag_decorator.py took 0.103 seconds
[2024-10-12T16:36:26.886+0000] {processor.py:186} INFO - Started process (PID=927) to work on /home/airflow/.local/lib/python3.12/site-packages/airflow/example_dags/example_dag_decorator.py
[2024-10-12T16:36:26.887+0000] {processor.py:914} INFO - Processing file /home/airflow/.local/lib/python3.12/site-packages/airflow/example_dags/example_dag_decorator.py for tasks to queue
[2024-10-12T16:36:26.890+0000] {logging_mixin.py:190} INFO - [2024-10-12T16:36:26.889+0000] {dagbag.py:588} INFO - Filling up the DagBag from /home/airflow/.local/lib/python3.12/site-packages/airflow/example_dags/example_dag_decorator.py
[2024-10-12T16:36:26.901+0000] {processor.py:925} INFO - DAG(s) 'example_dag_decorator' retrieved from /home/airflow/.local/lib/python3.12/site-packages/airflow/example_dags/example_dag_decorator.py
[2024-10-12T16:36:26.960+0000] {logging_mixin.py:190} INFO - [2024-10-12T16:36:26.960+0000] {dag.py:3239} INFO - Sync 1 DAGs
[2024-10-12T16:36:26.966+0000] {logging_mixin.py:190} INFO - [2024-10-12T16:36:26.966+0000] {dag.py:4180} INFO - Setting next_dagrun for example_dag_decorator to None, run_after=None
[2024-10-12T16:36:26.976+0000] {processor.py:208} INFO - Processing /home/airflow/.local/lib/python3.12/site-packages/airflow/example_dags/example_dag_decorator.py took 0.093 seconds
[2024-10-12T16:36:57.043+0000] {processor.py:186} INFO - Started process (PID=1213) to work on /home/airflow/.local/lib/python3.12/site-packages/airflow/example_dags/example_dag_decorator.py
[2024-10-12T16:36:57.044+0000] {processor.py:914} INFO - Processing file /home/airflow/.local/lib/python3.12/site-packages/airflow/example_dags/example_dag_decorator.py for tasks to queue
[2024-10-12T16:36:57.046+0000] {logging_mixin.py:190} INFO - [2024-10-12T16:36:57.046+0000] {dagbag.py:588} INFO - Filling up the DagBag from /home/airflow/.local/lib/python3.12/site-packages/airflow/example_dags/example_dag_decorator.py
[2024-10-12T16:36:57.055+0000] {processor.py:925} INFO - DAG(s) 'example_dag_decorator' retrieved from /home/airflow/.local/lib/python3.12/site-packages/airflow/example_dags/example_dag_decorator.py
[2024-10-12T16:36:57.115+0000] {logging_mixin.py:190} INFO - [2024-10-12T16:36:57.115+0000] {dag.py:3239} INFO - Sync 1 DAGs
[2024-10-12T16:36:57.122+0000] {logging_mixin.py:190} INFO - [2024-10-12T16:36:57.122+0000] {dag.py:4180} INFO - Setting next_dagrun for example_dag_decorator to None, run_after=None
[2024-10-12T16:36:57.132+0000] {processor.py:208} INFO - Processing /home/airflow/.local/lib/python3.12/site-packages/airflow/example_dags/example_dag_decorator.py took 0.094 seconds
[2024-10-12T16:37:27.307+0000] {processor.py:186} INFO - Started process (PID=1499) to work on /home/airflow/.local/lib/python3.12/site-packages/airflow/example_dags/example_dag_decorator.py
[2024-10-12T16:37:27.308+0000] {processor.py:914} INFO - Processing file /home/airflow/.local/lib/python3.12/site-packages/airflow/example_dags/example_dag_decorator.py for tasks to queue
[2024-10-12T16:37:27.310+0000] {logging_mixin.py:190} INFO - [2024-10-12T16:37:27.310+0000] {dagbag.py:588} INFO - Filling up the DagBag from /home/airflow/.local/lib/python3.12/site-packages/airflow/example_dags/example_dag_decorator.py
[2024-10-12T16:37:27.317+0000] {processor.py:925} INFO - DAG(s) 'example_dag_decorator' retrieved from /home/airflow/.local/lib/python3.12/site-packages/airflow/example_dags/example_dag_decorator.py
[2024-10-12T16:37:27.377+0000] {logging_mixin.py:190} INFO - [2024-10-12T16:37:27.377+0000] {dag.py:3239} INFO - Sync 1 DAGs
[2024-10-12T16:37:27.384+0000] {logging_mixin.py:190} INFO - [2024-10-12T16:37:27.383+0000] {dag.py:4180} INFO - Setting next_dagrun for example_dag_decorator to None, run_after=None
[2024-10-12T16:37:27.394+0000] {processor.py:208} INFO - Processing /home/airflow/.local/lib/python3.12/site-packages/airflow/example_dags/example_dag_decorator.py took 0.091 seconds
[2024-10-12T16:37:57.737+0000] {processor.py:186} INFO - Started process (PID=1785) to work on /home/airflow/.local/lib/python3.12/site-packages/airflow/example_dags/example_dag_decorator.py
[2024-10-12T16:37:57.738+0000] {processor.py:914} INFO - Processing file /home/airflow/.local/lib/python3.12/site-packages/airflow/example_dags/example_dag_decorator.py for tasks to queue
[2024-10-12T16:37:57.739+0000] {logging_mixin.py:190} INFO - [2024-10-12T16:37:57.739+0000] {dagbag.py:588} INFO - Filling up the DagBag from /home/airflow/.local/lib/python3.12/site-packages/airflow/example_dags/example_dag_decorator.py
[2024-10-12T16:37:57.746+0000] {processor.py:925} INFO - DAG(s) 'example_dag_decorator' retrieved from /home/airflow/.local/lib/python3.12/site-packages/airflow/example_dags/example_dag_decorator.py
[2024-10-12T16:37:57.809+0000] {logging_mixin.py:190} INFO - [2024-10-12T16:37:57.809+0000] {dag.py:3239} INFO - Sync 1 DAGs
[2024-10-12T16:37:57.815+0000] {logging_mixin.py:190} INFO - [2024-10-12T16:37:57.815+0000] {dag.py:4180} INFO - Setting next_dagrun for example_dag_decorator to None, run_after=None
[2024-10-12T16:37:57.826+0000] {processor.py:208} INFO - Processing /home/airflow/.local/lib/python3.12/site-packages/airflow/example_dags/example_dag_decorator.py took 0.093 seconds
[2024-10-12T16:38:27.946+0000] {processor.py:186} INFO - Started process (PID=2071) to work on /home/airflow/.local/lib/python3.12/site-packages/airflow/example_dags/example_dag_decorator.py
[2024-10-12T16:38:27.947+0000] {processor.py:914} INFO - Processing file /home/airflow/.local/lib/python3.12/site-packages/airflow/example_dags/example_dag_decorator.py for tasks to queue
[2024-10-12T16:38:27.948+0000] {logging_mixin.py:190} INFO - [2024-10-12T16:38:27.948+0000] {dagbag.py:588} INFO - Filling up the DagBag from /home/airflow/.local/lib/python3.12/site-packages/airflow/example_dags/example_dag_decorator.py
[2024-10-12T16:38:27.955+0000] {processor.py:925} INFO - DAG(s) 'example_dag_decorator' retrieved from /home/airflow/.local/lib/python3.12/site-packages/airflow/example_dags/example_dag_decorator.py
[2024-10-12T16:38:28.016+0000] {logging_mixin.py:190} INFO - [2024-10-12T16:38:28.015+0000] {dag.py:3239} INFO - Sync 1 DAGs
[2024-10-12T16:38:28.023+0000] {logging_mixin.py:190} INFO - [2024-10-12T16:38:28.023+0000] {dag.py:4180} INFO - Setting next_dagrun for example_dag_decorator to None, run_after=None
[2024-10-12T16:38:28.033+0000] {processor.py:208} INFO - Processing /home/airflow/.local/lib/python3.12/site-packages/airflow/example_dags/example_dag_decorator.py took 0.091 seconds
[2024-10-12T16:38:58.134+0000] {processor.py:186} INFO - Started process (PID=2357) to work on /home/airflow/.local/lib/python3.12/site-packages/airflow/example_dags/example_dag_decorator.py
[2024-10-12T16:38:58.135+0000] {processor.py:914} INFO - Processing file /home/airflow/.local/lib/python3.12/site-packages/airflow/example_dags/example_dag_decorator.py for tasks to queue
[2024-10-12T16:38:58.137+0000] {logging_mixin.py:190} INFO - [2024-10-12T16:38:58.137+0000] {dagbag.py:588} INFO - Filling up the DagBag from /home/airflow/.local/lib/python3.12/site-packages/airflow/example_dags/example_dag_decorator.py
[2024-10-12T16:38:58.145+0000] {processor.py:925} INFO - DAG(s) 'example_dag_decorator' retrieved from /home/airflow/.local/lib/python3.12/site-packages/airflow/example_dags/example_dag_decorator.py
[2024-10-12T16:38:58.213+0000] {logging_mixin.py:190} INFO - [2024-10-12T16:38:58.212+0000] {dag.py:3239} INFO - Sync 1 DAGs
[2024-10-12T16:38:58.219+0000] {logging_mixin.py:190} INFO - [2024-10-12T16:38:58.219+0000] {dag.py:4180} INFO - Setting next_dagrun for example_dag_decorator to None, run_after=None
[2024-10-12T16:38:58.231+0000] {processor.py:208} INFO - Processing /home/airflow/.local/lib/python3.12/site-packages/airflow/example_dags/example_dag_decorator.py took 0.100 seconds
[2024-10-12T16:39:28.480+0000] {processor.py:186} INFO - Started process (PID=2643) to work on /home/airflow/.local/lib/python3.12/site-packages/airflow/example_dags/example_dag_decorator.py
[2024-10-12T16:39:28.480+0000] {processor.py:914} INFO - Processing file /home/airflow/.local/lib/python3.12/site-packages/airflow/example_dags/example_dag_decorator.py for tasks to queue
[2024-10-12T16:39:28.482+0000] {logging_mixin.py:190} INFO - [2024-10-12T16:39:28.482+0000] {dagbag.py:588} INFO - Filling up the DagBag from /home/airflow/.local/lib/python3.12/site-packages/airflow/example_dags/example_dag_decorator.py
[2024-10-12T16:39:28.490+0000] {processor.py:925} INFO - DAG(s) 'example_dag_decorator' retrieved from /home/airflow/.local/lib/python3.12/site-packages/airflow/example_dags/example_dag_decorator.py
[2024-10-12T16:39:28.554+0000] {logging_mixin.py:190} INFO - [2024-10-12T16:39:28.554+0000] {dag.py:3239} INFO - Sync 1 DAGs
[2024-10-12T16:39:28.561+0000] {logging_mixin.py:190} INFO - [2024-10-12T16:39:28.561+0000] {dag.py:4180} INFO - Setting next_dagrun for example_dag_decorator to None, run_after=None
[2024-10-12T16:39:28.572+0000] {processor.py:208} INFO - Processing /home/airflow/.local/lib/python3.12/site-packages/airflow/example_dags/example_dag_decorator.py took 0.096 seconds
[2024-10-12T16:39:58.687+0000] {processor.py:186} INFO - Started process (PID=2929) to work on /home/airflow/.local/lib/python3.12/site-packages/airflow/example_dags/example_dag_decorator.py
[2024-10-12T16:39:58.688+0000] {processor.py:914} INFO - Processing file /home/airflow/.local/lib/python3.12/site-packages/airflow/example_dags/example_dag_decorator.py for tasks to queue
[2024-10-12T16:39:58.690+0000] {logging_mixin.py:190} INFO - [2024-10-12T16:39:58.690+0000] {dagbag.py:588} INFO - Filling up the DagBag from /home/airflow/.local/lib/python3.12/site-packages/airflow/example_dags/example_dag_decorator.py
[2024-10-12T16:39:58.698+0000] {processor.py:925} INFO - DAG(s) 'example_dag_decorator' retrieved from /home/airflow/.local/lib/python3.12/site-packages/airflow/example_dags/example_dag_decorator.py
[2024-10-12T16:39:58.758+0000] {logging_mixin.py:190} INFO - [2024-10-12T16:39:58.758+0000] {dag.py:3239} INFO - Sync 1 DAGs
[2024-10-12T16:39:58.765+0000] {logging_mixin.py:190} INFO - [2024-10-12T16:39:58.765+0000] {dag.py:4180} INFO - Setting next_dagrun for example_dag_decorator to None, run_after=None
[2024-10-12T16:39:58.775+0000] {processor.py:208} INFO - Processing /home/airflow/.local/lib/python3.12/site-packages/airflow/example_dags/example_dag_decorator.py took 0.094 seconds
[2024-10-12T16:40:29.113+0000] {processor.py:186} INFO - Started process (PID=3215) to work on /home/airflow/.local/lib/python3.12/site-packages/airflow/example_dags/example_dag_decorator.py
[2024-10-12T16:40:29.113+0000] {processor.py:914} INFO - Processing file /home/airflow/.local/lib/python3.12/site-packages/airflow/example_dags/example_dag_decorator.py for tasks to queue
[2024-10-12T16:40:29.115+0000] {logging_mixin.py:190} INFO - [2024-10-12T16:40:29.115+0000] {dagbag.py:588} INFO - Filling up the DagBag from /home/airflow/.local/lib/python3.12/site-packages/airflow/example_dags/example_dag_decorator.py
[2024-10-12T16:40:29.122+0000] {processor.py:925} INFO - DAG(s) 'example_dag_decorator' retrieved from /home/airflow/.local/lib/python3.12/site-packages/airflow/example_dags/example_dag_decorator.py
[2024-10-12T16:40:29.183+0000] {logging_mixin.py:190} INFO - [2024-10-12T16:40:29.183+0000] {dag.py:3239} INFO - Sync 1 DAGs
[2024-10-12T16:40:29.191+0000] {logging_mixin.py:190} INFO - [2024-10-12T16:40:29.191+0000] {dag.py:4180} INFO - Setting next_dagrun for example_dag_decorator to None, run_after=None
[2024-10-12T16:40:29.202+0000] {processor.py:208} INFO - Processing /home/airflow/.local/lib/python3.12/site-packages/airflow/example_dags/example_dag_decorator.py took 0.093 seconds
[2024-10-12T16:40:59.513+0000] {processor.py:186} INFO - Started process (PID=3501) to work on /home/airflow/.local/lib/python3.12/site-packages/airflow/example_dags/example_dag_decorator.py
[2024-10-12T16:40:59.514+0000] {processor.py:914} INFO - Processing file /home/airflow/.local/lib/python3.12/site-packages/airflow/example_dags/example_dag_decorator.py for tasks to queue
[2024-10-12T16:40:59.516+0000] {logging_mixin.py:190} INFO - [2024-10-12T16:40:59.515+0000] {dagbag.py:588} INFO - Filling up the DagBag from /home/airflow/.local/lib/python3.12/site-packages/airflow/example_dags/example_dag_decorator.py
[2024-10-12T16:40:59.525+0000] {processor.py:925} INFO - DAG(s) 'example_dag_decorator' retrieved from /home/airflow/.local/lib/python3.12/site-packages/airflow/example_dags/example_dag_decorator.py
[2024-10-12T16:40:59.588+0000] {logging_mixin.py:190} INFO - [2024-10-12T16:40:59.588+0000] {dag.py:3239} INFO - Sync 1 DAGs
[2024-10-12T16:40:59.594+0000] {logging_mixin.py:190} INFO - [2024-10-12T16:40:59.594+0000] {dag.py:4180} INFO - Setting next_dagrun for example_dag_decorator to None, run_after=None
[2024-10-12T16:40:59.605+0000] {processor.py:208} INFO - Processing /home/airflow/.local/lib/python3.12/site-packages/airflow/example_dags/example_dag_decorator.py took 0.096 seconds
[2024-10-12T16:41:29.921+0000] {processor.py:186} INFO - Started process (PID=3787) to work on /home/airflow/.local/lib/python3.12/site-packages/airflow/example_dags/example_dag_decorator.py
[2024-10-12T16:41:29.922+0000] {processor.py:914} INFO - Processing file /home/airflow/.local/lib/python3.12/site-packages/airflow/example_dags/example_dag_decorator.py for tasks to queue
[2024-10-12T16:41:29.923+0000] {logging_mixin.py:190} INFO - [2024-10-12T16:41:29.923+0000] {dagbag.py:588} INFO - Filling up the DagBag from /home/airflow/.local/lib/python3.12/site-packages/airflow/example_dags/example_dag_decorator.py
[2024-10-12T16:41:29.930+0000] {processor.py:925} INFO - DAG(s) 'example_dag_decorator' retrieved from /home/airflow/.local/lib/python3.12/site-packages/airflow/example_dags/example_dag_decorator.py
[2024-10-12T16:41:29.943+0000] {logging_mixin.py:190} INFO - [2024-10-12T16:41:29.943+0000] {dag.py:3239} INFO - Sync 1 DAGs
[2024-10-12T16:41:29.951+0000] {logging_mixin.py:190} INFO - [2024-10-12T16:41:29.951+0000] {dag.py:4180} INFO - Setting next_dagrun for example_dag_decorator to None, run_after=None
[2024-10-12T16:41:29.962+0000] {processor.py:208} INFO - Processing /home/airflow/.local/lib/python3.12/site-packages/airflow/example_dags/example_dag_decorator.py took 0.045 seconds
