[2024-10-12T16:35:23.827+0000] {processor.py:186} INFO - Started process (PID=232) to work on /home/airflow/.local/lib/python3.12/site-packages/airflow/example_dags/example_branch_python_dop_operator_3.py
[2024-10-12T16:35:23.827+0000] {processor.py:914} INFO - Processing file /home/airflow/.local/lib/python3.12/site-packages/airflow/example_dags/example_branch_python_dop_operator_3.py for tasks to queue
[2024-10-12T16:35:23.829+0000] {logging_mixin.py:190} INFO - [2024-10-12T16:35:23.828+0000] {dagbag.py:588} INFO - Filling up the DagBag from /home/airflow/.local/lib/python3.12/site-packages/airflow/example_dags/example_branch_python_dop_operator_3.py
[2024-10-12T16:35:23.835+0000] {processor.py:925} INFO - DAG(s) 'example_branch_dop_operator_v3' retrieved from /home/airflow/.local/lib/python3.12/site-packages/airflow/example_dags/example_branch_python_dop_operator_3.py
[2024-10-12T16:35:23.894+0000] {logging_mixin.py:190} INFO - [2024-10-12T16:35:23.894+0000] {override.py:1900} INFO - Created Permission View: can edit on DAG:example_branch_dop_operator_v3
[2024-10-12T16:35:23.899+0000] {logging_mixin.py:190} INFO - [2024-10-12T16:35:23.899+0000] {override.py:1900} INFO - Created Permission View: can read on DAG:example_branch_dop_operator_v3
[2024-10-12T16:35:23.902+0000] {logging_mixin.py:190} INFO - [2024-10-12T16:35:23.902+0000] {override.py:1900} INFO - Created Permission View: can delete on DAG:example_branch_dop_operator_v3
[2024-10-12T16:35:23.906+0000] {logging_mixin.py:190} INFO - [2024-10-12T16:35:23.905+0000] {override.py:1900} INFO - Created Permission View: menu access on DAG Run:example_branch_dop_operator_v3
[2024-10-12T16:35:23.908+0000] {logging_mixin.py:190} INFO - [2024-10-12T16:35:23.908+0000] {override.py:1900} INFO - Created Permission View: can read on DAG Run:example_branch_dop_operator_v3
[2024-10-12T16:35:23.911+0000] {logging_mixin.py:190} INFO - [2024-10-12T16:35:23.911+0000] {override.py:1900} INFO - Created Permission View: can delete on DAG Run:example_branch_dop_operator_v3
[2024-10-12T16:35:23.914+0000] {logging_mixin.py:190} INFO - [2024-10-12T16:35:23.914+0000] {override.py:1900} INFO - Created Permission View: can create on DAG Run:example_branch_dop_operator_v3
[2024-10-12T16:35:23.914+0000] {logging_mixin.py:190} INFO - [2024-10-12T16:35:23.914+0000] {dag.py:3239} INFO - Sync 1 DAGs
[2024-10-12T16:35:23.923+0000] {logging_mixin.py:190} INFO - [2024-10-12T16:35:23.923+0000] {dag.py:3262} INFO - Creating ORM DAG for example_branch_dop_operator_v3
[2024-10-12T16:35:23.930+0000] {logging_mixin.py:190} INFO - [2024-10-12T16:35:23.930+0000] {dag.py:4180} INFO - Setting next_dagrun for example_branch_dop_operator_v3 to 2024-10-12 16:34:00+00:00, run_after=2024-10-12 16:35:00+00:00
[2024-10-12T16:35:23.938+0000] {processor.py:208} INFO - Processing /home/airflow/.local/lib/python3.12/site-packages/airflow/example_dags/example_branch_python_dop_operator_3.py took 0.115 seconds
[2024-10-12T16:35:54.850+0000] {processor.py:186} INFO - Started process (PID=524) to work on /home/airflow/.local/lib/python3.12/site-packages/airflow/example_dags/example_branch_python_dop_operator_3.py
[2024-10-12T16:35:54.850+0000] {processor.py:914} INFO - Processing file /home/airflow/.local/lib/python3.12/site-packages/airflow/example_dags/example_branch_python_dop_operator_3.py for tasks to queue
[2024-10-12T16:35:54.851+0000] {logging_mixin.py:190} INFO - [2024-10-12T16:35:54.851+0000] {dagbag.py:588} INFO - Filling up the DagBag from /home/airflow/.local/lib/python3.12/site-packages/airflow/example_dags/example_branch_python_dop_operator_3.py
[2024-10-12T16:35:54.857+0000] {processor.py:925} INFO - DAG(s) 'example_branch_dop_operator_v3' retrieved from /home/airflow/.local/lib/python3.12/site-packages/airflow/example_dags/example_branch_python_dop_operator_3.py
[2024-10-12T16:35:54.868+0000] {logging_mixin.py:190} INFO - [2024-10-12T16:35:54.868+0000] {dag.py:3239} INFO - Sync 1 DAGs
[2024-10-12T16:35:54.881+0000] {logging_mixin.py:190} INFO - [2024-10-12T16:35:54.881+0000] {dag.py:4180} INFO - Setting next_dagrun for example_branch_dop_operator_v3 to 2024-10-12 16:34:00+00:00, run_after=2024-10-12 16:35:00+00:00
[2024-10-12T16:35:54.891+0000] {processor.py:208} INFO - Processing /home/airflow/.local/lib/python3.12/site-packages/airflow/example_dags/example_branch_python_dop_operator_3.py took 0.045 seconds
[2024-10-12T16:36:25.066+0000] {processor.py:186} INFO - Started process (PID=810) to work on /home/airflow/.local/lib/python3.12/site-packages/airflow/example_dags/example_branch_python_dop_operator_3.py
[2024-10-12T16:36:25.066+0000] {processor.py:914} INFO - Processing file /home/airflow/.local/lib/python3.12/site-packages/airflow/example_dags/example_branch_python_dop_operator_3.py for tasks to queue
[2024-10-12T16:36:25.068+0000] {logging_mixin.py:190} INFO - [2024-10-12T16:36:25.067+0000] {dagbag.py:588} INFO - Filling up the DagBag from /home/airflow/.local/lib/python3.12/site-packages/airflow/example_dags/example_branch_python_dop_operator_3.py
[2024-10-12T16:36:25.073+0000] {processor.py:925} INFO - DAG(s) 'example_branch_dop_operator_v3' retrieved from /home/airflow/.local/lib/python3.12/site-packages/airflow/example_dags/example_branch_python_dop_operator_3.py
[2024-10-12T16:36:25.084+0000] {logging_mixin.py:190} INFO - [2024-10-12T16:36:25.084+0000] {dag.py:3239} INFO - Sync 1 DAGs
[2024-10-12T16:36:25.100+0000] {logging_mixin.py:190} INFO - [2024-10-12T16:36:25.099+0000] {dag.py:4180} INFO - Setting next_dagrun for example_branch_dop_operator_v3 to 2024-10-12 16:35:00+00:00, run_after=2024-10-12 16:36:00+00:00
[2024-10-12T16:36:25.111+0000] {processor.py:208} INFO - Processing /home/airflow/.local/lib/python3.12/site-packages/airflow/example_dags/example_branch_python_dop_operator_3.py took 0.049 seconds
[2024-10-12T16:36:55.170+0000] {processor.py:186} INFO - Started process (PID=1091) to work on /home/airflow/.local/lib/python3.12/site-packages/airflow/example_dags/example_branch_python_dop_operator_3.py
[2024-10-12T16:36:55.171+0000] {processor.py:914} INFO - Processing file /home/airflow/.local/lib/python3.12/site-packages/airflow/example_dags/example_branch_python_dop_operator_3.py for tasks to queue
[2024-10-12T16:36:55.172+0000] {logging_mixin.py:190} INFO - [2024-10-12T16:36:55.172+0000] {dagbag.py:588} INFO - Filling up the DagBag from /home/airflow/.local/lib/python3.12/site-packages/airflow/example_dags/example_branch_python_dop_operator_3.py
[2024-10-12T16:36:55.178+0000] {processor.py:925} INFO - DAG(s) 'example_branch_dop_operator_v3' retrieved from /home/airflow/.local/lib/python3.12/site-packages/airflow/example_dags/example_branch_python_dop_operator_3.py
[2024-10-12T16:36:55.190+0000] {logging_mixin.py:190} INFO - [2024-10-12T16:36:55.190+0000] {dag.py:3239} INFO - Sync 1 DAGs
[2024-10-12T16:36:55.204+0000] {logging_mixin.py:190} INFO - [2024-10-12T16:36:55.204+0000] {dag.py:4180} INFO - Setting next_dagrun for example_branch_dop_operator_v3 to 2024-10-12 16:35:00+00:00, run_after=2024-10-12 16:36:00+00:00
[2024-10-12T16:36:55.214+0000] {processor.py:208} INFO - Processing /home/airflow/.local/lib/python3.12/site-packages/airflow/example_dags/example_branch_python_dop_operator_3.py took 0.047 seconds
[2024-10-12T16:37:25.390+0000] {processor.py:186} INFO - Started process (PID=1377) to work on /home/airflow/.local/lib/python3.12/site-packages/airflow/example_dags/example_branch_python_dop_operator_3.py
[2024-10-12T16:37:25.391+0000] {processor.py:914} INFO - Processing file /home/airflow/.local/lib/python3.12/site-packages/airflow/example_dags/example_branch_python_dop_operator_3.py for tasks to queue
[2024-10-12T16:37:25.392+0000] {logging_mixin.py:190} INFO - [2024-10-12T16:37:25.392+0000] {dagbag.py:588} INFO - Filling up the DagBag from /home/airflow/.local/lib/python3.12/site-packages/airflow/example_dags/example_branch_python_dop_operator_3.py
[2024-10-12T16:37:25.398+0000] {processor.py:925} INFO - DAG(s) 'example_branch_dop_operator_v3' retrieved from /home/airflow/.local/lib/python3.12/site-packages/airflow/example_dags/example_branch_python_dop_operator_3.py
[2024-10-12T16:37:25.408+0000] {logging_mixin.py:190} INFO - [2024-10-12T16:37:25.408+0000] {dag.py:3239} INFO - Sync 1 DAGs
[2024-10-12T16:37:25.422+0000] {logging_mixin.py:190} INFO - [2024-10-12T16:37:25.422+0000] {dag.py:4180} INFO - Setting next_dagrun for example_branch_dop_operator_v3 to 2024-10-12 16:36:00+00:00, run_after=2024-10-12 16:37:00+00:00
[2024-10-12T16:37:25.431+0000] {processor.py:208} INFO - Processing /home/airflow/.local/lib/python3.12/site-packages/airflow/example_dags/example_branch_python_dop_operator_3.py took 0.044 seconds
[2024-10-12T16:37:55.711+0000] {processor.py:186} INFO - Started process (PID=1662) to work on /home/airflow/.local/lib/python3.12/site-packages/airflow/example_dags/example_branch_python_dop_operator_3.py
[2024-10-12T16:37:55.711+0000] {processor.py:914} INFO - Processing file /home/airflow/.local/lib/python3.12/site-packages/airflow/example_dags/example_branch_python_dop_operator_3.py for tasks to queue
[2024-10-12T16:37:55.713+0000] {logging_mixin.py:190} INFO - [2024-10-12T16:37:55.712+0000] {dagbag.py:588} INFO - Filling up the DagBag from /home/airflow/.local/lib/python3.12/site-packages/airflow/example_dags/example_branch_python_dop_operator_3.py
[2024-10-12T16:37:55.719+0000] {processor.py:925} INFO - DAG(s) 'example_branch_dop_operator_v3' retrieved from /home/airflow/.local/lib/python3.12/site-packages/airflow/example_dags/example_branch_python_dop_operator_3.py
[2024-10-12T16:37:55.730+0000] {logging_mixin.py:190} INFO - [2024-10-12T16:37:55.729+0000] {dag.py:3239} INFO - Sync 1 DAGs
[2024-10-12T16:37:55.744+0000] {logging_mixin.py:190} INFO - [2024-10-12T16:37:55.744+0000] {dag.py:4180} INFO - Setting next_dagrun for example_branch_dop_operator_v3 to 2024-10-12 16:36:00+00:00, run_after=2024-10-12 16:37:00+00:00
[2024-10-12T16:37:55.753+0000] {processor.py:208} INFO - Processing /home/airflow/.local/lib/python3.12/site-packages/airflow/example_dags/example_branch_python_dop_operator_3.py took 0.047 seconds
[2024-10-12T16:38:26.048+0000] {processor.py:186} INFO - Started process (PID=1949) to work on /home/airflow/.local/lib/python3.12/site-packages/airflow/example_dags/example_branch_python_dop_operator_3.py
[2024-10-12T16:38:26.049+0000] {processor.py:914} INFO - Processing file /home/airflow/.local/lib/python3.12/site-packages/airflow/example_dags/example_branch_python_dop_operator_3.py for tasks to queue
[2024-10-12T16:38:26.050+0000] {logging_mixin.py:190} INFO - [2024-10-12T16:38:26.050+0000] {dagbag.py:588} INFO - Filling up the DagBag from /home/airflow/.local/lib/python3.12/site-packages/airflow/example_dags/example_branch_python_dop_operator_3.py
[2024-10-12T16:38:26.056+0000] {processor.py:925} INFO - DAG(s) 'example_branch_dop_operator_v3' retrieved from /home/airflow/.local/lib/python3.12/site-packages/airflow/example_dags/example_branch_python_dop_operator_3.py
[2024-10-12T16:38:26.067+0000] {logging_mixin.py:190} INFO - [2024-10-12T16:38:26.066+0000] {dag.py:3239} INFO - Sync 1 DAGs
[2024-10-12T16:38:26.081+0000] {logging_mixin.py:190} INFO - [2024-10-12T16:38:26.081+0000] {dag.py:4180} INFO - Setting next_dagrun for example_branch_dop_operator_v3 to 2024-10-12 16:37:00+00:00, run_after=2024-10-12 16:38:00+00:00
[2024-10-12T16:38:26.091+0000] {processor.py:208} INFO - Processing /home/airflow/.local/lib/python3.12/site-packages/airflow/example_dags/example_branch_python_dop_operator_3.py took 0.047 seconds
[2024-10-12T16:38:56.192+0000] {processor.py:186} INFO - Started process (PID=2235) to work on /home/airflow/.local/lib/python3.12/site-packages/airflow/example_dags/example_branch_python_dop_operator_3.py
[2024-10-12T16:38:56.193+0000] {processor.py:914} INFO - Processing file /home/airflow/.local/lib/python3.12/site-packages/airflow/example_dags/example_branch_python_dop_operator_3.py for tasks to queue
[2024-10-12T16:38:56.196+0000] {logging_mixin.py:190} INFO - [2024-10-12T16:38:56.195+0000] {dagbag.py:588} INFO - Filling up the DagBag from /home/airflow/.local/lib/python3.12/site-packages/airflow/example_dags/example_branch_python_dop_operator_3.py
[2024-10-12T16:38:56.202+0000] {processor.py:925} INFO - DAG(s) 'example_branch_dop_operator_v3' retrieved from /home/airflow/.local/lib/python3.12/site-packages/airflow/example_dags/example_branch_python_dop_operator_3.py
[2024-10-12T16:38:56.213+0000] {logging_mixin.py:190} INFO - [2024-10-12T16:38:56.213+0000] {dag.py:3239} INFO - Sync 1 DAGs
[2024-10-12T16:38:56.227+0000] {logging_mixin.py:190} INFO - [2024-10-12T16:38:56.227+0000] {dag.py:4180} INFO - Setting next_dagrun for example_branch_dop_operator_v3 to 2024-10-12 16:37:00+00:00, run_after=2024-10-12 16:38:00+00:00
[2024-10-12T16:38:56.237+0000] {processor.py:208} INFO - Processing /home/airflow/.local/lib/python3.12/site-packages/airflow/example_dags/example_branch_python_dop_operator_3.py took 0.051 seconds
[2024-10-12T16:39:26.443+0000] {processor.py:186} INFO - Started process (PID=2521) to work on /home/airflow/.local/lib/python3.12/site-packages/airflow/example_dags/example_branch_python_dop_operator_3.py
[2024-10-12T16:39:26.444+0000] {processor.py:914} INFO - Processing file /home/airflow/.local/lib/python3.12/site-packages/airflow/example_dags/example_branch_python_dop_operator_3.py for tasks to queue
[2024-10-12T16:39:26.447+0000] {logging_mixin.py:190} INFO - [2024-10-12T16:39:26.447+0000] {dagbag.py:588} INFO - Filling up the DagBag from /home/airflow/.local/lib/python3.12/site-packages/airflow/example_dags/example_branch_python_dop_operator_3.py
[2024-10-12T16:39:26.458+0000] {processor.py:925} INFO - DAG(s) 'example_branch_dop_operator_v3' retrieved from /home/airflow/.local/lib/python3.12/site-packages/airflow/example_dags/example_branch_python_dop_operator_3.py
[2024-10-12T16:39:26.474+0000] {logging_mixin.py:190} INFO - [2024-10-12T16:39:26.474+0000] {dag.py:3239} INFO - Sync 1 DAGs
[2024-10-12T16:39:26.491+0000] {logging_mixin.py:190} INFO - [2024-10-12T16:39:26.491+0000] {dag.py:4180} INFO - Setting next_dagrun for example_branch_dop_operator_v3 to 2024-10-12 16:38:00+00:00, run_after=2024-10-12 16:39:00+00:00
[2024-10-12T16:39:26.503+0000] {processor.py:208} INFO - Processing /home/airflow/.local/lib/python3.12/site-packages/airflow/example_dags/example_branch_python_dop_operator_3.py took 0.065 seconds
[2024-10-12T16:39:56.719+0000] {processor.py:186} INFO - Started process (PID=2807) to work on /home/airflow/.local/lib/python3.12/site-packages/airflow/example_dags/example_branch_python_dop_operator_3.py
[2024-10-12T16:39:56.720+0000] {processor.py:914} INFO - Processing file /home/airflow/.local/lib/python3.12/site-packages/airflow/example_dags/example_branch_python_dop_operator_3.py for tasks to queue
[2024-10-12T16:39:56.721+0000] {logging_mixin.py:190} INFO - [2024-10-12T16:39:56.721+0000] {dagbag.py:588} INFO - Filling up the DagBag from /home/airflow/.local/lib/python3.12/site-packages/airflow/example_dags/example_branch_python_dop_operator_3.py
[2024-10-12T16:39:56.728+0000] {processor.py:925} INFO - DAG(s) 'example_branch_dop_operator_v3' retrieved from /home/airflow/.local/lib/python3.12/site-packages/airflow/example_dags/example_branch_python_dop_operator_3.py
[2024-10-12T16:39:56.738+0000] {logging_mixin.py:190} INFO - [2024-10-12T16:39:56.738+0000] {dag.py:3239} INFO - Sync 1 DAGs
[2024-10-12T16:39:56.753+0000] {logging_mixin.py:190} INFO - [2024-10-12T16:39:56.753+0000] {dag.py:4180} INFO - Setting next_dagrun for example_branch_dop_operator_v3 to 2024-10-12 16:38:00+00:00, run_after=2024-10-12 16:39:00+00:00
[2024-10-12T16:39:56.763+0000] {processor.py:208} INFO - Processing /home/airflow/.local/lib/python3.12/site-packages/airflow/example_dags/example_branch_python_dop_operator_3.py took 0.047 seconds
[2024-10-12T16:40:27.016+0000] {processor.py:186} INFO - Started process (PID=3092) to work on /home/airflow/.local/lib/python3.12/site-packages/airflow/example_dags/example_branch_python_dop_operator_3.py
[2024-10-12T16:40:27.017+0000] {processor.py:914} INFO - Processing file /home/airflow/.local/lib/python3.12/site-packages/airflow/example_dags/example_branch_python_dop_operator_3.py for tasks to queue
[2024-10-12T16:40:27.019+0000] {logging_mixin.py:190} INFO - [2024-10-12T16:40:27.018+0000] {dagbag.py:588} INFO - Filling up the DagBag from /home/airflow/.local/lib/python3.12/site-packages/airflow/example_dags/example_branch_python_dop_operator_3.py
[2024-10-12T16:40:27.025+0000] {processor.py:925} INFO - DAG(s) 'example_branch_dop_operator_v3' retrieved from /home/airflow/.local/lib/python3.12/site-packages/airflow/example_dags/example_branch_python_dop_operator_3.py
[2024-10-12T16:40:27.036+0000] {logging_mixin.py:190} INFO - [2024-10-12T16:40:27.036+0000] {dag.py:3239} INFO - Sync 1 DAGs
[2024-10-12T16:40:27.051+0000] {logging_mixin.py:190} INFO - [2024-10-12T16:40:27.051+0000] {dag.py:4180} INFO - Setting next_dagrun for example_branch_dop_operator_v3 to 2024-10-12 16:39:00+00:00, run_after=2024-10-12 16:40:00+00:00
[2024-10-12T16:40:27.062+0000] {processor.py:208} INFO - Processing /home/airflow/.local/lib/python3.12/site-packages/airflow/example_dags/example_branch_python_dop_operator_3.py took 0.051 seconds
[2024-10-12T16:40:57.499+0000] {processor.py:186} INFO - Started process (PID=3384) to work on /home/airflow/.local/lib/python3.12/site-packages/airflow/example_dags/example_branch_python_dop_operator_3.py
[2024-10-12T16:40:57.500+0000] {processor.py:914} INFO - Processing file /home/airflow/.local/lib/python3.12/site-packages/airflow/example_dags/example_branch_python_dop_operator_3.py for tasks to queue
[2024-10-12T16:40:57.501+0000] {logging_mixin.py:190} INFO - [2024-10-12T16:40:57.501+0000] {dagbag.py:588} INFO - Filling up the DagBag from /home/airflow/.local/lib/python3.12/site-packages/airflow/example_dags/example_branch_python_dop_operator_3.py
[2024-10-12T16:40:57.508+0000] {processor.py:925} INFO - DAG(s) 'example_branch_dop_operator_v3' retrieved from /home/airflow/.local/lib/python3.12/site-packages/airflow/example_dags/example_branch_python_dop_operator_3.py
[2024-10-12T16:40:57.520+0000] {logging_mixin.py:190} INFO - [2024-10-12T16:40:57.519+0000] {dag.py:3239} INFO - Sync 1 DAGs
[2024-10-12T16:40:57.535+0000] {logging_mixin.py:190} INFO - [2024-10-12T16:40:57.535+0000] {dag.py:4180} INFO - Setting next_dagrun for example_branch_dop_operator_v3 to 2024-10-12 16:39:00+00:00, run_after=2024-10-12 16:40:00+00:00
[2024-10-12T16:40:57.547+0000] {processor.py:208} INFO - Processing /home/airflow/.local/lib/python3.12/site-packages/airflow/example_dags/example_branch_python_dop_operator_3.py took 0.052 seconds
[2024-10-12T16:41:27.852+0000] {processor.py:186} INFO - Started process (PID=3670) to work on /home/airflow/.local/lib/python3.12/site-packages/airflow/example_dags/example_branch_python_dop_operator_3.py
[2024-10-12T16:41:27.852+0000] {processor.py:914} INFO - Processing file /home/airflow/.local/lib/python3.12/site-packages/airflow/example_dags/example_branch_python_dop_operator_3.py for tasks to queue
[2024-10-12T16:41:27.854+0000] {logging_mixin.py:190} INFO - [2024-10-12T16:41:27.854+0000] {dagbag.py:588} INFO - Filling up the DagBag from /home/airflow/.local/lib/python3.12/site-packages/airflow/example_dags/example_branch_python_dop_operator_3.py
[2024-10-12T16:41:27.861+0000] {processor.py:925} INFO - DAG(s) 'example_branch_dop_operator_v3' retrieved from /home/airflow/.local/lib/python3.12/site-packages/airflow/example_dags/example_branch_python_dop_operator_3.py
[2024-10-12T16:41:27.873+0000] {logging_mixin.py:190} INFO - [2024-10-12T16:41:27.873+0000] {dag.py:3239} INFO - Sync 1 DAGs
[2024-10-12T16:41:27.889+0000] {logging_mixin.py:190} INFO - [2024-10-12T16:41:27.888+0000] {dag.py:4180} INFO - Setting next_dagrun for example_branch_dop_operator_v3 to 2024-10-12 16:40:00+00:00, run_after=2024-10-12 16:41:00+00:00
[2024-10-12T16:41:27.899+0000] {processor.py:208} INFO - Processing /home/airflow/.local/lib/python3.12/site-packages/airflow/example_dags/example_branch_python_dop_operator_3.py took 0.051 seconds
