[2024-10-12T16:35:26.024+0000] {processor.py:186} INFO - Started process (PID=380) to work on /home/airflow/.local/lib/python3.12/site-packages/airflow/example_dags/example_local_kubernetes_executor.py
[2024-10-12T16:35:26.025+0000] {processor.py:914} INFO - Processing file /home/airflow/.local/lib/python3.12/site-packages/airflow/example_dags/example_local_kubernetes_executor.py for tasks to queue
[2024-10-12T16:35:26.026+0000] {logging_mixin.py:190} INFO - [2024-10-12T16:35:26.026+0000] {dagbag.py:588} INFO - Filling up the DagBag from /home/airflow/.local/lib/python3.12/site-packages/airflow/example_dags/example_local_kubernetes_executor.py
[2024-10-12T16:35:26.032+0000] {processor.py:925} INFO - DAG(s) 'example_local_kubernetes_executor' retrieved from /home/airflow/.local/lib/python3.12/site-packages/airflow/example_dags/example_local_kubernetes_executor.py
[2024-10-12T16:35:26.095+0000] {logging_mixin.py:190} INFO - [2024-10-12T16:35:26.095+0000] {override.py:1900} INFO - Created Permission View: can edit on DAG:example_local_kubernetes_executor
[2024-10-12T16:35:26.101+0000] {logging_mixin.py:190} INFO - [2024-10-12T16:35:26.101+0000] {override.py:1900} INFO - Created Permission View: can read on DAG:example_local_kubernetes_executor
[2024-10-12T16:35:26.105+0000] {logging_mixin.py:190} INFO - [2024-10-12T16:35:26.105+0000] {override.py:1900} INFO - Created Permission View: can delete on DAG:example_local_kubernetes_executor
[2024-10-12T16:35:26.109+0000] {logging_mixin.py:190} INFO - [2024-10-12T16:35:26.109+0000] {override.py:1900} INFO - Created Permission View: menu access on DAG Run:example_local_kubernetes_executor
[2024-10-12T16:35:26.113+0000] {logging_mixin.py:190} INFO - [2024-10-12T16:35:26.113+0000] {override.py:1900} INFO - Created Permission View: can read on DAG Run:example_local_kubernetes_executor
[2024-10-12T16:35:26.117+0000] {logging_mixin.py:190} INFO - [2024-10-12T16:35:26.116+0000] {override.py:1900} INFO - Created Permission View: can delete on DAG Run:example_local_kubernetes_executor
[2024-10-12T16:35:26.120+0000] {logging_mixin.py:190} INFO - [2024-10-12T16:35:26.120+0000] {override.py:1900} INFO - Created Permission View: can create on DAG Run:example_local_kubernetes_executor
[2024-10-12T16:35:26.120+0000] {logging_mixin.py:190} INFO - [2024-10-12T16:35:26.120+0000] {dag.py:3239} INFO - Sync 1 DAGs
[2024-10-12T16:35:26.128+0000] {logging_mixin.py:190} INFO - [2024-10-12T16:35:26.127+0000] {dag.py:3262} INFO - Creating ORM DAG for example_local_kubernetes_executor
[2024-10-12T16:35:26.128+0000] {logging_mixin.py:190} INFO - [2024-10-12T16:35:26.128+0000] {dag.py:4180} INFO - Setting next_dagrun for example_local_kubernetes_executor to None, run_after=None
[2024-10-12T16:35:26.140+0000] {processor.py:208} INFO - Processing /home/airflow/.local/lib/python3.12/site-packages/airflow/example_dags/example_local_kubernetes_executor.py took 0.119 seconds
[2024-10-12T16:35:56.839+0000] {processor.py:186} INFO - Started process (PID=664) to work on /home/airflow/.local/lib/python3.12/site-packages/airflow/example_dags/example_local_kubernetes_executor.py
[2024-10-12T16:35:56.840+0000] {processor.py:914} INFO - Processing file /home/airflow/.local/lib/python3.12/site-packages/airflow/example_dags/example_local_kubernetes_executor.py for tasks to queue
[2024-10-12T16:35:56.842+0000] {logging_mixin.py:190} INFO - [2024-10-12T16:35:56.841+0000] {dagbag.py:588} INFO - Filling up the DagBag from /home/airflow/.local/lib/python3.12/site-packages/airflow/example_dags/example_local_kubernetes_executor.py
[2024-10-12T16:35:56.847+0000] {processor.py:925} INFO - DAG(s) 'example_local_kubernetes_executor' retrieved from /home/airflow/.local/lib/python3.12/site-packages/airflow/example_dags/example_local_kubernetes_executor.py
[2024-10-12T16:35:56.867+0000] {logging_mixin.py:190} INFO - [2024-10-12T16:35:56.867+0000] {dag.py:3239} INFO - Sync 1 DAGs
[2024-10-12T16:35:56.876+0000] {logging_mixin.py:190} INFO - [2024-10-12T16:35:56.876+0000] {dag.py:4180} INFO - Setting next_dagrun for example_local_kubernetes_executor to None, run_after=None
[2024-10-12T16:35:56.888+0000] {processor.py:208} INFO - Processing /home/airflow/.local/lib/python3.12/site-packages/airflow/example_dags/example_local_kubernetes_executor.py took 0.052 seconds
[2024-10-12T16:36:27.087+0000] {processor.py:186} INFO - Started process (PID=950) to work on /home/airflow/.local/lib/python3.12/site-packages/airflow/example_dags/example_local_kubernetes_executor.py
[2024-10-12T16:36:27.087+0000] {processor.py:914} INFO - Processing file /home/airflow/.local/lib/python3.12/site-packages/airflow/example_dags/example_local_kubernetes_executor.py for tasks to queue
[2024-10-12T16:36:27.089+0000] {logging_mixin.py:190} INFO - [2024-10-12T16:36:27.089+0000] {dagbag.py:588} INFO - Filling up the DagBag from /home/airflow/.local/lib/python3.12/site-packages/airflow/example_dags/example_local_kubernetes_executor.py
[2024-10-12T16:36:27.095+0000] {processor.py:925} INFO - DAG(s) 'example_local_kubernetes_executor' retrieved from /home/airflow/.local/lib/python3.12/site-packages/airflow/example_dags/example_local_kubernetes_executor.py
[2024-10-12T16:36:27.112+0000] {logging_mixin.py:190} INFO - [2024-10-12T16:36:27.112+0000] {dag.py:3239} INFO - Sync 1 DAGs
[2024-10-12T16:36:27.121+0000] {logging_mixin.py:190} INFO - [2024-10-12T16:36:27.121+0000] {dag.py:4180} INFO - Setting next_dagrun for example_local_kubernetes_executor to None, run_after=None
[2024-10-12T16:36:27.132+0000] {processor.py:208} INFO - Processing /home/airflow/.local/lib/python3.12/site-packages/airflow/example_dags/example_local_kubernetes_executor.py took 0.049 seconds
[2024-10-12T16:36:57.235+0000] {processor.py:186} INFO - Started process (PID=1236) to work on /home/airflow/.local/lib/python3.12/site-packages/airflow/example_dags/example_local_kubernetes_executor.py
[2024-10-12T16:36:57.235+0000] {processor.py:914} INFO - Processing file /home/airflow/.local/lib/python3.12/site-packages/airflow/example_dags/example_local_kubernetes_executor.py for tasks to queue
[2024-10-12T16:36:57.237+0000] {logging_mixin.py:190} INFO - [2024-10-12T16:36:57.237+0000] {dagbag.py:588} INFO - Filling up the DagBag from /home/airflow/.local/lib/python3.12/site-packages/airflow/example_dags/example_local_kubernetes_executor.py
[2024-10-12T16:36:57.242+0000] {processor.py:925} INFO - DAG(s) 'example_local_kubernetes_executor' retrieved from /home/airflow/.local/lib/python3.12/site-packages/airflow/example_dags/example_local_kubernetes_executor.py
[2024-10-12T16:36:57.262+0000] {logging_mixin.py:190} INFO - [2024-10-12T16:36:57.262+0000] {dag.py:3239} INFO - Sync 1 DAGs
[2024-10-12T16:36:57.270+0000] {logging_mixin.py:190} INFO - [2024-10-12T16:36:57.270+0000] {dag.py:4180} INFO - Setting next_dagrun for example_local_kubernetes_executor to None, run_after=None
[2024-10-12T16:36:57.280+0000] {processor.py:208} INFO - Processing /home/airflow/.local/lib/python3.12/site-packages/airflow/example_dags/example_local_kubernetes_executor.py took 0.049 seconds
[2024-10-12T16:37:27.498+0000] {processor.py:186} INFO - Started process (PID=1522) to work on /home/airflow/.local/lib/python3.12/site-packages/airflow/example_dags/example_local_kubernetes_executor.py
[2024-10-12T16:37:27.498+0000] {processor.py:914} INFO - Processing file /home/airflow/.local/lib/python3.12/site-packages/airflow/example_dags/example_local_kubernetes_executor.py for tasks to queue
[2024-10-12T16:37:27.500+0000] {logging_mixin.py:190} INFO - [2024-10-12T16:37:27.499+0000] {dagbag.py:588} INFO - Filling up the DagBag from /home/airflow/.local/lib/python3.12/site-packages/airflow/example_dags/example_local_kubernetes_executor.py
[2024-10-12T16:37:27.505+0000] {processor.py:925} INFO - DAG(s) 'example_local_kubernetes_executor' retrieved from /home/airflow/.local/lib/python3.12/site-packages/airflow/example_dags/example_local_kubernetes_executor.py
[2024-10-12T16:37:27.524+0000] {logging_mixin.py:190} INFO - [2024-10-12T16:37:27.523+0000] {dag.py:3239} INFO - Sync 1 DAGs
[2024-10-12T16:37:27.532+0000] {logging_mixin.py:190} INFO - [2024-10-12T16:37:27.532+0000] {dag.py:4180} INFO - Setting next_dagrun for example_local_kubernetes_executor to None, run_after=None
[2024-10-12T16:37:27.542+0000] {processor.py:208} INFO - Processing /home/airflow/.local/lib/python3.12/site-packages/airflow/example_dags/example_local_kubernetes_executor.py took 0.048 seconds
[2024-10-12T16:37:57.937+0000] {processor.py:186} INFO - Started process (PID=1808) to work on /home/airflow/.local/lib/python3.12/site-packages/airflow/example_dags/example_local_kubernetes_executor.py
[2024-10-12T16:37:57.938+0000] {processor.py:914} INFO - Processing file /home/airflow/.local/lib/python3.12/site-packages/airflow/example_dags/example_local_kubernetes_executor.py for tasks to queue
[2024-10-12T16:37:57.940+0000] {logging_mixin.py:190} INFO - [2024-10-12T16:37:57.939+0000] {dagbag.py:588} INFO - Filling up the DagBag from /home/airflow/.local/lib/python3.12/site-packages/airflow/example_dags/example_local_kubernetes_executor.py
[2024-10-12T16:37:57.947+0000] {processor.py:925} INFO - DAG(s) 'example_local_kubernetes_executor' retrieved from /home/airflow/.local/lib/python3.12/site-packages/airflow/example_dags/example_local_kubernetes_executor.py
[2024-10-12T16:37:57.970+0000] {logging_mixin.py:190} INFO - [2024-10-12T16:37:57.970+0000] {dag.py:3239} INFO - Sync 1 DAGs
[2024-10-12T16:37:57.980+0000] {logging_mixin.py:190} INFO - [2024-10-12T16:37:57.979+0000] {dag.py:4180} INFO - Setting next_dagrun for example_local_kubernetes_executor to None, run_after=None
[2024-10-12T16:37:57.990+0000] {processor.py:208} INFO - Processing /home/airflow/.local/lib/python3.12/site-packages/airflow/example_dags/example_local_kubernetes_executor.py took 0.057 seconds
[2024-10-12T16:38:28.146+0000] {processor.py:186} INFO - Started process (PID=2094) to work on /home/airflow/.local/lib/python3.12/site-packages/airflow/example_dags/example_local_kubernetes_executor.py
[2024-10-12T16:38:28.148+0000] {processor.py:914} INFO - Processing file /home/airflow/.local/lib/python3.12/site-packages/airflow/example_dags/example_local_kubernetes_executor.py for tasks to queue
[2024-10-12T16:38:28.149+0000] {logging_mixin.py:190} INFO - [2024-10-12T16:38:28.149+0000] {dagbag.py:588} INFO - Filling up the DagBag from /home/airflow/.local/lib/python3.12/site-packages/airflow/example_dags/example_local_kubernetes_executor.py
[2024-10-12T16:38:28.155+0000] {processor.py:925} INFO - DAG(s) 'example_local_kubernetes_executor' retrieved from /home/airflow/.local/lib/python3.12/site-packages/airflow/example_dags/example_local_kubernetes_executor.py
[2024-10-12T16:38:28.174+0000] {logging_mixin.py:190} INFO - [2024-10-12T16:38:28.173+0000] {dag.py:3239} INFO - Sync 1 DAGs
[2024-10-12T16:38:28.182+0000] {logging_mixin.py:190} INFO - [2024-10-12T16:38:28.182+0000] {dag.py:4180} INFO - Setting next_dagrun for example_local_kubernetes_executor to None, run_after=None
[2024-10-12T16:38:28.192+0000] {processor.py:208} INFO - Processing /home/airflow/.local/lib/python3.12/site-packages/airflow/example_dags/example_local_kubernetes_executor.py took 0.050 seconds
[2024-10-12T16:38:58.348+0000] {processor.py:186} INFO - Started process (PID=2380) to work on /home/airflow/.local/lib/python3.12/site-packages/airflow/example_dags/example_local_kubernetes_executor.py
[2024-10-12T16:38:58.348+0000] {processor.py:914} INFO - Processing file /home/airflow/.local/lib/python3.12/site-packages/airflow/example_dags/example_local_kubernetes_executor.py for tasks to queue
[2024-10-12T16:38:58.350+0000] {logging_mixin.py:190} INFO - [2024-10-12T16:38:58.349+0000] {dagbag.py:588} INFO - Filling up the DagBag from /home/airflow/.local/lib/python3.12/site-packages/airflow/example_dags/example_local_kubernetes_executor.py
[2024-10-12T16:38:58.356+0000] {processor.py:925} INFO - DAG(s) 'example_local_kubernetes_executor' retrieved from /home/airflow/.local/lib/python3.12/site-packages/airflow/example_dags/example_local_kubernetes_executor.py
[2024-10-12T16:38:58.378+0000] {logging_mixin.py:190} INFO - [2024-10-12T16:38:58.378+0000] {dag.py:3239} INFO - Sync 1 DAGs
[2024-10-12T16:38:58.388+0000] {logging_mixin.py:190} INFO - [2024-10-12T16:38:58.388+0000] {dag.py:4180} INFO - Setting next_dagrun for example_local_kubernetes_executor to None, run_after=None
[2024-10-12T16:38:58.399+0000] {processor.py:208} INFO - Processing /home/airflow/.local/lib/python3.12/site-packages/airflow/example_dags/example_local_kubernetes_executor.py took 0.055 seconds
[2024-10-12T16:39:28.691+0000] {processor.py:186} INFO - Started process (PID=2666) to work on /home/airflow/.local/lib/python3.12/site-packages/airflow/example_dags/example_local_kubernetes_executor.py
[2024-10-12T16:39:28.691+0000] {processor.py:914} INFO - Processing file /home/airflow/.local/lib/python3.12/site-packages/airflow/example_dags/example_local_kubernetes_executor.py for tasks to queue
[2024-10-12T16:39:28.693+0000] {logging_mixin.py:190} INFO - [2024-10-12T16:39:28.692+0000] {dagbag.py:588} INFO - Filling up the DagBag from /home/airflow/.local/lib/python3.12/site-packages/airflow/example_dags/example_local_kubernetes_executor.py
[2024-10-12T16:39:28.698+0000] {processor.py:925} INFO - DAG(s) 'example_local_kubernetes_executor' retrieved from /home/airflow/.local/lib/python3.12/site-packages/airflow/example_dags/example_local_kubernetes_executor.py
[2024-10-12T16:39:28.716+0000] {logging_mixin.py:190} INFO - [2024-10-12T16:39:28.716+0000] {dag.py:3239} INFO - Sync 1 DAGs
[2024-10-12T16:39:28.725+0000] {logging_mixin.py:190} INFO - [2024-10-12T16:39:28.724+0000] {dag.py:4180} INFO - Setting next_dagrun for example_local_kubernetes_executor to None, run_after=None
[2024-10-12T16:39:28.735+0000] {processor.py:208} INFO - Processing /home/airflow/.local/lib/python3.12/site-packages/airflow/example_dags/example_local_kubernetes_executor.py took 0.048 seconds
[2024-10-12T16:39:58.884+0000] {processor.py:186} INFO - Started process (PID=2952) to work on /home/airflow/.local/lib/python3.12/site-packages/airflow/example_dags/example_local_kubernetes_executor.py
[2024-10-12T16:39:58.884+0000] {processor.py:914} INFO - Processing file /home/airflow/.local/lib/python3.12/site-packages/airflow/example_dags/example_local_kubernetes_executor.py for tasks to queue
[2024-10-12T16:39:58.886+0000] {logging_mixin.py:190} INFO - [2024-10-12T16:39:58.886+0000] {dagbag.py:588} INFO - Filling up the DagBag from /home/airflow/.local/lib/python3.12/site-packages/airflow/example_dags/example_local_kubernetes_executor.py
[2024-10-12T16:39:58.892+0000] {processor.py:925} INFO - DAG(s) 'example_local_kubernetes_executor' retrieved from /home/airflow/.local/lib/python3.12/site-packages/airflow/example_dags/example_local_kubernetes_executor.py
[2024-10-12T16:39:58.911+0000] {logging_mixin.py:190} INFO - [2024-10-12T16:39:58.911+0000] {dag.py:3239} INFO - Sync 1 DAGs
[2024-10-12T16:39:58.919+0000] {logging_mixin.py:190} INFO - [2024-10-12T16:39:58.919+0000] {dag.py:4180} INFO - Setting next_dagrun for example_local_kubernetes_executor to None, run_after=None
[2024-10-12T16:39:58.929+0000] {processor.py:208} INFO - Processing /home/airflow/.local/lib/python3.12/site-packages/airflow/example_dags/example_local_kubernetes_executor.py took 0.049 seconds
[2024-10-12T16:40:29.312+0000] {processor.py:186} INFO - Started process (PID=3238) to work on /home/airflow/.local/lib/python3.12/site-packages/airflow/example_dags/example_local_kubernetes_executor.py
[2024-10-12T16:40:29.313+0000] {processor.py:914} INFO - Processing file /home/airflow/.local/lib/python3.12/site-packages/airflow/example_dags/example_local_kubernetes_executor.py for tasks to queue
[2024-10-12T16:40:29.314+0000] {logging_mixin.py:190} INFO - [2024-10-12T16:40:29.314+0000] {dagbag.py:588} INFO - Filling up the DagBag from /home/airflow/.local/lib/python3.12/site-packages/airflow/example_dags/example_local_kubernetes_executor.py
[2024-10-12T16:40:29.320+0000] {processor.py:925} INFO - DAG(s) 'example_local_kubernetes_executor' retrieved from /home/airflow/.local/lib/python3.12/site-packages/airflow/example_dags/example_local_kubernetes_executor.py
[2024-10-12T16:40:29.343+0000] {logging_mixin.py:190} INFO - [2024-10-12T16:40:29.342+0000] {dag.py:3239} INFO - Sync 1 DAGs
[2024-10-12T16:40:29.352+0000] {logging_mixin.py:190} INFO - [2024-10-12T16:40:29.352+0000] {dag.py:4180} INFO - Setting next_dagrun for example_local_kubernetes_executor to None, run_after=None
[2024-10-12T16:40:29.362+0000] {processor.py:208} INFO - Processing /home/airflow/.local/lib/python3.12/site-packages/airflow/example_dags/example_local_kubernetes_executor.py took 0.053 seconds
[2024-10-12T16:40:59.728+0000] {processor.py:186} INFO - Started process (PID=3524) to work on /home/airflow/.local/lib/python3.12/site-packages/airflow/example_dags/example_local_kubernetes_executor.py
[2024-10-12T16:40:59.729+0000] {processor.py:914} INFO - Processing file /home/airflow/.local/lib/python3.12/site-packages/airflow/example_dags/example_local_kubernetes_executor.py for tasks to queue
[2024-10-12T16:40:59.730+0000] {logging_mixin.py:190} INFO - [2024-10-12T16:40:59.730+0000] {dagbag.py:588} INFO - Filling up the DagBag from /home/airflow/.local/lib/python3.12/site-packages/airflow/example_dags/example_local_kubernetes_executor.py
[2024-10-12T16:40:59.736+0000] {processor.py:925} INFO - DAG(s) 'example_local_kubernetes_executor' retrieved from /home/airflow/.local/lib/python3.12/site-packages/airflow/example_dags/example_local_kubernetes_executor.py
[2024-10-12T16:40:59.756+0000] {logging_mixin.py:190} INFO - [2024-10-12T16:40:59.756+0000] {dag.py:3239} INFO - Sync 1 DAGs
[2024-10-12T16:40:59.765+0000] {logging_mixin.py:190} INFO - [2024-10-12T16:40:59.765+0000] {dag.py:4180} INFO - Setting next_dagrun for example_local_kubernetes_executor to None, run_after=None
[2024-10-12T16:40:59.776+0000] {processor.py:208} INFO - Processing /home/airflow/.local/lib/python3.12/site-packages/airflow/example_dags/example_local_kubernetes_executor.py took 0.051 seconds
[2024-10-12T16:41:30.103+0000] {processor.py:186} INFO - Started process (PID=3810) to work on /home/airflow/.local/lib/python3.12/site-packages/airflow/example_dags/example_local_kubernetes_executor.py
[2024-10-12T16:41:30.103+0000] {processor.py:914} INFO - Processing file /home/airflow/.local/lib/python3.12/site-packages/airflow/example_dags/example_local_kubernetes_executor.py for tasks to queue
[2024-10-12T16:41:30.105+0000] {logging_mixin.py:190} INFO - [2024-10-12T16:41:30.105+0000] {dagbag.py:588} INFO - Filling up the DagBag from /home/airflow/.local/lib/python3.12/site-packages/airflow/example_dags/example_local_kubernetes_executor.py
[2024-10-12T16:41:30.111+0000] {processor.py:925} INFO - DAG(s) 'example_local_kubernetes_executor' retrieved from /home/airflow/.local/lib/python3.12/site-packages/airflow/example_dags/example_local_kubernetes_executor.py
[2024-10-12T16:41:30.134+0000] {logging_mixin.py:190} INFO - [2024-10-12T16:41:30.133+0000] {dag.py:3239} INFO - Sync 1 DAGs
[2024-10-12T16:41:30.142+0000] {logging_mixin.py:190} INFO - [2024-10-12T16:41:30.142+0000] {dag.py:4180} INFO - Setting next_dagrun for example_local_kubernetes_executor to None, run_after=None
[2024-10-12T16:41:30.153+0000] {processor.py:208} INFO - Processing /home/airflow/.local/lib/python3.12/site-packages/airflow/example_dags/example_local_kubernetes_executor.py took 0.054 seconds
