[2024-10-12T16:35:23.662+0000] {processor.py:186} INFO - Started process (PID=227) to work on /home/airflow/.local/lib/python3.12/site-packages/airflow/example_dags/example_external_task_marker_dag.py
[2024-10-12T16:35:23.663+0000] {processor.py:914} INFO - Processing file /home/airflow/.local/lib/python3.12/site-packages/airflow/example_dags/example_external_task_marker_dag.py for tasks to queue
[2024-10-12T16:35:23.665+0000] {logging_mixin.py:190} INFO - [2024-10-12T16:35:23.664+0000] {dagbag.py:588} INFO - Filling up the DagBag from /home/airflow/.local/lib/python3.12/site-packages/airflow/example_dags/example_external_task_marker_dag.py
[2024-10-12T16:35:23.670+0000] {processor.py:925} INFO - DAG(s) 'example_external_task_marker_parent', 'example_external_task_marker_child' retrieved from /home/airflow/.local/lib/python3.12/site-packages/airflow/example_dags/example_external_task_marker_dag.py
[2024-10-12T16:35:23.729+0000] {logging_mixin.py:190} INFO - [2024-10-12T16:35:23.729+0000] {override.py:1900} INFO - Created Permission View: can edit on DAG:example_external_task_marker_parent
[2024-10-12T16:35:23.735+0000] {logging_mixin.py:190} INFO - [2024-10-12T16:35:23.735+0000] {override.py:1900} INFO - Created Permission View: can read on DAG:example_external_task_marker_parent
[2024-10-12T16:35:23.738+0000] {logging_mixin.py:190} INFO - [2024-10-12T16:35:23.738+0000] {override.py:1900} INFO - Created Permission View: can delete on DAG:example_external_task_marker_parent
[2024-10-12T16:35:23.742+0000] {logging_mixin.py:190} INFO - [2024-10-12T16:35:23.742+0000] {override.py:1900} INFO - Created Permission View: menu access on DAG Run:example_external_task_marker_parent
[2024-10-12T16:35:23.745+0000] {logging_mixin.py:190} INFO - [2024-10-12T16:35:23.745+0000] {override.py:1900} INFO - Created Permission View: can read on DAG Run:example_external_task_marker_parent
[2024-10-12T16:35:23.749+0000] {logging_mixin.py:190} INFO - [2024-10-12T16:35:23.749+0000] {override.py:1900} INFO - Created Permission View: can delete on DAG Run:example_external_task_marker_parent
[2024-10-12T16:35:23.754+0000] {logging_mixin.py:190} INFO - [2024-10-12T16:35:23.753+0000] {override.py:1900} INFO - Created Permission View: can create on DAG Run:example_external_task_marker_parent
[2024-10-12T16:35:23.761+0000] {logging_mixin.py:190} INFO - [2024-10-12T16:35:23.760+0000] {override.py:1900} INFO - Created Permission View: can edit on DAG:example_external_task_marker_child
[2024-10-12T16:35:23.766+0000] {logging_mixin.py:190} INFO - [2024-10-12T16:35:23.766+0000] {override.py:1900} INFO - Created Permission View: can read on DAG:example_external_task_marker_child
[2024-10-12T16:35:23.773+0000] {logging_mixin.py:190} INFO - [2024-10-12T16:35:23.772+0000] {override.py:1900} INFO - Created Permission View: can delete on DAG:example_external_task_marker_child
[2024-10-12T16:35:23.777+0000] {logging_mixin.py:190} INFO - [2024-10-12T16:35:23.777+0000] {override.py:1900} INFO - Created Permission View: menu access on DAG Run:example_external_task_marker_child
[2024-10-12T16:35:23.782+0000] {logging_mixin.py:190} INFO - [2024-10-12T16:35:23.781+0000] {override.py:1900} INFO - Created Permission View: can read on DAG Run:example_external_task_marker_child
[2024-10-12T16:35:23.786+0000] {logging_mixin.py:190} INFO - [2024-10-12T16:35:23.786+0000] {override.py:1900} INFO - Created Permission View: can delete on DAG Run:example_external_task_marker_child
[2024-10-12T16:35:23.789+0000] {logging_mixin.py:190} INFO - [2024-10-12T16:35:23.789+0000] {override.py:1900} INFO - Created Permission View: can create on DAG Run:example_external_task_marker_child
[2024-10-12T16:35:23.790+0000] {logging_mixin.py:190} INFO - [2024-10-12T16:35:23.790+0000] {dag.py:3239} INFO - Sync 2 DAGs
[2024-10-12T16:35:23.797+0000] {logging_mixin.py:190} INFO - [2024-10-12T16:35:23.797+0000] {dag.py:3262} INFO - Creating ORM DAG for example_external_task_marker_child
[2024-10-12T16:35:23.798+0000] {logging_mixin.py:190} INFO - [2024-10-12T16:35:23.797+0000] {dag.py:3262} INFO - Creating ORM DAG for example_external_task_marker_parent
[2024-10-12T16:35:23.798+0000] {logging_mixin.py:190} INFO - [2024-10-12T16:35:23.798+0000] {dag.py:4180} INFO - Setting next_dagrun for example_external_task_marker_child to None, run_after=None
[2024-10-12T16:35:23.799+0000] {logging_mixin.py:190} INFO - [2024-10-12T16:35:23.799+0000] {dag.py:4180} INFO - Setting next_dagrun for example_external_task_marker_parent to None, run_after=None
[2024-10-12T16:35:23.809+0000] {processor.py:208} INFO - Processing /home/airflow/.local/lib/python3.12/site-packages/airflow/example_dags/example_external_task_marker_dag.py took 0.150 seconds
[2024-10-12T16:35:54.794+0000] {processor.py:186} INFO - Started process (PID=519) to work on /home/airflow/.local/lib/python3.12/site-packages/airflow/example_dags/example_external_task_marker_dag.py
[2024-10-12T16:35:54.794+0000] {processor.py:914} INFO - Processing file /home/airflow/.local/lib/python3.12/site-packages/airflow/example_dags/example_external_task_marker_dag.py for tasks to queue
[2024-10-12T16:35:54.796+0000] {logging_mixin.py:190} INFO - [2024-10-12T16:35:54.796+0000] {dagbag.py:588} INFO - Filling up the DagBag from /home/airflow/.local/lib/python3.12/site-packages/airflow/example_dags/example_external_task_marker_dag.py
[2024-10-12T16:35:54.800+0000] {processor.py:925} INFO - DAG(s) 'example_external_task_marker_parent', 'example_external_task_marker_child' retrieved from /home/airflow/.local/lib/python3.12/site-packages/airflow/example_dags/example_external_task_marker_dag.py
[2024-10-12T16:35:54.813+0000] {logging_mixin.py:190} INFO - [2024-10-12T16:35:54.813+0000] {dag.py:3239} INFO - Sync 2 DAGs
[2024-10-12T16:35:54.821+0000] {logging_mixin.py:190} INFO - [2024-10-12T16:35:54.821+0000] {dag.py:4180} INFO - Setting next_dagrun for example_external_task_marker_child to None, run_after=None
[2024-10-12T16:35:54.823+0000] {logging_mixin.py:190} INFO - [2024-10-12T16:35:54.823+0000] {dag.py:4180} INFO - Setting next_dagrun for example_external_task_marker_parent to None, run_after=None
[2024-10-12T16:35:54.833+0000] {processor.py:208} INFO - Processing /home/airflow/.local/lib/python3.12/site-packages/airflow/example_dags/example_external_task_marker_dag.py took 0.043 seconds
[2024-10-12T16:36:25.012+0000] {processor.py:186} INFO - Started process (PID=805) to work on /home/airflow/.local/lib/python3.12/site-packages/airflow/example_dags/example_external_task_marker_dag.py
[2024-10-12T16:36:25.012+0000] {processor.py:914} INFO - Processing file /home/airflow/.local/lib/python3.12/site-packages/airflow/example_dags/example_external_task_marker_dag.py for tasks to queue
[2024-10-12T16:36:25.014+0000] {logging_mixin.py:190} INFO - [2024-10-12T16:36:25.013+0000] {dagbag.py:588} INFO - Filling up the DagBag from /home/airflow/.local/lib/python3.12/site-packages/airflow/example_dags/example_external_task_marker_dag.py
[2024-10-12T16:36:25.018+0000] {processor.py:925} INFO - DAG(s) 'example_external_task_marker_child', 'example_external_task_marker_parent' retrieved from /home/airflow/.local/lib/python3.12/site-packages/airflow/example_dags/example_external_task_marker_dag.py
[2024-10-12T16:36:25.031+0000] {logging_mixin.py:190} INFO - [2024-10-12T16:36:25.031+0000] {dag.py:3239} INFO - Sync 2 DAGs
[2024-10-12T16:36:25.039+0000] {logging_mixin.py:190} INFO - [2024-10-12T16:36:25.039+0000] {dag.py:4180} INFO - Setting next_dagrun for example_external_task_marker_child to None, run_after=None
[2024-10-12T16:36:25.041+0000] {logging_mixin.py:190} INFO - [2024-10-12T16:36:25.041+0000] {dag.py:4180} INFO - Setting next_dagrun for example_external_task_marker_parent to None, run_after=None
[2024-10-12T16:36:25.049+0000] {processor.py:208} INFO - Processing /home/airflow/.local/lib/python3.12/site-packages/airflow/example_dags/example_external_task_marker_dag.py took 0.041 seconds
[2024-10-12T16:36:55.168+0000] {processor.py:186} INFO - Started process (PID=1088) to work on /home/airflow/.local/lib/python3.12/site-packages/airflow/example_dags/example_external_task_marker_dag.py
[2024-10-12T16:36:55.169+0000] {processor.py:914} INFO - Processing file /home/airflow/.local/lib/python3.12/site-packages/airflow/example_dags/example_external_task_marker_dag.py for tasks to queue
[2024-10-12T16:36:55.171+0000] {logging_mixin.py:190} INFO - [2024-10-12T16:36:55.171+0000] {dagbag.py:588} INFO - Filling up the DagBag from /home/airflow/.local/lib/python3.12/site-packages/airflow/example_dags/example_external_task_marker_dag.py
[2024-10-12T16:36:55.177+0000] {processor.py:925} INFO - DAG(s) 'example_external_task_marker_child', 'example_external_task_marker_parent' retrieved from /home/airflow/.local/lib/python3.12/site-packages/airflow/example_dags/example_external_task_marker_dag.py
[2024-10-12T16:36:55.190+0000] {logging_mixin.py:190} INFO - [2024-10-12T16:36:55.190+0000] {dag.py:3239} INFO - Sync 2 DAGs
[2024-10-12T16:36:55.198+0000] {logging_mixin.py:190} INFO - [2024-10-12T16:36:55.198+0000] {dag.py:4180} INFO - Setting next_dagrun for example_external_task_marker_child to None, run_after=None
[2024-10-12T16:36:55.200+0000] {logging_mixin.py:190} INFO - [2024-10-12T16:36:55.200+0000] {dag.py:4180} INFO - Setting next_dagrun for example_external_task_marker_parent to None, run_after=None
[2024-10-12T16:36:55.209+0000] {processor.py:208} INFO - Processing /home/airflow/.local/lib/python3.12/site-packages/airflow/example_dags/example_external_task_marker_dag.py took 0.046 seconds
[2024-10-12T16:37:25.388+0000] {processor.py:186} INFO - Started process (PID=1374) to work on /home/airflow/.local/lib/python3.12/site-packages/airflow/example_dags/example_external_task_marker_dag.py
[2024-10-12T16:37:25.389+0000] {processor.py:914} INFO - Processing file /home/airflow/.local/lib/python3.12/site-packages/airflow/example_dags/example_external_task_marker_dag.py for tasks to queue
[2024-10-12T16:37:25.390+0000] {logging_mixin.py:190} INFO - [2024-10-12T16:37:25.390+0000] {dagbag.py:588} INFO - Filling up the DagBag from /home/airflow/.local/lib/python3.12/site-packages/airflow/example_dags/example_external_task_marker_dag.py
[2024-10-12T16:37:25.395+0000] {processor.py:925} INFO - DAG(s) 'example_external_task_marker_child', 'example_external_task_marker_parent' retrieved from /home/airflow/.local/lib/python3.12/site-packages/airflow/example_dags/example_external_task_marker_dag.py
[2024-10-12T16:37:25.408+0000] {logging_mixin.py:190} INFO - [2024-10-12T16:37:25.407+0000] {dag.py:3239} INFO - Sync 2 DAGs
[2024-10-12T16:37:25.416+0000] {logging_mixin.py:190} INFO - [2024-10-12T16:37:25.416+0000] {dag.py:4180} INFO - Setting next_dagrun for example_external_task_marker_child to None, run_after=None
[2024-10-12T16:37:25.418+0000] {logging_mixin.py:190} INFO - [2024-10-12T16:37:25.418+0000] {dag.py:4180} INFO - Setting next_dagrun for example_external_task_marker_parent to None, run_after=None
[2024-10-12T16:37:25.427+0000] {processor.py:208} INFO - Processing /home/airflow/.local/lib/python3.12/site-packages/airflow/example_dags/example_external_task_marker_dag.py took 0.042 seconds
[2024-10-12T16:37:55.711+0000] {processor.py:186} INFO - Started process (PID=1660) to work on /home/airflow/.local/lib/python3.12/site-packages/airflow/example_dags/example_external_task_marker_dag.py
[2024-10-12T16:37:55.711+0000] {processor.py:914} INFO - Processing file /home/airflow/.local/lib/python3.12/site-packages/airflow/example_dags/example_external_task_marker_dag.py for tasks to queue
[2024-10-12T16:37:55.713+0000] {logging_mixin.py:190} INFO - [2024-10-12T16:37:55.712+0000] {dagbag.py:588} INFO - Filling up the DagBag from /home/airflow/.local/lib/python3.12/site-packages/airflow/example_dags/example_external_task_marker_dag.py
[2024-10-12T16:37:55.717+0000] {processor.py:925} INFO - DAG(s) 'example_external_task_marker_child', 'example_external_task_marker_parent' retrieved from /home/airflow/.local/lib/python3.12/site-packages/airflow/example_dags/example_external_task_marker_dag.py
[2024-10-12T16:37:55.731+0000] {logging_mixin.py:190} INFO - [2024-10-12T16:37:55.731+0000] {dag.py:3239} INFO - Sync 2 DAGs
[2024-10-12T16:37:55.739+0000] {logging_mixin.py:190} INFO - [2024-10-12T16:37:55.739+0000] {dag.py:4180} INFO - Setting next_dagrun for example_external_task_marker_child to None, run_after=None
[2024-10-12T16:37:55.741+0000] {logging_mixin.py:190} INFO - [2024-10-12T16:37:55.741+0000] {dag.py:4180} INFO - Setting next_dagrun for example_external_task_marker_parent to None, run_after=None
[2024-10-12T16:37:55.750+0000] {processor.py:208} INFO - Processing /home/airflow/.local/lib/python3.12/site-packages/airflow/example_dags/example_external_task_marker_dag.py took 0.043 seconds
[2024-10-12T16:38:26.046+0000] {processor.py:186} INFO - Started process (PID=1946) to work on /home/airflow/.local/lib/python3.12/site-packages/airflow/example_dags/example_external_task_marker_dag.py
[2024-10-12T16:38:26.046+0000] {processor.py:914} INFO - Processing file /home/airflow/.local/lib/python3.12/site-packages/airflow/example_dags/example_external_task_marker_dag.py for tasks to queue
[2024-10-12T16:38:26.048+0000] {logging_mixin.py:190} INFO - [2024-10-12T16:38:26.048+0000] {dagbag.py:588} INFO - Filling up the DagBag from /home/airflow/.local/lib/python3.12/site-packages/airflow/example_dags/example_external_task_marker_dag.py
[2024-10-12T16:38:26.053+0000] {processor.py:925} INFO - DAG(s) 'example_external_task_marker_parent', 'example_external_task_marker_child' retrieved from /home/airflow/.local/lib/python3.12/site-packages/airflow/example_dags/example_external_task_marker_dag.py
[2024-10-12T16:38:26.071+0000] {logging_mixin.py:190} INFO - [2024-10-12T16:38:26.071+0000] {dag.py:3239} INFO - Sync 2 DAGs
[2024-10-12T16:38:26.079+0000] {logging_mixin.py:190} INFO - [2024-10-12T16:38:26.079+0000] {dag.py:4180} INFO - Setting next_dagrun for example_external_task_marker_child to None, run_after=None
[2024-10-12T16:38:26.081+0000] {logging_mixin.py:190} INFO - [2024-10-12T16:38:26.081+0000] {dag.py:4180} INFO - Setting next_dagrun for example_external_task_marker_parent to None, run_after=None
[2024-10-12T16:38:26.091+0000] {processor.py:208} INFO - Processing /home/airflow/.local/lib/python3.12/site-packages/airflow/example_dags/example_external_task_marker_dag.py took 0.050 seconds
[2024-10-12T16:38:56.190+0000] {processor.py:186} INFO - Started process (PID=2232) to work on /home/airflow/.local/lib/python3.12/site-packages/airflow/example_dags/example_external_task_marker_dag.py
[2024-10-12T16:38:56.191+0000] {processor.py:914} INFO - Processing file /home/airflow/.local/lib/python3.12/site-packages/airflow/example_dags/example_external_task_marker_dag.py for tasks to queue
[2024-10-12T16:38:56.194+0000] {logging_mixin.py:190} INFO - [2024-10-12T16:38:56.194+0000] {dagbag.py:588} INFO - Filling up the DagBag from /home/airflow/.local/lib/python3.12/site-packages/airflow/example_dags/example_external_task_marker_dag.py
[2024-10-12T16:38:56.200+0000] {processor.py:925} INFO - DAG(s) 'example_external_task_marker_parent', 'example_external_task_marker_child' retrieved from /home/airflow/.local/lib/python3.12/site-packages/airflow/example_dags/example_external_task_marker_dag.py
[2024-10-12T16:38:56.212+0000] {logging_mixin.py:190} INFO - [2024-10-12T16:38:56.212+0000] {dag.py:3239} INFO - Sync 2 DAGs
[2024-10-12T16:38:56.221+0000] {logging_mixin.py:190} INFO - [2024-10-12T16:38:56.221+0000] {dag.py:4180} INFO - Setting next_dagrun for example_external_task_marker_child to None, run_after=None
[2024-10-12T16:38:56.223+0000] {logging_mixin.py:190} INFO - [2024-10-12T16:38:56.223+0000] {dag.py:4180} INFO - Setting next_dagrun for example_external_task_marker_parent to None, run_after=None
[2024-10-12T16:38:56.231+0000] {processor.py:208} INFO - Processing /home/airflow/.local/lib/python3.12/site-packages/airflow/example_dags/example_external_task_marker_dag.py took 0.050 seconds
[2024-10-12T16:39:26.439+0000] {processor.py:186} INFO - Started process (PID=2518) to work on /home/airflow/.local/lib/python3.12/site-packages/airflow/example_dags/example_external_task_marker_dag.py
[2024-10-12T16:39:26.440+0000] {processor.py:914} INFO - Processing file /home/airflow/.local/lib/python3.12/site-packages/airflow/example_dags/example_external_task_marker_dag.py for tasks to queue
[2024-10-12T16:39:26.442+0000] {logging_mixin.py:190} INFO - [2024-10-12T16:39:26.442+0000] {dagbag.py:588} INFO - Filling up the DagBag from /home/airflow/.local/lib/python3.12/site-packages/airflow/example_dags/example_external_task_marker_dag.py
[2024-10-12T16:39:26.449+0000] {processor.py:925} INFO - DAG(s) 'example_external_task_marker_parent', 'example_external_task_marker_child' retrieved from /home/airflow/.local/lib/python3.12/site-packages/airflow/example_dags/example_external_task_marker_dag.py
[2024-10-12T16:39:26.467+0000] {logging_mixin.py:190} INFO - [2024-10-12T16:39:26.467+0000] {dag.py:3239} INFO - Sync 2 DAGs
[2024-10-12T16:39:26.478+0000] {logging_mixin.py:190} INFO - [2024-10-12T16:39:26.478+0000] {dag.py:4180} INFO - Setting next_dagrun for example_external_task_marker_child to None, run_after=None
[2024-10-12T16:39:26.481+0000] {logging_mixin.py:190} INFO - [2024-10-12T16:39:26.481+0000] {dag.py:4180} INFO - Setting next_dagrun for example_external_task_marker_parent to None, run_after=None
[2024-10-12T16:39:26.492+0000] {processor.py:208} INFO - Processing /home/airflow/.local/lib/python3.12/site-packages/airflow/example_dags/example_external_task_marker_dag.py took 0.056 seconds
[2024-10-12T16:39:56.716+0000] {processor.py:186} INFO - Started process (PID=2804) to work on /home/airflow/.local/lib/python3.12/site-packages/airflow/example_dags/example_external_task_marker_dag.py
[2024-10-12T16:39:56.717+0000] {processor.py:914} INFO - Processing file /home/airflow/.local/lib/python3.12/site-packages/airflow/example_dags/example_external_task_marker_dag.py for tasks to queue
[2024-10-12T16:39:56.718+0000] {logging_mixin.py:190} INFO - [2024-10-12T16:39:56.718+0000] {dagbag.py:588} INFO - Filling up the DagBag from /home/airflow/.local/lib/python3.12/site-packages/airflow/example_dags/example_external_task_marker_dag.py
[2024-10-12T16:39:56.723+0000] {processor.py:925} INFO - DAG(s) 'example_external_task_marker_parent', 'example_external_task_marker_child' retrieved from /home/airflow/.local/lib/python3.12/site-packages/airflow/example_dags/example_external_task_marker_dag.py
[2024-10-12T16:39:56.738+0000] {logging_mixin.py:190} INFO - [2024-10-12T16:39:56.738+0000] {dag.py:3239} INFO - Sync 2 DAGs
[2024-10-12T16:39:56.747+0000] {logging_mixin.py:190} INFO - [2024-10-12T16:39:56.747+0000] {dag.py:4180} INFO - Setting next_dagrun for example_external_task_marker_child to None, run_after=None
[2024-10-12T16:39:56.749+0000] {logging_mixin.py:190} INFO - [2024-10-12T16:39:56.749+0000] {dag.py:4180} INFO - Setting next_dagrun for example_external_task_marker_parent to None, run_after=None
[2024-10-12T16:39:56.758+0000] {processor.py:208} INFO - Processing /home/airflow/.local/lib/python3.12/site-packages/airflow/example_dags/example_external_task_marker_dag.py took 0.045 seconds
[2024-10-12T16:40:27.014+0000] {processor.py:186} INFO - Started process (PID=3090) to work on /home/airflow/.local/lib/python3.12/site-packages/airflow/example_dags/example_external_task_marker_dag.py
[2024-10-12T16:40:27.015+0000] {processor.py:914} INFO - Processing file /home/airflow/.local/lib/python3.12/site-packages/airflow/example_dags/example_external_task_marker_dag.py for tasks to queue
[2024-10-12T16:40:27.017+0000] {logging_mixin.py:190} INFO - [2024-10-12T16:40:27.017+0000] {dagbag.py:588} INFO - Filling up the DagBag from /home/airflow/.local/lib/python3.12/site-packages/airflow/example_dags/example_external_task_marker_dag.py
[2024-10-12T16:40:27.023+0000] {processor.py:925} INFO - DAG(s) 'example_external_task_marker_parent', 'example_external_task_marker_child' retrieved from /home/airflow/.local/lib/python3.12/site-packages/airflow/example_dags/example_external_task_marker_dag.py
[2024-10-12T16:40:27.036+0000] {logging_mixin.py:190} INFO - [2024-10-12T16:40:27.036+0000] {dag.py:3239} INFO - Sync 2 DAGs
[2024-10-12T16:40:27.045+0000] {logging_mixin.py:190} INFO - [2024-10-12T16:40:27.045+0000] {dag.py:4180} INFO - Setting next_dagrun for example_external_task_marker_child to None, run_after=None
[2024-10-12T16:40:27.047+0000] {logging_mixin.py:190} INFO - [2024-10-12T16:40:27.047+0000] {dag.py:4180} INFO - Setting next_dagrun for example_external_task_marker_parent to None, run_after=None
[2024-10-12T16:40:27.057+0000] {processor.py:208} INFO - Processing /home/airflow/.local/lib/python3.12/site-packages/airflow/example_dags/example_external_task_marker_dag.py took 0.049 seconds
[2024-10-12T16:40:57.432+0000] {processor.py:186} INFO - Started process (PID=3379) to work on /home/airflow/.local/lib/python3.12/site-packages/airflow/example_dags/example_external_task_marker_dag.py
[2024-10-12T16:40:57.433+0000] {processor.py:914} INFO - Processing file /home/airflow/.local/lib/python3.12/site-packages/airflow/example_dags/example_external_task_marker_dag.py for tasks to queue
[2024-10-12T16:40:57.434+0000] {logging_mixin.py:190} INFO - [2024-10-12T16:40:57.434+0000] {dagbag.py:588} INFO - Filling up the DagBag from /home/airflow/.local/lib/python3.12/site-packages/airflow/example_dags/example_external_task_marker_dag.py
[2024-10-12T16:40:57.439+0000] {processor.py:925} INFO - DAG(s) 'example_external_task_marker_child', 'example_external_task_marker_parent' retrieved from /home/airflow/.local/lib/python3.12/site-packages/airflow/example_dags/example_external_task_marker_dag.py
[2024-10-12T16:40:57.456+0000] {logging_mixin.py:190} INFO - [2024-10-12T16:40:57.456+0000] {dag.py:3239} INFO - Sync 2 DAGs
[2024-10-12T16:40:57.465+0000] {logging_mixin.py:190} INFO - [2024-10-12T16:40:57.465+0000] {dag.py:4180} INFO - Setting next_dagrun for example_external_task_marker_child to None, run_after=None
[2024-10-12T16:40:57.468+0000] {logging_mixin.py:190} INFO - [2024-10-12T16:40:57.468+0000] {dag.py:4180} INFO - Setting next_dagrun for example_external_task_marker_parent to None, run_after=None
[2024-10-12T16:40:57.481+0000] {processor.py:208} INFO - Processing /home/airflow/.local/lib/python3.12/site-packages/airflow/example_dags/example_external_task_marker_dag.py took 0.053 seconds
[2024-10-12T16:41:27.783+0000] {processor.py:186} INFO - Started process (PID=3665) to work on /home/airflow/.local/lib/python3.12/site-packages/airflow/example_dags/example_external_task_marker_dag.py
[2024-10-12T16:41:27.783+0000] {processor.py:914} INFO - Processing file /home/airflow/.local/lib/python3.12/site-packages/airflow/example_dags/example_external_task_marker_dag.py for tasks to queue
[2024-10-12T16:41:27.785+0000] {logging_mixin.py:190} INFO - [2024-10-12T16:41:27.784+0000] {dagbag.py:588} INFO - Filling up the DagBag from /home/airflow/.local/lib/python3.12/site-packages/airflow/example_dags/example_external_task_marker_dag.py
[2024-10-12T16:41:27.789+0000] {processor.py:925} INFO - DAG(s) 'example_external_task_marker_parent', 'example_external_task_marker_child' retrieved from /home/airflow/.local/lib/python3.12/site-packages/airflow/example_dags/example_external_task_marker_dag.py
[2024-10-12T16:41:27.805+0000] {logging_mixin.py:190} INFO - [2024-10-12T16:41:27.804+0000] {dag.py:3239} INFO - Sync 2 DAGs
[2024-10-12T16:41:27.814+0000] {logging_mixin.py:190} INFO - [2024-10-12T16:41:27.814+0000] {dag.py:4180} INFO - Setting next_dagrun for example_external_task_marker_child to None, run_after=None
[2024-10-12T16:41:27.817+0000] {logging_mixin.py:190} INFO - [2024-10-12T16:41:27.816+0000] {dag.py:4180} INFO - Setting next_dagrun for example_external_task_marker_parent to None, run_after=None
[2024-10-12T16:41:27.833+0000] {processor.py:208} INFO - Processing /home/airflow/.local/lib/python3.12/site-packages/airflow/example_dags/example_external_task_marker_dag.py took 0.054 seconds
