[2024-10-12T16:35:23.516+0000] {processor.py:186} INFO - Started process (PID=219) to work on /home/airflow/.local/lib/python3.12/site-packages/airflow/example_dags/example_datasets.py
[2024-10-12T16:35:23.517+0000] {processor.py:914} INFO - Processing file /home/airflow/.local/lib/python3.12/site-packages/airflow/example_dags/example_datasets.py for tasks to queue
[2024-10-12T16:35:23.519+0000] {logging_mixin.py:190} INFO - [2024-10-12T16:35:23.519+0000] {dagbag.py:588} INFO - Filling up the DagBag from /home/airflow/.local/lib/python3.12/site-packages/airflow/example_dags/example_datasets.py
[2024-10-12T16:35:23.812+0000] {processor.py:925} INFO - DAG(s) 'consume_1_or_2_with_dataset_expressions', 'dataset_produces_2', 'dataset_consumes_1_and_2', 'dataset_consumes_1_never_scheduled', 'consume_1_or_both_2_and_3_with_dataset_expressions', 'conditional_dataset_and_time_based_timetable', 'consume_1_and_2_with_dataset_expressions', 'dataset_produces_1', 'dataset_consumes_1', 'dataset_consumes_unknown_never_scheduled' retrieved from /home/airflow/.local/lib/python3.12/site-packages/airflow/example_dags/example_datasets.py
[2024-10-12T16:35:23.869+0000] {logging_mixin.py:190} INFO - [2024-10-12T16:35:23.868+0000] {override.py:1900} INFO - Created Permission View: can edit on DAG:consume_1_or_2_with_dataset_expressions
[2024-10-12T16:35:23.874+0000] {logging_mixin.py:190} INFO - [2024-10-12T16:35:23.874+0000] {override.py:1900} INFO - Created Permission View: can read on DAG:consume_1_or_2_with_dataset_expressions
[2024-10-12T16:35:23.877+0000] {logging_mixin.py:190} INFO - [2024-10-12T16:35:23.877+0000] {override.py:1900} INFO - Created Permission View: can delete on DAG:consume_1_or_2_with_dataset_expressions
[2024-10-12T16:35:23.880+0000] {logging_mixin.py:190} INFO - [2024-10-12T16:35:23.880+0000] {override.py:1900} INFO - Created Permission View: menu access on DAG Run:consume_1_or_2_with_dataset_expressions
[2024-10-12T16:35:23.883+0000] {logging_mixin.py:190} INFO - [2024-10-12T16:35:23.883+0000] {override.py:1900} INFO - Created Permission View: can read on DAG Run:consume_1_or_2_with_dataset_expressions
[2024-10-12T16:35:23.886+0000] {logging_mixin.py:190} INFO - [2024-10-12T16:35:23.886+0000] {override.py:1900} INFO - Created Permission View: can delete on DAG Run:consume_1_or_2_with_dataset_expressions
[2024-10-12T16:35:23.890+0000] {logging_mixin.py:190} INFO - [2024-10-12T16:35:23.890+0000] {override.py:1900} INFO - Created Permission View: can create on DAG Run:consume_1_or_2_with_dataset_expressions
[2024-10-12T16:35:23.897+0000] {logging_mixin.py:190} INFO - [2024-10-12T16:35:23.896+0000] {override.py:1900} INFO - Created Permission View: can edit on DAG:dataset_produces_2
[2024-10-12T16:35:23.900+0000] {logging_mixin.py:190} INFO - [2024-10-12T16:35:23.900+0000] {override.py:1900} INFO - Created Permission View: can read on DAG:dataset_produces_2
[2024-10-12T16:35:23.903+0000] {logging_mixin.py:190} INFO - [2024-10-12T16:35:23.903+0000] {override.py:1900} INFO - Created Permission View: can delete on DAG:dataset_produces_2
[2024-10-12T16:35:23.906+0000] {logging_mixin.py:190} INFO - [2024-10-12T16:35:23.906+0000] {override.py:1900} INFO - Created Permission View: menu access on DAG Run:dataset_produces_2
[2024-10-12T16:35:23.909+0000] {logging_mixin.py:190} INFO - [2024-10-12T16:35:23.909+0000] {override.py:1900} INFO - Created Permission View: can read on DAG Run:dataset_produces_2
[2024-10-12T16:35:23.912+0000] {logging_mixin.py:190} INFO - [2024-10-12T16:35:23.912+0000] {override.py:1900} INFO - Created Permission View: can delete on DAG Run:dataset_produces_2
[2024-10-12T16:35:23.914+0000] {logging_mixin.py:190} INFO - [2024-10-12T16:35:23.914+0000] {override.py:1900} INFO - Created Permission View: can create on DAG Run:dataset_produces_2
[2024-10-12T16:35:23.920+0000] {logging_mixin.py:190} INFO - [2024-10-12T16:35:23.920+0000] {override.py:1900} INFO - Created Permission View: can edit on DAG:dataset_consumes_1_and_2
[2024-10-12T16:35:23.923+0000] {logging_mixin.py:190} INFO - [2024-10-12T16:35:23.923+0000] {override.py:1900} INFO - Created Permission View: can read on DAG:dataset_consumes_1_and_2
[2024-10-12T16:35:23.927+0000] {logging_mixin.py:190} INFO - [2024-10-12T16:35:23.926+0000] {override.py:1900} INFO - Created Permission View: can delete on DAG:dataset_consumes_1_and_2
[2024-10-12T16:35:23.930+0000] {logging_mixin.py:190} INFO - [2024-10-12T16:35:23.930+0000] {override.py:1900} INFO - Created Permission View: menu access on DAG Run:dataset_consumes_1_and_2
[2024-10-12T16:35:23.933+0000] {logging_mixin.py:190} INFO - [2024-10-12T16:35:23.933+0000] {override.py:1900} INFO - Created Permission View: can read on DAG Run:dataset_consumes_1_and_2
[2024-10-12T16:35:23.937+0000] {logging_mixin.py:190} INFO - [2024-10-12T16:35:23.937+0000] {override.py:1900} INFO - Created Permission View: can delete on DAG Run:dataset_consumes_1_and_2
[2024-10-12T16:35:23.940+0000] {logging_mixin.py:190} INFO - [2024-10-12T16:35:23.940+0000] {override.py:1900} INFO - Created Permission View: can create on DAG Run:dataset_consumes_1_and_2
[2024-10-12T16:35:23.950+0000] {logging_mixin.py:190} INFO - [2024-10-12T16:35:23.950+0000] {override.py:1900} INFO - Created Permission View: can edit on DAG:dataset_consumes_1_never_scheduled
[2024-10-12T16:35:23.953+0000] {logging_mixin.py:190} INFO - [2024-10-12T16:35:23.953+0000] {override.py:1900} INFO - Created Permission View: can read on DAG:dataset_consumes_1_never_scheduled
[2024-10-12T16:35:23.956+0000] {logging_mixin.py:190} INFO - [2024-10-12T16:35:23.956+0000] {override.py:1900} INFO - Created Permission View: can delete on DAG:dataset_consumes_1_never_scheduled
[2024-10-12T16:35:23.959+0000] {logging_mixin.py:190} INFO - [2024-10-12T16:35:23.959+0000] {override.py:1900} INFO - Created Permission View: menu access on DAG Run:dataset_consumes_1_never_scheduled
[2024-10-12T16:35:23.962+0000] {logging_mixin.py:190} INFO - [2024-10-12T16:35:23.962+0000] {override.py:1900} INFO - Created Permission View: can read on DAG Run:dataset_consumes_1_never_scheduled
[2024-10-12T16:35:23.966+0000] {logging_mixin.py:190} INFO - [2024-10-12T16:35:23.965+0000] {override.py:1900} INFO - Created Permission View: can delete on DAG Run:dataset_consumes_1_never_scheduled
[2024-10-12T16:35:23.969+0000] {logging_mixin.py:190} INFO - [2024-10-12T16:35:23.968+0000] {override.py:1900} INFO - Created Permission View: can create on DAG Run:dataset_consumes_1_never_scheduled
[2024-10-12T16:35:23.974+0000] {logging_mixin.py:190} INFO - [2024-10-12T16:35:23.974+0000] {override.py:1900} INFO - Created Permission View: can edit on DAG:consume_1_or_both_2_and_3_with_dataset_expressions
[2024-10-12T16:35:23.977+0000] {logging_mixin.py:190} INFO - [2024-10-12T16:35:23.977+0000] {override.py:1900} INFO - Created Permission View: can read on DAG:consume_1_or_both_2_and_3_with_dataset_expressions
[2024-10-12T16:35:23.980+0000] {logging_mixin.py:190} INFO - [2024-10-12T16:35:23.980+0000] {override.py:1900} INFO - Created Permission View: can delete on DAG:consume_1_or_both_2_and_3_with_dataset_expressions
[2024-10-12T16:35:23.984+0000] {logging_mixin.py:190} INFO - [2024-10-12T16:35:23.983+0000] {override.py:1900} INFO - Created Permission View: menu access on DAG Run:consume_1_or_both_2_and_3_with_dataset_expressions
[2024-10-12T16:35:23.986+0000] {logging_mixin.py:190} INFO - [2024-10-12T16:35:23.986+0000] {override.py:1900} INFO - Created Permission View: can read on DAG Run:consume_1_or_both_2_and_3_with_dataset_expressions
[2024-10-12T16:35:23.989+0000] {logging_mixin.py:190} INFO - [2024-10-12T16:35:23.989+0000] {override.py:1900} INFO - Created Permission View: can delete on DAG Run:consume_1_or_both_2_and_3_with_dataset_expressions
[2024-10-12T16:35:23.992+0000] {logging_mixin.py:190} INFO - [2024-10-12T16:35:23.992+0000] {override.py:1900} INFO - Created Permission View: can create on DAG Run:consume_1_or_both_2_and_3_with_dataset_expressions
[2024-10-12T16:35:23.998+0000] {logging_mixin.py:190} INFO - [2024-10-12T16:35:23.997+0000] {override.py:1900} INFO - Created Permission View: can edit on DAG:conditional_dataset_and_time_based_timetable
[2024-10-12T16:35:24.001+0000] {logging_mixin.py:190} INFO - [2024-10-12T16:35:24.000+0000] {override.py:1900} INFO - Created Permission View: can read on DAG:conditional_dataset_and_time_based_timetable
[2024-10-12T16:35:24.004+0000] {logging_mixin.py:190} INFO - [2024-10-12T16:35:24.003+0000] {override.py:1900} INFO - Created Permission View: can delete on DAG:conditional_dataset_and_time_based_timetable
[2024-10-12T16:35:24.008+0000] {logging_mixin.py:190} INFO - [2024-10-12T16:35:24.008+0000] {override.py:1900} INFO - Created Permission View: menu access on DAG Run:conditional_dataset_and_time_based_timetable
[2024-10-12T16:35:24.013+0000] {logging_mixin.py:190} INFO - [2024-10-12T16:35:24.012+0000] {override.py:1900} INFO - Created Permission View: can read on DAG Run:conditional_dataset_and_time_based_timetable
[2024-10-12T16:35:24.016+0000] {logging_mixin.py:190} INFO - [2024-10-12T16:35:24.016+0000] {override.py:1900} INFO - Created Permission View: can delete on DAG Run:conditional_dataset_and_time_based_timetable
[2024-10-12T16:35:24.020+0000] {logging_mixin.py:190} INFO - [2024-10-12T16:35:24.020+0000] {override.py:1900} INFO - Created Permission View: can create on DAG Run:conditional_dataset_and_time_based_timetable
[2024-10-12T16:35:24.026+0000] {logging_mixin.py:190} INFO - [2024-10-12T16:35:24.026+0000] {override.py:1900} INFO - Created Permission View: can edit on DAG:consume_1_and_2_with_dataset_expressions
[2024-10-12T16:35:24.030+0000] {logging_mixin.py:190} INFO - [2024-10-12T16:35:24.030+0000] {override.py:1900} INFO - Created Permission View: can read on DAG:consume_1_and_2_with_dataset_expressions
[2024-10-12T16:35:24.033+0000] {logging_mixin.py:190} INFO - [2024-10-12T16:35:24.033+0000] {override.py:1900} INFO - Created Permission View: can delete on DAG:consume_1_and_2_with_dataset_expressions
[2024-10-12T16:35:24.037+0000] {logging_mixin.py:190} INFO - [2024-10-12T16:35:24.037+0000] {override.py:1900} INFO - Created Permission View: menu access on DAG Run:consume_1_and_2_with_dataset_expressions
[2024-10-12T16:35:24.040+0000] {logging_mixin.py:190} INFO - [2024-10-12T16:35:24.040+0000] {override.py:1900} INFO - Created Permission View: can read on DAG Run:consume_1_and_2_with_dataset_expressions
[2024-10-12T16:35:24.043+0000] {logging_mixin.py:190} INFO - [2024-10-12T16:35:24.043+0000] {override.py:1900} INFO - Created Permission View: can delete on DAG Run:consume_1_and_2_with_dataset_expressions
[2024-10-12T16:35:24.046+0000] {logging_mixin.py:190} INFO - [2024-10-12T16:35:24.046+0000] {override.py:1900} INFO - Created Permission View: can create on DAG Run:consume_1_and_2_with_dataset_expressions
[2024-10-12T16:35:24.052+0000] {logging_mixin.py:190} INFO - [2024-10-12T16:35:24.052+0000] {override.py:1900} INFO - Created Permission View: can edit on DAG:dataset_produces_1
[2024-10-12T16:35:24.055+0000] {logging_mixin.py:190} INFO - [2024-10-12T16:35:24.054+0000] {override.py:1900} INFO - Created Permission View: can read on DAG:dataset_produces_1
[2024-10-12T16:35:24.057+0000] {logging_mixin.py:190} INFO - [2024-10-12T16:35:24.057+0000] {override.py:1900} INFO - Created Permission View: can delete on DAG:dataset_produces_1
[2024-10-12T16:35:24.061+0000] {logging_mixin.py:190} INFO - [2024-10-12T16:35:24.061+0000] {override.py:1900} INFO - Created Permission View: menu access on DAG Run:dataset_produces_1
[2024-10-12T16:35:24.064+0000] {logging_mixin.py:190} INFO - [2024-10-12T16:35:24.064+0000] {override.py:1900} INFO - Created Permission View: can read on DAG Run:dataset_produces_1
[2024-10-12T16:35:24.071+0000] {logging_mixin.py:190} INFO - [2024-10-12T16:35:24.071+0000] {override.py:1900} INFO - Created Permission View: can delete on DAG Run:dataset_produces_1
[2024-10-12T16:35:24.075+0000] {logging_mixin.py:190} INFO - [2024-10-12T16:35:24.075+0000] {override.py:1900} INFO - Created Permission View: can create on DAG Run:dataset_produces_1
[2024-10-12T16:35:24.081+0000] {logging_mixin.py:190} INFO - [2024-10-12T16:35:24.081+0000] {override.py:1900} INFO - Created Permission View: can edit on DAG:dataset_consumes_1
[2024-10-12T16:35:24.085+0000] {logging_mixin.py:190} INFO - [2024-10-12T16:35:24.085+0000] {override.py:1900} INFO - Created Permission View: can read on DAG:dataset_consumes_1
[2024-10-12T16:35:24.088+0000] {logging_mixin.py:190} INFO - [2024-10-12T16:35:24.088+0000] {override.py:1900} INFO - Created Permission View: can delete on DAG:dataset_consumes_1
[2024-10-12T16:35:24.092+0000] {logging_mixin.py:190} INFO - [2024-10-12T16:35:24.092+0000] {override.py:1900} INFO - Created Permission View: menu access on DAG Run:dataset_consumes_1
[2024-10-12T16:35:24.095+0000] {logging_mixin.py:190} INFO - [2024-10-12T16:35:24.095+0000] {override.py:1900} INFO - Created Permission View: can read on DAG Run:dataset_consumes_1
[2024-10-12T16:35:24.098+0000] {logging_mixin.py:190} INFO - [2024-10-12T16:35:24.098+0000] {override.py:1900} INFO - Created Permission View: can delete on DAG Run:dataset_consumes_1
[2024-10-12T16:35:24.101+0000] {logging_mixin.py:190} INFO - [2024-10-12T16:35:24.101+0000] {override.py:1900} INFO - Created Permission View: can create on DAG Run:dataset_consumes_1
[2024-10-12T16:35:24.107+0000] {logging_mixin.py:190} INFO - [2024-10-12T16:35:24.107+0000] {override.py:1900} INFO - Created Permission View: can edit on DAG:dataset_consumes_unknown_never_scheduled
[2024-10-12T16:35:24.110+0000] {logging_mixin.py:190} INFO - [2024-10-12T16:35:24.110+0000] {override.py:1900} INFO - Created Permission View: can read on DAG:dataset_consumes_unknown_never_scheduled
[2024-10-12T16:35:24.114+0000] {logging_mixin.py:190} INFO - [2024-10-12T16:35:24.114+0000] {override.py:1900} INFO - Created Permission View: can delete on DAG:dataset_consumes_unknown_never_scheduled
[2024-10-12T16:35:24.118+0000] {logging_mixin.py:190} INFO - [2024-10-12T16:35:24.118+0000] {override.py:1900} INFO - Created Permission View: menu access on DAG Run:dataset_consumes_unknown_never_scheduled
[2024-10-12T16:35:24.123+0000] {logging_mixin.py:190} INFO - [2024-10-12T16:35:24.123+0000] {override.py:1900} INFO - Created Permission View: can read on DAG Run:dataset_consumes_unknown_never_scheduled
[2024-10-12T16:35:24.126+0000] {logging_mixin.py:190} INFO - [2024-10-12T16:35:24.126+0000] {override.py:1900} INFO - Created Permission View: can delete on DAG Run:dataset_consumes_unknown_never_scheduled
[2024-10-12T16:35:24.129+0000] {logging_mixin.py:190} INFO - [2024-10-12T16:35:24.129+0000] {override.py:1900} INFO - Created Permission View: can create on DAG Run:dataset_consumes_unknown_never_scheduled
[2024-10-12T16:35:24.129+0000] {logging_mixin.py:190} INFO - [2024-10-12T16:35:24.129+0000] {dag.py:3239} INFO - Sync 10 DAGs
[2024-10-12T16:35:24.136+0000] {logging_mixin.py:190} INFO - [2024-10-12T16:35:24.136+0000] {dag.py:3262} INFO - Creating ORM DAG for dataset_consumes_unknown_never_scheduled
[2024-10-12T16:35:24.136+0000] {logging_mixin.py:190} INFO - [2024-10-12T16:35:24.136+0000] {dag.py:3262} INFO - Creating ORM DAG for dataset_consumes_1_never_scheduled
[2024-10-12T16:35:24.136+0000] {logging_mixin.py:190} INFO - [2024-10-12T16:35:24.136+0000] {dag.py:3262} INFO - Creating ORM DAG for dataset_produces_1
[2024-10-12T16:35:24.137+0000] {logging_mixin.py:190} INFO - [2024-10-12T16:35:24.137+0000] {dag.py:3262} INFO - Creating ORM DAG for consume_1_or_both_2_and_3_with_dataset_expressions
[2024-10-12T16:35:24.137+0000] {logging_mixin.py:190} INFO - [2024-10-12T16:35:24.137+0000] {dag.py:3262} INFO - Creating ORM DAG for dataset_produces_2
[2024-10-12T16:35:24.137+0000] {logging_mixin.py:190} INFO - [2024-10-12T16:35:24.137+0000] {dag.py:3262} INFO - Creating ORM DAG for conditional_dataset_and_time_based_timetable
[2024-10-12T16:35:24.137+0000] {logging_mixin.py:190} INFO - [2024-10-12T16:35:24.137+0000] {dag.py:3262} INFO - Creating ORM DAG for dataset_consumes_1
[2024-10-12T16:35:24.138+0000] {logging_mixin.py:190} INFO - [2024-10-12T16:35:24.138+0000] {dag.py:3262} INFO - Creating ORM DAG for dataset_consumes_1_and_2
[2024-10-12T16:35:24.138+0000] {logging_mixin.py:190} INFO - [2024-10-12T16:35:24.138+0000] {dag.py:3262} INFO - Creating ORM DAG for consume_1_and_2_with_dataset_expressions
[2024-10-12T16:35:24.138+0000] {logging_mixin.py:190} INFO - [2024-10-12T16:35:24.138+0000] {dag.py:3262} INFO - Creating ORM DAG for consume_1_or_2_with_dataset_expressions
[2024-10-12T16:35:24.144+0000] {logging_mixin.py:190} INFO - [2024-10-12T16:35:24.144+0000] {dag.py:4180} INFO - Setting next_dagrun for conditional_dataset_and_time_based_timetable to 2024-10-09 01:00:00+00:00, run_after=2024-10-09 01:00:00+00:00
[2024-10-12T16:35:24.144+0000] {logging_mixin.py:190} INFO - [2024-10-12T16:35:24.144+0000] {dag.py:4180} INFO - Setting next_dagrun for consume_1_and_2_with_dataset_expressions to None, run_after=None
[2024-10-12T16:35:24.145+0000] {logging_mixin.py:190} INFO - [2024-10-12T16:35:24.145+0000] {dag.py:4180} INFO - Setting next_dagrun for consume_1_or_2_with_dataset_expressions to None, run_after=None
[2024-10-12T16:35:24.145+0000] {logging_mixin.py:190} INFO - [2024-10-12T16:35:24.145+0000] {dag.py:4180} INFO - Setting next_dagrun for consume_1_or_both_2_and_3_with_dataset_expressions to None, run_after=None
[2024-10-12T16:35:24.146+0000] {logging_mixin.py:190} INFO - [2024-10-12T16:35:24.146+0000] {dag.py:4180} INFO - Setting next_dagrun for dataset_consumes_1 to None, run_after=None
[2024-10-12T16:35:24.146+0000] {logging_mixin.py:190} INFO - [2024-10-12T16:35:24.146+0000] {dag.py:4180} INFO - Setting next_dagrun for dataset_consumes_1_and_2 to None, run_after=None
[2024-10-12T16:35:24.147+0000] {logging_mixin.py:190} INFO - [2024-10-12T16:35:24.147+0000] {dag.py:4180} INFO - Setting next_dagrun for dataset_consumes_1_never_scheduled to None, run_after=None
[2024-10-12T16:35:24.147+0000] {logging_mixin.py:190} INFO - [2024-10-12T16:35:24.147+0000] {dag.py:4180} INFO - Setting next_dagrun for dataset_consumes_unknown_never_scheduled to None, run_after=None
[2024-10-12T16:35:24.149+0000] {logging_mixin.py:190} INFO - [2024-10-12T16:35:24.149+0000] {dag.py:4180} INFO - Setting next_dagrun for dataset_produces_1 to 2024-10-11 00:00:00+00:00, run_after=2024-10-12 00:00:00+00:00
[2024-10-12T16:35:24.150+0000] {logging_mixin.py:190} INFO - [2024-10-12T16:35:24.150+0000] {dag.py:4180} INFO - Setting next_dagrun for dataset_produces_2 to None, run_after=None
[2024-10-12T16:35:24.171+0000] {processor.py:208} INFO - Processing /home/airflow/.local/lib/python3.12/site-packages/airflow/example_dags/example_datasets.py took 0.659 seconds
[2024-10-12T16:35:54.791+0000] {processor.py:186} INFO - Started process (PID=516) to work on /home/airflow/.local/lib/python3.12/site-packages/airflow/example_dags/example_datasets.py
[2024-10-12T16:35:54.792+0000] {processor.py:914} INFO - Processing file /home/airflow/.local/lib/python3.12/site-packages/airflow/example_dags/example_datasets.py for tasks to queue
[2024-10-12T16:35:54.793+0000] {logging_mixin.py:190} INFO - [2024-10-12T16:35:54.793+0000] {dagbag.py:588} INFO - Filling up the DagBag from /home/airflow/.local/lib/python3.12/site-packages/airflow/example_dags/example_datasets.py
[2024-10-12T16:35:54.864+0000] {processor.py:925} INFO - DAG(s) 'dataset_consumes_unknown_never_scheduled', 'conditional_dataset_and_time_based_timetable', 'dataset_consumes_1_and_2', 'consume_1_or_both_2_and_3_with_dataset_expressions', 'dataset_consumes_1_never_scheduled', 'dataset_produces_2', 'dataset_produces_1', 'consume_1_or_2_with_dataset_expressions', 'consume_1_and_2_with_dataset_expressions', 'dataset_consumes_1' retrieved from /home/airflow/.local/lib/python3.12/site-packages/airflow/example_dags/example_datasets.py
[2024-10-12T16:35:54.884+0000] {logging_mixin.py:190} INFO - [2024-10-12T16:35:54.884+0000] {dag.py:3239} INFO - Sync 10 DAGs
[2024-10-12T16:35:54.900+0000] {logging_mixin.py:190} INFO - [2024-10-12T16:35:54.899+0000] {dag.py:4180} INFO - Setting next_dagrun for conditional_dataset_and_time_based_timetable to 2024-10-09 01:00:00+00:00, run_after=2024-10-09 01:00:00+00:00
[2024-10-12T16:35:54.903+0000] {logging_mixin.py:190} INFO - [2024-10-12T16:35:54.903+0000] {dag.py:4180} INFO - Setting next_dagrun for consume_1_and_2_with_dataset_expressions to None, run_after=None
[2024-10-12T16:35:54.904+0000] {logging_mixin.py:190} INFO - [2024-10-12T16:35:54.904+0000] {dag.py:4180} INFO - Setting next_dagrun for consume_1_or_2_with_dataset_expressions to None, run_after=None
[2024-10-12T16:35:54.905+0000] {logging_mixin.py:190} INFO - [2024-10-12T16:35:54.905+0000] {dag.py:4180} INFO - Setting next_dagrun for consume_1_or_both_2_and_3_with_dataset_expressions to None, run_after=None
[2024-10-12T16:35:54.905+0000] {logging_mixin.py:190} INFO - [2024-10-12T16:35:54.905+0000] {dag.py:4180} INFO - Setting next_dagrun for dataset_consumes_1 to None, run_after=None
[2024-10-12T16:35:54.906+0000] {logging_mixin.py:190} INFO - [2024-10-12T16:35:54.906+0000] {dag.py:4180} INFO - Setting next_dagrun for dataset_consumes_1_and_2 to None, run_after=None
[2024-10-12T16:35:54.907+0000] {logging_mixin.py:190} INFO - [2024-10-12T16:35:54.907+0000] {dag.py:4180} INFO - Setting next_dagrun for dataset_consumes_1_never_scheduled to None, run_after=None
[2024-10-12T16:35:54.907+0000] {logging_mixin.py:190} INFO - [2024-10-12T16:35:54.907+0000] {dag.py:4180} INFO - Setting next_dagrun for dataset_consumes_unknown_never_scheduled to None, run_after=None
[2024-10-12T16:35:54.909+0000] {logging_mixin.py:190} INFO - [2024-10-12T16:35:54.908+0000] {dag.py:4180} INFO - Setting next_dagrun for dataset_produces_1 to 2024-10-11 00:00:00+00:00, run_after=2024-10-12 00:00:00+00:00
[2024-10-12T16:35:54.909+0000] {logging_mixin.py:190} INFO - [2024-10-12T16:35:54.909+0000] {dag.py:4180} INFO - Setting next_dagrun for dataset_produces_2 to None, run_after=None
[2024-10-12T16:35:54.926+0000] {processor.py:208} INFO - Processing /home/airflow/.local/lib/python3.12/site-packages/airflow/example_dags/example_datasets.py took 0.139 seconds
[2024-10-12T16:36:25.010+0000] {processor.py:186} INFO - Started process (PID=802) to work on /home/airflow/.local/lib/python3.12/site-packages/airflow/example_dags/example_datasets.py
[2024-10-12T16:36:25.011+0000] {processor.py:914} INFO - Processing file /home/airflow/.local/lib/python3.12/site-packages/airflow/example_dags/example_datasets.py for tasks to queue
[2024-10-12T16:36:25.012+0000] {logging_mixin.py:190} INFO - [2024-10-12T16:36:25.012+0000] {dagbag.py:588} INFO - Filling up the DagBag from /home/airflow/.local/lib/python3.12/site-packages/airflow/example_dags/example_datasets.py
[2024-10-12T16:36:25.084+0000] {processor.py:925} INFO - DAG(s) 'dataset_consumes_1_never_scheduled', 'consume_1_and_2_with_dataset_expressions', 'dataset_consumes_unknown_never_scheduled', 'consume_1_or_2_with_dataset_expressions', 'dataset_consumes_1', 'dataset_consumes_1_and_2', 'conditional_dataset_and_time_based_timetable', 'dataset_produces_2', 'consume_1_or_both_2_and_3_with_dataset_expressions', 'dataset_produces_1' retrieved from /home/airflow/.local/lib/python3.12/site-packages/airflow/example_dags/example_datasets.py
[2024-10-12T16:36:25.105+0000] {logging_mixin.py:190} INFO - [2024-10-12T16:36:25.105+0000] {dag.py:3239} INFO - Sync 10 DAGs
[2024-10-12T16:36:25.122+0000] {logging_mixin.py:190} INFO - [2024-10-12T16:36:25.122+0000] {dag.py:4180} INFO - Setting next_dagrun for conditional_dataset_and_time_based_timetable to 2024-10-09 01:00:00+00:00, run_after=2024-10-09 01:00:00+00:00
[2024-10-12T16:36:25.124+0000] {logging_mixin.py:190} INFO - [2024-10-12T16:36:25.124+0000] {dag.py:4180} INFO - Setting next_dagrun for consume_1_and_2_with_dataset_expressions to None, run_after=None
[2024-10-12T16:36:25.125+0000] {logging_mixin.py:190} INFO - [2024-10-12T16:36:25.125+0000] {dag.py:4180} INFO - Setting next_dagrun for consume_1_or_2_with_dataset_expressions to None, run_after=None
[2024-10-12T16:36:25.126+0000] {logging_mixin.py:190} INFO - [2024-10-12T16:36:25.126+0000] {dag.py:4180} INFO - Setting next_dagrun for consume_1_or_both_2_and_3_with_dataset_expressions to None, run_after=None
[2024-10-12T16:36:25.126+0000] {logging_mixin.py:190} INFO - [2024-10-12T16:36:25.126+0000] {dag.py:4180} INFO - Setting next_dagrun for dataset_consumes_1 to None, run_after=None
[2024-10-12T16:36:25.127+0000] {logging_mixin.py:190} INFO - [2024-10-12T16:36:25.127+0000] {dag.py:4180} INFO - Setting next_dagrun for dataset_consumes_1_and_2 to None, run_after=None
[2024-10-12T16:36:25.128+0000] {logging_mixin.py:190} INFO - [2024-10-12T16:36:25.128+0000] {dag.py:4180} INFO - Setting next_dagrun for dataset_consumes_1_never_scheduled to None, run_after=None
[2024-10-12T16:36:25.128+0000] {logging_mixin.py:190} INFO - [2024-10-12T16:36:25.128+0000] {dag.py:4180} INFO - Setting next_dagrun for dataset_consumes_unknown_never_scheduled to None, run_after=None
[2024-10-12T16:36:25.129+0000] {logging_mixin.py:190} INFO - [2024-10-12T16:36:25.129+0000] {dag.py:4180} INFO - Setting next_dagrun for dataset_produces_1 to 2024-10-11 00:00:00+00:00, run_after=2024-10-12 00:00:00+00:00
[2024-10-12T16:36:25.130+0000] {logging_mixin.py:190} INFO - [2024-10-12T16:36:25.130+0000] {dag.py:4180} INFO - Setting next_dagrun for dataset_produces_2 to None, run_after=None
[2024-10-12T16:36:25.146+0000] {processor.py:208} INFO - Processing /home/airflow/.local/lib/python3.12/site-packages/airflow/example_dags/example_datasets.py took 0.139 seconds
[2024-10-12T16:36:55.225+0000] {processor.py:186} INFO - Started process (PID=1098) to work on /home/airflow/.local/lib/python3.12/site-packages/airflow/example_dags/example_datasets.py
[2024-10-12T16:36:55.225+0000] {processor.py:914} INFO - Processing file /home/airflow/.local/lib/python3.12/site-packages/airflow/example_dags/example_datasets.py for tasks to queue
[2024-10-12T16:36:55.227+0000] {logging_mixin.py:190} INFO - [2024-10-12T16:36:55.226+0000] {dagbag.py:588} INFO - Filling up the DagBag from /home/airflow/.local/lib/python3.12/site-packages/airflow/example_dags/example_datasets.py
[2024-10-12T16:36:55.298+0000] {processor.py:925} INFO - DAG(s) 'consume_1_or_both_2_and_3_with_dataset_expressions', 'dataset_consumes_1_never_scheduled', 'consume_1_or_2_with_dataset_expressions', 'dataset_consumes_unknown_never_scheduled', 'dataset_produces_1', 'dataset_consumes_1', 'conditional_dataset_and_time_based_timetable', 'consume_1_and_2_with_dataset_expressions', 'dataset_produces_2', 'dataset_consumes_1_and_2' retrieved from /home/airflow/.local/lib/python3.12/site-packages/airflow/example_dags/example_datasets.py
[2024-10-12T16:36:55.319+0000] {logging_mixin.py:190} INFO - [2024-10-12T16:36:55.319+0000] {dag.py:3239} INFO - Sync 10 DAGs
[2024-10-12T16:36:55.333+0000] {logging_mixin.py:190} INFO - [2024-10-12T16:36:55.333+0000] {dag.py:4180} INFO - Setting next_dagrun for conditional_dataset_and_time_based_timetable to 2024-10-09 01:00:00+00:00, run_after=2024-10-09 01:00:00+00:00
[2024-10-12T16:36:55.335+0000] {logging_mixin.py:190} INFO - [2024-10-12T16:36:55.335+0000] {dag.py:4180} INFO - Setting next_dagrun for consume_1_and_2_with_dataset_expressions to None, run_after=None
[2024-10-12T16:36:55.336+0000] {logging_mixin.py:190} INFO - [2024-10-12T16:36:55.336+0000] {dag.py:4180} INFO - Setting next_dagrun for consume_1_or_2_with_dataset_expressions to None, run_after=None
[2024-10-12T16:36:55.337+0000] {logging_mixin.py:190} INFO - [2024-10-12T16:36:55.337+0000] {dag.py:4180} INFO - Setting next_dagrun for consume_1_or_both_2_and_3_with_dataset_expressions to None, run_after=None
[2024-10-12T16:36:55.337+0000] {logging_mixin.py:190} INFO - [2024-10-12T16:36:55.337+0000] {dag.py:4180} INFO - Setting next_dagrun for dataset_consumes_1 to None, run_after=None
[2024-10-12T16:36:55.338+0000] {logging_mixin.py:190} INFO - [2024-10-12T16:36:55.338+0000] {dag.py:4180} INFO - Setting next_dagrun for dataset_consumes_1_and_2 to None, run_after=None
[2024-10-12T16:36:55.339+0000] {logging_mixin.py:190} INFO - [2024-10-12T16:36:55.339+0000] {dag.py:4180} INFO - Setting next_dagrun for dataset_consumes_1_never_scheduled to None, run_after=None
[2024-10-12T16:36:55.339+0000] {logging_mixin.py:190} INFO - [2024-10-12T16:36:55.339+0000] {dag.py:4180} INFO - Setting next_dagrun for dataset_consumes_unknown_never_scheduled to None, run_after=None
[2024-10-12T16:36:55.341+0000] {logging_mixin.py:190} INFO - [2024-10-12T16:36:55.341+0000] {dag.py:4180} INFO - Setting next_dagrun for dataset_produces_1 to 2024-10-11 00:00:00+00:00, run_after=2024-10-12 00:00:00+00:00
[2024-10-12T16:36:55.341+0000] {logging_mixin.py:190} INFO - [2024-10-12T16:36:55.341+0000] {dag.py:4180} INFO - Setting next_dagrun for dataset_produces_2 to None, run_after=None
[2024-10-12T16:36:55.357+0000] {processor.py:208} INFO - Processing /home/airflow/.local/lib/python3.12/site-packages/airflow/example_dags/example_datasets.py took 0.135 seconds
[2024-10-12T16:37:25.554+0000] {processor.py:186} INFO - Started process (PID=1394) to work on /home/airflow/.local/lib/python3.12/site-packages/airflow/example_dags/example_datasets.py
[2024-10-12T16:37:25.555+0000] {processor.py:914} INFO - Processing file /home/airflow/.local/lib/python3.12/site-packages/airflow/example_dags/example_datasets.py for tasks to queue
[2024-10-12T16:37:25.556+0000] {logging_mixin.py:190} INFO - [2024-10-12T16:37:25.556+0000] {dagbag.py:588} INFO - Filling up the DagBag from /home/airflow/.local/lib/python3.12/site-packages/airflow/example_dags/example_datasets.py
[2024-10-12T16:37:25.627+0000] {processor.py:925} INFO - DAG(s) 'conditional_dataset_and_time_based_timetable', 'dataset_consumes_1_never_scheduled', 'consume_1_or_2_with_dataset_expressions', 'dataset_consumes_1', 'dataset_produces_1', 'consume_1_and_2_with_dataset_expressions', 'dataset_produces_2', 'consume_1_or_both_2_and_3_with_dataset_expressions', 'dataset_consumes_1_and_2', 'dataset_consumes_unknown_never_scheduled' retrieved from /home/airflow/.local/lib/python3.12/site-packages/airflow/example_dags/example_datasets.py
[2024-10-12T16:37:25.649+0000] {logging_mixin.py:190} INFO - [2024-10-12T16:37:25.649+0000] {dag.py:3239} INFO - Sync 10 DAGs
[2024-10-12T16:37:25.663+0000] {logging_mixin.py:190} INFO - [2024-10-12T16:37:25.662+0000] {dag.py:4180} INFO - Setting next_dagrun for conditional_dataset_and_time_based_timetable to 2024-10-09 01:00:00+00:00, run_after=2024-10-09 01:00:00+00:00
[2024-10-12T16:37:25.666+0000] {logging_mixin.py:190} INFO - [2024-10-12T16:37:25.666+0000] {dag.py:4180} INFO - Setting next_dagrun for consume_1_and_2_with_dataset_expressions to None, run_after=None
[2024-10-12T16:37:25.667+0000] {logging_mixin.py:190} INFO - [2024-10-12T16:37:25.667+0000] {dag.py:4180} INFO - Setting next_dagrun for consume_1_or_2_with_dataset_expressions to None, run_after=None
[2024-10-12T16:37:25.667+0000] {logging_mixin.py:190} INFO - [2024-10-12T16:37:25.667+0000] {dag.py:4180} INFO - Setting next_dagrun for consume_1_or_both_2_and_3_with_dataset_expressions to None, run_after=None
[2024-10-12T16:37:25.668+0000] {logging_mixin.py:190} INFO - [2024-10-12T16:37:25.668+0000] {dag.py:4180} INFO - Setting next_dagrun for dataset_consumes_1 to None, run_after=None
[2024-10-12T16:37:25.669+0000] {logging_mixin.py:190} INFO - [2024-10-12T16:37:25.669+0000] {dag.py:4180} INFO - Setting next_dagrun for dataset_consumes_1_and_2 to None, run_after=None
[2024-10-12T16:37:25.670+0000] {logging_mixin.py:190} INFO - [2024-10-12T16:37:25.670+0000] {dag.py:4180} INFO - Setting next_dagrun for dataset_consumes_1_never_scheduled to None, run_after=None
[2024-10-12T16:37:25.670+0000] {logging_mixin.py:190} INFO - [2024-10-12T16:37:25.670+0000] {dag.py:4180} INFO - Setting next_dagrun for dataset_consumes_unknown_never_scheduled to None, run_after=None
[2024-10-12T16:37:25.671+0000] {logging_mixin.py:190} INFO - [2024-10-12T16:37:25.671+0000] {dag.py:4180} INFO - Setting next_dagrun for dataset_produces_1 to 2024-10-11 00:00:00+00:00, run_after=2024-10-12 00:00:00+00:00
[2024-10-12T16:37:25.672+0000] {logging_mixin.py:190} INFO - [2024-10-12T16:37:25.672+0000] {dag.py:4180} INFO - Setting next_dagrun for dataset_produces_2 to None, run_after=None
[2024-10-12T16:37:25.688+0000] {processor.py:208} INFO - Processing /home/airflow/.local/lib/python3.12/site-packages/airflow/example_dags/example_datasets.py took 0.138 seconds
[2024-10-12T16:37:55.944+0000] {processor.py:186} INFO - Started process (PID=1690) to work on /home/airflow/.local/lib/python3.12/site-packages/airflow/example_dags/example_datasets.py
[2024-10-12T16:37:55.945+0000] {processor.py:914} INFO - Processing file /home/airflow/.local/lib/python3.12/site-packages/airflow/example_dags/example_datasets.py for tasks to queue
[2024-10-12T16:37:55.947+0000] {logging_mixin.py:190} INFO - [2024-10-12T16:37:55.947+0000] {dagbag.py:588} INFO - Filling up the DagBag from /home/airflow/.local/lib/python3.12/site-packages/airflow/example_dags/example_datasets.py
[2024-10-12T16:37:56.021+0000] {processor.py:925} INFO - DAG(s) 'dataset_consumes_1_and_2', 'dataset_consumes_unknown_never_scheduled', 'dataset_consumes_1', 'dataset_produces_2', 'consume_1_or_2_with_dataset_expressions', 'dataset_produces_1', 'consume_1_or_both_2_and_3_with_dataset_expressions', 'conditional_dataset_and_time_based_timetable', 'consume_1_and_2_with_dataset_expressions', 'dataset_consumes_1_never_scheduled' retrieved from /home/airflow/.local/lib/python3.12/site-packages/airflow/example_dags/example_datasets.py
[2024-10-12T16:37:56.043+0000] {logging_mixin.py:190} INFO - [2024-10-12T16:37:56.043+0000] {dag.py:3239} INFO - Sync 10 DAGs
[2024-10-12T16:37:56.058+0000] {logging_mixin.py:190} INFO - [2024-10-12T16:37:56.058+0000] {dag.py:4180} INFO - Setting next_dagrun for conditional_dataset_and_time_based_timetable to 2024-10-09 01:00:00+00:00, run_after=2024-10-09 01:00:00+00:00
[2024-10-12T16:37:56.060+0000] {logging_mixin.py:190} INFO - [2024-10-12T16:37:56.060+0000] {dag.py:4180} INFO - Setting next_dagrun for consume_1_and_2_with_dataset_expressions to None, run_after=None
[2024-10-12T16:37:56.061+0000] {logging_mixin.py:190} INFO - [2024-10-12T16:37:56.061+0000] {dag.py:4180} INFO - Setting next_dagrun for consume_1_or_2_with_dataset_expressions to None, run_after=None
[2024-10-12T16:37:56.062+0000] {logging_mixin.py:190} INFO - [2024-10-12T16:37:56.061+0000] {dag.py:4180} INFO - Setting next_dagrun for consume_1_or_both_2_and_3_with_dataset_expressions to None, run_after=None
[2024-10-12T16:37:56.062+0000] {logging_mixin.py:190} INFO - [2024-10-12T16:37:56.062+0000] {dag.py:4180} INFO - Setting next_dagrun for dataset_consumes_1 to None, run_after=None
[2024-10-12T16:37:56.063+0000] {logging_mixin.py:190} INFO - [2024-10-12T16:37:56.063+0000] {dag.py:4180} INFO - Setting next_dagrun for dataset_consumes_1_and_2 to None, run_after=None
[2024-10-12T16:37:56.064+0000] {logging_mixin.py:190} INFO - [2024-10-12T16:37:56.064+0000] {dag.py:4180} INFO - Setting next_dagrun for dataset_consumes_1_never_scheduled to None, run_after=None
[2024-10-12T16:37:56.064+0000] {logging_mixin.py:190} INFO - [2024-10-12T16:37:56.064+0000] {dag.py:4180} INFO - Setting next_dagrun for dataset_consumes_unknown_never_scheduled to None, run_after=None
[2024-10-12T16:37:56.066+0000] {logging_mixin.py:190} INFO - [2024-10-12T16:37:56.066+0000] {dag.py:4180} INFO - Setting next_dagrun for dataset_produces_1 to 2024-10-11 00:00:00+00:00, run_after=2024-10-12 00:00:00+00:00
[2024-10-12T16:37:56.067+0000] {logging_mixin.py:190} INFO - [2024-10-12T16:37:56.067+0000] {dag.py:4180} INFO - Setting next_dagrun for dataset_produces_2 to None, run_after=None
[2024-10-12T16:37:56.089+0000] {processor.py:208} INFO - Processing /home/airflow/.local/lib/python3.12/site-packages/airflow/example_dags/example_datasets.py took 0.148 seconds
[2024-10-12T16:38:26.230+0000] {processor.py:186} INFO - Started process (PID=1979) to work on /home/airflow/.local/lib/python3.12/site-packages/airflow/example_dags/example_datasets.py
[2024-10-12T16:38:26.231+0000] {processor.py:914} INFO - Processing file /home/airflow/.local/lib/python3.12/site-packages/airflow/example_dags/example_datasets.py for tasks to queue
[2024-10-12T16:38:26.232+0000] {logging_mixin.py:190} INFO - [2024-10-12T16:38:26.232+0000] {dagbag.py:588} INFO - Filling up the DagBag from /home/airflow/.local/lib/python3.12/site-packages/airflow/example_dags/example_datasets.py
[2024-10-12T16:38:26.304+0000] {processor.py:925} INFO - DAG(s) 'consume_1_or_2_with_dataset_expressions', 'conditional_dataset_and_time_based_timetable', 'dataset_consumes_unknown_never_scheduled', 'dataset_consumes_1_and_2', 'dataset_produces_2', 'consume_1_and_2_with_dataset_expressions', 'dataset_produces_1', 'consume_1_or_both_2_and_3_with_dataset_expressions', 'dataset_consumes_1', 'dataset_consumes_1_never_scheduled' retrieved from /home/airflow/.local/lib/python3.12/site-packages/airflow/example_dags/example_datasets.py
[2024-10-12T16:38:26.326+0000] {logging_mixin.py:190} INFO - [2024-10-12T16:38:26.326+0000] {dag.py:3239} INFO - Sync 10 DAGs
[2024-10-12T16:38:26.340+0000] {logging_mixin.py:190} INFO - [2024-10-12T16:38:26.340+0000] {dag.py:4180} INFO - Setting next_dagrun for conditional_dataset_and_time_based_timetable to 2024-10-09 01:00:00+00:00, run_after=2024-10-09 01:00:00+00:00
[2024-10-12T16:38:26.342+0000] {logging_mixin.py:190} INFO - [2024-10-12T16:38:26.342+0000] {dag.py:4180} INFO - Setting next_dagrun for consume_1_and_2_with_dataset_expressions to None, run_after=None
[2024-10-12T16:38:26.343+0000] {logging_mixin.py:190} INFO - [2024-10-12T16:38:26.342+0000] {dag.py:4180} INFO - Setting next_dagrun for consume_1_or_2_with_dataset_expressions to None, run_after=None
[2024-10-12T16:38:26.343+0000] {logging_mixin.py:190} INFO - [2024-10-12T16:38:26.343+0000] {dag.py:4180} INFO - Setting next_dagrun for consume_1_or_both_2_and_3_with_dataset_expressions to None, run_after=None
[2024-10-12T16:38:26.344+0000] {logging_mixin.py:190} INFO - [2024-10-12T16:38:26.344+0000] {dag.py:4180} INFO - Setting next_dagrun for dataset_consumes_1 to None, run_after=None
[2024-10-12T16:38:26.345+0000] {logging_mixin.py:190} INFO - [2024-10-12T16:38:26.345+0000] {dag.py:4180} INFO - Setting next_dagrun for dataset_consumes_1_and_2 to None, run_after=None
[2024-10-12T16:38:26.345+0000] {logging_mixin.py:190} INFO - [2024-10-12T16:38:26.345+0000] {dag.py:4180} INFO - Setting next_dagrun for dataset_consumes_1_never_scheduled to None, run_after=None
[2024-10-12T16:38:26.346+0000] {logging_mixin.py:190} INFO - [2024-10-12T16:38:26.346+0000] {dag.py:4180} INFO - Setting next_dagrun for dataset_consumes_unknown_never_scheduled to None, run_after=None
[2024-10-12T16:38:26.347+0000] {logging_mixin.py:190} INFO - [2024-10-12T16:38:26.347+0000] {dag.py:4180} INFO - Setting next_dagrun for dataset_produces_1 to 2024-10-11 00:00:00+00:00, run_after=2024-10-12 00:00:00+00:00
[2024-10-12T16:38:26.348+0000] {logging_mixin.py:190} INFO - [2024-10-12T16:38:26.348+0000] {dag.py:4180} INFO - Setting next_dagrun for dataset_produces_2 to None, run_after=None
[2024-10-12T16:38:26.365+0000] {processor.py:208} INFO - Processing /home/airflow/.local/lib/python3.12/site-packages/airflow/example_dags/example_datasets.py took 0.138 seconds
[2024-10-12T16:38:56.413+0000] {processor.py:186} INFO - Started process (PID=2270) to work on /home/airflow/.local/lib/python3.12/site-packages/airflow/example_dags/example_datasets.py
[2024-10-12T16:38:56.414+0000] {processor.py:914} INFO - Processing file /home/airflow/.local/lib/python3.12/site-packages/airflow/example_dags/example_datasets.py for tasks to queue
[2024-10-12T16:38:56.415+0000] {logging_mixin.py:190} INFO - [2024-10-12T16:38:56.415+0000] {dagbag.py:588} INFO - Filling up the DagBag from /home/airflow/.local/lib/python3.12/site-packages/airflow/example_dags/example_datasets.py
[2024-10-12T16:38:56.488+0000] {processor.py:925} INFO - DAG(s) 'dataset_consumes_unknown_never_scheduled', 'dataset_consumes_1', 'consume_1_or_2_with_dataset_expressions', 'dataset_consumes_1_never_scheduled', 'consume_1_or_both_2_and_3_with_dataset_expressions', 'consume_1_and_2_with_dataset_expressions', 'conditional_dataset_and_time_based_timetable', 'dataset_produces_1', 'dataset_produces_2', 'dataset_consumes_1_and_2' retrieved from /home/airflow/.local/lib/python3.12/site-packages/airflow/example_dags/example_datasets.py
[2024-10-12T16:38:56.510+0000] {logging_mixin.py:190} INFO - [2024-10-12T16:38:56.510+0000] {dag.py:3239} INFO - Sync 10 DAGs
[2024-10-12T16:38:56.524+0000] {logging_mixin.py:190} INFO - [2024-10-12T16:38:56.524+0000] {dag.py:4180} INFO - Setting next_dagrun for conditional_dataset_and_time_based_timetable to 2024-10-09 01:00:00+00:00, run_after=2024-10-09 01:00:00+00:00
[2024-10-12T16:38:56.526+0000] {logging_mixin.py:190} INFO - [2024-10-12T16:38:56.526+0000] {dag.py:4180} INFO - Setting next_dagrun for consume_1_and_2_with_dataset_expressions to None, run_after=None
[2024-10-12T16:38:56.527+0000] {logging_mixin.py:190} INFO - [2024-10-12T16:38:56.527+0000] {dag.py:4180} INFO - Setting next_dagrun for consume_1_or_2_with_dataset_expressions to None, run_after=None
[2024-10-12T16:38:56.527+0000] {logging_mixin.py:190} INFO - [2024-10-12T16:38:56.527+0000] {dag.py:4180} INFO - Setting next_dagrun for consume_1_or_both_2_and_3_with_dataset_expressions to None, run_after=None
[2024-10-12T16:38:56.528+0000] {logging_mixin.py:190} INFO - [2024-10-12T16:38:56.528+0000] {dag.py:4180} INFO - Setting next_dagrun for dataset_consumes_1 to None, run_after=None
[2024-10-12T16:38:56.529+0000] {logging_mixin.py:190} INFO - [2024-10-12T16:38:56.529+0000] {dag.py:4180} INFO - Setting next_dagrun for dataset_consumes_1_and_2 to None, run_after=None
[2024-10-12T16:38:56.529+0000] {logging_mixin.py:190} INFO - [2024-10-12T16:38:56.529+0000] {dag.py:4180} INFO - Setting next_dagrun for dataset_consumes_1_never_scheduled to None, run_after=None
[2024-10-12T16:38:56.530+0000] {logging_mixin.py:190} INFO - [2024-10-12T16:38:56.530+0000] {dag.py:4180} INFO - Setting next_dagrun for dataset_consumes_unknown_never_scheduled to None, run_after=None
[2024-10-12T16:38:56.531+0000] {logging_mixin.py:190} INFO - [2024-10-12T16:38:56.531+0000] {dag.py:4180} INFO - Setting next_dagrun for dataset_produces_1 to 2024-10-11 00:00:00+00:00, run_after=2024-10-12 00:00:00+00:00
[2024-10-12T16:38:56.532+0000] {logging_mixin.py:190} INFO - [2024-10-12T16:38:56.532+0000] {dag.py:4180} INFO - Setting next_dagrun for dataset_produces_2 to None, run_after=None
[2024-10-12T16:38:56.550+0000] {processor.py:208} INFO - Processing /home/airflow/.local/lib/python3.12/site-packages/airflow/example_dags/example_datasets.py took 0.140 seconds
[2024-10-12T16:39:26.711+0000] {processor.py:186} INFO - Started process (PID=2551) to work on /home/airflow/.local/lib/python3.12/site-packages/airflow/example_dags/example_datasets.py
[2024-10-12T16:39:26.712+0000] {processor.py:914} INFO - Processing file /home/airflow/.local/lib/python3.12/site-packages/airflow/example_dags/example_datasets.py for tasks to queue
[2024-10-12T16:39:26.713+0000] {logging_mixin.py:190} INFO - [2024-10-12T16:39:26.713+0000] {dagbag.py:588} INFO - Filling up the DagBag from /home/airflow/.local/lib/python3.12/site-packages/airflow/example_dags/example_datasets.py
[2024-10-12T16:39:26.791+0000] {processor.py:925} INFO - DAG(s) 'dataset_consumes_1_never_scheduled', 'dataset_consumes_1_and_2', 'consume_1_or_both_2_and_3_with_dataset_expressions', 'dataset_produces_1', 'dataset_consumes_unknown_never_scheduled', 'conditional_dataset_and_time_based_timetable', 'dataset_produces_2', 'consume_1_and_2_with_dataset_expressions', 'consume_1_or_2_with_dataset_expressions', 'dataset_consumes_1' retrieved from /home/airflow/.local/lib/python3.12/site-packages/airflow/example_dags/example_datasets.py
[2024-10-12T16:39:26.813+0000] {logging_mixin.py:190} INFO - [2024-10-12T16:39:26.813+0000] {dag.py:3239} INFO - Sync 10 DAGs
[2024-10-12T16:39:26.829+0000] {logging_mixin.py:190} INFO - [2024-10-12T16:39:26.828+0000] {dag.py:4180} INFO - Setting next_dagrun for conditional_dataset_and_time_based_timetable to 2024-10-09 01:00:00+00:00, run_after=2024-10-09 01:00:00+00:00
[2024-10-12T16:39:26.831+0000] {logging_mixin.py:190} INFO - [2024-10-12T16:39:26.831+0000] {dag.py:4180} INFO - Setting next_dagrun for consume_1_and_2_with_dataset_expressions to None, run_after=None
[2024-10-12T16:39:26.831+0000] {logging_mixin.py:190} INFO - [2024-10-12T16:39:26.831+0000] {dag.py:4180} INFO - Setting next_dagrun for consume_1_or_2_with_dataset_expressions to None, run_after=None
[2024-10-12T16:39:26.832+0000] {logging_mixin.py:190} INFO - [2024-10-12T16:39:26.832+0000] {dag.py:4180} INFO - Setting next_dagrun for consume_1_or_both_2_and_3_with_dataset_expressions to None, run_after=None
[2024-10-12T16:39:26.833+0000] {logging_mixin.py:190} INFO - [2024-10-12T16:39:26.833+0000] {dag.py:4180} INFO - Setting next_dagrun for dataset_consumes_1 to None, run_after=None
[2024-10-12T16:39:26.834+0000] {logging_mixin.py:190} INFO - [2024-10-12T16:39:26.834+0000] {dag.py:4180} INFO - Setting next_dagrun for dataset_consumes_1_and_2 to None, run_after=None
[2024-10-12T16:39:26.835+0000] {logging_mixin.py:190} INFO - [2024-10-12T16:39:26.835+0000] {dag.py:4180} INFO - Setting next_dagrun for dataset_consumes_1_never_scheduled to None, run_after=None
[2024-10-12T16:39:26.836+0000] {logging_mixin.py:190} INFO - [2024-10-12T16:39:26.836+0000] {dag.py:4180} INFO - Setting next_dagrun for dataset_consumes_unknown_never_scheduled to None, run_after=None
[2024-10-12T16:39:26.837+0000] {logging_mixin.py:190} INFO - [2024-10-12T16:39:26.837+0000] {dag.py:4180} INFO - Setting next_dagrun for dataset_produces_1 to 2024-10-11 00:00:00+00:00, run_after=2024-10-12 00:00:00+00:00
[2024-10-12T16:39:26.838+0000] {logging_mixin.py:190} INFO - [2024-10-12T16:39:26.838+0000] {dag.py:4180} INFO - Setting next_dagrun for dataset_produces_2 to None, run_after=None
[2024-10-12T16:39:26.854+0000] {processor.py:208} INFO - Processing /home/airflow/.local/lib/python3.12/site-packages/airflow/example_dags/example_datasets.py took 0.147 seconds
[2024-10-12T16:39:56.947+0000] {processor.py:186} INFO - Started process (PID=2834) to work on /home/airflow/.local/lib/python3.12/site-packages/airflow/example_dags/example_datasets.py
[2024-10-12T16:39:56.947+0000] {processor.py:914} INFO - Processing file /home/airflow/.local/lib/python3.12/site-packages/airflow/example_dags/example_datasets.py for tasks to queue
[2024-10-12T16:39:56.948+0000] {logging_mixin.py:190} INFO - [2024-10-12T16:39:56.948+0000] {dagbag.py:588} INFO - Filling up the DagBag from /home/airflow/.local/lib/python3.12/site-packages/airflow/example_dags/example_datasets.py
[2024-10-12T16:39:57.023+0000] {processor.py:925} INFO - DAG(s) 'dataset_consumes_1', 'dataset_consumes_1_and_2', 'consume_1_and_2_with_dataset_expressions', 'consume_1_or_both_2_and_3_with_dataset_expressions', 'dataset_consumes_unknown_never_scheduled', 'dataset_produces_1', 'dataset_produces_2', 'consume_1_or_2_with_dataset_expressions', 'conditional_dataset_and_time_based_timetable', 'dataset_consumes_1_never_scheduled' retrieved from /home/airflow/.local/lib/python3.12/site-packages/airflow/example_dags/example_datasets.py
[2024-10-12T16:39:57.045+0000] {logging_mixin.py:190} INFO - [2024-10-12T16:39:57.045+0000] {dag.py:3239} INFO - Sync 10 DAGs
[2024-10-12T16:39:57.059+0000] {logging_mixin.py:190} INFO - [2024-10-12T16:39:57.059+0000] {dag.py:4180} INFO - Setting next_dagrun for conditional_dataset_and_time_based_timetable to 2024-10-09 01:00:00+00:00, run_after=2024-10-09 01:00:00+00:00
[2024-10-12T16:39:57.062+0000] {logging_mixin.py:190} INFO - [2024-10-12T16:39:57.061+0000] {dag.py:4180} INFO - Setting next_dagrun for consume_1_and_2_with_dataset_expressions to None, run_after=None
[2024-10-12T16:39:57.062+0000] {logging_mixin.py:190} INFO - [2024-10-12T16:39:57.062+0000] {dag.py:4180} INFO - Setting next_dagrun for consume_1_or_2_with_dataset_expressions to None, run_after=None
[2024-10-12T16:39:57.063+0000] {logging_mixin.py:190} INFO - [2024-10-12T16:39:57.063+0000] {dag.py:4180} INFO - Setting next_dagrun for consume_1_or_both_2_and_3_with_dataset_expressions to None, run_after=None
[2024-10-12T16:39:57.064+0000] {logging_mixin.py:190} INFO - [2024-10-12T16:39:57.064+0000] {dag.py:4180} INFO - Setting next_dagrun for dataset_consumes_1 to None, run_after=None
[2024-10-12T16:39:57.065+0000] {logging_mixin.py:190} INFO - [2024-10-12T16:39:57.065+0000] {dag.py:4180} INFO - Setting next_dagrun for dataset_consumes_1_and_2 to None, run_after=None
[2024-10-12T16:39:57.066+0000] {logging_mixin.py:190} INFO - [2024-10-12T16:39:57.066+0000] {dag.py:4180} INFO - Setting next_dagrun for dataset_consumes_1_never_scheduled to None, run_after=None
[2024-10-12T16:39:57.069+0000] {logging_mixin.py:190} INFO - [2024-10-12T16:39:57.068+0000] {dag.py:4180} INFO - Setting next_dagrun for dataset_consumes_unknown_never_scheduled to None, run_after=None
[2024-10-12T16:39:57.070+0000] {logging_mixin.py:190} INFO - [2024-10-12T16:39:57.070+0000] {dag.py:4180} INFO - Setting next_dagrun for dataset_produces_1 to 2024-10-11 00:00:00+00:00, run_after=2024-10-12 00:00:00+00:00
[2024-10-12T16:39:57.071+0000] {logging_mixin.py:190} INFO - [2024-10-12T16:39:57.071+0000] {dag.py:4180} INFO - Setting next_dagrun for dataset_produces_2 to None, run_after=None
[2024-10-12T16:39:57.089+0000] {processor.py:208} INFO - Processing /home/airflow/.local/lib/python3.12/site-packages/airflow/example_dags/example_datasets.py took 0.146 seconds
[2024-10-12T16:40:27.191+0000] {processor.py:186} INFO - Started process (PID=3118) to work on /home/airflow/.local/lib/python3.12/site-packages/airflow/example_dags/example_datasets.py
[2024-10-12T16:40:27.192+0000] {processor.py:914} INFO - Processing file /home/airflow/.local/lib/python3.12/site-packages/airflow/example_dags/example_datasets.py for tasks to queue
[2024-10-12T16:40:27.194+0000] {logging_mixin.py:190} INFO - [2024-10-12T16:40:27.193+0000] {dagbag.py:588} INFO - Filling up the DagBag from /home/airflow/.local/lib/python3.12/site-packages/airflow/example_dags/example_datasets.py
[2024-10-12T16:40:27.272+0000] {processor.py:925} INFO - DAG(s) 'dataset_consumes_1', 'dataset_consumes_1_and_2', 'consume_1_and_2_with_dataset_expressions', 'dataset_consumes_unknown_never_scheduled', 'consume_1_or_2_with_dataset_expressions', 'dataset_produces_2', 'dataset_produces_1', 'consume_1_or_both_2_and_3_with_dataset_expressions', 'dataset_consumes_1_never_scheduled', 'conditional_dataset_and_time_based_timetable' retrieved from /home/airflow/.local/lib/python3.12/site-packages/airflow/example_dags/example_datasets.py
[2024-10-12T16:40:27.297+0000] {logging_mixin.py:190} INFO - [2024-10-12T16:40:27.297+0000] {dag.py:3239} INFO - Sync 10 DAGs
[2024-10-12T16:40:27.314+0000] {logging_mixin.py:190} INFO - [2024-10-12T16:40:27.314+0000] {dag.py:4180} INFO - Setting next_dagrun for conditional_dataset_and_time_based_timetable to 2024-10-09 01:00:00+00:00, run_after=2024-10-09 01:00:00+00:00
[2024-10-12T16:40:27.316+0000] {logging_mixin.py:190} INFO - [2024-10-12T16:40:27.316+0000] {dag.py:4180} INFO - Setting next_dagrun for consume_1_and_2_with_dataset_expressions to None, run_after=None
[2024-10-12T16:40:27.317+0000] {logging_mixin.py:190} INFO - [2024-10-12T16:40:27.317+0000] {dag.py:4180} INFO - Setting next_dagrun for consume_1_or_2_with_dataset_expressions to None, run_after=None
[2024-10-12T16:40:27.318+0000] {logging_mixin.py:190} INFO - [2024-10-12T16:40:27.318+0000] {dag.py:4180} INFO - Setting next_dagrun for consume_1_or_both_2_and_3_with_dataset_expressions to None, run_after=None
[2024-10-12T16:40:27.319+0000] {logging_mixin.py:190} INFO - [2024-10-12T16:40:27.318+0000] {dag.py:4180} INFO - Setting next_dagrun for dataset_consumes_1 to None, run_after=None
[2024-10-12T16:40:27.320+0000] {logging_mixin.py:190} INFO - [2024-10-12T16:40:27.319+0000] {dag.py:4180} INFO - Setting next_dagrun for dataset_consumes_1_and_2 to None, run_after=None
[2024-10-12T16:40:27.321+0000] {logging_mixin.py:190} INFO - [2024-10-12T16:40:27.321+0000] {dag.py:4180} INFO - Setting next_dagrun for dataset_consumes_1_never_scheduled to None, run_after=None
[2024-10-12T16:40:27.322+0000] {logging_mixin.py:190} INFO - [2024-10-12T16:40:27.322+0000] {dag.py:4180} INFO - Setting next_dagrun for dataset_consumes_unknown_never_scheduled to None, run_after=None
[2024-10-12T16:40:27.323+0000] {logging_mixin.py:190} INFO - [2024-10-12T16:40:27.323+0000] {dag.py:4180} INFO - Setting next_dagrun for dataset_produces_1 to 2024-10-11 00:00:00+00:00, run_after=2024-10-12 00:00:00+00:00
[2024-10-12T16:40:27.324+0000] {logging_mixin.py:190} INFO - [2024-10-12T16:40:27.324+0000] {dag.py:4180} INFO - Setting next_dagrun for dataset_produces_2 to None, run_after=None
[2024-10-12T16:40:27.342+0000] {processor.py:208} INFO - Processing /home/airflow/.local/lib/python3.12/site-packages/airflow/example_dags/example_datasets.py took 0.155 seconds
[2024-10-12T16:40:57.428+0000] {processor.py:186} INFO - Started process (PID=3376) to work on /home/airflow/.local/lib/python3.12/site-packages/airflow/example_dags/example_datasets.py
[2024-10-12T16:40:57.429+0000] {processor.py:914} INFO - Processing file /home/airflow/.local/lib/python3.12/site-packages/airflow/example_dags/example_datasets.py for tasks to queue
[2024-10-12T16:40:57.430+0000] {logging_mixin.py:190} INFO - [2024-10-12T16:40:57.430+0000] {dagbag.py:588} INFO - Filling up the DagBag from /home/airflow/.local/lib/python3.12/site-packages/airflow/example_dags/example_datasets.py
[2024-10-12T16:40:57.507+0000] {processor.py:925} INFO - DAG(s) 'consume_1_and_2_with_dataset_expressions', 'dataset_produces_2', 'dataset_produces_1', 'consume_1_or_both_2_and_3_with_dataset_expressions', 'dataset_consumes_1', 'dataset_consumes_1_never_scheduled', 'dataset_consumes_1_and_2', 'consume_1_or_2_with_dataset_expressions', 'conditional_dataset_and_time_based_timetable', 'dataset_consumes_unknown_never_scheduled' retrieved from /home/airflow/.local/lib/python3.12/site-packages/airflow/example_dags/example_datasets.py
[2024-10-12T16:40:57.533+0000] {logging_mixin.py:190} INFO - [2024-10-12T16:40:57.533+0000] {dag.py:3239} INFO - Sync 10 DAGs
[2024-10-12T16:40:57.549+0000] {logging_mixin.py:190} INFO - [2024-10-12T16:40:57.549+0000] {dag.py:4180} INFO - Setting next_dagrun for conditional_dataset_and_time_based_timetable to 2024-10-09 01:00:00+00:00, run_after=2024-10-09 01:00:00+00:00
[2024-10-12T16:40:57.552+0000] {logging_mixin.py:190} INFO - [2024-10-12T16:40:57.551+0000] {dag.py:4180} INFO - Setting next_dagrun for consume_1_and_2_with_dataset_expressions to None, run_after=None
[2024-10-12T16:40:57.553+0000] {logging_mixin.py:190} INFO - [2024-10-12T16:40:57.553+0000] {dag.py:4180} INFO - Setting next_dagrun for consume_1_or_2_with_dataset_expressions to None, run_after=None
[2024-10-12T16:40:57.553+0000] {logging_mixin.py:190} INFO - [2024-10-12T16:40:57.553+0000] {dag.py:4180} INFO - Setting next_dagrun for consume_1_or_both_2_and_3_with_dataset_expressions to None, run_after=None
[2024-10-12T16:40:57.554+0000] {logging_mixin.py:190} INFO - [2024-10-12T16:40:57.554+0000] {dag.py:4180} INFO - Setting next_dagrun for dataset_consumes_1 to None, run_after=None
[2024-10-12T16:40:57.555+0000] {logging_mixin.py:190} INFO - [2024-10-12T16:40:57.555+0000] {dag.py:4180} INFO - Setting next_dagrun for dataset_consumes_1_and_2 to None, run_after=None
[2024-10-12T16:40:57.556+0000] {logging_mixin.py:190} INFO - [2024-10-12T16:40:57.556+0000] {dag.py:4180} INFO - Setting next_dagrun for dataset_consumes_1_never_scheduled to None, run_after=None
[2024-10-12T16:40:57.557+0000] {logging_mixin.py:190} INFO - [2024-10-12T16:40:57.557+0000] {dag.py:4180} INFO - Setting next_dagrun for dataset_consumes_unknown_never_scheduled to None, run_after=None
[2024-10-12T16:40:57.558+0000] {logging_mixin.py:190} INFO - [2024-10-12T16:40:57.558+0000] {dag.py:4180} INFO - Setting next_dagrun for dataset_produces_1 to 2024-10-11 00:00:00+00:00, run_after=2024-10-12 00:00:00+00:00
[2024-10-12T16:40:57.559+0000] {logging_mixin.py:190} INFO - [2024-10-12T16:40:57.559+0000] {dag.py:4180} INFO - Setting next_dagrun for dataset_produces_2 to None, run_after=None
[2024-10-12T16:40:57.578+0000] {processor.py:208} INFO - Processing /home/airflow/.local/lib/python3.12/site-packages/airflow/example_dags/example_datasets.py took 0.154 seconds
[2024-10-12T16:41:27.780+0000] {processor.py:186} INFO - Started process (PID=3662) to work on /home/airflow/.local/lib/python3.12/site-packages/airflow/example_dags/example_datasets.py
[2024-10-12T16:41:27.780+0000] {processor.py:914} INFO - Processing file /home/airflow/.local/lib/python3.12/site-packages/airflow/example_dags/example_datasets.py for tasks to queue
[2024-10-12T16:41:27.782+0000] {logging_mixin.py:190} INFO - [2024-10-12T16:41:27.781+0000] {dagbag.py:588} INFO - Filling up the DagBag from /home/airflow/.local/lib/python3.12/site-packages/airflow/example_dags/example_datasets.py
[2024-10-12T16:41:27.860+0000] {processor.py:925} INFO - DAG(s) 'dataset_consumes_1_never_scheduled', 'dataset_produces_1', 'dataset_produces_2', 'conditional_dataset_and_time_based_timetable', 'dataset_consumes_1', 'consume_1_and_2_with_dataset_expressions', 'dataset_consumes_1_and_2', 'consume_1_or_both_2_and_3_with_dataset_expressions', 'dataset_consumes_unknown_never_scheduled', 'consume_1_or_2_with_dataset_expressions' retrieved from /home/airflow/.local/lib/python3.12/site-packages/airflow/example_dags/example_datasets.py
[2024-10-12T16:41:27.885+0000] {logging_mixin.py:190} INFO - [2024-10-12T16:41:27.885+0000] {dag.py:3239} INFO - Sync 10 DAGs
[2024-10-12T16:41:27.902+0000] {logging_mixin.py:190} INFO - [2024-10-12T16:41:27.902+0000] {dag.py:4180} INFO - Setting next_dagrun for conditional_dataset_and_time_based_timetable to 2024-10-09 01:00:00+00:00, run_after=2024-10-09 01:00:00+00:00
[2024-10-12T16:41:27.904+0000] {logging_mixin.py:190} INFO - [2024-10-12T16:41:27.904+0000] {dag.py:4180} INFO - Setting next_dagrun for consume_1_and_2_with_dataset_expressions to None, run_after=None
[2024-10-12T16:41:27.905+0000] {logging_mixin.py:190} INFO - [2024-10-12T16:41:27.905+0000] {dag.py:4180} INFO - Setting next_dagrun for consume_1_or_2_with_dataset_expressions to None, run_after=None
[2024-10-12T16:41:27.906+0000] {logging_mixin.py:190} INFO - [2024-10-12T16:41:27.906+0000] {dag.py:4180} INFO - Setting next_dagrun for consume_1_or_both_2_and_3_with_dataset_expressions to None, run_after=None
[2024-10-12T16:41:27.907+0000] {logging_mixin.py:190} INFO - [2024-10-12T16:41:27.906+0000] {dag.py:4180} INFO - Setting next_dagrun for dataset_consumes_1 to None, run_after=None
[2024-10-12T16:41:27.907+0000] {logging_mixin.py:190} INFO - [2024-10-12T16:41:27.907+0000] {dag.py:4180} INFO - Setting next_dagrun for dataset_consumes_1_and_2 to None, run_after=None
[2024-10-12T16:41:27.908+0000] {logging_mixin.py:190} INFO - [2024-10-12T16:41:27.908+0000] {dag.py:4180} INFO - Setting next_dagrun for dataset_consumes_1_never_scheduled to None, run_after=None
[2024-10-12T16:41:27.909+0000] {logging_mixin.py:190} INFO - [2024-10-12T16:41:27.909+0000] {dag.py:4180} INFO - Setting next_dagrun for dataset_consumes_unknown_never_scheduled to None, run_after=None
[2024-10-12T16:41:27.910+0000] {logging_mixin.py:190} INFO - [2024-10-12T16:41:27.910+0000] {dag.py:4180} INFO - Setting next_dagrun for dataset_produces_1 to 2024-10-11 00:00:00+00:00, run_after=2024-10-12 00:00:00+00:00
[2024-10-12T16:41:27.911+0000] {logging_mixin.py:190} INFO - [2024-10-12T16:41:27.911+0000] {dag.py:4180} INFO - Setting next_dagrun for dataset_produces_2 to None, run_after=None
[2024-10-12T16:41:27.929+0000] {processor.py:208} INFO - Processing /home/airflow/.local/lib/python3.12/site-packages/airflow/example_dags/example_datasets.py took 0.153 seconds
