[2024-10-12T16:35:25.075+0000] {processor.py:186} INFO - Started process (PID=318) to work on /home/airflow/.local/lib/python3.12/site-packages/airflow/example_dags/example_workday_timetable.py
[2024-10-12T16:35:25.076+0000] {processor.py:914} INFO - Processing file /home/airflow/.local/lib/python3.12/site-packages/airflow/example_dags/example_workday_timetable.py for tasks to queue
[2024-10-12T16:35:25.077+0000] {logging_mixin.py:190} INFO - [2024-10-12T16:35:25.077+0000] {dagbag.py:588} INFO - Filling up the DagBag from /home/airflow/.local/lib/python3.12/site-packages/airflow/example_dags/example_workday_timetable.py
[2024-10-12T16:35:25.081+0000] {processor.py:925} INFO - DAG(s) 'example_workday_timetable' retrieved from /home/airflow/.local/lib/python3.12/site-packages/airflow/example_dags/example_workday_timetable.py
[2024-10-12T16:35:25.137+0000] {logging_mixin.py:190} INFO - [2024-10-12T16:35:25.136+0000] {override.py:1900} INFO - Created Permission View: can edit on DAG:example_workday_timetable
[2024-10-12T16:35:25.142+0000] {logging_mixin.py:190} INFO - [2024-10-12T16:35:25.142+0000] {override.py:1900} INFO - Created Permission View: can read on DAG:example_workday_timetable
[2024-10-12T16:35:25.145+0000] {logging_mixin.py:190} INFO - [2024-10-12T16:35:25.145+0000] {override.py:1900} INFO - Created Permission View: can delete on DAG:example_workday_timetable
[2024-10-12T16:35:25.149+0000] {logging_mixin.py:190} INFO - [2024-10-12T16:35:25.149+0000] {override.py:1900} INFO - Created Permission View: menu access on DAG Run:example_workday_timetable
[2024-10-12T16:35:25.152+0000] {logging_mixin.py:190} INFO - [2024-10-12T16:35:25.152+0000] {override.py:1900} INFO - Created Permission View: can read on DAG Run:example_workday_timetable
[2024-10-12T16:35:25.155+0000] {logging_mixin.py:190} INFO - [2024-10-12T16:35:25.155+0000] {override.py:1900} INFO - Created Permission View: can delete on DAG Run:example_workday_timetable
[2024-10-12T16:35:25.158+0000] {logging_mixin.py:190} INFO - [2024-10-12T16:35:25.158+0000] {override.py:1900} INFO - Created Permission View: can create on DAG Run:example_workday_timetable
[2024-10-12T16:35:25.158+0000] {logging_mixin.py:190} INFO - [2024-10-12T16:35:25.158+0000] {dag.py:3239} INFO - Sync 1 DAGs
[2024-10-12T16:35:25.165+0000] {logging_mixin.py:190} INFO - [2024-10-12T16:35:25.165+0000] {dag.py:3262} INFO - Creating ORM DAG for example_workday_timetable
[2024-10-12T16:35:25.189+0000] {logging_mixin.py:190} INFO - [2024-10-12T16:35:25.189+0000] {dag.py:4180} INFO - Setting next_dagrun for example_workday_timetable to 2021-01-04 00:00:00+00:00, run_after=2021-01-05 00:00:00+00:00
[2024-10-12T16:35:25.198+0000] {processor.py:208} INFO - Processing /home/airflow/.local/lib/python3.12/site-packages/airflow/example_dags/example_workday_timetable.py took 0.127 seconds
[2024-10-12T16:35:55.390+0000] {processor.py:186} INFO - Started process (PID=604) to work on /home/airflow/.local/lib/python3.12/site-packages/airflow/example_dags/example_workday_timetable.py
[2024-10-12T16:35:55.390+0000] {processor.py:914} INFO - Processing file /home/airflow/.local/lib/python3.12/site-packages/airflow/example_dags/example_workday_timetable.py for tasks to queue
[2024-10-12T16:35:55.391+0000] {logging_mixin.py:190} INFO - [2024-10-12T16:35:55.391+0000] {dagbag.py:588} INFO - Filling up the DagBag from /home/airflow/.local/lib/python3.12/site-packages/airflow/example_dags/example_workday_timetable.py
[2024-10-12T16:35:55.395+0000] {processor.py:925} INFO - DAG(s) 'example_workday_timetable' retrieved from /home/airflow/.local/lib/python3.12/site-packages/airflow/example_dags/example_workday_timetable.py
[2024-10-12T16:35:55.405+0000] {logging_mixin.py:190} INFO - [2024-10-12T16:35:55.405+0000] {dag.py:3239} INFO - Sync 1 DAGs
[2024-10-12T16:35:55.437+0000] {logging_mixin.py:190} INFO - [2024-10-12T16:35:55.437+0000] {dag.py:4180} INFO - Setting next_dagrun for example_workday_timetable to 2021-01-04 00:00:00+00:00, run_after=2021-01-05 00:00:00+00:00
[2024-10-12T16:35:55.449+0000] {processor.py:208} INFO - Processing /home/airflow/.local/lib/python3.12/site-packages/airflow/example_dags/example_workday_timetable.py took 0.063 seconds
[2024-10-12T16:36:25.606+0000] {processor.py:186} INFO - Started process (PID=890) to work on /home/airflow/.local/lib/python3.12/site-packages/airflow/example_dags/example_workday_timetable.py
[2024-10-12T16:36:25.607+0000] {processor.py:914} INFO - Processing file /home/airflow/.local/lib/python3.12/site-packages/airflow/example_dags/example_workday_timetable.py for tasks to queue
[2024-10-12T16:36:25.608+0000] {logging_mixin.py:190} INFO - [2024-10-12T16:36:25.608+0000] {dagbag.py:588} INFO - Filling up the DagBag from /home/airflow/.local/lib/python3.12/site-packages/airflow/example_dags/example_workday_timetable.py
[2024-10-12T16:36:25.611+0000] {processor.py:925} INFO - DAG(s) 'example_workday_timetable' retrieved from /home/airflow/.local/lib/python3.12/site-packages/airflow/example_dags/example_workday_timetable.py
[2024-10-12T16:36:25.622+0000] {logging_mixin.py:190} INFO - [2024-10-12T16:36:25.622+0000] {dag.py:3239} INFO - Sync 1 DAGs
[2024-10-12T16:36:25.653+0000] {logging_mixin.py:190} INFO - [2024-10-12T16:36:25.653+0000] {dag.py:4180} INFO - Setting next_dagrun for example_workday_timetable to 2021-01-04 00:00:00+00:00, run_after=2021-01-05 00:00:00+00:00
[2024-10-12T16:36:25.664+0000] {processor.py:208} INFO - Processing /home/airflow/.local/lib/python3.12/site-packages/airflow/example_dags/example_workday_timetable.py took 0.061 seconds
[2024-10-12T16:36:55.742+0000] {processor.py:186} INFO - Started process (PID=1176) to work on /home/airflow/.local/lib/python3.12/site-packages/airflow/example_dags/example_workday_timetable.py
[2024-10-12T16:36:55.743+0000] {processor.py:914} INFO - Processing file /home/airflow/.local/lib/python3.12/site-packages/airflow/example_dags/example_workday_timetable.py for tasks to queue
[2024-10-12T16:36:55.744+0000] {logging_mixin.py:190} INFO - [2024-10-12T16:36:55.744+0000] {dagbag.py:588} INFO - Filling up the DagBag from /home/airflow/.local/lib/python3.12/site-packages/airflow/example_dags/example_workday_timetable.py
[2024-10-12T16:36:55.748+0000] {processor.py:925} INFO - DAG(s) 'example_workday_timetable' retrieved from /home/airflow/.local/lib/python3.12/site-packages/airflow/example_dags/example_workday_timetable.py
[2024-10-12T16:36:55.759+0000] {logging_mixin.py:190} INFO - [2024-10-12T16:36:55.759+0000] {dag.py:3239} INFO - Sync 1 DAGs
[2024-10-12T16:36:55.796+0000] {logging_mixin.py:190} INFO - [2024-10-12T16:36:55.796+0000] {dag.py:4180} INFO - Setting next_dagrun for example_workday_timetable to 2021-01-04 00:00:00+00:00, run_after=2021-01-05 00:00:00+00:00
[2024-10-12T16:36:55.806+0000] {processor.py:208} INFO - Processing /home/airflow/.local/lib/python3.12/site-packages/airflow/example_dags/example_workday_timetable.py took 0.067 seconds
[2024-10-12T16:37:26.019+0000] {processor.py:186} INFO - Started process (PID=1462) to work on /home/airflow/.local/lib/python3.12/site-packages/airflow/example_dags/example_workday_timetable.py
[2024-10-12T16:37:26.019+0000] {processor.py:914} INFO - Processing file /home/airflow/.local/lib/python3.12/site-packages/airflow/example_dags/example_workday_timetable.py for tasks to queue
[2024-10-12T16:37:26.021+0000] {logging_mixin.py:190} INFO - [2024-10-12T16:37:26.020+0000] {dagbag.py:588} INFO - Filling up the DagBag from /home/airflow/.local/lib/python3.12/site-packages/airflow/example_dags/example_workday_timetable.py
[2024-10-12T16:37:26.024+0000] {processor.py:925} INFO - DAG(s) 'example_workday_timetable' retrieved from /home/airflow/.local/lib/python3.12/site-packages/airflow/example_dags/example_workday_timetable.py
[2024-10-12T16:37:26.035+0000] {logging_mixin.py:190} INFO - [2024-10-12T16:37:26.035+0000] {dag.py:3239} INFO - Sync 1 DAGs
[2024-10-12T16:37:26.067+0000] {logging_mixin.py:190} INFO - [2024-10-12T16:37:26.067+0000] {dag.py:4180} INFO - Setting next_dagrun for example_workday_timetable to 2021-01-04 00:00:00+00:00, run_after=2021-01-05 00:00:00+00:00
[2024-10-12T16:37:26.077+0000] {processor.py:208} INFO - Processing /home/airflow/.local/lib/python3.12/site-packages/airflow/example_dags/example_workday_timetable.py took 0.063 seconds
[2024-10-12T16:37:56.440+0000] {processor.py:186} INFO - Started process (PID=1748) to work on /home/airflow/.local/lib/python3.12/site-packages/airflow/example_dags/example_workday_timetable.py
[2024-10-12T16:37:56.440+0000] {processor.py:914} INFO - Processing file /home/airflow/.local/lib/python3.12/site-packages/airflow/example_dags/example_workday_timetable.py for tasks to queue
[2024-10-12T16:37:56.442+0000] {logging_mixin.py:190} INFO - [2024-10-12T16:37:56.442+0000] {dagbag.py:588} INFO - Filling up the DagBag from /home/airflow/.local/lib/python3.12/site-packages/airflow/example_dags/example_workday_timetable.py
[2024-10-12T16:37:56.446+0000] {processor.py:925} INFO - DAG(s) 'example_workday_timetable' retrieved from /home/airflow/.local/lib/python3.12/site-packages/airflow/example_dags/example_workday_timetable.py
[2024-10-12T16:37:56.458+0000] {logging_mixin.py:190} INFO - [2024-10-12T16:37:56.458+0000] {dag.py:3239} INFO - Sync 1 DAGs
[2024-10-12T16:37:56.493+0000] {logging_mixin.py:190} INFO - [2024-10-12T16:37:56.493+0000] {dag.py:4180} INFO - Setting next_dagrun for example_workday_timetable to 2021-01-04 00:00:00+00:00, run_after=2021-01-05 00:00:00+00:00
[2024-10-12T16:37:56.505+0000] {processor.py:208} INFO - Processing /home/airflow/.local/lib/python3.12/site-packages/airflow/example_dags/example_workday_timetable.py took 0.069 seconds
[2024-10-12T16:38:26.625+0000] {processor.py:186} INFO - Started process (PID=2034) to work on /home/airflow/.local/lib/python3.12/site-packages/airflow/example_dags/example_workday_timetable.py
[2024-10-12T16:38:26.626+0000] {processor.py:914} INFO - Processing file /home/airflow/.local/lib/python3.12/site-packages/airflow/example_dags/example_workday_timetable.py for tasks to queue
[2024-10-12T16:38:26.627+0000] {logging_mixin.py:190} INFO - [2024-10-12T16:38:26.627+0000] {dagbag.py:588} INFO - Filling up the DagBag from /home/airflow/.local/lib/python3.12/site-packages/airflow/example_dags/example_workday_timetable.py
[2024-10-12T16:38:26.631+0000] {processor.py:925} INFO - DAG(s) 'example_workday_timetable' retrieved from /home/airflow/.local/lib/python3.12/site-packages/airflow/example_dags/example_workday_timetable.py
[2024-10-12T16:38:26.642+0000] {logging_mixin.py:190} INFO - [2024-10-12T16:38:26.642+0000] {dag.py:3239} INFO - Sync 1 DAGs
[2024-10-12T16:38:26.674+0000] {logging_mixin.py:190} INFO - [2024-10-12T16:38:26.674+0000] {dag.py:4180} INFO - Setting next_dagrun for example_workday_timetable to 2021-01-04 00:00:00+00:00, run_after=2021-01-05 00:00:00+00:00
[2024-10-12T16:38:26.685+0000] {processor.py:208} INFO - Processing /home/airflow/.local/lib/python3.12/site-packages/airflow/example_dags/example_workday_timetable.py took 0.063 seconds
[2024-10-12T16:38:56.805+0000] {processor.py:186} INFO - Started process (PID=2320) to work on /home/airflow/.local/lib/python3.12/site-packages/airflow/example_dags/example_workday_timetable.py
[2024-10-12T16:38:56.806+0000] {processor.py:914} INFO - Processing file /home/airflow/.local/lib/python3.12/site-packages/airflow/example_dags/example_workday_timetable.py for tasks to queue
[2024-10-12T16:38:56.807+0000] {logging_mixin.py:190} INFO - [2024-10-12T16:38:56.807+0000] {dagbag.py:588} INFO - Filling up the DagBag from /home/airflow/.local/lib/python3.12/site-packages/airflow/example_dags/example_workday_timetable.py
[2024-10-12T16:38:56.811+0000] {processor.py:925} INFO - DAG(s) 'example_workday_timetable' retrieved from /home/airflow/.local/lib/python3.12/site-packages/airflow/example_dags/example_workday_timetable.py
[2024-10-12T16:38:56.821+0000] {logging_mixin.py:190} INFO - [2024-10-12T16:38:56.821+0000] {dag.py:3239} INFO - Sync 1 DAGs
[2024-10-12T16:38:56.853+0000] {logging_mixin.py:190} INFO - [2024-10-12T16:38:56.853+0000] {dag.py:4180} INFO - Setting next_dagrun for example_workday_timetable to 2021-01-04 00:00:00+00:00, run_after=2021-01-05 00:00:00+00:00
[2024-10-12T16:38:56.864+0000] {processor.py:208} INFO - Processing /home/airflow/.local/lib/python3.12/site-packages/airflow/example_dags/example_workday_timetable.py took 0.063 seconds
[2024-10-12T16:39:27.187+0000] {processor.py:186} INFO - Started process (PID=2606) to work on /home/airflow/.local/lib/python3.12/site-packages/airflow/example_dags/example_workday_timetable.py
[2024-10-12T16:39:27.188+0000] {processor.py:914} INFO - Processing file /home/airflow/.local/lib/python3.12/site-packages/airflow/example_dags/example_workday_timetable.py for tasks to queue
[2024-10-12T16:39:27.189+0000] {logging_mixin.py:190} INFO - [2024-10-12T16:39:27.189+0000] {dagbag.py:588} INFO - Filling up the DagBag from /home/airflow/.local/lib/python3.12/site-packages/airflow/example_dags/example_workday_timetable.py
[2024-10-12T16:39:27.193+0000] {processor.py:925} INFO - DAG(s) 'example_workday_timetable' retrieved from /home/airflow/.local/lib/python3.12/site-packages/airflow/example_dags/example_workday_timetable.py
[2024-10-12T16:39:27.206+0000] {logging_mixin.py:190} INFO - [2024-10-12T16:39:27.206+0000] {dag.py:3239} INFO - Sync 1 DAGs
[2024-10-12T16:39:27.240+0000] {logging_mixin.py:190} INFO - [2024-10-12T16:39:27.240+0000] {dag.py:4180} INFO - Setting next_dagrun for example_workday_timetable to 2021-01-04 00:00:00+00:00, run_after=2021-01-05 00:00:00+00:00
[2024-10-12T16:39:27.250+0000] {processor.py:208} INFO - Processing /home/airflow/.local/lib/python3.12/site-packages/airflow/example_dags/example_workday_timetable.py took 0.067 seconds
[2024-10-12T16:39:57.387+0000] {processor.py:186} INFO - Started process (PID=2892) to work on /home/airflow/.local/lib/python3.12/site-packages/airflow/example_dags/example_workday_timetable.py
[2024-10-12T16:39:57.388+0000] {processor.py:914} INFO - Processing file /home/airflow/.local/lib/python3.12/site-packages/airflow/example_dags/example_workday_timetable.py for tasks to queue
[2024-10-12T16:39:57.389+0000] {logging_mixin.py:190} INFO - [2024-10-12T16:39:57.389+0000] {dagbag.py:588} INFO - Filling up the DagBag from /home/airflow/.local/lib/python3.12/site-packages/airflow/example_dags/example_workday_timetable.py
[2024-10-12T16:39:57.393+0000] {processor.py:925} INFO - DAG(s) 'example_workday_timetable' retrieved from /home/airflow/.local/lib/python3.12/site-packages/airflow/example_dags/example_workday_timetable.py
[2024-10-12T16:39:57.404+0000] {logging_mixin.py:190} INFO - [2024-10-12T16:39:57.404+0000] {dag.py:3239} INFO - Sync 1 DAGs
[2024-10-12T16:39:57.437+0000] {logging_mixin.py:190} INFO - [2024-10-12T16:39:57.437+0000] {dag.py:4180} INFO - Setting next_dagrun for example_workday_timetable to 2021-01-04 00:00:00+00:00, run_after=2021-01-05 00:00:00+00:00
[2024-10-12T16:39:57.453+0000] {processor.py:208} INFO - Processing /home/airflow/.local/lib/python3.12/site-packages/airflow/example_dags/example_workday_timetable.py took 0.069 seconds
[2024-10-12T16:40:27.698+0000] {processor.py:186} INFO - Started process (PID=3178) to work on /home/airflow/.local/lib/python3.12/site-packages/airflow/example_dags/example_workday_timetable.py
[2024-10-12T16:40:27.699+0000] {processor.py:914} INFO - Processing file /home/airflow/.local/lib/python3.12/site-packages/airflow/example_dags/example_workday_timetable.py for tasks to queue
[2024-10-12T16:40:27.700+0000] {logging_mixin.py:190} INFO - [2024-10-12T16:40:27.700+0000] {dagbag.py:588} INFO - Filling up the DagBag from /home/airflow/.local/lib/python3.12/site-packages/airflow/example_dags/example_workday_timetable.py
[2024-10-12T16:40:27.703+0000] {processor.py:925} INFO - DAG(s) 'example_workday_timetable' retrieved from /home/airflow/.local/lib/python3.12/site-packages/airflow/example_dags/example_workday_timetable.py
[2024-10-12T16:40:27.715+0000] {logging_mixin.py:190} INFO - [2024-10-12T16:40:27.715+0000] {dag.py:3239} INFO - Sync 1 DAGs
[2024-10-12T16:40:27.749+0000] {logging_mixin.py:190} INFO - [2024-10-12T16:40:27.749+0000] {dag.py:4180} INFO - Setting next_dagrun for example_workday_timetable to 2021-01-04 00:00:00+00:00, run_after=2021-01-05 00:00:00+00:00
[2024-10-12T16:40:27.761+0000] {processor.py:208} INFO - Processing /home/airflow/.local/lib/python3.12/site-packages/airflow/example_dags/example_workday_timetable.py took 0.067 seconds
[2024-10-12T16:40:58.044+0000] {processor.py:186} INFO - Started process (PID=3459) to work on /home/airflow/.local/lib/python3.12/site-packages/airflow/example_dags/example_workday_timetable.py
[2024-10-12T16:40:58.045+0000] {processor.py:914} INFO - Processing file /home/airflow/.local/lib/python3.12/site-packages/airflow/example_dags/example_workday_timetable.py for tasks to queue
[2024-10-12T16:40:58.048+0000] {logging_mixin.py:190} INFO - [2024-10-12T16:40:58.048+0000] {dagbag.py:588} INFO - Filling up the DagBag from /home/airflow/.local/lib/python3.12/site-packages/airflow/example_dags/example_workday_timetable.py
[2024-10-12T16:40:58.057+0000] {processor.py:925} INFO - DAG(s) 'example_workday_timetable' retrieved from /home/airflow/.local/lib/python3.12/site-packages/airflow/example_dags/example_workday_timetable.py
[2024-10-12T16:40:58.077+0000] {logging_mixin.py:190} INFO - [2024-10-12T16:40:58.076+0000] {dag.py:3239} INFO - Sync 1 DAGs
[2024-10-12T16:40:58.121+0000] {logging_mixin.py:190} INFO - [2024-10-12T16:40:58.121+0000] {dag.py:4180} INFO - Setting next_dagrun for example_workday_timetable to 2021-01-04 00:00:00+00:00, run_after=2021-01-05 00:00:00+00:00
[2024-10-12T16:40:58.133+0000] {processor.py:208} INFO - Processing /home/airflow/.local/lib/python3.12/site-packages/airflow/example_dags/example_workday_timetable.py took 0.093 seconds
[2024-10-12T16:41:28.607+0000] {processor.py:186} INFO - Started process (PID=3750) to work on /home/airflow/.local/lib/python3.12/site-packages/airflow/example_dags/example_workday_timetable.py
[2024-10-12T16:41:28.607+0000] {processor.py:914} INFO - Processing file /home/airflow/.local/lib/python3.12/site-packages/airflow/example_dags/example_workday_timetable.py for tasks to queue
[2024-10-12T16:41:28.609+0000] {logging_mixin.py:190} INFO - [2024-10-12T16:41:28.609+0000] {dagbag.py:588} INFO - Filling up the DagBag from /home/airflow/.local/lib/python3.12/site-packages/airflow/example_dags/example_workday_timetable.py
[2024-10-12T16:41:28.612+0000] {processor.py:925} INFO - DAG(s) 'example_workday_timetable' retrieved from /home/airflow/.local/lib/python3.12/site-packages/airflow/example_dags/example_workday_timetable.py
[2024-10-12T16:41:28.624+0000] {logging_mixin.py:190} INFO - [2024-10-12T16:41:28.624+0000] {dag.py:3239} INFO - Sync 1 DAGs
[2024-10-12T16:41:28.661+0000] {logging_mixin.py:190} INFO - [2024-10-12T16:41:28.661+0000] {dag.py:4180} INFO - Setting next_dagrun for example_workday_timetable to 2021-01-04 00:00:00+00:00, run_after=2021-01-05 00:00:00+00:00
[2024-10-12T16:41:28.672+0000] {processor.py:208} INFO - Processing /home/airflow/.local/lib/python3.12/site-packages/airflow/example_dags/example_workday_timetable.py took 0.069 seconds
