[2024-10-12T16:35:25.892+0000] {processor.py:186} INFO - Started process (PID=373) to work on /home/airflow/.local/lib/python3.12/site-packages/airflow/example_dags/example_params_trigger_ui.py
[2024-10-12T16:35:25.893+0000] {processor.py:914} INFO - Processing file /home/airflow/.local/lib/python3.12/site-packages/airflow/example_dags/example_params_trigger_ui.py for tasks to queue
[2024-10-12T16:35:25.895+0000] {logging_mixin.py:190} INFO - [2024-10-12T16:35:25.894+0000] {dagbag.py:588} INFO - Filling up the DagBag from /home/airflow/.local/lib/python3.12/site-packages/airflow/example_dags/example_params_trigger_ui.py
[2024-10-12T16:35:25.902+0000] {processor.py:925} INFO - DAG(s) 'example_params_trigger_ui' retrieved from /home/airflow/.local/lib/python3.12/site-packages/airflow/example_dags/example_params_trigger_ui.py
[2024-10-12T16:35:25.972+0000] {logging_mixin.py:190} INFO - [2024-10-12T16:35:25.972+0000] {override.py:1900} INFO - Created Permission View: can edit on DAG:example_params_trigger_ui
[2024-10-12T16:35:25.978+0000] {logging_mixin.py:190} INFO - [2024-10-12T16:35:25.977+0000] {override.py:1900} INFO - Created Permission View: can read on DAG:example_params_trigger_ui
[2024-10-12T16:35:25.981+0000] {logging_mixin.py:190} INFO - [2024-10-12T16:35:25.981+0000] {override.py:1900} INFO - Created Permission View: can delete on DAG:example_params_trigger_ui
[2024-10-12T16:35:25.985+0000] {logging_mixin.py:190} INFO - [2024-10-12T16:35:25.985+0000] {override.py:1900} INFO - Created Permission View: menu access on DAG Run:example_params_trigger_ui
[2024-10-12T16:35:25.988+0000] {logging_mixin.py:190} INFO - [2024-10-12T16:35:25.988+0000] {override.py:1900} INFO - Created Permission View: can read on DAG Run:example_params_trigger_ui
[2024-10-12T16:35:25.992+0000] {logging_mixin.py:190} INFO - [2024-10-12T16:35:25.991+0000] {override.py:1900} INFO - Created Permission View: can delete on DAG Run:example_params_trigger_ui
[2024-10-12T16:35:25.995+0000] {logging_mixin.py:190} INFO - [2024-10-12T16:35:25.995+0000] {override.py:1900} INFO - Created Permission View: can create on DAG Run:example_params_trigger_ui
[2024-10-12T16:35:25.995+0000] {logging_mixin.py:190} INFO - [2024-10-12T16:35:25.995+0000] {dag.py:3239} INFO - Sync 1 DAGs
[2024-10-12T16:35:26.002+0000] {logging_mixin.py:190} INFO - [2024-10-12T16:35:26.002+0000] {dag.py:3262} INFO - Creating ORM DAG for example_params_trigger_ui
[2024-10-12T16:35:26.002+0000] {logging_mixin.py:190} INFO - [2024-10-12T16:35:26.002+0000] {dag.py:4180} INFO - Setting next_dagrun for example_params_trigger_ui to None, run_after=None
[2024-10-12T16:35:26.012+0000] {processor.py:208} INFO - Processing /home/airflow/.local/lib/python3.12/site-packages/airflow/example_dags/example_params_trigger_ui.py took 0.123 seconds
[2024-10-12T16:35:56.819+0000] {processor.py:186} INFO - Started process (PID=659) to work on /home/airflow/.local/lib/python3.12/site-packages/airflow/example_dags/example_params_trigger_ui.py
[2024-10-12T16:35:56.819+0000] {processor.py:914} INFO - Processing file /home/airflow/.local/lib/python3.12/site-packages/airflow/example_dags/example_params_trigger_ui.py for tasks to queue
[2024-10-12T16:35:56.821+0000] {logging_mixin.py:190} INFO - [2024-10-12T16:35:56.820+0000] {dagbag.py:588} INFO - Filling up the DagBag from /home/airflow/.local/lib/python3.12/site-packages/airflow/example_dags/example_params_trigger_ui.py
[2024-10-12T16:35:56.827+0000] {processor.py:925} INFO - DAG(s) 'example_params_trigger_ui' retrieved from /home/airflow/.local/lib/python3.12/site-packages/airflow/example_dags/example_params_trigger_ui.py
[2024-10-12T16:35:56.851+0000] {logging_mixin.py:190} INFO - [2024-10-12T16:35:56.851+0000] {dag.py:3239} INFO - Sync 1 DAGs
[2024-10-12T16:35:56.859+0000] {logging_mixin.py:190} INFO - [2024-10-12T16:35:56.859+0000] {dag.py:4180} INFO - Setting next_dagrun for example_params_trigger_ui to None, run_after=None
[2024-10-12T16:35:56.870+0000] {processor.py:208} INFO - Processing /home/airflow/.local/lib/python3.12/site-packages/airflow/example_dags/example_params_trigger_ui.py took 0.055 seconds
[2024-10-12T16:36:27.053+0000] {processor.py:186} INFO - Started process (PID=945) to work on /home/airflow/.local/lib/python3.12/site-packages/airflow/example_dags/example_params_trigger_ui.py
[2024-10-12T16:36:27.054+0000] {processor.py:914} INFO - Processing file /home/airflow/.local/lib/python3.12/site-packages/airflow/example_dags/example_params_trigger_ui.py for tasks to queue
[2024-10-12T16:36:27.056+0000] {logging_mixin.py:190} INFO - [2024-10-12T16:36:27.056+0000] {dagbag.py:588} INFO - Filling up the DagBag from /home/airflow/.local/lib/python3.12/site-packages/airflow/example_dags/example_params_trigger_ui.py
[2024-10-12T16:36:27.062+0000] {processor.py:925} INFO - DAG(s) 'example_params_trigger_ui' retrieved from /home/airflow/.local/lib/python3.12/site-packages/airflow/example_dags/example_params_trigger_ui.py
[2024-10-12T16:36:27.085+0000] {logging_mixin.py:190} INFO - [2024-10-12T16:36:27.085+0000] {dag.py:3239} INFO - Sync 1 DAGs
[2024-10-12T16:36:27.093+0000] {logging_mixin.py:190} INFO - [2024-10-12T16:36:27.093+0000] {dag.py:4180} INFO - Setting next_dagrun for example_params_trigger_ui to None, run_after=None
[2024-10-12T16:36:27.103+0000] {processor.py:208} INFO - Processing /home/airflow/.local/lib/python3.12/site-packages/airflow/example_dags/example_params_trigger_ui.py took 0.053 seconds
[2024-10-12T16:36:57.207+0000] {processor.py:186} INFO - Started process (PID=1231) to work on /home/airflow/.local/lib/python3.12/site-packages/airflow/example_dags/example_params_trigger_ui.py
[2024-10-12T16:36:57.208+0000] {processor.py:914} INFO - Processing file /home/airflow/.local/lib/python3.12/site-packages/airflow/example_dags/example_params_trigger_ui.py for tasks to queue
[2024-10-12T16:36:57.209+0000] {logging_mixin.py:190} INFO - [2024-10-12T16:36:57.209+0000] {dagbag.py:588} INFO - Filling up the DagBag from /home/airflow/.local/lib/python3.12/site-packages/airflow/example_dags/example_params_trigger_ui.py
[2024-10-12T16:36:57.216+0000] {processor.py:925} INFO - DAG(s) 'example_params_trigger_ui' retrieved from /home/airflow/.local/lib/python3.12/site-packages/airflow/example_dags/example_params_trigger_ui.py
[2024-10-12T16:36:57.237+0000] {logging_mixin.py:190} INFO - [2024-10-12T16:36:57.237+0000] {dag.py:3239} INFO - Sync 1 DAGs
[2024-10-12T16:36:57.246+0000] {logging_mixin.py:190} INFO - [2024-10-12T16:36:57.246+0000] {dag.py:4180} INFO - Setting next_dagrun for example_params_trigger_ui to None, run_after=None
[2024-10-12T16:36:57.256+0000] {processor.py:208} INFO - Processing /home/airflow/.local/lib/python3.12/site-packages/airflow/example_dags/example_params_trigger_ui.py took 0.052 seconds
[2024-10-12T16:37:27.469+0000] {processor.py:186} INFO - Started process (PID=1517) to work on /home/airflow/.local/lib/python3.12/site-packages/airflow/example_dags/example_params_trigger_ui.py
[2024-10-12T16:37:27.469+0000] {processor.py:914} INFO - Processing file /home/airflow/.local/lib/python3.12/site-packages/airflow/example_dags/example_params_trigger_ui.py for tasks to queue
[2024-10-12T16:37:27.470+0000] {logging_mixin.py:190} INFO - [2024-10-12T16:37:27.470+0000] {dagbag.py:588} INFO - Filling up the DagBag from /home/airflow/.local/lib/python3.12/site-packages/airflow/example_dags/example_params_trigger_ui.py
[2024-10-12T16:37:27.477+0000] {processor.py:925} INFO - DAG(s) 'example_params_trigger_ui' retrieved from /home/airflow/.local/lib/python3.12/site-packages/airflow/example_dags/example_params_trigger_ui.py
[2024-10-12T16:37:27.498+0000] {logging_mixin.py:190} INFO - [2024-10-12T16:37:27.498+0000] {dag.py:3239} INFO - Sync 1 DAGs
[2024-10-12T16:37:27.506+0000] {logging_mixin.py:190} INFO - [2024-10-12T16:37:27.506+0000] {dag.py:4180} INFO - Setting next_dagrun for example_params_trigger_ui to None, run_after=None
[2024-10-12T16:37:27.516+0000] {processor.py:208} INFO - Processing /home/airflow/.local/lib/python3.12/site-packages/airflow/example_dags/example_params_trigger_ui.py took 0.051 seconds
[2024-10-12T16:37:57.911+0000] {processor.py:186} INFO - Started process (PID=1803) to work on /home/airflow/.local/lib/python3.12/site-packages/airflow/example_dags/example_params_trigger_ui.py
[2024-10-12T16:37:57.911+0000] {processor.py:914} INFO - Processing file /home/airflow/.local/lib/python3.12/site-packages/airflow/example_dags/example_params_trigger_ui.py for tasks to queue
[2024-10-12T16:37:57.913+0000] {logging_mixin.py:190} INFO - [2024-10-12T16:37:57.913+0000] {dagbag.py:588} INFO - Filling up the DagBag from /home/airflow/.local/lib/python3.12/site-packages/airflow/example_dags/example_params_trigger_ui.py
[2024-10-12T16:37:57.921+0000] {processor.py:925} INFO - DAG(s) 'example_params_trigger_ui' retrieved from /home/airflow/.local/lib/python3.12/site-packages/airflow/example_dags/example_params_trigger_ui.py
[2024-10-12T16:37:57.949+0000] {logging_mixin.py:190} INFO - [2024-10-12T16:37:57.949+0000] {dag.py:3239} INFO - Sync 1 DAGs
[2024-10-12T16:37:57.960+0000] {logging_mixin.py:190} INFO - [2024-10-12T16:37:57.959+0000] {dag.py:4180} INFO - Setting next_dagrun for example_params_trigger_ui to None, run_after=None
[2024-10-12T16:37:57.970+0000] {processor.py:208} INFO - Processing /home/airflow/.local/lib/python3.12/site-packages/airflow/example_dags/example_params_trigger_ui.py took 0.063 seconds
[2024-10-12T16:38:28.106+0000] {processor.py:186} INFO - Started process (PID=2089) to work on /home/airflow/.local/lib/python3.12/site-packages/airflow/example_dags/example_params_trigger_ui.py
[2024-10-12T16:38:28.107+0000] {processor.py:914} INFO - Processing file /home/airflow/.local/lib/python3.12/site-packages/airflow/example_dags/example_params_trigger_ui.py for tasks to queue
[2024-10-12T16:38:28.108+0000] {logging_mixin.py:190} INFO - [2024-10-12T16:38:28.108+0000] {dagbag.py:588} INFO - Filling up the DagBag from /home/airflow/.local/lib/python3.12/site-packages/airflow/example_dags/example_params_trigger_ui.py
[2024-10-12T16:38:28.114+0000] {processor.py:925} INFO - DAG(s) 'example_params_trigger_ui' retrieved from /home/airflow/.local/lib/python3.12/site-packages/airflow/example_dags/example_params_trigger_ui.py
[2024-10-12T16:38:28.137+0000] {logging_mixin.py:190} INFO - [2024-10-12T16:38:28.137+0000] {dag.py:3239} INFO - Sync 1 DAGs
[2024-10-12T16:38:28.146+0000] {logging_mixin.py:190} INFO - [2024-10-12T16:38:28.146+0000] {dag.py:4180} INFO - Setting next_dagrun for example_params_trigger_ui to None, run_after=None
[2024-10-12T16:38:28.159+0000] {processor.py:208} INFO - Processing /home/airflow/.local/lib/python3.12/site-packages/airflow/example_dags/example_params_trigger_ui.py took 0.056 seconds
[2024-10-12T16:38:58.315+0000] {processor.py:186} INFO - Started process (PID=2375) to work on /home/airflow/.local/lib/python3.12/site-packages/airflow/example_dags/example_params_trigger_ui.py
[2024-10-12T16:38:58.315+0000] {processor.py:914} INFO - Processing file /home/airflow/.local/lib/python3.12/site-packages/airflow/example_dags/example_params_trigger_ui.py for tasks to queue
[2024-10-12T16:38:58.317+0000] {logging_mixin.py:190} INFO - [2024-10-12T16:38:58.316+0000] {dagbag.py:588} INFO - Filling up the DagBag from /home/airflow/.local/lib/python3.12/site-packages/airflow/example_dags/example_params_trigger_ui.py
[2024-10-12T16:38:58.325+0000] {processor.py:925} INFO - DAG(s) 'example_params_trigger_ui' retrieved from /home/airflow/.local/lib/python3.12/site-packages/airflow/example_dags/example_params_trigger_ui.py
[2024-10-12T16:38:58.349+0000] {logging_mixin.py:190} INFO - [2024-10-12T16:38:58.349+0000] {dag.py:3239} INFO - Sync 1 DAGs
[2024-10-12T16:38:58.357+0000] {logging_mixin.py:190} INFO - [2024-10-12T16:38:58.357+0000] {dag.py:4180} INFO - Setting next_dagrun for example_params_trigger_ui to None, run_after=None
[2024-10-12T16:38:58.369+0000] {processor.py:208} INFO - Processing /home/airflow/.local/lib/python3.12/site-packages/airflow/example_dags/example_params_trigger_ui.py took 0.059 seconds
[2024-10-12T16:39:28.652+0000] {processor.py:186} INFO - Started process (PID=2661) to work on /home/airflow/.local/lib/python3.12/site-packages/airflow/example_dags/example_params_trigger_ui.py
[2024-10-12T16:39:28.653+0000] {processor.py:914} INFO - Processing file /home/airflow/.local/lib/python3.12/site-packages/airflow/example_dags/example_params_trigger_ui.py for tasks to queue
[2024-10-12T16:39:28.654+0000] {logging_mixin.py:190} INFO - [2024-10-12T16:39:28.654+0000] {dagbag.py:588} INFO - Filling up the DagBag from /home/airflow/.local/lib/python3.12/site-packages/airflow/example_dags/example_params_trigger_ui.py
[2024-10-12T16:39:28.661+0000] {processor.py:925} INFO - DAG(s) 'example_params_trigger_ui' retrieved from /home/airflow/.local/lib/python3.12/site-packages/airflow/example_dags/example_params_trigger_ui.py
[2024-10-12T16:39:28.685+0000] {logging_mixin.py:190} INFO - [2024-10-12T16:39:28.685+0000] {dag.py:3239} INFO - Sync 1 DAGs
[2024-10-12T16:39:28.695+0000] {logging_mixin.py:190} INFO - [2024-10-12T16:39:28.694+0000] {dag.py:4180} INFO - Setting next_dagrun for example_params_trigger_ui to None, run_after=None
[2024-10-12T16:39:28.705+0000] {processor.py:208} INFO - Processing /home/airflow/.local/lib/python3.12/site-packages/airflow/example_dags/example_params_trigger_ui.py took 0.056 seconds
[2024-10-12T16:39:58.852+0000] {processor.py:186} INFO - Started process (PID=2947) to work on /home/airflow/.local/lib/python3.12/site-packages/airflow/example_dags/example_params_trigger_ui.py
[2024-10-12T16:39:58.852+0000] {processor.py:914} INFO - Processing file /home/airflow/.local/lib/python3.12/site-packages/airflow/example_dags/example_params_trigger_ui.py for tasks to queue
[2024-10-12T16:39:58.853+0000] {logging_mixin.py:190} INFO - [2024-10-12T16:39:58.853+0000] {dagbag.py:588} INFO - Filling up the DagBag from /home/airflow/.local/lib/python3.12/site-packages/airflow/example_dags/example_params_trigger_ui.py
[2024-10-12T16:39:58.860+0000] {processor.py:925} INFO - DAG(s) 'example_params_trigger_ui' retrieved from /home/airflow/.local/lib/python3.12/site-packages/airflow/example_dags/example_params_trigger_ui.py
[2024-10-12T16:39:58.882+0000] {logging_mixin.py:190} INFO - [2024-10-12T16:39:58.882+0000] {dag.py:3239} INFO - Sync 1 DAGs
[2024-10-12T16:39:58.891+0000] {logging_mixin.py:190} INFO - [2024-10-12T16:39:58.890+0000] {dag.py:4180} INFO - Setting next_dagrun for example_params_trigger_ui to None, run_after=None
[2024-10-12T16:39:58.900+0000] {processor.py:208} INFO - Processing /home/airflow/.local/lib/python3.12/site-packages/airflow/example_dags/example_params_trigger_ui.py took 0.052 seconds
[2024-10-12T16:40:29.280+0000] {processor.py:186} INFO - Started process (PID=3233) to work on /home/airflow/.local/lib/python3.12/site-packages/airflow/example_dags/example_params_trigger_ui.py
[2024-10-12T16:40:29.281+0000] {processor.py:914} INFO - Processing file /home/airflow/.local/lib/python3.12/site-packages/airflow/example_dags/example_params_trigger_ui.py for tasks to queue
[2024-10-12T16:40:29.283+0000] {logging_mixin.py:190} INFO - [2024-10-12T16:40:29.282+0000] {dagbag.py:588} INFO - Filling up the DagBag from /home/airflow/.local/lib/python3.12/site-packages/airflow/example_dags/example_params_trigger_ui.py
[2024-10-12T16:40:29.293+0000] {processor.py:925} INFO - DAG(s) 'example_params_trigger_ui' retrieved from /home/airflow/.local/lib/python3.12/site-packages/airflow/example_dags/example_params_trigger_ui.py
[2024-10-12T16:40:29.316+0000] {logging_mixin.py:190} INFO - [2024-10-12T16:40:29.316+0000] {dag.py:3239} INFO - Sync 1 DAGs
[2024-10-12T16:40:29.327+0000] {logging_mixin.py:190} INFO - [2024-10-12T16:40:29.327+0000] {dag.py:4180} INFO - Setting next_dagrun for example_params_trigger_ui to None, run_after=None
[2024-10-12T16:40:29.344+0000] {processor.py:208} INFO - Processing /home/airflow/.local/lib/python3.12/site-packages/airflow/example_dags/example_params_trigger_ui.py took 0.067 seconds
[2024-10-12T16:40:59.689+0000] {processor.py:186} INFO - Started process (PID=3519) to work on /home/airflow/.local/lib/python3.12/site-packages/airflow/example_dags/example_params_trigger_ui.py
[2024-10-12T16:40:59.689+0000] {processor.py:914} INFO - Processing file /home/airflow/.local/lib/python3.12/site-packages/airflow/example_dags/example_params_trigger_ui.py for tasks to queue
[2024-10-12T16:40:59.691+0000] {logging_mixin.py:190} INFO - [2024-10-12T16:40:59.691+0000] {dagbag.py:588} INFO - Filling up the DagBag from /home/airflow/.local/lib/python3.12/site-packages/airflow/example_dags/example_params_trigger_ui.py
[2024-10-12T16:40:59.697+0000] {processor.py:925} INFO - DAG(s) 'example_params_trigger_ui' retrieved from /home/airflow/.local/lib/python3.12/site-packages/airflow/example_dags/example_params_trigger_ui.py
[2024-10-12T16:40:59.721+0000] {logging_mixin.py:190} INFO - [2024-10-12T16:40:59.720+0000] {dag.py:3239} INFO - Sync 1 DAGs
[2024-10-12T16:40:59.731+0000] {logging_mixin.py:190} INFO - [2024-10-12T16:40:59.730+0000] {dag.py:4180} INFO - Setting next_dagrun for example_params_trigger_ui to None, run_after=None
[2024-10-12T16:40:59.742+0000] {processor.py:208} INFO - Processing /home/airflow/.local/lib/python3.12/site-packages/airflow/example_dags/example_params_trigger_ui.py took 0.057 seconds
[2024-10-12T16:41:30.065+0000] {processor.py:186} INFO - Started process (PID=3805) to work on /home/airflow/.local/lib/python3.12/site-packages/airflow/example_dags/example_params_trigger_ui.py
[2024-10-12T16:41:30.066+0000] {processor.py:914} INFO - Processing file /home/airflow/.local/lib/python3.12/site-packages/airflow/example_dags/example_params_trigger_ui.py for tasks to queue
[2024-10-12T16:41:30.067+0000] {logging_mixin.py:190} INFO - [2024-10-12T16:41:30.067+0000] {dagbag.py:588} INFO - Filling up the DagBag from /home/airflow/.local/lib/python3.12/site-packages/airflow/example_dags/example_params_trigger_ui.py
[2024-10-12T16:41:30.075+0000] {processor.py:925} INFO - DAG(s) 'example_params_trigger_ui' retrieved from /home/airflow/.local/lib/python3.12/site-packages/airflow/example_dags/example_params_trigger_ui.py
[2024-10-12T16:41:30.099+0000] {logging_mixin.py:190} INFO - [2024-10-12T16:41:30.099+0000] {dag.py:3239} INFO - Sync 1 DAGs
[2024-10-12T16:41:30.109+0000] {logging_mixin.py:190} INFO - [2024-10-12T16:41:30.109+0000] {dag.py:4180} INFO - Setting next_dagrun for example_params_trigger_ui to None, run_after=None
[2024-10-12T16:41:30.121+0000] {processor.py:208} INFO - Processing /home/airflow/.local/lib/python3.12/site-packages/airflow/example_dags/example_params_trigger_ui.py took 0.060 seconds
