[2024-10-12T16:35:23.384+0000] {processor.py:186} INFO - Started process (PID=209) to work on /home/airflow/.local/lib/python3.12/site-packages/airflow/example_dags/example_sensors.py
[2024-10-12T16:35:23.385+0000] {processor.py:914} INFO - Processing file /home/airflow/.local/lib/python3.12/site-packages/airflow/example_dags/example_sensors.py for tasks to queue
[2024-10-12T16:35:23.387+0000] {logging_mixin.py:190} INFO - [2024-10-12T16:35:23.387+0000] {dagbag.py:588} INFO - Filling up the DagBag from /home/airflow/.local/lib/python3.12/site-packages/airflow/example_dags/example_sensors.py
[2024-10-12T16:35:23.394+0000] {processor.py:925} INFO - DAG(s) 'example_sensors' retrieved from /home/airflow/.local/lib/python3.12/site-packages/airflow/example_dags/example_sensors.py
[2024-10-12T16:35:23.456+0000] {logging_mixin.py:190} INFO - [2024-10-12T16:35:23.456+0000] {override.py:1900} INFO - Created Permission View: can edit on DAG:example_sensors
[2024-10-12T16:35:23.462+0000] {logging_mixin.py:190} INFO - [2024-10-12T16:35:23.461+0000] {override.py:1900} INFO - Created Permission View: can read on DAG:example_sensors
[2024-10-12T16:35:23.465+0000] {logging_mixin.py:190} INFO - [2024-10-12T16:35:23.465+0000] {override.py:1900} INFO - Created Permission View: can delete on DAG:example_sensors
[2024-10-12T16:35:23.469+0000] {logging_mixin.py:190} INFO - [2024-10-12T16:35:23.469+0000] {override.py:1900} INFO - Created Permission View: menu access on DAG Run:example_sensors
[2024-10-12T16:35:23.473+0000] {logging_mixin.py:190} INFO - [2024-10-12T16:35:23.473+0000] {override.py:1900} INFO - Created Permission View: can read on DAG Run:example_sensors
[2024-10-12T16:35:23.477+0000] {logging_mixin.py:190} INFO - [2024-10-12T16:35:23.477+0000] {override.py:1900} INFO - Created Permission View: can delete on DAG Run:example_sensors
[2024-10-12T16:35:23.480+0000] {logging_mixin.py:190} INFO - [2024-10-12T16:35:23.480+0000] {override.py:1900} INFO - Created Permission View: can create on DAG Run:example_sensors
[2024-10-12T16:35:23.481+0000] {logging_mixin.py:190} INFO - [2024-10-12T16:35:23.481+0000] {dag.py:3239} INFO - Sync 1 DAGs
[2024-10-12T16:35:23.488+0000] {logging_mixin.py:190} INFO - [2024-10-12T16:35:23.487+0000] {dag.py:3262} INFO - Creating ORM DAG for example_sensors
[2024-10-12T16:35:23.488+0000] {logging_mixin.py:190} INFO - [2024-10-12T16:35:23.488+0000] {dag.py:4180} INFO - Setting next_dagrun for example_sensors to None, run_after=None
[2024-10-12T16:35:23.497+0000] {processor.py:208} INFO - Processing /home/airflow/.local/lib/python3.12/site-packages/airflow/example_dags/example_sensors.py took 0.116 seconds
[2024-10-12T16:35:53.668+0000] {processor.py:186} INFO - Started process (PID=493) to work on /home/airflow/.local/lib/python3.12/site-packages/airflow/example_dags/example_sensors.py
[2024-10-12T16:35:53.669+0000] {processor.py:914} INFO - Processing file /home/airflow/.local/lib/python3.12/site-packages/airflow/example_dags/example_sensors.py for tasks to queue
[2024-10-12T16:35:53.670+0000] {logging_mixin.py:190} INFO - [2024-10-12T16:35:53.670+0000] {dagbag.py:588} INFO - Filling up the DagBag from /home/airflow/.local/lib/python3.12/site-packages/airflow/example_dags/example_sensors.py
[2024-10-12T16:35:53.676+0000] {processor.py:925} INFO - DAG(s) 'example_sensors' retrieved from /home/airflow/.local/lib/python3.12/site-packages/airflow/example_dags/example_sensors.py
[2024-10-12T16:35:53.690+0000] {logging_mixin.py:190} INFO - [2024-10-12T16:35:53.689+0000] {dag.py:3239} INFO - Sync 1 DAGs
[2024-10-12T16:35:53.697+0000] {logging_mixin.py:190} INFO - [2024-10-12T16:35:53.697+0000] {dag.py:4180} INFO - Setting next_dagrun for example_sensors to None, run_after=None
[2024-10-12T16:35:53.710+0000] {processor.py:208} INFO - Processing /home/airflow/.local/lib/python3.12/site-packages/airflow/example_dags/example_sensors.py took 0.045 seconds
[2024-10-12T16:36:23.905+0000] {processor.py:186} INFO - Started process (PID=780) to work on /home/airflow/.local/lib/python3.12/site-packages/airflow/example_dags/example_sensors.py
[2024-10-12T16:36:23.905+0000] {processor.py:914} INFO - Processing file /home/airflow/.local/lib/python3.12/site-packages/airflow/example_dags/example_sensors.py for tasks to queue
[2024-10-12T16:36:23.907+0000] {logging_mixin.py:190} INFO - [2024-10-12T16:36:23.907+0000] {dagbag.py:588} INFO - Filling up the DagBag from /home/airflow/.local/lib/python3.12/site-packages/airflow/example_dags/example_sensors.py
[2024-10-12T16:36:23.915+0000] {processor.py:925} INFO - DAG(s) 'example_sensors' retrieved from /home/airflow/.local/lib/python3.12/site-packages/airflow/example_dags/example_sensors.py
[2024-10-12T16:36:23.929+0000] {logging_mixin.py:190} INFO - [2024-10-12T16:36:23.929+0000] {dag.py:3239} INFO - Sync 1 DAGs
[2024-10-12T16:36:23.937+0000] {logging_mixin.py:190} INFO - [2024-10-12T16:36:23.937+0000] {dag.py:4180} INFO - Setting next_dagrun for example_sensors to None, run_after=None
[2024-10-12T16:36:23.946+0000] {processor.py:208} INFO - Processing /home/airflow/.local/lib/python3.12/site-packages/airflow/example_dags/example_sensors.py took 0.045 seconds
[2024-10-12T16:36:54.083+0000] {processor.py:186} INFO - Started process (PID=1065) to work on /home/airflow/.local/lib/python3.12/site-packages/airflow/example_dags/example_sensors.py
[2024-10-12T16:36:54.084+0000] {processor.py:914} INFO - Processing file /home/airflow/.local/lib/python3.12/site-packages/airflow/example_dags/example_sensors.py for tasks to queue
[2024-10-12T16:36:54.085+0000] {logging_mixin.py:190} INFO - [2024-10-12T16:36:54.085+0000] {dagbag.py:588} INFO - Filling up the DagBag from /home/airflow/.local/lib/python3.12/site-packages/airflow/example_dags/example_sensors.py
[2024-10-12T16:36:54.091+0000] {processor.py:925} INFO - DAG(s) 'example_sensors' retrieved from /home/airflow/.local/lib/python3.12/site-packages/airflow/example_dags/example_sensors.py
[2024-10-12T16:36:54.106+0000] {logging_mixin.py:190} INFO - [2024-10-12T16:36:54.106+0000] {dag.py:3239} INFO - Sync 1 DAGs
[2024-10-12T16:36:54.113+0000] {logging_mixin.py:190} INFO - [2024-10-12T16:36:54.113+0000] {dag.py:4180} INFO - Setting next_dagrun for example_sensors to None, run_after=None
[2024-10-12T16:36:54.124+0000] {processor.py:208} INFO - Processing /home/airflow/.local/lib/python3.12/site-packages/airflow/example_dags/example_sensors.py took 0.044 seconds
[2024-10-12T16:37:24.259+0000] {processor.py:186} INFO - Started process (PID=1351) to work on /home/airflow/.local/lib/python3.12/site-packages/airflow/example_dags/example_sensors.py
[2024-10-12T16:37:24.259+0000] {processor.py:914} INFO - Processing file /home/airflow/.local/lib/python3.12/site-packages/airflow/example_dags/example_sensors.py for tasks to queue
[2024-10-12T16:37:24.261+0000] {logging_mixin.py:190} INFO - [2024-10-12T16:37:24.261+0000] {dagbag.py:588} INFO - Filling up the DagBag from /home/airflow/.local/lib/python3.12/site-packages/airflow/example_dags/example_sensors.py
[2024-10-12T16:37:24.267+0000] {processor.py:925} INFO - DAG(s) 'example_sensors' retrieved from /home/airflow/.local/lib/python3.12/site-packages/airflow/example_dags/example_sensors.py
[2024-10-12T16:37:24.281+0000] {logging_mixin.py:190} INFO - [2024-10-12T16:37:24.281+0000] {dag.py:3239} INFO - Sync 1 DAGs
[2024-10-12T16:37:24.289+0000] {logging_mixin.py:190} INFO - [2024-10-12T16:37:24.289+0000] {dag.py:4180} INFO - Setting next_dagrun for example_sensors to None, run_after=None
[2024-10-12T16:37:24.300+0000] {processor.py:208} INFO - Processing /home/airflow/.local/lib/python3.12/site-packages/airflow/example_dags/example_sensors.py took 0.044 seconds
[2024-10-12T16:37:54.564+0000] {processor.py:186} INFO - Started process (PID=1637) to work on /home/airflow/.local/lib/python3.12/site-packages/airflow/example_dags/example_sensors.py
[2024-10-12T16:37:54.565+0000] {processor.py:914} INFO - Processing file /home/airflow/.local/lib/python3.12/site-packages/airflow/example_dags/example_sensors.py for tasks to queue
[2024-10-12T16:37:54.566+0000] {logging_mixin.py:190} INFO - [2024-10-12T16:37:54.566+0000] {dagbag.py:588} INFO - Filling up the DagBag from /home/airflow/.local/lib/python3.12/site-packages/airflow/example_dags/example_sensors.py
[2024-10-12T16:37:54.573+0000] {processor.py:925} INFO - DAG(s) 'example_sensors' retrieved from /home/airflow/.local/lib/python3.12/site-packages/airflow/example_dags/example_sensors.py
[2024-10-12T16:37:54.588+0000] {logging_mixin.py:190} INFO - [2024-10-12T16:37:54.588+0000] {dag.py:3239} INFO - Sync 1 DAGs
[2024-10-12T16:37:54.597+0000] {logging_mixin.py:190} INFO - [2024-10-12T16:37:54.596+0000] {dag.py:4180} INFO - Setting next_dagrun for example_sensors to None, run_after=None
[2024-10-12T16:37:54.606+0000] {processor.py:208} INFO - Processing /home/airflow/.local/lib/python3.12/site-packages/airflow/example_dags/example_sensors.py took 0.046 seconds
[2024-10-12T16:38:24.955+0000] {processor.py:186} INFO - Started process (PID=1929) to work on /home/airflow/.local/lib/python3.12/site-packages/airflow/example_dags/example_sensors.py
[2024-10-12T16:38:24.955+0000] {processor.py:914} INFO - Processing file /home/airflow/.local/lib/python3.12/site-packages/airflow/example_dags/example_sensors.py for tasks to queue
[2024-10-12T16:38:24.957+0000] {logging_mixin.py:190} INFO - [2024-10-12T16:38:24.956+0000] {dagbag.py:588} INFO - Filling up the DagBag from /home/airflow/.local/lib/python3.12/site-packages/airflow/example_dags/example_sensors.py
[2024-10-12T16:38:24.963+0000] {processor.py:925} INFO - DAG(s) 'example_sensors' retrieved from /home/airflow/.local/lib/python3.12/site-packages/airflow/example_dags/example_sensors.py
[2024-10-12T16:38:24.977+0000] {logging_mixin.py:190} INFO - [2024-10-12T16:38:24.977+0000] {dag.py:3239} INFO - Sync 1 DAGs
[2024-10-12T16:38:24.985+0000] {logging_mixin.py:190} INFO - [2024-10-12T16:38:24.985+0000] {dag.py:4180} INFO - Setting next_dagrun for example_sensors to None, run_after=None
[2024-10-12T16:38:24.996+0000] {processor.py:208} INFO - Processing /home/airflow/.local/lib/python3.12/site-packages/airflow/example_dags/example_sensors.py took 0.045 seconds
[2024-10-12T16:38:55.064+0000] {processor.py:186} INFO - Started process (PID=2215) to work on /home/airflow/.local/lib/python3.12/site-packages/airflow/example_dags/example_sensors.py
[2024-10-12T16:38:55.064+0000] {processor.py:914} INFO - Processing file /home/airflow/.local/lib/python3.12/site-packages/airflow/example_dags/example_sensors.py for tasks to queue
[2024-10-12T16:38:55.066+0000] {logging_mixin.py:190} INFO - [2024-10-12T16:38:55.065+0000] {dagbag.py:588} INFO - Filling up the DagBag from /home/airflow/.local/lib/python3.12/site-packages/airflow/example_dags/example_sensors.py
[2024-10-12T16:38:55.072+0000] {processor.py:925} INFO - DAG(s) 'example_sensors' retrieved from /home/airflow/.local/lib/python3.12/site-packages/airflow/example_dags/example_sensors.py
[2024-10-12T16:38:55.086+0000] {logging_mixin.py:190} INFO - [2024-10-12T16:38:55.086+0000] {dag.py:3239} INFO - Sync 1 DAGs
[2024-10-12T16:38:55.094+0000] {logging_mixin.py:190} INFO - [2024-10-12T16:38:55.094+0000] {dag.py:4180} INFO - Setting next_dagrun for example_sensors to None, run_after=None
[2024-10-12T16:38:55.104+0000] {processor.py:208} INFO - Processing /home/airflow/.local/lib/python3.12/site-packages/airflow/example_dags/example_sensors.py took 0.044 seconds
[2024-10-12T16:39:25.361+0000] {processor.py:186} INFO - Started process (PID=2501) to work on /home/airflow/.local/lib/python3.12/site-packages/airflow/example_dags/example_sensors.py
[2024-10-12T16:39:25.362+0000] {processor.py:914} INFO - Processing file /home/airflow/.local/lib/python3.12/site-packages/airflow/example_dags/example_sensors.py for tasks to queue
[2024-10-12T16:39:25.363+0000] {logging_mixin.py:190} INFO - [2024-10-12T16:39:25.363+0000] {dagbag.py:588} INFO - Filling up the DagBag from /home/airflow/.local/lib/python3.12/site-packages/airflow/example_dags/example_sensors.py
[2024-10-12T16:39:25.370+0000] {processor.py:925} INFO - DAG(s) 'example_sensors' retrieved from /home/airflow/.local/lib/python3.12/site-packages/airflow/example_dags/example_sensors.py
[2024-10-12T16:39:25.384+0000] {logging_mixin.py:190} INFO - [2024-10-12T16:39:25.384+0000] {dag.py:3239} INFO - Sync 1 DAGs
[2024-10-12T16:39:25.393+0000] {logging_mixin.py:190} INFO - [2024-10-12T16:39:25.393+0000] {dag.py:4180} INFO - Setting next_dagrun for example_sensors to None, run_after=None
[2024-10-12T16:39:25.404+0000] {processor.py:208} INFO - Processing /home/airflow/.local/lib/python3.12/site-packages/airflow/example_dags/example_sensors.py took 0.047 seconds
[2024-10-12T16:39:55.639+0000] {processor.py:186} INFO - Started process (PID=2787) to work on /home/airflow/.local/lib/python3.12/site-packages/airflow/example_dags/example_sensors.py
[2024-10-12T16:39:55.639+0000] {processor.py:914} INFO - Processing file /home/airflow/.local/lib/python3.12/site-packages/airflow/example_dags/example_sensors.py for tasks to queue
[2024-10-12T16:39:55.641+0000] {logging_mixin.py:190} INFO - [2024-10-12T16:39:55.641+0000] {dagbag.py:588} INFO - Filling up the DagBag from /home/airflow/.local/lib/python3.12/site-packages/airflow/example_dags/example_sensors.py
[2024-10-12T16:39:55.648+0000] {processor.py:925} INFO - DAG(s) 'example_sensors' retrieved from /home/airflow/.local/lib/python3.12/site-packages/airflow/example_dags/example_sensors.py
[2024-10-12T16:39:55.661+0000] {logging_mixin.py:190} INFO - [2024-10-12T16:39:55.661+0000] {dag.py:3239} INFO - Sync 1 DAGs
[2024-10-12T16:39:55.670+0000] {logging_mixin.py:190} INFO - [2024-10-12T16:39:55.669+0000] {dag.py:4180} INFO - Setting next_dagrun for example_sensors to None, run_after=None
[2024-10-12T16:39:55.679+0000] {processor.py:208} INFO - Processing /home/airflow/.local/lib/python3.12/site-packages/airflow/example_dags/example_sensors.py took 0.044 seconds
[2024-10-12T16:40:25.884+0000] {processor.py:186} INFO - Started process (PID=3073) to work on /home/airflow/.local/lib/python3.12/site-packages/airflow/example_dags/example_sensors.py
[2024-10-12T16:40:25.884+0000] {processor.py:914} INFO - Processing file /home/airflow/.local/lib/python3.12/site-packages/airflow/example_dags/example_sensors.py for tasks to queue
[2024-10-12T16:40:25.886+0000] {logging_mixin.py:190} INFO - [2024-10-12T16:40:25.886+0000] {dagbag.py:588} INFO - Filling up the DagBag from /home/airflow/.local/lib/python3.12/site-packages/airflow/example_dags/example_sensors.py
[2024-10-12T16:40:25.892+0000] {processor.py:925} INFO - DAG(s) 'example_sensors' retrieved from /home/airflow/.local/lib/python3.12/site-packages/airflow/example_dags/example_sensors.py
[2024-10-12T16:40:25.907+0000] {logging_mixin.py:190} INFO - [2024-10-12T16:40:25.907+0000] {dag.py:3239} INFO - Sync 1 DAGs
[2024-10-12T16:40:25.915+0000] {logging_mixin.py:190} INFO - [2024-10-12T16:40:25.915+0000] {dag.py:4180} INFO - Setting next_dagrun for example_sensors to None, run_after=None
[2024-10-12T16:40:25.926+0000] {processor.py:208} INFO - Processing /home/airflow/.local/lib/python3.12/site-packages/airflow/example_dags/example_sensors.py took 0.046 seconds
[2024-10-12T16:40:56.309+0000] {processor.py:186} INFO - Started process (PID=3359) to work on /home/airflow/.local/lib/python3.12/site-packages/airflow/example_dags/example_sensors.py
[2024-10-12T16:40:56.310+0000] {processor.py:914} INFO - Processing file /home/airflow/.local/lib/python3.12/site-packages/airflow/example_dags/example_sensors.py for tasks to queue
[2024-10-12T16:40:56.312+0000] {logging_mixin.py:190} INFO - [2024-10-12T16:40:56.311+0000] {dagbag.py:588} INFO - Filling up the DagBag from /home/airflow/.local/lib/python3.12/site-packages/airflow/example_dags/example_sensors.py
[2024-10-12T16:40:56.318+0000] {processor.py:925} INFO - DAG(s) 'example_sensors' retrieved from /home/airflow/.local/lib/python3.12/site-packages/airflow/example_dags/example_sensors.py
[2024-10-12T16:40:56.335+0000] {logging_mixin.py:190} INFO - [2024-10-12T16:40:56.334+0000] {dag.py:3239} INFO - Sync 1 DAGs
[2024-10-12T16:40:56.344+0000] {logging_mixin.py:190} INFO - [2024-10-12T16:40:56.343+0000] {dag.py:4180} INFO - Setting next_dagrun for example_sensors to None, run_after=None
[2024-10-12T16:40:56.354+0000] {processor.py:208} INFO - Processing /home/airflow/.local/lib/python3.12/site-packages/airflow/example_dags/example_sensors.py took 0.048 seconds
[2024-10-12T16:41:26.641+0000] {processor.py:186} INFO - Started process (PID=3645) to work on /home/airflow/.local/lib/python3.12/site-packages/airflow/example_dags/example_sensors.py
[2024-10-12T16:41:26.641+0000] {processor.py:914} INFO - Processing file /home/airflow/.local/lib/python3.12/site-packages/airflow/example_dags/example_sensors.py for tasks to queue
[2024-10-12T16:41:26.643+0000] {logging_mixin.py:190} INFO - [2024-10-12T16:41:26.642+0000] {dagbag.py:588} INFO - Filling up the DagBag from /home/airflow/.local/lib/python3.12/site-packages/airflow/example_dags/example_sensors.py
[2024-10-12T16:41:26.651+0000] {processor.py:925} INFO - DAG(s) 'example_sensors' retrieved from /home/airflow/.local/lib/python3.12/site-packages/airflow/example_dags/example_sensors.py
[2024-10-12T16:41:26.667+0000] {logging_mixin.py:190} INFO - [2024-10-12T16:41:26.666+0000] {dag.py:3239} INFO - Sync 1 DAGs
[2024-10-12T16:41:26.676+0000] {logging_mixin.py:190} INFO - [2024-10-12T16:41:26.676+0000] {dag.py:4180} INFO - Setting next_dagrun for example_sensors to None, run_after=None
[2024-10-12T16:41:26.687+0000] {processor.py:208} INFO - Processing /home/airflow/.local/lib/python3.12/site-packages/airflow/example_dags/example_sensors.py took 0.050 seconds
