[2024-10-12T16:35:26.657+0000] {processor.py:186} INFO - Started process (PID=410) to work on /home/airflow/.local/lib/python3.12/site-packages/airflow/example_dags/example_python_operator.py
[2024-10-12T16:35:26.658+0000] {processor.py:914} INFO - Processing file /home/airflow/.local/lib/python3.12/site-packages/airflow/example_dags/example_python_operator.py for tasks to queue
[2024-10-12T16:35:26.659+0000] {logging_mixin.py:190} INFO - [2024-10-12T16:35:26.659+0000] {dagbag.py:588} INFO - Filling up the DagBag from /home/airflow/.local/lib/python3.12/site-packages/airflow/example_dags/example_python_operator.py
[2024-10-12T16:35:26.667+0000] {processor.py:925} INFO - DAG(s) 'example_python_operator' retrieved from /home/airflow/.local/lib/python3.12/site-packages/airflow/example_dags/example_python_operator.py
[2024-10-12T16:35:26.724+0000] {logging_mixin.py:190} INFO - [2024-10-12T16:35:26.724+0000] {override.py:1900} INFO - Created Permission View: can edit on DAG:example_python_operator
[2024-10-12T16:35:26.730+0000] {logging_mixin.py:190} INFO - [2024-10-12T16:35:26.729+0000] {override.py:1900} INFO - Created Permission View: can read on DAG:example_python_operator
[2024-10-12T16:35:26.733+0000] {logging_mixin.py:190} INFO - [2024-10-12T16:35:26.732+0000] {override.py:1900} INFO - Created Permission View: can delete on DAG:example_python_operator
[2024-10-12T16:35:26.736+0000] {logging_mixin.py:190} INFO - [2024-10-12T16:35:26.736+0000] {override.py:1900} INFO - Created Permission View: menu access on DAG Run:example_python_operator
[2024-10-12T16:35:26.739+0000] {logging_mixin.py:190} INFO - [2024-10-12T16:35:26.739+0000] {override.py:1900} INFO - Created Permission View: can read on DAG Run:example_python_operator
[2024-10-12T16:35:26.742+0000] {logging_mixin.py:190} INFO - [2024-10-12T16:35:26.742+0000] {override.py:1900} INFO - Created Permission View: can delete on DAG Run:example_python_operator
[2024-10-12T16:35:26.745+0000] {logging_mixin.py:190} INFO - [2024-10-12T16:35:26.745+0000] {override.py:1900} INFO - Created Permission View: can create on DAG Run:example_python_operator
[2024-10-12T16:35:26.745+0000] {logging_mixin.py:190} INFO - [2024-10-12T16:35:26.745+0000] {dag.py:3239} INFO - Sync 1 DAGs
[2024-10-12T16:35:26.753+0000] {logging_mixin.py:190} INFO - [2024-10-12T16:35:26.753+0000] {dag.py:3262} INFO - Creating ORM DAG for example_python_operator
[2024-10-12T16:35:26.753+0000] {logging_mixin.py:190} INFO - [2024-10-12T16:35:26.753+0000] {dag.py:4180} INFO - Setting next_dagrun for example_python_operator to None, run_after=None
[2024-10-12T16:35:26.762+0000] {processor.py:208} INFO - Processing /home/airflow/.local/lib/python3.12/site-packages/airflow/example_dags/example_python_operator.py took 0.108 seconds
[2024-10-12T16:35:57.072+0000] {processor.py:186} INFO - Started process (PID=694) to work on /home/airflow/.local/lib/python3.12/site-packages/airflow/example_dags/example_python_operator.py
[2024-10-12T16:35:57.073+0000] {processor.py:914} INFO - Processing file /home/airflow/.local/lib/python3.12/site-packages/airflow/example_dags/example_python_operator.py for tasks to queue
[2024-10-12T16:35:57.074+0000] {logging_mixin.py:190} INFO - [2024-10-12T16:35:57.074+0000] {dagbag.py:588} INFO - Filling up the DagBag from /home/airflow/.local/lib/python3.12/site-packages/airflow/example_dags/example_python_operator.py
[2024-10-12T16:35:57.081+0000] {processor.py:925} INFO - DAG(s) 'example_python_operator' retrieved from /home/airflow/.local/lib/python3.12/site-packages/airflow/example_dags/example_python_operator.py
[2024-10-12T16:35:57.094+0000] {logging_mixin.py:190} INFO - [2024-10-12T16:35:57.094+0000] {dag.py:3239} INFO - Sync 1 DAGs
[2024-10-12T16:35:57.102+0000] {logging_mixin.py:190} INFO - [2024-10-12T16:35:57.101+0000] {dag.py:4180} INFO - Setting next_dagrun for example_python_operator to None, run_after=None
[2024-10-12T16:35:57.111+0000] {processor.py:208} INFO - Processing /home/airflow/.local/lib/python3.12/site-packages/airflow/example_dags/example_python_operator.py took 0.043 seconds
[2024-10-12T16:36:27.375+0000] {processor.py:186} INFO - Started process (PID=982) to work on /home/airflow/.local/lib/python3.12/site-packages/airflow/example_dags/example_python_operator.py
[2024-10-12T16:36:27.376+0000] {processor.py:914} INFO - Processing file /home/airflow/.local/lib/python3.12/site-packages/airflow/example_dags/example_python_operator.py for tasks to queue
[2024-10-12T16:36:27.378+0000] {logging_mixin.py:190} INFO - [2024-10-12T16:36:27.377+0000] {dagbag.py:588} INFO - Filling up the DagBag from /home/airflow/.local/lib/python3.12/site-packages/airflow/example_dags/example_python_operator.py
[2024-10-12T16:36:27.385+0000] {processor.py:925} INFO - DAG(s) 'example_python_operator' retrieved from /home/airflow/.local/lib/python3.12/site-packages/airflow/example_dags/example_python_operator.py
[2024-10-12T16:36:27.399+0000] {logging_mixin.py:190} INFO - [2024-10-12T16:36:27.398+0000] {dag.py:3239} INFO - Sync 1 DAGs
[2024-10-12T16:36:27.407+0000] {logging_mixin.py:190} INFO - [2024-10-12T16:36:27.407+0000] {dag.py:4180} INFO - Setting next_dagrun for example_python_operator to None, run_after=None
[2024-10-12T16:36:27.417+0000] {processor.py:208} INFO - Processing /home/airflow/.local/lib/python3.12/site-packages/airflow/example_dags/example_python_operator.py took 0.045 seconds
[2024-10-12T16:36:57.465+0000] {processor.py:186} INFO - Started process (PID=1266) to work on /home/airflow/.local/lib/python3.12/site-packages/airflow/example_dags/example_python_operator.py
[2024-10-12T16:36:57.466+0000] {processor.py:914} INFO - Processing file /home/airflow/.local/lib/python3.12/site-packages/airflow/example_dags/example_python_operator.py for tasks to queue
[2024-10-12T16:36:57.467+0000] {logging_mixin.py:190} INFO - [2024-10-12T16:36:57.467+0000] {dagbag.py:588} INFO - Filling up the DagBag from /home/airflow/.local/lib/python3.12/site-packages/airflow/example_dags/example_python_operator.py
[2024-10-12T16:36:57.474+0000] {processor.py:925} INFO - DAG(s) 'example_python_operator' retrieved from /home/airflow/.local/lib/python3.12/site-packages/airflow/example_dags/example_python_operator.py
[2024-10-12T16:36:57.486+0000] {logging_mixin.py:190} INFO - [2024-10-12T16:36:57.486+0000] {dag.py:3239} INFO - Sync 1 DAGs
[2024-10-12T16:36:57.494+0000] {logging_mixin.py:190} INFO - [2024-10-12T16:36:57.494+0000] {dag.py:4180} INFO - Setting next_dagrun for example_python_operator to None, run_after=None
[2024-10-12T16:36:57.503+0000] {processor.py:208} INFO - Processing /home/airflow/.local/lib/python3.12/site-packages/airflow/example_dags/example_python_operator.py took 0.042 seconds
[2024-10-12T16:37:27.679+0000] {processor.py:186} INFO - Started process (PID=1547) to work on /home/airflow/.local/lib/python3.12/site-packages/airflow/example_dags/example_python_operator.py
[2024-10-12T16:37:27.680+0000] {processor.py:914} INFO - Processing file /home/airflow/.local/lib/python3.12/site-packages/airflow/example_dags/example_python_operator.py for tasks to queue
[2024-10-12T16:37:27.682+0000] {logging_mixin.py:190} INFO - [2024-10-12T16:37:27.682+0000] {dagbag.py:588} INFO - Filling up the DagBag from /home/airflow/.local/lib/python3.12/site-packages/airflow/example_dags/example_python_operator.py
[2024-10-12T16:37:27.691+0000] {processor.py:925} INFO - DAG(s) 'example_python_operator' retrieved from /home/airflow/.local/lib/python3.12/site-packages/airflow/example_dags/example_python_operator.py
[2024-10-12T16:37:27.703+0000] {logging_mixin.py:190} INFO - [2024-10-12T16:37:27.703+0000] {dag.py:3239} INFO - Sync 1 DAGs
[2024-10-12T16:37:27.710+0000] {logging_mixin.py:190} INFO - [2024-10-12T16:37:27.710+0000] {dag.py:4180} INFO - Setting next_dagrun for example_python_operator to None, run_after=None
[2024-10-12T16:37:27.720+0000] {processor.py:208} INFO - Processing /home/airflow/.local/lib/python3.12/site-packages/airflow/example_dags/example_python_operator.py took 0.044 seconds
[2024-10-12T16:37:58.193+0000] {processor.py:186} INFO - Started process (PID=1838) to work on /home/airflow/.local/lib/python3.12/site-packages/airflow/example_dags/example_python_operator.py
[2024-10-12T16:37:58.194+0000] {processor.py:914} INFO - Processing file /home/airflow/.local/lib/python3.12/site-packages/airflow/example_dags/example_python_operator.py for tasks to queue
[2024-10-12T16:37:58.195+0000] {logging_mixin.py:190} INFO - [2024-10-12T16:37:58.195+0000] {dagbag.py:588} INFO - Filling up the DagBag from /home/airflow/.local/lib/python3.12/site-packages/airflow/example_dags/example_python_operator.py
[2024-10-12T16:37:58.203+0000] {processor.py:925} INFO - DAG(s) 'example_python_operator' retrieved from /home/airflow/.local/lib/python3.12/site-packages/airflow/example_dags/example_python_operator.py
[2024-10-12T16:37:58.215+0000] {logging_mixin.py:190} INFO - [2024-10-12T16:37:58.215+0000] {dag.py:3239} INFO - Sync 1 DAGs
[2024-10-12T16:37:58.223+0000] {logging_mixin.py:190} INFO - [2024-10-12T16:37:58.223+0000] {dag.py:4180} INFO - Setting next_dagrun for example_python_operator to None, run_after=None
[2024-10-12T16:37:58.233+0000] {processor.py:208} INFO - Processing /home/airflow/.local/lib/python3.12/site-packages/airflow/example_dags/example_python_operator.py took 0.043 seconds
[2024-10-12T16:38:28.330+0000] {processor.py:186} INFO - Started process (PID=2124) to work on /home/airflow/.local/lib/python3.12/site-packages/airflow/example_dags/example_python_operator.py
[2024-10-12T16:38:28.330+0000] {processor.py:914} INFO - Processing file /home/airflow/.local/lib/python3.12/site-packages/airflow/example_dags/example_python_operator.py for tasks to queue
[2024-10-12T16:38:28.332+0000] {logging_mixin.py:190} INFO - [2024-10-12T16:38:28.331+0000] {dagbag.py:588} INFO - Filling up the DagBag from /home/airflow/.local/lib/python3.12/site-packages/airflow/example_dags/example_python_operator.py
[2024-10-12T16:38:28.339+0000] {processor.py:925} INFO - DAG(s) 'example_python_operator' retrieved from /home/airflow/.local/lib/python3.12/site-packages/airflow/example_dags/example_python_operator.py
[2024-10-12T16:38:28.351+0000] {logging_mixin.py:190} INFO - [2024-10-12T16:38:28.351+0000] {dag.py:3239} INFO - Sync 1 DAGs
[2024-10-12T16:38:28.359+0000] {logging_mixin.py:190} INFO - [2024-10-12T16:38:28.359+0000] {dag.py:4180} INFO - Setting next_dagrun for example_python_operator to None, run_after=None
[2024-10-12T16:38:28.368+0000] {processor.py:208} INFO - Processing /home/airflow/.local/lib/python3.12/site-packages/airflow/example_dags/example_python_operator.py took 0.042 seconds
[2024-10-12T16:38:58.651+0000] {processor.py:186} INFO - Started process (PID=2412) to work on /home/airflow/.local/lib/python3.12/site-packages/airflow/example_dags/example_python_operator.py
[2024-10-12T16:38:58.651+0000] {processor.py:914} INFO - Processing file /home/airflow/.local/lib/python3.12/site-packages/airflow/example_dags/example_python_operator.py for tasks to queue
[2024-10-12T16:38:58.653+0000] {logging_mixin.py:190} INFO - [2024-10-12T16:38:58.652+0000] {dagbag.py:588} INFO - Filling up the DagBag from /home/airflow/.local/lib/python3.12/site-packages/airflow/example_dags/example_python_operator.py
[2024-10-12T16:38:58.660+0000] {processor.py:925} INFO - DAG(s) 'example_python_operator' retrieved from /home/airflow/.local/lib/python3.12/site-packages/airflow/example_dags/example_python_operator.py
[2024-10-12T16:38:58.673+0000] {logging_mixin.py:190} INFO - [2024-10-12T16:38:58.672+0000] {dag.py:3239} INFO - Sync 1 DAGs
[2024-10-12T16:38:58.681+0000] {logging_mixin.py:190} INFO - [2024-10-12T16:38:58.681+0000] {dag.py:4180} INFO - Setting next_dagrun for example_python_operator to None, run_after=None
[2024-10-12T16:38:58.691+0000] {processor.py:208} INFO - Processing /home/airflow/.local/lib/python3.12/site-packages/airflow/example_dags/example_python_operator.py took 0.044 seconds
[2024-10-12T16:39:28.874+0000] {processor.py:186} INFO - Started process (PID=2696) to work on /home/airflow/.local/lib/python3.12/site-packages/airflow/example_dags/example_python_operator.py
[2024-10-12T16:39:28.875+0000] {processor.py:914} INFO - Processing file /home/airflow/.local/lib/python3.12/site-packages/airflow/example_dags/example_python_operator.py for tasks to queue
[2024-10-12T16:39:28.876+0000] {logging_mixin.py:190} INFO - [2024-10-12T16:39:28.876+0000] {dagbag.py:588} INFO - Filling up the DagBag from /home/airflow/.local/lib/python3.12/site-packages/airflow/example_dags/example_python_operator.py
[2024-10-12T16:39:28.883+0000] {processor.py:925} INFO - DAG(s) 'example_python_operator' retrieved from /home/airflow/.local/lib/python3.12/site-packages/airflow/example_dags/example_python_operator.py
[2024-10-12T16:39:28.896+0000] {logging_mixin.py:190} INFO - [2024-10-12T16:39:28.895+0000] {dag.py:3239} INFO - Sync 1 DAGs
[2024-10-12T16:39:28.904+0000] {logging_mixin.py:190} INFO - [2024-10-12T16:39:28.903+0000] {dag.py:4180} INFO - Setting next_dagrun for example_python_operator to None, run_after=None
[2024-10-12T16:39:28.914+0000] {processor.py:208} INFO - Processing /home/airflow/.local/lib/python3.12/site-packages/airflow/example_dags/example_python_operator.py took 0.044 seconds
[2024-10-12T16:39:59.055+0000] {processor.py:186} INFO - Started process (PID=2979) to work on /home/airflow/.local/lib/python3.12/site-packages/airflow/example_dags/example_python_operator.py
[2024-10-12T16:39:59.056+0000] {processor.py:914} INFO - Processing file /home/airflow/.local/lib/python3.12/site-packages/airflow/example_dags/example_python_operator.py for tasks to queue
[2024-10-12T16:39:59.057+0000] {logging_mixin.py:190} INFO - [2024-10-12T16:39:59.057+0000] {dagbag.py:588} INFO - Filling up the DagBag from /home/airflow/.local/lib/python3.12/site-packages/airflow/example_dags/example_python_operator.py
[2024-10-12T16:39:59.065+0000] {processor.py:925} INFO - DAG(s) 'example_python_operator' retrieved from /home/airflow/.local/lib/python3.12/site-packages/airflow/example_dags/example_python_operator.py
[2024-10-12T16:39:59.077+0000] {logging_mixin.py:190} INFO - [2024-10-12T16:39:59.077+0000] {dag.py:3239} INFO - Sync 1 DAGs
[2024-10-12T16:39:59.084+0000] {logging_mixin.py:190} INFO - [2024-10-12T16:39:59.084+0000] {dag.py:4180} INFO - Setting next_dagrun for example_python_operator to None, run_after=None
[2024-10-12T16:39:59.094+0000] {processor.py:208} INFO - Processing /home/airflow/.local/lib/python3.12/site-packages/airflow/example_dags/example_python_operator.py took 0.042 seconds
[2024-10-12T16:40:29.559+0000] {processor.py:186} INFO - Started process (PID=3268) to work on /home/airflow/.local/lib/python3.12/site-packages/airflow/example_dags/example_python_operator.py
[2024-10-12T16:40:29.560+0000] {processor.py:914} INFO - Processing file /home/airflow/.local/lib/python3.12/site-packages/airflow/example_dags/example_python_operator.py for tasks to queue
[2024-10-12T16:40:29.561+0000] {logging_mixin.py:190} INFO - [2024-10-12T16:40:29.561+0000] {dagbag.py:588} INFO - Filling up the DagBag from /home/airflow/.local/lib/python3.12/site-packages/airflow/example_dags/example_python_operator.py
[2024-10-12T16:40:29.570+0000] {processor.py:925} INFO - DAG(s) 'example_python_operator' retrieved from /home/airflow/.local/lib/python3.12/site-packages/airflow/example_dags/example_python_operator.py
[2024-10-12T16:40:29.588+0000] {logging_mixin.py:190} INFO - [2024-10-12T16:40:29.588+0000] {dag.py:3239} INFO - Sync 1 DAGs
[2024-10-12T16:40:29.599+0000] {logging_mixin.py:190} INFO - [2024-10-12T16:40:29.598+0000] {dag.py:4180} INFO - Setting next_dagrun for example_python_operator to None, run_after=None
[2024-10-12T16:40:29.608+0000] {processor.py:208} INFO - Processing /home/airflow/.local/lib/python3.12/site-packages/airflow/example_dags/example_python_operator.py took 0.053 seconds
[2024-10-12T16:40:59.916+0000] {processor.py:186} INFO - Started process (PID=3554) to work on /home/airflow/.local/lib/python3.12/site-packages/airflow/example_dags/example_python_operator.py
[2024-10-12T16:40:59.916+0000] {processor.py:914} INFO - Processing file /home/airflow/.local/lib/python3.12/site-packages/airflow/example_dags/example_python_operator.py for tasks to queue
[2024-10-12T16:40:59.918+0000] {logging_mixin.py:190} INFO - [2024-10-12T16:40:59.917+0000] {dagbag.py:588} INFO - Filling up the DagBag from /home/airflow/.local/lib/python3.12/site-packages/airflow/example_dags/example_python_operator.py
[2024-10-12T16:40:59.925+0000] {processor.py:925} INFO - DAG(s) 'example_python_operator' retrieved from /home/airflow/.local/lib/python3.12/site-packages/airflow/example_dags/example_python_operator.py
[2024-10-12T16:40:59.939+0000] {logging_mixin.py:190} INFO - [2024-10-12T16:40:59.939+0000] {dag.py:3239} INFO - Sync 1 DAGs
[2024-10-12T16:40:59.948+0000] {logging_mixin.py:190} INFO - [2024-10-12T16:40:59.948+0000] {dag.py:4180} INFO - Setting next_dagrun for example_python_operator to None, run_after=None
[2024-10-12T16:40:59.959+0000] {processor.py:208} INFO - Processing /home/airflow/.local/lib/python3.12/site-packages/airflow/example_dags/example_python_operator.py took 0.047 seconds
[2024-10-12T16:41:30.434+0000] {processor.py:186} INFO - Started process (PID=3842) to work on /home/airflow/.local/lib/python3.12/site-packages/airflow/example_dags/example_python_operator.py
[2024-10-12T16:41:30.438+0000] {processor.py:914} INFO - Processing file /home/airflow/.local/lib/python3.12/site-packages/airflow/example_dags/example_python_operator.py for tasks to queue
[2024-10-12T16:41:30.440+0000] {logging_mixin.py:190} INFO - [2024-10-12T16:41:30.440+0000] {dagbag.py:588} INFO - Filling up the DagBag from /home/airflow/.local/lib/python3.12/site-packages/airflow/example_dags/example_python_operator.py
[2024-10-12T16:41:30.448+0000] {processor.py:925} INFO - DAG(s) 'example_python_operator' retrieved from /home/airflow/.local/lib/python3.12/site-packages/airflow/example_dags/example_python_operator.py
[2024-10-12T16:41:30.461+0000] {logging_mixin.py:190} INFO - [2024-10-12T16:41:30.461+0000] {dag.py:3239} INFO - Sync 1 DAGs
[2024-10-12T16:41:30.476+0000] {logging_mixin.py:190} INFO - [2024-10-12T16:41:30.476+0000] {dag.py:4180} INFO - Setting next_dagrun for example_python_operator to None, run_after=None
[2024-10-12T16:41:30.488+0000] {processor.py:208} INFO - Processing /home/airflow/.local/lib/python3.12/site-packages/airflow/example_dags/example_python_operator.py took 0.058 seconds
