[2024-10-12T16:35:23.258+0000] {processor.py:186} INFO - Started process (PID=199) to work on /home/airflow/.local/lib/python3.12/site-packages/airflow/example_dags/example_sensor_decorator.py
[2024-10-12T16:35:23.258+0000] {processor.py:914} INFO - Processing file /home/airflow/.local/lib/python3.12/site-packages/airflow/example_dags/example_sensor_decorator.py for tasks to queue
[2024-10-12T16:35:23.260+0000] {logging_mixin.py:190} INFO - [2024-10-12T16:35:23.260+0000] {dagbag.py:588} INFO - Filling up the DagBag from /home/airflow/.local/lib/python3.12/site-packages/airflow/example_dags/example_sensor_decorator.py
[2024-10-12T16:35:23.265+0000] {processor.py:925} INFO - DAG(s) 'example_sensor_decorator' retrieved from /home/airflow/.local/lib/python3.12/site-packages/airflow/example_dags/example_sensor_decorator.py
[2024-10-12T16:35:23.324+0000] {logging_mixin.py:190} INFO - [2024-10-12T16:35:23.324+0000] {override.py:1900} INFO - Created Permission View: can edit on DAG:example_sensor_decorator
[2024-10-12T16:35:23.330+0000] {logging_mixin.py:190} INFO - [2024-10-12T16:35:23.329+0000] {override.py:1900} INFO - Created Permission View: can read on DAG:example_sensor_decorator
[2024-10-12T16:35:23.334+0000] {logging_mixin.py:190} INFO - [2024-10-12T16:35:23.333+0000] {override.py:1900} INFO - Created Permission View: can delete on DAG:example_sensor_decorator
[2024-10-12T16:35:23.337+0000] {logging_mixin.py:190} INFO - [2024-10-12T16:35:23.337+0000] {override.py:1900} INFO - Created Permission View: menu access on DAG Run:example_sensor_decorator
[2024-10-12T16:35:23.341+0000] {logging_mixin.py:190} INFO - [2024-10-12T16:35:23.340+0000] {override.py:1900} INFO - Created Permission View: can read on DAG Run:example_sensor_decorator
[2024-10-12T16:35:23.344+0000] {logging_mixin.py:190} INFO - [2024-10-12T16:35:23.344+0000] {override.py:1900} INFO - Created Permission View: can delete on DAG Run:example_sensor_decorator
[2024-10-12T16:35:23.347+0000] {logging_mixin.py:190} INFO - [2024-10-12T16:35:23.347+0000] {override.py:1900} INFO - Created Permission View: can create on DAG Run:example_sensor_decorator
[2024-10-12T16:35:23.348+0000] {logging_mixin.py:190} INFO - [2024-10-12T16:35:23.347+0000] {dag.py:3239} INFO - Sync 1 DAGs
[2024-10-12T16:35:23.354+0000] {logging_mixin.py:190} INFO - [2024-10-12T16:35:23.354+0000] {dag.py:3262} INFO - Creating ORM DAG for example_sensor_decorator
[2024-10-12T16:35:23.355+0000] {logging_mixin.py:190} INFO - [2024-10-12T16:35:23.354+0000] {dag.py:4180} INFO - Setting next_dagrun for example_sensor_decorator to None, run_after=None
[2024-10-12T16:35:23.362+0000] {processor.py:208} INFO - Processing /home/airflow/.local/lib/python3.12/site-packages/airflow/example_dags/example_sensor_decorator.py took 0.108 seconds
[2024-10-12T16:35:53.607+0000] {processor.py:186} INFO - Started process (PID=483) to work on /home/airflow/.local/lib/python3.12/site-packages/airflow/example_dags/example_sensor_decorator.py
[2024-10-12T16:35:53.607+0000] {processor.py:914} INFO - Processing file /home/airflow/.local/lib/python3.12/site-packages/airflow/example_dags/example_sensor_decorator.py for tasks to queue
[2024-10-12T16:35:53.609+0000] {logging_mixin.py:190} INFO - [2024-10-12T16:35:53.609+0000] {dagbag.py:588} INFO - Filling up the DagBag from /home/airflow/.local/lib/python3.12/site-packages/airflow/example_dags/example_sensor_decorator.py
[2024-10-12T16:35:53.613+0000] {processor.py:925} INFO - DAG(s) 'example_sensor_decorator' retrieved from /home/airflow/.local/lib/python3.12/site-packages/airflow/example_dags/example_sensor_decorator.py
[2024-10-12T16:35:53.624+0000] {logging_mixin.py:190} INFO - [2024-10-12T16:35:53.624+0000] {dag.py:3239} INFO - Sync 1 DAGs
[2024-10-12T16:35:53.632+0000] {logging_mixin.py:190} INFO - [2024-10-12T16:35:53.632+0000] {dag.py:4180} INFO - Setting next_dagrun for example_sensor_decorator to None, run_after=None
[2024-10-12T16:35:53.641+0000] {processor.py:208} INFO - Processing /home/airflow/.local/lib/python3.12/site-packages/airflow/example_dags/example_sensor_decorator.py took 0.038 seconds
[2024-10-12T16:36:23.853+0000] {processor.py:186} INFO - Started process (PID=771) to work on /home/airflow/.local/lib/python3.12/site-packages/airflow/example_dags/example_sensor_decorator.py
[2024-10-12T16:36:23.854+0000] {processor.py:914} INFO - Processing file /home/airflow/.local/lib/python3.12/site-packages/airflow/example_dags/example_sensor_decorator.py for tasks to queue
[2024-10-12T16:36:23.855+0000] {logging_mixin.py:190} INFO - [2024-10-12T16:36:23.855+0000] {dagbag.py:588} INFO - Filling up the DagBag from /home/airflow/.local/lib/python3.12/site-packages/airflow/example_dags/example_sensor_decorator.py
[2024-10-12T16:36:23.860+0000] {processor.py:925} INFO - DAG(s) 'example_sensor_decorator' retrieved from /home/airflow/.local/lib/python3.12/site-packages/airflow/example_dags/example_sensor_decorator.py
[2024-10-12T16:36:23.871+0000] {logging_mixin.py:190} INFO - [2024-10-12T16:36:23.871+0000] {dag.py:3239} INFO - Sync 1 DAGs
[2024-10-12T16:36:23.879+0000] {logging_mixin.py:190} INFO - [2024-10-12T16:36:23.879+0000] {dag.py:4180} INFO - Setting next_dagrun for example_sensor_decorator to None, run_after=None
[2024-10-12T16:36:23.889+0000] {processor.py:208} INFO - Processing /home/airflow/.local/lib/python3.12/site-packages/airflow/example_dags/example_sensor_decorator.py took 0.039 seconds
[2024-10-12T16:36:54.031+0000] {processor.py:186} INFO - Started process (PID=1055) to work on /home/airflow/.local/lib/python3.12/site-packages/airflow/example_dags/example_sensor_decorator.py
[2024-10-12T16:36:54.032+0000] {processor.py:914} INFO - Processing file /home/airflow/.local/lib/python3.12/site-packages/airflow/example_dags/example_sensor_decorator.py for tasks to queue
[2024-10-12T16:36:54.033+0000] {logging_mixin.py:190} INFO - [2024-10-12T16:36:54.033+0000] {dagbag.py:588} INFO - Filling up the DagBag from /home/airflow/.local/lib/python3.12/site-packages/airflow/example_dags/example_sensor_decorator.py
[2024-10-12T16:36:54.038+0000] {processor.py:925} INFO - DAG(s) 'example_sensor_decorator' retrieved from /home/airflow/.local/lib/python3.12/site-packages/airflow/example_dags/example_sensor_decorator.py
[2024-10-12T16:36:54.048+0000] {logging_mixin.py:190} INFO - [2024-10-12T16:36:54.048+0000] {dag.py:3239} INFO - Sync 1 DAGs
[2024-10-12T16:36:54.056+0000] {logging_mixin.py:190} INFO - [2024-10-12T16:36:54.056+0000] {dag.py:4180} INFO - Setting next_dagrun for example_sensor_decorator to None, run_after=None
[2024-10-12T16:36:54.065+0000] {processor.py:208} INFO - Processing /home/airflow/.local/lib/python3.12/site-packages/airflow/example_dags/example_sensor_decorator.py took 0.038 seconds
[2024-10-12T16:37:24.202+0000] {processor.py:186} INFO - Started process (PID=1341) to work on /home/airflow/.local/lib/python3.12/site-packages/airflow/example_dags/example_sensor_decorator.py
[2024-10-12T16:37:24.202+0000] {processor.py:914} INFO - Processing file /home/airflow/.local/lib/python3.12/site-packages/airflow/example_dags/example_sensor_decorator.py for tasks to queue
[2024-10-12T16:37:24.204+0000] {logging_mixin.py:190} INFO - [2024-10-12T16:37:24.204+0000] {dagbag.py:588} INFO - Filling up the DagBag from /home/airflow/.local/lib/python3.12/site-packages/airflow/example_dags/example_sensor_decorator.py
[2024-10-12T16:37:24.209+0000] {processor.py:925} INFO - DAG(s) 'example_sensor_decorator' retrieved from /home/airflow/.local/lib/python3.12/site-packages/airflow/example_dags/example_sensor_decorator.py
[2024-10-12T16:37:24.220+0000] {logging_mixin.py:190} INFO - [2024-10-12T16:37:24.220+0000] {dag.py:3239} INFO - Sync 1 DAGs
[2024-10-12T16:37:24.228+0000] {logging_mixin.py:190} INFO - [2024-10-12T16:37:24.227+0000] {dag.py:4180} INFO - Setting next_dagrun for example_sensor_decorator to None, run_after=None
[2024-10-12T16:37:24.237+0000] {processor.py:208} INFO - Processing /home/airflow/.local/lib/python3.12/site-packages/airflow/example_dags/example_sensor_decorator.py took 0.039 seconds
[2024-10-12T16:37:54.509+0000] {processor.py:186} INFO - Started process (PID=1627) to work on /home/airflow/.local/lib/python3.12/site-packages/airflow/example_dags/example_sensor_decorator.py
[2024-10-12T16:37:54.510+0000] {processor.py:914} INFO - Processing file /home/airflow/.local/lib/python3.12/site-packages/airflow/example_dags/example_sensor_decorator.py for tasks to queue
[2024-10-12T16:37:54.512+0000] {logging_mixin.py:190} INFO - [2024-10-12T16:37:54.512+0000] {dagbag.py:588} INFO - Filling up the DagBag from /home/airflow/.local/lib/python3.12/site-packages/airflow/example_dags/example_sensor_decorator.py
[2024-10-12T16:37:54.518+0000] {processor.py:925} INFO - DAG(s) 'example_sensor_decorator' retrieved from /home/airflow/.local/lib/python3.12/site-packages/airflow/example_dags/example_sensor_decorator.py
[2024-10-12T16:37:54.529+0000] {logging_mixin.py:190} INFO - [2024-10-12T16:37:54.528+0000] {dag.py:3239} INFO - Sync 1 DAGs
[2024-10-12T16:37:54.537+0000] {logging_mixin.py:190} INFO - [2024-10-12T16:37:54.536+0000] {dag.py:4180} INFO - Setting next_dagrun for example_sensor_decorator to None, run_after=None
[2024-10-12T16:37:54.546+0000] {processor.py:208} INFO - Processing /home/airflow/.local/lib/python3.12/site-packages/airflow/example_dags/example_sensor_decorator.py took 0.041 seconds
[2024-10-12T16:38:24.899+0000] {processor.py:186} INFO - Started process (PID=1919) to work on /home/airflow/.local/lib/python3.12/site-packages/airflow/example_dags/example_sensor_decorator.py
[2024-10-12T16:38:24.899+0000] {processor.py:914} INFO - Processing file /home/airflow/.local/lib/python3.12/site-packages/airflow/example_dags/example_sensor_decorator.py for tasks to queue
[2024-10-12T16:38:24.901+0000] {logging_mixin.py:190} INFO - [2024-10-12T16:38:24.901+0000] {dagbag.py:588} INFO - Filling up the DagBag from /home/airflow/.local/lib/python3.12/site-packages/airflow/example_dags/example_sensor_decorator.py
[2024-10-12T16:38:24.905+0000] {processor.py:925} INFO - DAG(s) 'example_sensor_decorator' retrieved from /home/airflow/.local/lib/python3.12/site-packages/airflow/example_dags/example_sensor_decorator.py
[2024-10-12T16:38:24.917+0000] {logging_mixin.py:190} INFO - [2024-10-12T16:38:24.916+0000] {dag.py:3239} INFO - Sync 1 DAGs
[2024-10-12T16:38:24.925+0000] {logging_mixin.py:190} INFO - [2024-10-12T16:38:24.924+0000] {dag.py:4180} INFO - Setting next_dagrun for example_sensor_decorator to None, run_after=None
[2024-10-12T16:38:24.935+0000] {processor.py:208} INFO - Processing /home/airflow/.local/lib/python3.12/site-packages/airflow/example_dags/example_sensor_decorator.py took 0.040 seconds
[2024-10-12T16:38:55.005+0000] {processor.py:186} INFO - Started process (PID=2205) to work on /home/airflow/.local/lib/python3.12/site-packages/airflow/example_dags/example_sensor_decorator.py
[2024-10-12T16:38:55.006+0000] {processor.py:914} INFO - Processing file /home/airflow/.local/lib/python3.12/site-packages/airflow/example_dags/example_sensor_decorator.py for tasks to queue
[2024-10-12T16:38:55.007+0000] {logging_mixin.py:190} INFO - [2024-10-12T16:38:55.007+0000] {dagbag.py:588} INFO - Filling up the DagBag from /home/airflow/.local/lib/python3.12/site-packages/airflow/example_dags/example_sensor_decorator.py
[2024-10-12T16:38:55.012+0000] {processor.py:925} INFO - DAG(s) 'example_sensor_decorator' retrieved from /home/airflow/.local/lib/python3.12/site-packages/airflow/example_dags/example_sensor_decorator.py
[2024-10-12T16:38:55.023+0000] {logging_mixin.py:190} INFO - [2024-10-12T16:38:55.022+0000] {dag.py:3239} INFO - Sync 1 DAGs
[2024-10-12T16:38:55.030+0000] {logging_mixin.py:190} INFO - [2024-10-12T16:38:55.030+0000] {dag.py:4180} INFO - Setting next_dagrun for example_sensor_decorator to None, run_after=None
[2024-10-12T16:38:55.041+0000] {processor.py:208} INFO - Processing /home/airflow/.local/lib/python3.12/site-packages/airflow/example_dags/example_sensor_decorator.py took 0.039 seconds
[2024-10-12T16:39:25.303+0000] {processor.py:186} INFO - Started process (PID=2491) to work on /home/airflow/.local/lib/python3.12/site-packages/airflow/example_dags/example_sensor_decorator.py
[2024-10-12T16:39:25.303+0000] {processor.py:914} INFO - Processing file /home/airflow/.local/lib/python3.12/site-packages/airflow/example_dags/example_sensor_decorator.py for tasks to queue
[2024-10-12T16:39:25.305+0000] {logging_mixin.py:190} INFO - [2024-10-12T16:39:25.305+0000] {dagbag.py:588} INFO - Filling up the DagBag from /home/airflow/.local/lib/python3.12/site-packages/airflow/example_dags/example_sensor_decorator.py
[2024-10-12T16:39:25.310+0000] {processor.py:925} INFO - DAG(s) 'example_sensor_decorator' retrieved from /home/airflow/.local/lib/python3.12/site-packages/airflow/example_dags/example_sensor_decorator.py
[2024-10-12T16:39:25.321+0000] {logging_mixin.py:190} INFO - [2024-10-12T16:39:25.321+0000] {dag.py:3239} INFO - Sync 1 DAGs
[2024-10-12T16:39:25.329+0000] {logging_mixin.py:190} INFO - [2024-10-12T16:39:25.329+0000] {dag.py:4180} INFO - Setting next_dagrun for example_sensor_decorator to None, run_after=None
[2024-10-12T16:39:25.341+0000] {processor.py:208} INFO - Processing /home/airflow/.local/lib/python3.12/site-packages/airflow/example_dags/example_sensor_decorator.py took 0.044 seconds
[2024-10-12T16:39:55.586+0000] {processor.py:186} INFO - Started process (PID=2779) to work on /home/airflow/.local/lib/python3.12/site-packages/airflow/example_dags/example_sensor_decorator.py
[2024-10-12T16:39:55.587+0000] {processor.py:914} INFO - Processing file /home/airflow/.local/lib/python3.12/site-packages/airflow/example_dags/example_sensor_decorator.py for tasks to queue
[2024-10-12T16:39:55.588+0000] {logging_mixin.py:190} INFO - [2024-10-12T16:39:55.588+0000] {dagbag.py:588} INFO - Filling up the DagBag from /home/airflow/.local/lib/python3.12/site-packages/airflow/example_dags/example_sensor_decorator.py
[2024-10-12T16:39:55.593+0000] {processor.py:925} INFO - DAG(s) 'example_sensor_decorator' retrieved from /home/airflow/.local/lib/python3.12/site-packages/airflow/example_dags/example_sensor_decorator.py
[2024-10-12T16:39:55.604+0000] {logging_mixin.py:190} INFO - [2024-10-12T16:39:55.603+0000] {dag.py:3239} INFO - Sync 1 DAGs
[2024-10-12T16:39:55.612+0000] {logging_mixin.py:190} INFO - [2024-10-12T16:39:55.611+0000] {dag.py:4180} INFO - Setting next_dagrun for example_sensor_decorator to None, run_after=None
[2024-10-12T16:39:55.622+0000] {processor.py:208} INFO - Processing /home/airflow/.local/lib/python3.12/site-packages/airflow/example_dags/example_sensor_decorator.py took 0.040 seconds
[2024-10-12T16:40:25.824+0000] {processor.py:186} INFO - Started process (PID=3063) to work on /home/airflow/.local/lib/python3.12/site-packages/airflow/example_dags/example_sensor_decorator.py
[2024-10-12T16:40:25.825+0000] {processor.py:914} INFO - Processing file /home/airflow/.local/lib/python3.12/site-packages/airflow/example_dags/example_sensor_decorator.py for tasks to queue
[2024-10-12T16:40:25.826+0000] {logging_mixin.py:190} INFO - [2024-10-12T16:40:25.826+0000] {dagbag.py:588} INFO - Filling up the DagBag from /home/airflow/.local/lib/python3.12/site-packages/airflow/example_dags/example_sensor_decorator.py
[2024-10-12T16:40:25.831+0000] {processor.py:925} INFO - DAG(s) 'example_sensor_decorator' retrieved from /home/airflow/.local/lib/python3.12/site-packages/airflow/example_dags/example_sensor_decorator.py
[2024-10-12T16:40:25.843+0000] {logging_mixin.py:190} INFO - [2024-10-12T16:40:25.843+0000] {dag.py:3239} INFO - Sync 1 DAGs
[2024-10-12T16:40:25.852+0000] {logging_mixin.py:190} INFO - [2024-10-12T16:40:25.852+0000] {dag.py:4180} INFO - Setting next_dagrun for example_sensor_decorator to None, run_after=None
[2024-10-12T16:40:25.863+0000] {processor.py:208} INFO - Processing /home/airflow/.local/lib/python3.12/site-packages/airflow/example_dags/example_sensor_decorator.py took 0.043 seconds
[2024-10-12T16:40:56.248+0000] {processor.py:186} INFO - Started process (PID=3349) to work on /home/airflow/.local/lib/python3.12/site-packages/airflow/example_dags/example_sensor_decorator.py
[2024-10-12T16:40:56.248+0000] {processor.py:914} INFO - Processing file /home/airflow/.local/lib/python3.12/site-packages/airflow/example_dags/example_sensor_decorator.py for tasks to queue
[2024-10-12T16:40:56.250+0000] {logging_mixin.py:190} INFO - [2024-10-12T16:40:56.250+0000] {dagbag.py:588} INFO - Filling up the DagBag from /home/airflow/.local/lib/python3.12/site-packages/airflow/example_dags/example_sensor_decorator.py
[2024-10-12T16:40:56.255+0000] {processor.py:925} INFO - DAG(s) 'example_sensor_decorator' retrieved from /home/airflow/.local/lib/python3.12/site-packages/airflow/example_dags/example_sensor_decorator.py
[2024-10-12T16:40:56.270+0000] {logging_mixin.py:190} INFO - [2024-10-12T16:40:56.270+0000] {dag.py:3239} INFO - Sync 1 DAGs
[2024-10-12T16:40:56.279+0000] {logging_mixin.py:190} INFO - [2024-10-12T16:40:56.279+0000] {dag.py:4180} INFO - Setting next_dagrun for example_sensor_decorator to None, run_after=None
[2024-10-12T16:40:56.289+0000] {processor.py:208} INFO - Processing /home/airflow/.local/lib/python3.12/site-packages/airflow/example_dags/example_sensor_decorator.py took 0.046 seconds
[2024-10-12T16:41:26.583+0000] {processor.py:186} INFO - Started process (PID=3635) to work on /home/airflow/.local/lib/python3.12/site-packages/airflow/example_dags/example_sensor_decorator.py
[2024-10-12T16:41:26.584+0000] {processor.py:914} INFO - Processing file /home/airflow/.local/lib/python3.12/site-packages/airflow/example_dags/example_sensor_decorator.py for tasks to queue
[2024-10-12T16:41:26.585+0000] {logging_mixin.py:190} INFO - [2024-10-12T16:41:26.585+0000] {dagbag.py:588} INFO - Filling up the DagBag from /home/airflow/.local/lib/python3.12/site-packages/airflow/example_dags/example_sensor_decorator.py
[2024-10-12T16:41:26.591+0000] {processor.py:925} INFO - DAG(s) 'example_sensor_decorator' retrieved from /home/airflow/.local/lib/python3.12/site-packages/airflow/example_dags/example_sensor_decorator.py
[2024-10-12T16:41:26.603+0000] {logging_mixin.py:190} INFO - [2024-10-12T16:41:26.603+0000] {dag.py:3239} INFO - Sync 1 DAGs
[2024-10-12T16:41:26.612+0000] {logging_mixin.py:190} INFO - [2024-10-12T16:41:26.611+0000] {dag.py:4180} INFO - Setting next_dagrun for example_sensor_decorator to None, run_after=None
[2024-10-12T16:41:26.623+0000] {processor.py:208} INFO - Processing /home/airflow/.local/lib/python3.12/site-packages/airflow/example_dags/example_sensor_decorator.py took 0.044 seconds
