[2024-10-12T16:35:23.143+0000] {processor.py:186} INFO - Started process (PID=194) to work on /home/airflow/.local/lib/python3.12/site-packages/airflow/example_dags/example_setup_teardown.py
[2024-10-12T16:35:23.144+0000] {processor.py:914} INFO - Processing file /home/airflow/.local/lib/python3.12/site-packages/airflow/example_dags/example_setup_teardown.py for tasks to queue
[2024-10-12T16:35:23.145+0000] {logging_mixin.py:190} INFO - [2024-10-12T16:35:23.145+0000] {dagbag.py:588} INFO - Filling up the DagBag from /home/airflow/.local/lib/python3.12/site-packages/airflow/example_dags/example_setup_teardown.py
[2024-10-12T16:35:23.150+0000] {processor.py:925} INFO - DAG(s) 'example_setup_teardown' retrieved from /home/airflow/.local/lib/python3.12/site-packages/airflow/example_dags/example_setup_teardown.py
[2024-10-12T16:35:23.208+0000] {logging_mixin.py:190} INFO - [2024-10-12T16:35:23.208+0000] {override.py:1900} INFO - Created Permission View: can edit on DAG:example_setup_teardown
[2024-10-12T16:35:23.213+0000] {logging_mixin.py:190} INFO - [2024-10-12T16:35:23.213+0000] {override.py:1900} INFO - Created Permission View: can read on DAG:example_setup_teardown
[2024-10-12T16:35:23.217+0000] {logging_mixin.py:190} INFO - [2024-10-12T16:35:23.217+0000] {override.py:1900} INFO - Created Permission View: can delete on DAG:example_setup_teardown
[2024-10-12T16:35:23.220+0000] {logging_mixin.py:190} INFO - [2024-10-12T16:35:23.220+0000] {override.py:1900} INFO - Created Permission View: menu access on DAG Run:example_setup_teardown
[2024-10-12T16:35:23.223+0000] {logging_mixin.py:190} INFO - [2024-10-12T16:35:23.223+0000] {override.py:1900} INFO - Created Permission View: can read on DAG Run:example_setup_teardown
[2024-10-12T16:35:23.226+0000] {logging_mixin.py:190} INFO - [2024-10-12T16:35:23.226+0000] {override.py:1900} INFO - Created Permission View: can delete on DAG Run:example_setup_teardown
[2024-10-12T16:35:23.228+0000] {logging_mixin.py:190} INFO - [2024-10-12T16:35:23.228+0000] {override.py:1900} INFO - Created Permission View: can create on DAG Run:example_setup_teardown
[2024-10-12T16:35:23.229+0000] {logging_mixin.py:190} INFO - [2024-10-12T16:35:23.229+0000] {dag.py:3239} INFO - Sync 1 DAGs
[2024-10-12T16:35:23.235+0000] {logging_mixin.py:190} INFO - [2024-10-12T16:35:23.235+0000] {dag.py:3262} INFO - Creating ORM DAG for example_setup_teardown
[2024-10-12T16:35:23.235+0000] {logging_mixin.py:190} INFO - [2024-10-12T16:35:23.235+0000] {dag.py:4180} INFO - Setting next_dagrun for example_setup_teardown to None, run_after=None
[2024-10-12T16:35:23.243+0000] {processor.py:208} INFO - Processing /home/airflow/.local/lib/python3.12/site-packages/airflow/example_dags/example_setup_teardown.py took 0.103 seconds
[2024-10-12T16:35:53.592+0000] {processor.py:186} INFO - Started process (PID=478) to work on /home/airflow/.local/lib/python3.12/site-packages/airflow/example_dags/example_setup_teardown.py
[2024-10-12T16:35:53.593+0000] {processor.py:914} INFO - Processing file /home/airflow/.local/lib/python3.12/site-packages/airflow/example_dags/example_setup_teardown.py for tasks to queue
[2024-10-12T16:35:53.594+0000] {logging_mixin.py:190} INFO - [2024-10-12T16:35:53.594+0000] {dagbag.py:588} INFO - Filling up the DagBag from /home/airflow/.local/lib/python3.12/site-packages/airflow/example_dags/example_setup_teardown.py
[2024-10-12T16:35:53.600+0000] {processor.py:925} INFO - DAG(s) 'example_setup_teardown' retrieved from /home/airflow/.local/lib/python3.12/site-packages/airflow/example_dags/example_setup_teardown.py
[2024-10-12T16:35:53.611+0000] {logging_mixin.py:190} INFO - [2024-10-12T16:35:53.610+0000] {dag.py:3239} INFO - Sync 1 DAGs
[2024-10-12T16:35:53.619+0000] {logging_mixin.py:190} INFO - [2024-10-12T16:35:53.619+0000] {dag.py:4180} INFO - Setting next_dagrun for example_setup_teardown to None, run_after=None
[2024-10-12T16:35:53.628+0000] {processor.py:208} INFO - Processing /home/airflow/.local/lib/python3.12/site-packages/airflow/example_dags/example_setup_teardown.py took 0.039 seconds
[2024-10-12T16:36:23.793+0000] {processor.py:186} INFO - Started process (PID=766) to work on /home/airflow/.local/lib/python3.12/site-packages/airflow/example_dags/example_setup_teardown.py
[2024-10-12T16:36:23.794+0000] {processor.py:914} INFO - Processing file /home/airflow/.local/lib/python3.12/site-packages/airflow/example_dags/example_setup_teardown.py for tasks to queue
[2024-10-12T16:36:23.795+0000] {logging_mixin.py:190} INFO - [2024-10-12T16:36:23.795+0000] {dagbag.py:588} INFO - Filling up the DagBag from /home/airflow/.local/lib/python3.12/site-packages/airflow/example_dags/example_setup_teardown.py
[2024-10-12T16:36:23.800+0000] {processor.py:925} INFO - DAG(s) 'example_setup_teardown' retrieved from /home/airflow/.local/lib/python3.12/site-packages/airflow/example_dags/example_setup_teardown.py
[2024-10-12T16:36:23.813+0000] {logging_mixin.py:190} INFO - [2024-10-12T16:36:23.813+0000] {dag.py:3239} INFO - Sync 1 DAGs
[2024-10-12T16:36:23.825+0000] {logging_mixin.py:190} INFO - [2024-10-12T16:36:23.824+0000] {dag.py:4180} INFO - Setting next_dagrun for example_setup_teardown to None, run_after=None
[2024-10-12T16:36:23.837+0000] {processor.py:208} INFO - Processing /home/airflow/.local/lib/python3.12/site-packages/airflow/example_dags/example_setup_teardown.py took 0.047 seconds
[2024-10-12T16:36:54.021+0000] {processor.py:186} INFO - Started process (PID=1052) to work on /home/airflow/.local/lib/python3.12/site-packages/airflow/example_dags/example_setup_teardown.py
[2024-10-12T16:36:54.022+0000] {processor.py:914} INFO - Processing file /home/airflow/.local/lib/python3.12/site-packages/airflow/example_dags/example_setup_teardown.py for tasks to queue
[2024-10-12T16:36:54.023+0000] {logging_mixin.py:190} INFO - [2024-10-12T16:36:54.023+0000] {dagbag.py:588} INFO - Filling up the DagBag from /home/airflow/.local/lib/python3.12/site-packages/airflow/example_dags/example_setup_teardown.py
[2024-10-12T16:36:54.028+0000] {processor.py:925} INFO - DAG(s) 'example_setup_teardown' retrieved from /home/airflow/.local/lib/python3.12/site-packages/airflow/example_dags/example_setup_teardown.py
[2024-10-12T16:36:54.039+0000] {logging_mixin.py:190} INFO - [2024-10-12T16:36:54.039+0000] {dag.py:3239} INFO - Sync 1 DAGs
[2024-10-12T16:36:54.047+0000] {logging_mixin.py:190} INFO - [2024-10-12T16:36:54.047+0000] {dag.py:4180} INFO - Setting next_dagrun for example_setup_teardown to None, run_after=None
[2024-10-12T16:36:54.057+0000] {processor.py:208} INFO - Processing /home/airflow/.local/lib/python3.12/site-packages/airflow/example_dags/example_setup_teardown.py took 0.039 seconds
[2024-10-12T16:37:24.188+0000] {processor.py:186} INFO - Started process (PID=1336) to work on /home/airflow/.local/lib/python3.12/site-packages/airflow/example_dags/example_setup_teardown.py
[2024-10-12T16:37:24.189+0000] {processor.py:914} INFO - Processing file /home/airflow/.local/lib/python3.12/site-packages/airflow/example_dags/example_setup_teardown.py for tasks to queue
[2024-10-12T16:37:24.190+0000] {logging_mixin.py:190} INFO - [2024-10-12T16:37:24.190+0000] {dagbag.py:588} INFO - Filling up the DagBag from /home/airflow/.local/lib/python3.12/site-packages/airflow/example_dags/example_setup_teardown.py
[2024-10-12T16:37:24.195+0000] {processor.py:925} INFO - DAG(s) 'example_setup_teardown' retrieved from /home/airflow/.local/lib/python3.12/site-packages/airflow/example_dags/example_setup_teardown.py
[2024-10-12T16:37:24.207+0000] {logging_mixin.py:190} INFO - [2024-10-12T16:37:24.206+0000] {dag.py:3239} INFO - Sync 1 DAGs
[2024-10-12T16:37:24.215+0000] {logging_mixin.py:190} INFO - [2024-10-12T16:37:24.214+0000] {dag.py:4180} INFO - Setting next_dagrun for example_setup_teardown to None, run_after=None
[2024-10-12T16:37:24.224+0000] {processor.py:208} INFO - Processing /home/airflow/.local/lib/python3.12/site-packages/airflow/example_dags/example_setup_teardown.py took 0.039 seconds
[2024-10-12T16:37:54.498+0000] {processor.py:186} INFO - Started process (PID=1624) to work on /home/airflow/.local/lib/python3.12/site-packages/airflow/example_dags/example_setup_teardown.py
[2024-10-12T16:37:54.499+0000] {processor.py:914} INFO - Processing file /home/airflow/.local/lib/python3.12/site-packages/airflow/example_dags/example_setup_teardown.py for tasks to queue
[2024-10-12T16:37:54.501+0000] {logging_mixin.py:190} INFO - [2024-10-12T16:37:54.500+0000] {dagbag.py:588} INFO - Filling up the DagBag from /home/airflow/.local/lib/python3.12/site-packages/airflow/example_dags/example_setup_teardown.py
[2024-10-12T16:37:54.507+0000] {processor.py:925} INFO - DAG(s) 'example_setup_teardown' retrieved from /home/airflow/.local/lib/python3.12/site-packages/airflow/example_dags/example_setup_teardown.py
[2024-10-12T16:37:54.520+0000] {logging_mixin.py:190} INFO - [2024-10-12T16:37:54.520+0000] {dag.py:3239} INFO - Sync 1 DAGs
[2024-10-12T16:37:54.528+0000] {logging_mixin.py:190} INFO - [2024-10-12T16:37:54.528+0000] {dag.py:4180} INFO - Setting next_dagrun for example_setup_teardown to None, run_after=None
[2024-10-12T16:37:54.538+0000] {processor.py:208} INFO - Processing /home/airflow/.local/lib/python3.12/site-packages/airflow/example_dags/example_setup_teardown.py took 0.043 seconds
[2024-10-12T16:38:24.888+0000] {processor.py:186} INFO - Started process (PID=1914) to work on /home/airflow/.local/lib/python3.12/site-packages/airflow/example_dags/example_setup_teardown.py
[2024-10-12T16:38:24.889+0000] {processor.py:914} INFO - Processing file /home/airflow/.local/lib/python3.12/site-packages/airflow/example_dags/example_setup_teardown.py for tasks to queue
[2024-10-12T16:38:24.890+0000] {logging_mixin.py:190} INFO - [2024-10-12T16:38:24.890+0000] {dagbag.py:588} INFO - Filling up the DagBag from /home/airflow/.local/lib/python3.12/site-packages/airflow/example_dags/example_setup_teardown.py
[2024-10-12T16:38:24.897+0000] {processor.py:925} INFO - DAG(s) 'example_setup_teardown' retrieved from /home/airflow/.local/lib/python3.12/site-packages/airflow/example_dags/example_setup_teardown.py
[2024-10-12T16:38:24.908+0000] {logging_mixin.py:190} INFO - [2024-10-12T16:38:24.908+0000] {dag.py:3239} INFO - Sync 1 DAGs
[2024-10-12T16:38:24.916+0000] {logging_mixin.py:190} INFO - [2024-10-12T16:38:24.916+0000] {dag.py:4180} INFO - Setting next_dagrun for example_setup_teardown to None, run_after=None
[2024-10-12T16:38:24.926+0000] {processor.py:208} INFO - Processing /home/airflow/.local/lib/python3.12/site-packages/airflow/example_dags/example_setup_teardown.py took 0.042 seconds
[2024-10-12T16:38:54.997+0000] {processor.py:186} INFO - Started process (PID=2202) to work on /home/airflow/.local/lib/python3.12/site-packages/airflow/example_dags/example_setup_teardown.py
[2024-10-12T16:38:54.997+0000] {processor.py:914} INFO - Processing file /home/airflow/.local/lib/python3.12/site-packages/airflow/example_dags/example_setup_teardown.py for tasks to queue
[2024-10-12T16:38:54.999+0000] {logging_mixin.py:190} INFO - [2024-10-12T16:38:54.999+0000] {dagbag.py:588} INFO - Filling up the DagBag from /home/airflow/.local/lib/python3.12/site-packages/airflow/example_dags/example_setup_teardown.py
[2024-10-12T16:38:55.004+0000] {processor.py:925} INFO - DAG(s) 'example_setup_teardown' retrieved from /home/airflow/.local/lib/python3.12/site-packages/airflow/example_dags/example_setup_teardown.py
[2024-10-12T16:38:55.014+0000] {logging_mixin.py:190} INFO - [2024-10-12T16:38:55.014+0000] {dag.py:3239} INFO - Sync 1 DAGs
[2024-10-12T16:38:55.022+0000] {logging_mixin.py:190} INFO - [2024-10-12T16:38:55.022+0000] {dag.py:4180} INFO - Setting next_dagrun for example_setup_teardown to None, run_after=None
[2024-10-12T16:38:55.032+0000] {processor.py:208} INFO - Processing /home/airflow/.local/lib/python3.12/site-packages/airflow/example_dags/example_setup_teardown.py took 0.039 seconds
[2024-10-12T16:39:25.290+0000] {processor.py:186} INFO - Started process (PID=2486) to work on /home/airflow/.local/lib/python3.12/site-packages/airflow/example_dags/example_setup_teardown.py
[2024-10-12T16:39:25.291+0000] {processor.py:914} INFO - Processing file /home/airflow/.local/lib/python3.12/site-packages/airflow/example_dags/example_setup_teardown.py for tasks to queue
[2024-10-12T16:39:25.293+0000] {logging_mixin.py:190} INFO - [2024-10-12T16:39:25.293+0000] {dagbag.py:588} INFO - Filling up the DagBag from /home/airflow/.local/lib/python3.12/site-packages/airflow/example_dags/example_setup_teardown.py
[2024-10-12T16:39:25.298+0000] {processor.py:925} INFO - DAG(s) 'example_setup_teardown' retrieved from /home/airflow/.local/lib/python3.12/site-packages/airflow/example_dags/example_setup_teardown.py
[2024-10-12T16:39:25.312+0000] {logging_mixin.py:190} INFO - [2024-10-12T16:39:25.312+0000] {dag.py:3239} INFO - Sync 1 DAGs
[2024-10-12T16:39:25.320+0000] {logging_mixin.py:190} INFO - [2024-10-12T16:39:25.320+0000] {dag.py:4180} INFO - Setting next_dagrun for example_setup_teardown to None, run_after=None
[2024-10-12T16:39:25.330+0000] {processor.py:208} INFO - Processing /home/airflow/.local/lib/python3.12/site-packages/airflow/example_dags/example_setup_teardown.py took 0.045 seconds
[2024-10-12T16:39:55.535+0000] {processor.py:186} INFO - Started process (PID=2774) to work on /home/airflow/.local/lib/python3.12/site-packages/airflow/example_dags/example_setup_teardown.py
[2024-10-12T16:39:55.535+0000] {processor.py:914} INFO - Processing file /home/airflow/.local/lib/python3.12/site-packages/airflow/example_dags/example_setup_teardown.py for tasks to queue
[2024-10-12T16:39:55.537+0000] {logging_mixin.py:190} INFO - [2024-10-12T16:39:55.536+0000] {dagbag.py:588} INFO - Filling up the DagBag from /home/airflow/.local/lib/python3.12/site-packages/airflow/example_dags/example_setup_teardown.py
[2024-10-12T16:39:55.542+0000] {processor.py:925} INFO - DAG(s) 'example_setup_teardown' retrieved from /home/airflow/.local/lib/python3.12/site-packages/airflow/example_dags/example_setup_teardown.py
[2024-10-12T16:39:55.553+0000] {logging_mixin.py:190} INFO - [2024-10-12T16:39:55.553+0000] {dag.py:3239} INFO - Sync 1 DAGs
[2024-10-12T16:39:55.561+0000] {logging_mixin.py:190} INFO - [2024-10-12T16:39:55.561+0000] {dag.py:4180} INFO - Setting next_dagrun for example_setup_teardown to None, run_after=None
[2024-10-12T16:39:55.571+0000] {processor.py:208} INFO - Processing /home/airflow/.local/lib/python3.12/site-packages/airflow/example_dags/example_setup_teardown.py took 0.040 seconds
[2024-10-12T16:40:25.804+0000] {processor.py:186} INFO - Started process (PID=3058) to work on /home/airflow/.local/lib/python3.12/site-packages/airflow/example_dags/example_setup_teardown.py
[2024-10-12T16:40:25.804+0000] {processor.py:914} INFO - Processing file /home/airflow/.local/lib/python3.12/site-packages/airflow/example_dags/example_setup_teardown.py for tasks to queue
[2024-10-12T16:40:25.806+0000] {logging_mixin.py:190} INFO - [2024-10-12T16:40:25.806+0000] {dagbag.py:588} INFO - Filling up the DagBag from /home/airflow/.local/lib/python3.12/site-packages/airflow/example_dags/example_setup_teardown.py
[2024-10-12T16:40:25.811+0000] {processor.py:925} INFO - DAG(s) 'example_setup_teardown' retrieved from /home/airflow/.local/lib/python3.12/site-packages/airflow/example_dags/example_setup_teardown.py
[2024-10-12T16:40:25.824+0000] {logging_mixin.py:190} INFO - [2024-10-12T16:40:25.824+0000] {dag.py:3239} INFO - Sync 1 DAGs
[2024-10-12T16:40:25.833+0000] {logging_mixin.py:190} INFO - [2024-10-12T16:40:25.833+0000] {dag.py:4180} INFO - Setting next_dagrun for example_setup_teardown to None, run_after=None
[2024-10-12T16:40:25.843+0000] {processor.py:208} INFO - Processing /home/airflow/.local/lib/python3.12/site-packages/airflow/example_dags/example_setup_teardown.py took 0.043 seconds
[2024-10-12T16:40:56.238+0000] {processor.py:186} INFO - Started process (PID=3346) to work on /home/airflow/.local/lib/python3.12/site-packages/airflow/example_dags/example_setup_teardown.py
[2024-10-12T16:40:56.239+0000] {processor.py:914} INFO - Processing file /home/airflow/.local/lib/python3.12/site-packages/airflow/example_dags/example_setup_teardown.py for tasks to queue
[2024-10-12T16:40:56.240+0000] {logging_mixin.py:190} INFO - [2024-10-12T16:40:56.240+0000] {dagbag.py:588} INFO - Filling up the DagBag from /home/airflow/.local/lib/python3.12/site-packages/airflow/example_dags/example_setup_teardown.py
[2024-10-12T16:40:56.245+0000] {processor.py:925} INFO - DAG(s) 'example_setup_teardown' retrieved from /home/airflow/.local/lib/python3.12/site-packages/airflow/example_dags/example_setup_teardown.py
[2024-10-12T16:40:56.257+0000] {logging_mixin.py:190} INFO - [2024-10-12T16:40:56.257+0000] {dag.py:3239} INFO - Sync 1 DAGs
[2024-10-12T16:40:56.266+0000] {logging_mixin.py:190} INFO - [2024-10-12T16:40:56.266+0000] {dag.py:4180} INFO - Setting next_dagrun for example_setup_teardown to None, run_after=None
[2024-10-12T16:40:56.278+0000] {processor.py:208} INFO - Processing /home/airflow/.local/lib/python3.12/site-packages/airflow/example_dags/example_setup_teardown.py took 0.044 seconds
[2024-10-12T16:41:26.569+0000] {processor.py:186} INFO - Started process (PID=3630) to work on /home/airflow/.local/lib/python3.12/site-packages/airflow/example_dags/example_setup_teardown.py
[2024-10-12T16:41:26.569+0000] {processor.py:914} INFO - Processing file /home/airflow/.local/lib/python3.12/site-packages/airflow/example_dags/example_setup_teardown.py for tasks to queue
[2024-10-12T16:41:26.571+0000] {logging_mixin.py:190} INFO - [2024-10-12T16:41:26.571+0000] {dagbag.py:588} INFO - Filling up the DagBag from /home/airflow/.local/lib/python3.12/site-packages/airflow/example_dags/example_setup_teardown.py
[2024-10-12T16:41:26.579+0000] {processor.py:925} INFO - DAG(s) 'example_setup_teardown' retrieved from /home/airflow/.local/lib/python3.12/site-packages/airflow/example_dags/example_setup_teardown.py
[2024-10-12T16:41:26.592+0000] {logging_mixin.py:190} INFO - [2024-10-12T16:41:26.591+0000] {dag.py:3239} INFO - Sync 1 DAGs
[2024-10-12T16:41:26.601+0000] {logging_mixin.py:190} INFO - [2024-10-12T16:41:26.601+0000] {dag.py:4180} INFO - Setting next_dagrun for example_setup_teardown to None, run_after=None
[2024-10-12T16:41:26.613+0000] {processor.py:208} INFO - Processing /home/airflow/.local/lib/python3.12/site-packages/airflow/example_dags/example_setup_teardown.py took 0.048 seconds
