[2024-10-12T16:35:25.216+0000] {processor.py:186} INFO - Started process (PID=328) to work on /home/airflow/.local/lib/python3.12/site-packages/airflow/example_dags/example_inlet_event_extra.py
[2024-10-12T16:35:25.217+0000] {processor.py:914} INFO - Processing file /home/airflow/.local/lib/python3.12/site-packages/airflow/example_dags/example_inlet_event_extra.py for tasks to queue
[2024-10-12T16:35:25.218+0000] {logging_mixin.py:190} INFO - [2024-10-12T16:35:25.218+0000] {dagbag.py:588} INFO - Filling up the DagBag from /home/airflow/.local/lib/python3.12/site-packages/airflow/example_dags/example_inlet_event_extra.py
[2024-10-12T16:35:25.283+0000] {processor.py:925} INFO - DAG(s) 'read_dataset_event_from_classic', 'read_dataset_event' retrieved from /home/airflow/.local/lib/python3.12/site-packages/airflow/example_dags/example_inlet_event_extra.py
[2024-10-12T16:35:25.334+0000] {logging_mixin.py:190} INFO - [2024-10-12T16:35:25.334+0000] {override.py:1900} INFO - Created Permission View: can edit on DAG:read_dataset_event_from_classic
[2024-10-12T16:35:25.340+0000] {logging_mixin.py:190} INFO - [2024-10-12T16:35:25.339+0000] {override.py:1900} INFO - Created Permission View: can read on DAG:read_dataset_event_from_classic
[2024-10-12T16:35:25.343+0000] {logging_mixin.py:190} INFO - [2024-10-12T16:35:25.342+0000] {override.py:1900} INFO - Created Permission View: can delete on DAG:read_dataset_event_from_classic
[2024-10-12T16:35:25.347+0000] {logging_mixin.py:190} INFO - [2024-10-12T16:35:25.346+0000] {override.py:1900} INFO - Created Permission View: menu access on DAG Run:read_dataset_event_from_classic
[2024-10-12T16:35:25.351+0000] {logging_mixin.py:190} INFO - [2024-10-12T16:35:25.351+0000] {override.py:1900} INFO - Created Permission View: can read on DAG Run:read_dataset_event_from_classic
[2024-10-12T16:35:25.354+0000] {logging_mixin.py:190} INFO - [2024-10-12T16:35:25.354+0000] {override.py:1900} INFO - Created Permission View: can delete on DAG Run:read_dataset_event_from_classic
[2024-10-12T16:35:25.358+0000] {logging_mixin.py:190} INFO - [2024-10-12T16:35:25.358+0000] {override.py:1900} INFO - Created Permission View: can create on DAG Run:read_dataset_event_from_classic
[2024-10-12T16:35:25.364+0000] {logging_mixin.py:190} INFO - [2024-10-12T16:35:25.364+0000] {override.py:1900} INFO - Created Permission View: can edit on DAG:read_dataset_event
[2024-10-12T16:35:25.367+0000] {logging_mixin.py:190} INFO - [2024-10-12T16:35:25.367+0000] {override.py:1900} INFO - Created Permission View: can read on DAG:read_dataset_event
[2024-10-12T16:35:25.371+0000] {logging_mixin.py:190} INFO - [2024-10-12T16:35:25.370+0000] {override.py:1900} INFO - Created Permission View: can delete on DAG:read_dataset_event
[2024-10-12T16:35:25.374+0000] {logging_mixin.py:190} INFO - [2024-10-12T16:35:25.374+0000] {override.py:1900} INFO - Created Permission View: menu access on DAG Run:read_dataset_event
[2024-10-12T16:35:25.378+0000] {logging_mixin.py:190} INFO - [2024-10-12T16:35:25.378+0000] {override.py:1900} INFO - Created Permission View: can read on DAG Run:read_dataset_event
[2024-10-12T16:35:25.381+0000] {logging_mixin.py:190} INFO - [2024-10-12T16:35:25.381+0000] {override.py:1900} INFO - Created Permission View: can delete on DAG Run:read_dataset_event
[2024-10-12T16:35:25.384+0000] {logging_mixin.py:190} INFO - [2024-10-12T16:35:25.384+0000] {override.py:1900} INFO - Created Permission View: can create on DAG Run:read_dataset_event
[2024-10-12T16:35:25.385+0000] {logging_mixin.py:190} INFO - [2024-10-12T16:35:25.385+0000] {dag.py:3239} INFO - Sync 2 DAGs
[2024-10-12T16:35:25.392+0000] {logging_mixin.py:190} INFO - [2024-10-12T16:35:25.392+0000] {dag.py:3262} INFO - Creating ORM DAG for read_dataset_event_from_classic
[2024-10-12T16:35:25.392+0000] {logging_mixin.py:190} INFO - [2024-10-12T16:35:25.392+0000] {dag.py:3262} INFO - Creating ORM DAG for read_dataset_event
[2024-10-12T16:35:25.398+0000] {logging_mixin.py:190} INFO - [2024-10-12T16:35:25.398+0000] {dag.py:4180} INFO - Setting next_dagrun for read_dataset_event to 2024-10-11 00:00:00+00:00, run_after=2024-10-12 00:00:00+00:00
[2024-10-12T16:35:25.399+0000] {logging_mixin.py:190} INFO - [2024-10-12T16:35:25.399+0000] {dag.py:4180} INFO - Setting next_dagrun for read_dataset_event_from_classic to 2024-10-11 00:00:00+00:00, run_after=2024-10-12 00:00:00+00:00
[2024-10-12T16:35:25.408+0000] {processor.py:208} INFO - Processing /home/airflow/.local/lib/python3.12/site-packages/airflow/example_dags/example_inlet_event_extra.py took 0.195 seconds
[2024-10-12T16:35:55.503+0000] {processor.py:186} INFO - Started process (PID=619) to work on /home/airflow/.local/lib/python3.12/site-packages/airflow/example_dags/example_inlet_event_extra.py
[2024-10-12T16:35:55.504+0000] {processor.py:914} INFO - Processing file /home/airflow/.local/lib/python3.12/site-packages/airflow/example_dags/example_inlet_event_extra.py for tasks to queue
[2024-10-12T16:35:55.505+0000] {logging_mixin.py:190} INFO - [2024-10-12T16:35:55.505+0000] {dagbag.py:588} INFO - Filling up the DagBag from /home/airflow/.local/lib/python3.12/site-packages/airflow/example_dags/example_inlet_event_extra.py
[2024-10-12T16:35:55.573+0000] {processor.py:925} INFO - DAG(s) 'read_dataset_event_from_classic', 'read_dataset_event' retrieved from /home/airflow/.local/lib/python3.12/site-packages/airflow/example_dags/example_inlet_event_extra.py
[2024-10-12T16:35:55.585+0000] {logging_mixin.py:190} INFO - [2024-10-12T16:35:55.584+0000] {dag.py:3239} INFO - Sync 2 DAGs
[2024-10-12T16:35:55.597+0000] {logging_mixin.py:190} INFO - [2024-10-12T16:35:55.597+0000] {dag.py:4180} INFO - Setting next_dagrun for read_dataset_event to 2024-10-11 00:00:00+00:00, run_after=2024-10-12 00:00:00+00:00
[2024-10-12T16:35:55.600+0000] {logging_mixin.py:190} INFO - [2024-10-12T16:35:55.600+0000] {dag.py:4180} INFO - Setting next_dagrun for read_dataset_event_from_classic to 2024-10-11 00:00:00+00:00, run_after=2024-10-12 00:00:00+00:00
[2024-10-12T16:35:55.608+0000] {processor.py:208} INFO - Processing /home/airflow/.local/lib/python3.12/site-packages/airflow/example_dags/example_inlet_event_extra.py took 0.108 seconds
[2024-10-12T16:36:25.717+0000] {processor.py:186} INFO - Started process (PID=905) to work on /home/airflow/.local/lib/python3.12/site-packages/airflow/example_dags/example_inlet_event_extra.py
[2024-10-12T16:36:25.717+0000] {processor.py:914} INFO - Processing file /home/airflow/.local/lib/python3.12/site-packages/airflow/example_dags/example_inlet_event_extra.py for tasks to queue
[2024-10-12T16:36:25.719+0000] {logging_mixin.py:190} INFO - [2024-10-12T16:36:25.719+0000] {dagbag.py:588} INFO - Filling up the DagBag from /home/airflow/.local/lib/python3.12/site-packages/airflow/example_dags/example_inlet_event_extra.py
[2024-10-12T16:36:25.789+0000] {processor.py:925} INFO - DAG(s) 'read_dataset_event', 'read_dataset_event_from_classic' retrieved from /home/airflow/.local/lib/python3.12/site-packages/airflow/example_dags/example_inlet_event_extra.py
[2024-10-12T16:36:25.801+0000] {logging_mixin.py:190} INFO - [2024-10-12T16:36:25.801+0000] {dag.py:3239} INFO - Sync 2 DAGs
[2024-10-12T16:36:25.815+0000] {logging_mixin.py:190} INFO - [2024-10-12T16:36:25.815+0000] {dag.py:4180} INFO - Setting next_dagrun for read_dataset_event to 2024-10-11 00:00:00+00:00, run_after=2024-10-12 00:00:00+00:00
[2024-10-12T16:36:25.818+0000] {logging_mixin.py:190} INFO - [2024-10-12T16:36:25.817+0000] {dag.py:4180} INFO - Setting next_dagrun for read_dataset_event_from_classic to 2024-10-11 00:00:00+00:00, run_after=2024-10-12 00:00:00+00:00
[2024-10-12T16:36:25.825+0000] {processor.py:208} INFO - Processing /home/airflow/.local/lib/python3.12/site-packages/airflow/example_dags/example_inlet_event_extra.py took 0.112 seconds
[2024-10-12T16:36:55.903+0000] {processor.py:186} INFO - Started process (PID=1196) to work on /home/airflow/.local/lib/python3.12/site-packages/airflow/example_dags/example_inlet_event_extra.py
[2024-10-12T16:36:55.903+0000] {processor.py:914} INFO - Processing file /home/airflow/.local/lib/python3.12/site-packages/airflow/example_dags/example_inlet_event_extra.py for tasks to queue
[2024-10-12T16:36:55.905+0000] {logging_mixin.py:190} INFO - [2024-10-12T16:36:55.904+0000] {dagbag.py:588} INFO - Filling up the DagBag from /home/airflow/.local/lib/python3.12/site-packages/airflow/example_dags/example_inlet_event_extra.py
[2024-10-12T16:36:55.971+0000] {processor.py:925} INFO - DAG(s) 'read_dataset_event_from_classic', 'read_dataset_event' retrieved from /home/airflow/.local/lib/python3.12/site-packages/airflow/example_dags/example_inlet_event_extra.py
[2024-10-12T16:36:55.982+0000] {logging_mixin.py:190} INFO - [2024-10-12T16:36:55.982+0000] {dag.py:3239} INFO - Sync 2 DAGs
[2024-10-12T16:36:55.995+0000] {logging_mixin.py:190} INFO - [2024-10-12T16:36:55.995+0000] {dag.py:4180} INFO - Setting next_dagrun for read_dataset_event to 2024-10-11 00:00:00+00:00, run_after=2024-10-12 00:00:00+00:00
[2024-10-12T16:36:55.998+0000] {logging_mixin.py:190} INFO - [2024-10-12T16:36:55.998+0000] {dag.py:4180} INFO - Setting next_dagrun for read_dataset_event_from_classic to 2024-10-11 00:00:00+00:00, run_after=2024-10-12 00:00:00+00:00
[2024-10-12T16:36:56.006+0000] {processor.py:208} INFO - Processing /home/airflow/.local/lib/python3.12/site-packages/airflow/example_dags/example_inlet_event_extra.py took 0.107 seconds
[2024-10-12T16:37:26.177+0000] {processor.py:186} INFO - Started process (PID=1482) to work on /home/airflow/.local/lib/python3.12/site-packages/airflow/example_dags/example_inlet_event_extra.py
[2024-10-12T16:37:26.177+0000] {processor.py:914} INFO - Processing file /home/airflow/.local/lib/python3.12/site-packages/airflow/example_dags/example_inlet_event_extra.py for tasks to queue
[2024-10-12T16:37:26.179+0000] {logging_mixin.py:190} INFO - [2024-10-12T16:37:26.179+0000] {dagbag.py:588} INFO - Filling up the DagBag from /home/airflow/.local/lib/python3.12/site-packages/airflow/example_dags/example_inlet_event_extra.py
[2024-10-12T16:37:26.244+0000] {processor.py:925} INFO - DAG(s) 'read_dataset_event', 'read_dataset_event_from_classic' retrieved from /home/airflow/.local/lib/python3.12/site-packages/airflow/example_dags/example_inlet_event_extra.py
[2024-10-12T16:37:26.255+0000] {logging_mixin.py:190} INFO - [2024-10-12T16:37:26.255+0000] {dag.py:3239} INFO - Sync 2 DAGs
[2024-10-12T16:37:26.268+0000] {logging_mixin.py:190} INFO - [2024-10-12T16:37:26.268+0000] {dag.py:4180} INFO - Setting next_dagrun for read_dataset_event to 2024-10-11 00:00:00+00:00, run_after=2024-10-12 00:00:00+00:00
[2024-10-12T16:37:26.271+0000] {logging_mixin.py:190} INFO - [2024-10-12T16:37:26.271+0000] {dag.py:4180} INFO - Setting next_dagrun for read_dataset_event_from_classic to 2024-10-11 00:00:00+00:00, run_after=2024-10-12 00:00:00+00:00
[2024-10-12T16:37:26.279+0000] {processor.py:208} INFO - Processing /home/airflow/.local/lib/python3.12/site-packages/airflow/example_dags/example_inlet_event_extra.py took 0.106 seconds
[2024-10-12T16:37:56.584+0000] {processor.py:186} INFO - Started process (PID=1768) to work on /home/airflow/.local/lib/python3.12/site-packages/airflow/example_dags/example_inlet_event_extra.py
[2024-10-12T16:37:56.585+0000] {processor.py:914} INFO - Processing file /home/airflow/.local/lib/python3.12/site-packages/airflow/example_dags/example_inlet_event_extra.py for tasks to queue
[2024-10-12T16:37:56.586+0000] {logging_mixin.py:190} INFO - [2024-10-12T16:37:56.586+0000] {dagbag.py:588} INFO - Filling up the DagBag from /home/airflow/.local/lib/python3.12/site-packages/airflow/example_dags/example_inlet_event_extra.py
[2024-10-12T16:37:56.655+0000] {processor.py:925} INFO - DAG(s) 'read_dataset_event_from_classic', 'read_dataset_event' retrieved from /home/airflow/.local/lib/python3.12/site-packages/airflow/example_dags/example_inlet_event_extra.py
[2024-10-12T16:37:56.671+0000] {logging_mixin.py:190} INFO - [2024-10-12T16:37:56.670+0000] {dag.py:3239} INFO - Sync 2 DAGs
[2024-10-12T16:37:56.686+0000] {logging_mixin.py:190} INFO - [2024-10-12T16:37:56.685+0000] {dag.py:4180} INFO - Setting next_dagrun for read_dataset_event to 2024-10-11 00:00:00+00:00, run_after=2024-10-12 00:00:00+00:00
[2024-10-12T16:37:56.689+0000] {logging_mixin.py:190} INFO - [2024-10-12T16:37:56.689+0000] {dag.py:4180} INFO - Setting next_dagrun for read_dataset_event_from_classic to 2024-10-11 00:00:00+00:00, run_after=2024-10-12 00:00:00+00:00
[2024-10-12T16:37:56.697+0000] {processor.py:208} INFO - Processing /home/airflow/.local/lib/python3.12/site-packages/airflow/example_dags/example_inlet_event_extra.py took 0.117 seconds
[2024-10-12T16:38:26.763+0000] {processor.py:186} INFO - Started process (PID=2049) to work on /home/airflow/.local/lib/python3.12/site-packages/airflow/example_dags/example_inlet_event_extra.py
[2024-10-12T16:38:26.763+0000] {processor.py:914} INFO - Processing file /home/airflow/.local/lib/python3.12/site-packages/airflow/example_dags/example_inlet_event_extra.py for tasks to queue
[2024-10-12T16:38:26.765+0000] {logging_mixin.py:190} INFO - [2024-10-12T16:38:26.765+0000] {dagbag.py:588} INFO - Filling up the DagBag from /home/airflow/.local/lib/python3.12/site-packages/airflow/example_dags/example_inlet_event_extra.py
[2024-10-12T16:38:26.835+0000] {processor.py:925} INFO - DAG(s) 'read_dataset_event_from_classic', 'read_dataset_event' retrieved from /home/airflow/.local/lib/python3.12/site-packages/airflow/example_dags/example_inlet_event_extra.py
[2024-10-12T16:38:26.847+0000] {logging_mixin.py:190} INFO - [2024-10-12T16:38:26.847+0000] {dag.py:3239} INFO - Sync 2 DAGs
[2024-10-12T16:38:26.861+0000] {logging_mixin.py:190} INFO - [2024-10-12T16:38:26.861+0000] {dag.py:4180} INFO - Setting next_dagrun for read_dataset_event to 2024-10-11 00:00:00+00:00, run_after=2024-10-12 00:00:00+00:00
[2024-10-12T16:38:26.864+0000] {logging_mixin.py:190} INFO - [2024-10-12T16:38:26.864+0000] {dag.py:4180} INFO - Setting next_dagrun for read_dataset_event_from_classic to 2024-10-11 00:00:00+00:00, run_after=2024-10-12 00:00:00+00:00
[2024-10-12T16:38:26.872+0000] {processor.py:208} INFO - Processing /home/airflow/.local/lib/python3.12/site-packages/airflow/example_dags/example_inlet_event_extra.py took 0.113 seconds
[2024-10-12T16:38:56.993+0000] {processor.py:186} INFO - Started process (PID=2337) to work on /home/airflow/.local/lib/python3.12/site-packages/airflow/example_dags/example_inlet_event_extra.py
[2024-10-12T16:38:56.994+0000] {processor.py:914} INFO - Processing file /home/airflow/.local/lib/python3.12/site-packages/airflow/example_dags/example_inlet_event_extra.py for tasks to queue
[2024-10-12T16:38:56.995+0000] {logging_mixin.py:190} INFO - [2024-10-12T16:38:56.995+0000] {dagbag.py:588} INFO - Filling up the DagBag from /home/airflow/.local/lib/python3.12/site-packages/airflow/example_dags/example_inlet_event_extra.py
[2024-10-12T16:38:57.062+0000] {processor.py:925} INFO - DAG(s) 'read_dataset_event', 'read_dataset_event_from_classic' retrieved from /home/airflow/.local/lib/python3.12/site-packages/airflow/example_dags/example_inlet_event_extra.py
[2024-10-12T16:38:57.076+0000] {logging_mixin.py:190} INFO - [2024-10-12T16:38:57.076+0000] {dag.py:3239} INFO - Sync 2 DAGs
[2024-10-12T16:38:57.092+0000] {logging_mixin.py:190} INFO - [2024-10-12T16:38:57.091+0000] {dag.py:4180} INFO - Setting next_dagrun for read_dataset_event to 2024-10-11 00:00:00+00:00, run_after=2024-10-12 00:00:00+00:00
[2024-10-12T16:38:57.095+0000] {logging_mixin.py:190} INFO - [2024-10-12T16:38:57.094+0000] {dag.py:4180} INFO - Setting next_dagrun for read_dataset_event_from_classic to 2024-10-11 00:00:00+00:00, run_after=2024-10-12 00:00:00+00:00
[2024-10-12T16:38:57.103+0000] {processor.py:208} INFO - Processing /home/airflow/.local/lib/python3.12/site-packages/airflow/example_dags/example_inlet_event_extra.py took 0.114 seconds
[2024-10-12T16:39:27.286+0000] {processor.py:186} INFO - Started process (PID=2621) to work on /home/airflow/.local/lib/python3.12/site-packages/airflow/example_dags/example_inlet_event_extra.py
[2024-10-12T16:39:27.287+0000] {processor.py:914} INFO - Processing file /home/airflow/.local/lib/python3.12/site-packages/airflow/example_dags/example_inlet_event_extra.py for tasks to queue
[2024-10-12T16:39:27.289+0000] {logging_mixin.py:190} INFO - [2024-10-12T16:39:27.288+0000] {dagbag.py:588} INFO - Filling up the DagBag from /home/airflow/.local/lib/python3.12/site-packages/airflow/example_dags/example_inlet_event_extra.py
[2024-10-12T16:39:27.361+0000] {processor.py:925} INFO - DAG(s) 'read_dataset_event', 'read_dataset_event_from_classic' retrieved from /home/airflow/.local/lib/python3.12/site-packages/airflow/example_dags/example_inlet_event_extra.py
[2024-10-12T16:39:27.377+0000] {logging_mixin.py:190} INFO - [2024-10-12T16:39:27.377+0000] {dag.py:3239} INFO - Sync 2 DAGs
[2024-10-12T16:39:27.393+0000] {logging_mixin.py:190} INFO - [2024-10-12T16:39:27.393+0000] {dag.py:4180} INFO - Setting next_dagrun for read_dataset_event to 2024-10-11 00:00:00+00:00, run_after=2024-10-12 00:00:00+00:00
[2024-10-12T16:39:27.396+0000] {logging_mixin.py:190} INFO - [2024-10-12T16:39:27.396+0000] {dag.py:4180} INFO - Setting next_dagrun for read_dataset_event_from_classic to 2024-10-11 00:00:00+00:00, run_after=2024-10-12 00:00:00+00:00
[2024-10-12T16:39:27.405+0000] {processor.py:208} INFO - Processing /home/airflow/.local/lib/python3.12/site-packages/airflow/example_dags/example_inlet_event_extra.py took 0.123 seconds
[2024-10-12T16:39:57.471+0000] {processor.py:186} INFO - Started process (PID=2902) to work on /home/airflow/.local/lib/python3.12/site-packages/airflow/example_dags/example_inlet_event_extra.py
[2024-10-12T16:39:57.471+0000] {processor.py:914} INFO - Processing file /home/airflow/.local/lib/python3.12/site-packages/airflow/example_dags/example_inlet_event_extra.py for tasks to queue
[2024-10-12T16:39:57.473+0000] {logging_mixin.py:190} INFO - [2024-10-12T16:39:57.473+0000] {dagbag.py:588} INFO - Filling up the DagBag from /home/airflow/.local/lib/python3.12/site-packages/airflow/example_dags/example_inlet_event_extra.py
[2024-10-12T16:39:57.540+0000] {processor.py:925} INFO - DAG(s) 'read_dataset_event', 'read_dataset_event_from_classic' retrieved from /home/airflow/.local/lib/python3.12/site-packages/airflow/example_dags/example_inlet_event_extra.py
[2024-10-12T16:39:57.553+0000] {logging_mixin.py:190} INFO - [2024-10-12T16:39:57.552+0000] {dag.py:3239} INFO - Sync 2 DAGs
[2024-10-12T16:39:57.566+0000] {logging_mixin.py:190} INFO - [2024-10-12T16:39:57.565+0000] {dag.py:4180} INFO - Setting next_dagrun for read_dataset_event to 2024-10-11 00:00:00+00:00, run_after=2024-10-12 00:00:00+00:00
[2024-10-12T16:39:57.568+0000] {logging_mixin.py:190} INFO - [2024-10-12T16:39:57.568+0000] {dag.py:4180} INFO - Setting next_dagrun for read_dataset_event_from_classic to 2024-10-11 00:00:00+00:00, run_after=2024-10-12 00:00:00+00:00
[2024-10-12T16:39:57.577+0000] {processor.py:208} INFO - Processing /home/airflow/.local/lib/python3.12/site-packages/airflow/example_dags/example_inlet_event_extra.py took 0.110 seconds
[2024-10-12T16:40:27.834+0000] {processor.py:186} INFO - Started process (PID=3190) to work on /home/airflow/.local/lib/python3.12/site-packages/airflow/example_dags/example_inlet_event_extra.py
[2024-10-12T16:40:27.835+0000] {processor.py:914} INFO - Processing file /home/airflow/.local/lib/python3.12/site-packages/airflow/example_dags/example_inlet_event_extra.py for tasks to queue
[2024-10-12T16:40:27.836+0000] {logging_mixin.py:190} INFO - [2024-10-12T16:40:27.836+0000] {dagbag.py:588} INFO - Filling up the DagBag from /home/airflow/.local/lib/python3.12/site-packages/airflow/example_dags/example_inlet_event_extra.py
[2024-10-12T16:40:27.902+0000] {processor.py:925} INFO - DAG(s) 'read_dataset_event', 'read_dataset_event_from_classic' retrieved from /home/airflow/.local/lib/python3.12/site-packages/airflow/example_dags/example_inlet_event_extra.py
[2024-10-12T16:40:27.914+0000] {logging_mixin.py:190} INFO - [2024-10-12T16:40:27.914+0000] {dag.py:3239} INFO - Sync 2 DAGs
[2024-10-12T16:40:27.928+0000] {logging_mixin.py:190} INFO - [2024-10-12T16:40:27.928+0000] {dag.py:4180} INFO - Setting next_dagrun for read_dataset_event to 2024-10-11 00:00:00+00:00, run_after=2024-10-12 00:00:00+00:00
[2024-10-12T16:40:27.931+0000] {logging_mixin.py:190} INFO - [2024-10-12T16:40:27.930+0000] {dag.py:4180} INFO - Setting next_dagrun for read_dataset_event_from_classic to 2024-10-11 00:00:00+00:00, run_after=2024-10-12 00:00:00+00:00
[2024-10-12T16:40:27.939+0000] {processor.py:208} INFO - Processing /home/airflow/.local/lib/python3.12/site-packages/airflow/example_dags/example_inlet_event_extra.py took 0.109 seconds
[2024-10-12T16:40:58.210+0000] {processor.py:186} INFO - Started process (PID=3474) to work on /home/airflow/.local/lib/python3.12/site-packages/airflow/example_dags/example_inlet_event_extra.py
[2024-10-12T16:40:58.211+0000] {processor.py:914} INFO - Processing file /home/airflow/.local/lib/python3.12/site-packages/airflow/example_dags/example_inlet_event_extra.py for tasks to queue
[2024-10-12T16:40:58.212+0000] {logging_mixin.py:190} INFO - [2024-10-12T16:40:58.212+0000] {dagbag.py:588} INFO - Filling up the DagBag from /home/airflow/.local/lib/python3.12/site-packages/airflow/example_dags/example_inlet_event_extra.py
[2024-10-12T16:40:58.288+0000] {processor.py:925} INFO - DAG(s) 'read_dataset_event_from_classic', 'read_dataset_event' retrieved from /home/airflow/.local/lib/python3.12/site-packages/airflow/example_dags/example_inlet_event_extra.py
[2024-10-12T16:40:58.301+0000] {logging_mixin.py:190} INFO - [2024-10-12T16:40:58.300+0000] {dag.py:3239} INFO - Sync 2 DAGs
[2024-10-12T16:40:58.319+0000] {logging_mixin.py:190} INFO - [2024-10-12T16:40:58.319+0000] {dag.py:4180} INFO - Setting next_dagrun for read_dataset_event to 2024-10-11 00:00:00+00:00, run_after=2024-10-12 00:00:00+00:00
[2024-10-12T16:40:58.323+0000] {logging_mixin.py:190} INFO - [2024-10-12T16:40:58.323+0000] {dag.py:4180} INFO - Setting next_dagrun for read_dataset_event_from_classic to 2024-10-11 00:00:00+00:00, run_after=2024-10-12 00:00:00+00:00
[2024-10-12T16:40:58.334+0000] {processor.py:208} INFO - Processing /home/airflow/.local/lib/python3.12/site-packages/airflow/example_dags/example_inlet_event_extra.py took 0.127 seconds
[2024-10-12T16:41:28.691+0000] {processor.py:186} INFO - Started process (PID=3760) to work on /home/airflow/.local/lib/python3.12/site-packages/airflow/example_dags/example_inlet_event_extra.py
[2024-10-12T16:41:28.692+0000] {processor.py:914} INFO - Processing file /home/airflow/.local/lib/python3.12/site-packages/airflow/example_dags/example_inlet_event_extra.py for tasks to queue
[2024-10-12T16:41:28.693+0000] {logging_mixin.py:190} INFO - [2024-10-12T16:41:28.693+0000] {dagbag.py:588} INFO - Filling up the DagBag from /home/airflow/.local/lib/python3.12/site-packages/airflow/example_dags/example_inlet_event_extra.py
[2024-10-12T16:41:28.765+0000] {processor.py:925} INFO - DAG(s) 'read_dataset_event_from_classic', 'read_dataset_event' retrieved from /home/airflow/.local/lib/python3.12/site-packages/airflow/example_dags/example_inlet_event_extra.py
[2024-10-12T16:41:28.776+0000] {logging_mixin.py:190} INFO - [2024-10-12T16:41:28.776+0000] {dag.py:3239} INFO - Sync 2 DAGs
[2024-10-12T16:41:28.791+0000] {logging_mixin.py:190} INFO - [2024-10-12T16:41:28.791+0000] {dag.py:4180} INFO - Setting next_dagrun for read_dataset_event to 2024-10-11 00:00:00+00:00, run_after=2024-10-12 00:00:00+00:00
[2024-10-12T16:41:28.794+0000] {logging_mixin.py:190} INFO - [2024-10-12T16:41:28.794+0000] {dag.py:4180} INFO - Setting next_dagrun for read_dataset_event_from_classic to 2024-10-11 00:00:00+00:00, run_after=2024-10-12 00:00:00+00:00
[2024-10-12T16:41:28.803+0000] {processor.py:208} INFO - Processing /home/airflow/.local/lib/python3.12/site-packages/airflow/example_dags/example_inlet_event_extra.py took 0.115 seconds
