[2024-10-12T16:35:25.743+0000] {processor.py:186} INFO - Started process (PID=363) to work on /home/airflow/.local/lib/python3.12/site-packages/airflow/example_dags/example_skip_dag.py
[2024-10-12T16:35:25.744+0000] {processor.py:914} INFO - Processing file /home/airflow/.local/lib/python3.12/site-packages/airflow/example_dags/example_skip_dag.py for tasks to queue
[2024-10-12T16:35:25.745+0000] {logging_mixin.py:190} INFO - [2024-10-12T16:35:25.745+0000] {dagbag.py:588} INFO - Filling up the DagBag from /home/airflow/.local/lib/python3.12/site-packages/airflow/example_dags/example_skip_dag.py
[2024-10-12T16:35:25.751+0000] {processor.py:925} INFO - DAG(s) 'example_skip_dag' retrieved from /home/airflow/.local/lib/python3.12/site-packages/airflow/example_dags/example_skip_dag.py
[2024-10-12T16:35:25.807+0000] {logging_mixin.py:190} INFO - [2024-10-12T16:35:25.807+0000] {override.py:1900} INFO - Created Permission View: can edit on DAG:example_skip_dag
[2024-10-12T16:35:25.812+0000] {logging_mixin.py:190} INFO - [2024-10-12T16:35:25.812+0000] {override.py:1900} INFO - Created Permission View: can read on DAG:example_skip_dag
[2024-10-12T16:35:25.815+0000] {logging_mixin.py:190} INFO - [2024-10-12T16:35:25.815+0000] {override.py:1900} INFO - Created Permission View: can delete on DAG:example_skip_dag
[2024-10-12T16:35:25.821+0000] {logging_mixin.py:190} INFO - [2024-10-12T16:35:25.821+0000] {override.py:1900} INFO - Created Permission View: menu access on DAG Run:example_skip_dag
[2024-10-12T16:35:25.825+0000] {logging_mixin.py:190} INFO - [2024-10-12T16:35:25.825+0000] {override.py:1900} INFO - Created Permission View: can read on DAG Run:example_skip_dag
[2024-10-12T16:35:25.828+0000] {logging_mixin.py:190} INFO - [2024-10-12T16:35:25.828+0000] {override.py:1900} INFO - Created Permission View: can delete on DAG Run:example_skip_dag
[2024-10-12T16:35:25.832+0000] {logging_mixin.py:190} INFO - [2024-10-12T16:35:25.832+0000] {override.py:1900} INFO - Created Permission View: can create on DAG Run:example_skip_dag
[2024-10-12T16:35:25.832+0000] {logging_mixin.py:190} INFO - [2024-10-12T16:35:25.832+0000] {dag.py:3239} INFO - Sync 1 DAGs
[2024-10-12T16:35:25.839+0000] {logging_mixin.py:190} INFO - [2024-10-12T16:35:25.838+0000] {dag.py:3262} INFO - Creating ORM DAG for example_skip_dag
[2024-10-12T16:35:25.844+0000] {logging_mixin.py:190} INFO - [2024-10-12T16:35:25.844+0000] {dag.py:4180} INFO - Setting next_dagrun for example_skip_dag to 2024-10-11 00:00:00+00:00, run_after=2024-10-12 00:00:00+00:00
[2024-10-12T16:35:25.857+0000] {processor.py:208} INFO - Processing /home/airflow/.local/lib/python3.12/site-packages/airflow/example_dags/example_skip_dag.py took 0.117 seconds
[2024-10-12T16:35:56.758+0000] {processor.py:186} INFO - Started process (PID=649) to work on /home/airflow/.local/lib/python3.12/site-packages/airflow/example_dags/example_skip_dag.py
[2024-10-12T16:35:56.759+0000] {processor.py:914} INFO - Processing file /home/airflow/.local/lib/python3.12/site-packages/airflow/example_dags/example_skip_dag.py for tasks to queue
[2024-10-12T16:35:56.760+0000] {logging_mixin.py:190} INFO - [2024-10-12T16:35:56.760+0000] {dagbag.py:588} INFO - Filling up the DagBag from /home/airflow/.local/lib/python3.12/site-packages/airflow/example_dags/example_skip_dag.py
[2024-10-12T16:35:56.765+0000] {processor.py:925} INFO - DAG(s) 'example_skip_dag' retrieved from /home/airflow/.local/lib/python3.12/site-packages/airflow/example_dags/example_skip_dag.py
[2024-10-12T16:35:56.777+0000] {logging_mixin.py:190} INFO - [2024-10-12T16:35:56.777+0000] {dag.py:3239} INFO - Sync 1 DAGs
[2024-10-12T16:35:56.790+0000] {logging_mixin.py:190} INFO - [2024-10-12T16:35:56.789+0000] {dag.py:4180} INFO - Setting next_dagrun for example_skip_dag to 2024-10-11 00:00:00+00:00, run_after=2024-10-12 00:00:00+00:00
[2024-10-12T16:35:56.800+0000] {processor.py:208} INFO - Processing /home/airflow/.local/lib/python3.12/site-packages/airflow/example_dags/example_skip_dag.py took 0.045 seconds
[2024-10-12T16:36:26.992+0000] {processor.py:186} INFO - Started process (PID=935) to work on /home/airflow/.local/lib/python3.12/site-packages/airflow/example_dags/example_skip_dag.py
[2024-10-12T16:36:26.992+0000] {processor.py:914} INFO - Processing file /home/airflow/.local/lib/python3.12/site-packages/airflow/example_dags/example_skip_dag.py for tasks to queue
[2024-10-12T16:36:26.994+0000] {logging_mixin.py:190} INFO - [2024-10-12T16:36:26.994+0000] {dagbag.py:588} INFO - Filling up the DagBag from /home/airflow/.local/lib/python3.12/site-packages/airflow/example_dags/example_skip_dag.py
[2024-10-12T16:36:26.998+0000] {processor.py:925} INFO - DAG(s) 'example_skip_dag' retrieved from /home/airflow/.local/lib/python3.12/site-packages/airflow/example_dags/example_skip_dag.py
[2024-10-12T16:36:27.012+0000] {logging_mixin.py:190} INFO - [2024-10-12T16:36:27.012+0000] {dag.py:3239} INFO - Sync 1 DAGs
[2024-10-12T16:36:27.026+0000] {logging_mixin.py:190} INFO - [2024-10-12T16:36:27.026+0000] {dag.py:4180} INFO - Setting next_dagrun for example_skip_dag to 2024-10-11 00:00:00+00:00, run_after=2024-10-12 00:00:00+00:00
[2024-10-12T16:36:27.036+0000] {processor.py:208} INFO - Processing /home/airflow/.local/lib/python3.12/site-packages/airflow/example_dags/example_skip_dag.py took 0.047 seconds
[2024-10-12T16:36:57.148+0000] {processor.py:186} INFO - Started process (PID=1221) to work on /home/airflow/.local/lib/python3.12/site-packages/airflow/example_dags/example_skip_dag.py
[2024-10-12T16:36:57.148+0000] {processor.py:914} INFO - Processing file /home/airflow/.local/lib/python3.12/site-packages/airflow/example_dags/example_skip_dag.py for tasks to queue
[2024-10-12T16:36:57.150+0000] {logging_mixin.py:190} INFO - [2024-10-12T16:36:57.150+0000] {dagbag.py:588} INFO - Filling up the DagBag from /home/airflow/.local/lib/python3.12/site-packages/airflow/example_dags/example_skip_dag.py
[2024-10-12T16:36:57.154+0000] {processor.py:925} INFO - DAG(s) 'example_skip_dag' retrieved from /home/airflow/.local/lib/python3.12/site-packages/airflow/example_dags/example_skip_dag.py
[2024-10-12T16:36:57.166+0000] {logging_mixin.py:190} INFO - [2024-10-12T16:36:57.166+0000] {dag.py:3239} INFO - Sync 1 DAGs
[2024-10-12T16:36:57.179+0000] {logging_mixin.py:190} INFO - [2024-10-12T16:36:57.179+0000] {dag.py:4180} INFO - Setting next_dagrun for example_skip_dag to 2024-10-11 00:00:00+00:00, run_after=2024-10-12 00:00:00+00:00
[2024-10-12T16:36:57.190+0000] {processor.py:208} INFO - Processing /home/airflow/.local/lib/python3.12/site-packages/airflow/example_dags/example_skip_dag.py took 0.046 seconds
[2024-10-12T16:37:27.409+0000] {processor.py:186} INFO - Started process (PID=1507) to work on /home/airflow/.local/lib/python3.12/site-packages/airflow/example_dags/example_skip_dag.py
[2024-10-12T16:37:27.410+0000] {processor.py:914} INFO - Processing file /home/airflow/.local/lib/python3.12/site-packages/airflow/example_dags/example_skip_dag.py for tasks to queue
[2024-10-12T16:37:27.412+0000] {logging_mixin.py:190} INFO - [2024-10-12T16:37:27.411+0000] {dagbag.py:588} INFO - Filling up the DagBag from /home/airflow/.local/lib/python3.12/site-packages/airflow/example_dags/example_skip_dag.py
[2024-10-12T16:37:27.416+0000] {processor.py:925} INFO - DAG(s) 'example_skip_dag' retrieved from /home/airflow/.local/lib/python3.12/site-packages/airflow/example_dags/example_skip_dag.py
[2024-10-12T16:37:27.428+0000] {logging_mixin.py:190} INFO - [2024-10-12T16:37:27.428+0000] {dag.py:3239} INFO - Sync 1 DAGs
[2024-10-12T16:37:27.441+0000] {logging_mixin.py:190} INFO - [2024-10-12T16:37:27.441+0000] {dag.py:4180} INFO - Setting next_dagrun for example_skip_dag to 2024-10-11 00:00:00+00:00, run_after=2024-10-12 00:00:00+00:00
[2024-10-12T16:37:27.451+0000] {processor.py:208} INFO - Processing /home/airflow/.local/lib/python3.12/site-packages/airflow/example_dags/example_skip_dag.py took 0.045 seconds
[2024-10-12T16:37:57.842+0000] {processor.py:186} INFO - Started process (PID=1793) to work on /home/airflow/.local/lib/python3.12/site-packages/airflow/example_dags/example_skip_dag.py
[2024-10-12T16:37:57.842+0000] {processor.py:914} INFO - Processing file /home/airflow/.local/lib/python3.12/site-packages/airflow/example_dags/example_skip_dag.py for tasks to queue
[2024-10-12T16:37:57.845+0000] {logging_mixin.py:190} INFO - [2024-10-12T16:37:57.844+0000] {dagbag.py:588} INFO - Filling up the DagBag from /home/airflow/.local/lib/python3.12/site-packages/airflow/example_dags/example_skip_dag.py
[2024-10-12T16:37:57.849+0000] {processor.py:925} INFO - DAG(s) 'example_skip_dag' retrieved from /home/airflow/.local/lib/python3.12/site-packages/airflow/example_dags/example_skip_dag.py
[2024-10-12T16:37:57.863+0000] {logging_mixin.py:190} INFO - [2024-10-12T16:37:57.863+0000] {dag.py:3239} INFO - Sync 1 DAGs
[2024-10-12T16:37:57.882+0000] {logging_mixin.py:190} INFO - [2024-10-12T16:37:57.882+0000] {dag.py:4180} INFO - Setting next_dagrun for example_skip_dag to 2024-10-11 00:00:00+00:00, run_after=2024-10-12 00:00:00+00:00
[2024-10-12T16:37:57.893+0000] {processor.py:208} INFO - Processing /home/airflow/.local/lib/python3.12/site-packages/airflow/example_dags/example_skip_dag.py took 0.055 seconds
[2024-10-12T16:38:28.049+0000] {processor.py:186} INFO - Started process (PID=2079) to work on /home/airflow/.local/lib/python3.12/site-packages/airflow/example_dags/example_skip_dag.py
[2024-10-12T16:38:28.049+0000] {processor.py:914} INFO - Processing file /home/airflow/.local/lib/python3.12/site-packages/airflow/example_dags/example_skip_dag.py for tasks to queue
[2024-10-12T16:38:28.051+0000] {logging_mixin.py:190} INFO - [2024-10-12T16:38:28.051+0000] {dagbag.py:588} INFO - Filling up the DagBag from /home/airflow/.local/lib/python3.12/site-packages/airflow/example_dags/example_skip_dag.py
[2024-10-12T16:38:28.055+0000] {processor.py:925} INFO - DAG(s) 'example_skip_dag' retrieved from /home/airflow/.local/lib/python3.12/site-packages/airflow/example_dags/example_skip_dag.py
[2024-10-12T16:38:28.067+0000] {logging_mixin.py:190} INFO - [2024-10-12T16:38:28.067+0000] {dag.py:3239} INFO - Sync 1 DAGs
[2024-10-12T16:38:28.080+0000] {logging_mixin.py:190} INFO - [2024-10-12T16:38:28.080+0000] {dag.py:4180} INFO - Setting next_dagrun for example_skip_dag to 2024-10-11 00:00:00+00:00, run_after=2024-10-12 00:00:00+00:00
[2024-10-12T16:38:28.090+0000] {processor.py:208} INFO - Processing /home/airflow/.local/lib/python3.12/site-packages/airflow/example_dags/example_skip_dag.py took 0.044 seconds
[2024-10-12T16:38:58.246+0000] {processor.py:186} INFO - Started process (PID=2365) to work on /home/airflow/.local/lib/python3.12/site-packages/airflow/example_dags/example_skip_dag.py
[2024-10-12T16:38:58.247+0000] {processor.py:914} INFO - Processing file /home/airflow/.local/lib/python3.12/site-packages/airflow/example_dags/example_skip_dag.py for tasks to queue
[2024-10-12T16:38:58.248+0000] {logging_mixin.py:190} INFO - [2024-10-12T16:38:58.248+0000] {dagbag.py:588} INFO - Filling up the DagBag from /home/airflow/.local/lib/python3.12/site-packages/airflow/example_dags/example_skip_dag.py
[2024-10-12T16:38:58.253+0000] {processor.py:925} INFO - DAG(s) 'example_skip_dag' retrieved from /home/airflow/.local/lib/python3.12/site-packages/airflow/example_dags/example_skip_dag.py
[2024-10-12T16:38:58.268+0000] {logging_mixin.py:190} INFO - [2024-10-12T16:38:58.267+0000] {dag.py:3239} INFO - Sync 1 DAGs
[2024-10-12T16:38:58.286+0000] {logging_mixin.py:190} INFO - [2024-10-12T16:38:58.286+0000] {dag.py:4180} INFO - Setting next_dagrun for example_skip_dag to 2024-10-11 00:00:00+00:00, run_after=2024-10-12 00:00:00+00:00
[2024-10-12T16:38:58.298+0000] {processor.py:208} INFO - Processing /home/airflow/.local/lib/python3.12/site-packages/airflow/example_dags/example_skip_dag.py took 0.055 seconds
[2024-10-12T16:39:28.589+0000] {processor.py:186} INFO - Started process (PID=2651) to work on /home/airflow/.local/lib/python3.12/site-packages/airflow/example_dags/example_skip_dag.py
[2024-10-12T16:39:28.589+0000] {processor.py:914} INFO - Processing file /home/airflow/.local/lib/python3.12/site-packages/airflow/example_dags/example_skip_dag.py for tasks to queue
[2024-10-12T16:39:28.591+0000] {logging_mixin.py:190} INFO - [2024-10-12T16:39:28.591+0000] {dagbag.py:588} INFO - Filling up the DagBag from /home/airflow/.local/lib/python3.12/site-packages/airflow/example_dags/example_skip_dag.py
[2024-10-12T16:39:28.596+0000] {processor.py:925} INFO - DAG(s) 'example_skip_dag' retrieved from /home/airflow/.local/lib/python3.12/site-packages/airflow/example_dags/example_skip_dag.py
[2024-10-12T16:39:28.608+0000] {logging_mixin.py:190} INFO - [2024-10-12T16:39:28.608+0000] {dag.py:3239} INFO - Sync 1 DAGs
[2024-10-12T16:39:28.624+0000] {logging_mixin.py:190} INFO - [2024-10-12T16:39:28.624+0000] {dag.py:4180} INFO - Setting next_dagrun for example_skip_dag to 2024-10-11 00:00:00+00:00, run_after=2024-10-12 00:00:00+00:00
[2024-10-12T16:39:28.634+0000] {processor.py:208} INFO - Processing /home/airflow/.local/lib/python3.12/site-packages/airflow/example_dags/example_skip_dag.py took 0.049 seconds
[2024-10-12T16:39:58.791+0000] {processor.py:186} INFO - Started process (PID=2937) to work on /home/airflow/.local/lib/python3.12/site-packages/airflow/example_dags/example_skip_dag.py
[2024-10-12T16:39:58.791+0000] {processor.py:914} INFO - Processing file /home/airflow/.local/lib/python3.12/site-packages/airflow/example_dags/example_skip_dag.py for tasks to queue
[2024-10-12T16:39:58.793+0000] {logging_mixin.py:190} INFO - [2024-10-12T16:39:58.793+0000] {dagbag.py:588} INFO - Filling up the DagBag from /home/airflow/.local/lib/python3.12/site-packages/airflow/example_dags/example_skip_dag.py
[2024-10-12T16:39:58.797+0000] {processor.py:925} INFO - DAG(s) 'example_skip_dag' retrieved from /home/airflow/.local/lib/python3.12/site-packages/airflow/example_dags/example_skip_dag.py
[2024-10-12T16:39:58.809+0000] {logging_mixin.py:190} INFO - [2024-10-12T16:39:58.809+0000] {dag.py:3239} INFO - Sync 1 DAGs
[2024-10-12T16:39:58.823+0000] {logging_mixin.py:190} INFO - [2024-10-12T16:39:58.822+0000] {dag.py:4180} INFO - Setting next_dagrun for example_skip_dag to 2024-10-11 00:00:00+00:00, run_after=2024-10-12 00:00:00+00:00
[2024-10-12T16:39:58.833+0000] {processor.py:208} INFO - Processing /home/airflow/.local/lib/python3.12/site-packages/airflow/example_dags/example_skip_dag.py took 0.045 seconds
[2024-10-12T16:40:29.217+0000] {processor.py:186} INFO - Started process (PID=3223) to work on /home/airflow/.local/lib/python3.12/site-packages/airflow/example_dags/example_skip_dag.py
[2024-10-12T16:40:29.218+0000] {processor.py:914} INFO - Processing file /home/airflow/.local/lib/python3.12/site-packages/airflow/example_dags/example_skip_dag.py for tasks to queue
[2024-10-12T16:40:29.220+0000] {logging_mixin.py:190} INFO - [2024-10-12T16:40:29.219+0000] {dagbag.py:588} INFO - Filling up the DagBag from /home/airflow/.local/lib/python3.12/site-packages/airflow/example_dags/example_skip_dag.py
[2024-10-12T16:40:29.224+0000] {processor.py:925} INFO - DAG(s) 'example_skip_dag' retrieved from /home/airflow/.local/lib/python3.12/site-packages/airflow/example_dags/example_skip_dag.py
[2024-10-12T16:40:29.236+0000] {logging_mixin.py:190} INFO - [2024-10-12T16:40:29.236+0000] {dag.py:3239} INFO - Sync 1 DAGs
[2024-10-12T16:40:29.249+0000] {logging_mixin.py:190} INFO - [2024-10-12T16:40:29.249+0000] {dag.py:4180} INFO - Setting next_dagrun for example_skip_dag to 2024-10-11 00:00:00+00:00, run_after=2024-10-12 00:00:00+00:00
[2024-10-12T16:40:29.261+0000] {processor.py:208} INFO - Processing /home/airflow/.local/lib/python3.12/site-packages/airflow/example_dags/example_skip_dag.py took 0.047 seconds
[2024-10-12T16:40:59.623+0000] {processor.py:186} INFO - Started process (PID=3509) to work on /home/airflow/.local/lib/python3.12/site-packages/airflow/example_dags/example_skip_dag.py
[2024-10-12T16:40:59.624+0000] {processor.py:914} INFO - Processing file /home/airflow/.local/lib/python3.12/site-packages/airflow/example_dags/example_skip_dag.py for tasks to queue
[2024-10-12T16:40:59.626+0000] {logging_mixin.py:190} INFO - [2024-10-12T16:40:59.626+0000] {dagbag.py:588} INFO - Filling up the DagBag from /home/airflow/.local/lib/python3.12/site-packages/airflow/example_dags/example_skip_dag.py
[2024-10-12T16:40:59.631+0000] {processor.py:925} INFO - DAG(s) 'example_skip_dag' retrieved from /home/airflow/.local/lib/python3.12/site-packages/airflow/example_dags/example_skip_dag.py
[2024-10-12T16:40:59.646+0000] {logging_mixin.py:190} INFO - [2024-10-12T16:40:59.645+0000] {dag.py:3239} INFO - Sync 1 DAGs
[2024-10-12T16:40:59.659+0000] {logging_mixin.py:190} INFO - [2024-10-12T16:40:59.659+0000] {dag.py:4180} INFO - Setting next_dagrun for example_skip_dag to 2024-10-11 00:00:00+00:00, run_after=2024-10-12 00:00:00+00:00
[2024-10-12T16:40:59.669+0000] {processor.py:208} INFO - Processing /home/airflow/.local/lib/python3.12/site-packages/airflow/example_dags/example_skip_dag.py took 0.049 seconds
[2024-10-12T16:41:29.978+0000] {processor.py:186} INFO - Started process (PID=3795) to work on /home/airflow/.local/lib/python3.12/site-packages/airflow/example_dags/example_skip_dag.py
[2024-10-12T16:41:29.979+0000] {processor.py:914} INFO - Processing file /home/airflow/.local/lib/python3.12/site-packages/airflow/example_dags/example_skip_dag.py for tasks to queue
[2024-10-12T16:41:29.980+0000] {logging_mixin.py:190} INFO - [2024-10-12T16:41:29.980+0000] {dagbag.py:588} INFO - Filling up the DagBag from /home/airflow/.local/lib/python3.12/site-packages/airflow/example_dags/example_skip_dag.py
[2024-10-12T16:41:29.985+0000] {processor.py:925} INFO - DAG(s) 'example_skip_dag' retrieved from /home/airflow/.local/lib/python3.12/site-packages/airflow/example_dags/example_skip_dag.py
[2024-10-12T16:41:29.997+0000] {logging_mixin.py:190} INFO - [2024-10-12T16:41:29.997+0000] {dag.py:3239} INFO - Sync 1 DAGs
[2024-10-12T16:41:30.011+0000] {logging_mixin.py:190} INFO - [2024-10-12T16:41:30.010+0000] {dag.py:4180} INFO - Setting next_dagrun for example_skip_dag to 2024-10-11 00:00:00+00:00, run_after=2024-10-12 00:00:00+00:00
[2024-10-12T16:41:30.022+0000] {processor.py:208} INFO - Processing /home/airflow/.local/lib/python3.12/site-packages/airflow/example_dags/example_skip_dag.py took 0.048 seconds
