[2024-10-12T16:35:25.245+0000] {processor.py:186} INFO - Started process (PID=333) to work on /home/airflow/.local/lib/python3.12/site-packages/airflow/example_dags/example_xcom.py
[2024-10-12T16:35:25.246+0000] {processor.py:914} INFO - Processing file /home/airflow/.local/lib/python3.12/site-packages/airflow/example_dags/example_xcom.py for tasks to queue
[2024-10-12T16:35:25.248+0000] {logging_mixin.py:190} INFO - [2024-10-12T16:35:25.247+0000] {dagbag.py:588} INFO - Filling up the DagBag from /home/airflow/.local/lib/python3.12/site-packages/airflow/example_dags/example_xcom.py
[2024-10-12T16:35:25.253+0000] {processor.py:925} INFO - DAG(s) 'example_xcom' retrieved from /home/airflow/.local/lib/python3.12/site-packages/airflow/example_dags/example_xcom.py
[2024-10-12T16:35:25.308+0000] {logging_mixin.py:190} INFO - [2024-10-12T16:35:25.308+0000] {override.py:1900} INFO - Created Permission View: can edit on DAG:example_xcom
[2024-10-12T16:35:25.313+0000] {logging_mixin.py:190} INFO - [2024-10-12T16:35:25.313+0000] {override.py:1900} INFO - Created Permission View: can read on DAG:example_xcom
[2024-10-12T16:35:25.316+0000] {logging_mixin.py:190} INFO - [2024-10-12T16:35:25.316+0000] {override.py:1900} INFO - Created Permission View: can delete on DAG:example_xcom
[2024-10-12T16:35:25.320+0000] {logging_mixin.py:190} INFO - [2024-10-12T16:35:25.320+0000] {override.py:1900} INFO - Created Permission View: menu access on DAG Run:example_xcom
[2024-10-12T16:35:25.323+0000] {logging_mixin.py:190} INFO - [2024-10-12T16:35:25.322+0000] {override.py:1900} INFO - Created Permission View: can read on DAG Run:example_xcom
[2024-10-12T16:35:25.325+0000] {logging_mixin.py:190} INFO - [2024-10-12T16:35:25.325+0000] {override.py:1900} INFO - Created Permission View: can delete on DAG Run:example_xcom
[2024-10-12T16:35:25.328+0000] {logging_mixin.py:190} INFO - [2024-10-12T16:35:25.328+0000] {override.py:1900} INFO - Created Permission View: can create on DAG Run:example_xcom
[2024-10-12T16:35:25.328+0000] {logging_mixin.py:190} INFO - [2024-10-12T16:35:25.328+0000] {dag.py:3239} INFO - Sync 1 DAGs
[2024-10-12T16:35:25.335+0000] {logging_mixin.py:190} INFO - [2024-10-12T16:35:25.335+0000] {dag.py:3262} INFO - Creating ORM DAG for example_xcom
[2024-10-12T16:35:25.340+0000] {logging_mixin.py:190} INFO - [2024-10-12T16:35:25.340+0000] {dag.py:4180} INFO - Setting next_dagrun for example_xcom to 2021-01-01 00:00:00+00:00, run_after=2021-01-01 00:00:00+00:00
[2024-10-12T16:35:25.348+0000] {processor.py:208} INFO - Processing /home/airflow/.local/lib/python3.12/site-packages/airflow/example_dags/example_xcom.py took 0.106 seconds
[2024-10-12T16:35:55.466+0000] {processor.py:186} INFO - Started process (PID=614) to work on /home/airflow/.local/lib/python3.12/site-packages/airflow/example_dags/example_xcom.py
[2024-10-12T16:35:55.467+0000] {processor.py:914} INFO - Processing file /home/airflow/.local/lib/python3.12/site-packages/airflow/example_dags/example_xcom.py for tasks to queue
[2024-10-12T16:35:55.468+0000] {logging_mixin.py:190} INFO - [2024-10-12T16:35:55.468+0000] {dagbag.py:588} INFO - Filling up the DagBag from /home/airflow/.local/lib/python3.12/site-packages/airflow/example_dags/example_xcom.py
[2024-10-12T16:35:55.473+0000] {processor.py:925} INFO - DAG(s) 'example_xcom' retrieved from /home/airflow/.local/lib/python3.12/site-packages/airflow/example_dags/example_xcom.py
[2024-10-12T16:35:55.484+0000] {logging_mixin.py:190} INFO - [2024-10-12T16:35:55.484+0000] {dag.py:3239} INFO - Sync 1 DAGs
[2024-10-12T16:35:55.497+0000] {logging_mixin.py:190} INFO - [2024-10-12T16:35:55.497+0000] {dag.py:4180} INFO - Setting next_dagrun for example_xcom to 2021-01-01 00:00:00+00:00, run_after=2021-01-01 00:00:00+00:00
[2024-10-12T16:35:55.507+0000] {processor.py:208} INFO - Processing /home/airflow/.local/lib/python3.12/site-packages/airflow/example_dags/example_xcom.py took 0.044 seconds
[2024-10-12T16:36:25.684+0000] {processor.py:186} INFO - Started process (PID=900) to work on /home/airflow/.local/lib/python3.12/site-packages/airflow/example_dags/example_xcom.py
[2024-10-12T16:36:25.684+0000] {processor.py:914} INFO - Processing file /home/airflow/.local/lib/python3.12/site-packages/airflow/example_dags/example_xcom.py for tasks to queue
[2024-10-12T16:36:25.686+0000] {logging_mixin.py:190} INFO - [2024-10-12T16:36:25.686+0000] {dagbag.py:588} INFO - Filling up the DagBag from /home/airflow/.local/lib/python3.12/site-packages/airflow/example_dags/example_xcom.py
[2024-10-12T16:36:25.691+0000] {processor.py:925} INFO - DAG(s) 'example_xcom' retrieved from /home/airflow/.local/lib/python3.12/site-packages/airflow/example_dags/example_xcom.py
[2024-10-12T16:36:25.702+0000] {logging_mixin.py:190} INFO - [2024-10-12T16:36:25.702+0000] {dag.py:3239} INFO - Sync 1 DAGs
[2024-10-12T16:36:25.715+0000] {logging_mixin.py:190} INFO - [2024-10-12T16:36:25.715+0000] {dag.py:4180} INFO - Setting next_dagrun for example_xcom to 2021-01-01 00:00:00+00:00, run_after=2021-01-01 00:00:00+00:00
[2024-10-12T16:36:25.724+0000] {processor.py:208} INFO - Processing /home/airflow/.local/lib/python3.12/site-packages/airflow/example_dags/example_xcom.py took 0.044 seconds
[2024-10-12T16:36:55.842+0000] {processor.py:186} INFO - Started process (PID=1186) to work on /home/airflow/.local/lib/python3.12/site-packages/airflow/example_dags/example_xcom.py
[2024-10-12T16:36:55.843+0000] {processor.py:914} INFO - Processing file /home/airflow/.local/lib/python3.12/site-packages/airflow/example_dags/example_xcom.py for tasks to queue
[2024-10-12T16:36:55.844+0000] {logging_mixin.py:190} INFO - [2024-10-12T16:36:55.844+0000] {dagbag.py:588} INFO - Filling up the DagBag from /home/airflow/.local/lib/python3.12/site-packages/airflow/example_dags/example_xcom.py
[2024-10-12T16:36:55.850+0000] {processor.py:925} INFO - DAG(s) 'example_xcom' retrieved from /home/airflow/.local/lib/python3.12/site-packages/airflow/example_dags/example_xcom.py
[2024-10-12T16:36:55.860+0000] {logging_mixin.py:190} INFO - [2024-10-12T16:36:55.860+0000] {dag.py:3239} INFO - Sync 1 DAGs
[2024-10-12T16:36:55.873+0000] {logging_mixin.py:190} INFO - [2024-10-12T16:36:55.873+0000] {dag.py:4180} INFO - Setting next_dagrun for example_xcom to 2021-01-01 00:00:00+00:00, run_after=2021-01-01 00:00:00+00:00
[2024-10-12T16:36:55.885+0000] {processor.py:208} INFO - Processing /home/airflow/.local/lib/python3.12/site-packages/airflow/example_dags/example_xcom.py took 0.046 seconds
[2024-10-12T16:37:26.113+0000] {processor.py:186} INFO - Started process (PID=1472) to work on /home/airflow/.local/lib/python3.12/site-packages/airflow/example_dags/example_xcom.py
[2024-10-12T16:37:26.113+0000] {processor.py:914} INFO - Processing file /home/airflow/.local/lib/python3.12/site-packages/airflow/example_dags/example_xcom.py for tasks to queue
[2024-10-12T16:37:26.115+0000] {logging_mixin.py:190} INFO - [2024-10-12T16:37:26.114+0000] {dagbag.py:588} INFO - Filling up the DagBag from /home/airflow/.local/lib/python3.12/site-packages/airflow/example_dags/example_xcom.py
[2024-10-12T16:37:26.120+0000] {processor.py:925} INFO - DAG(s) 'example_xcom' retrieved from /home/airflow/.local/lib/python3.12/site-packages/airflow/example_dags/example_xcom.py
[2024-10-12T16:37:26.132+0000] {logging_mixin.py:190} INFO - [2024-10-12T16:37:26.132+0000] {dag.py:3239} INFO - Sync 1 DAGs
[2024-10-12T16:37:26.145+0000] {logging_mixin.py:190} INFO - [2024-10-12T16:37:26.145+0000] {dag.py:4180} INFO - Setting next_dagrun for example_xcom to 2021-01-01 00:00:00+00:00, run_after=2021-01-01 00:00:00+00:00
[2024-10-12T16:37:26.156+0000] {processor.py:208} INFO - Processing /home/airflow/.local/lib/python3.12/site-packages/airflow/example_dags/example_xcom.py took 0.047 seconds
[2024-10-12T16:37:56.524+0000] {processor.py:186} INFO - Started process (PID=1760) to work on /home/airflow/.local/lib/python3.12/site-packages/airflow/example_dags/example_xcom.py
[2024-10-12T16:37:56.524+0000] {processor.py:914} INFO - Processing file /home/airflow/.local/lib/python3.12/site-packages/airflow/example_dags/example_xcom.py for tasks to queue
[2024-10-12T16:37:56.526+0000] {logging_mixin.py:190} INFO - [2024-10-12T16:37:56.526+0000] {dagbag.py:588} INFO - Filling up the DagBag from /home/airflow/.local/lib/python3.12/site-packages/airflow/example_dags/example_xcom.py
[2024-10-12T16:37:56.532+0000] {processor.py:925} INFO - DAG(s) 'example_xcom' retrieved from /home/airflow/.local/lib/python3.12/site-packages/airflow/example_dags/example_xcom.py
[2024-10-12T16:37:56.544+0000] {logging_mixin.py:190} INFO - [2024-10-12T16:37:56.544+0000] {dag.py:3239} INFO - Sync 1 DAGs
[2024-10-12T16:37:56.558+0000] {logging_mixin.py:190} INFO - [2024-10-12T16:37:56.558+0000] {dag.py:4180} INFO - Setting next_dagrun for example_xcom to 2021-01-01 00:00:00+00:00, run_after=2021-01-01 00:00:00+00:00
[2024-10-12T16:37:56.567+0000] {processor.py:208} INFO - Processing /home/airflow/.local/lib/python3.12/site-packages/airflow/example_dags/example_xcom.py took 0.047 seconds
[2024-10-12T16:38:26.727+0000] {processor.py:186} INFO - Started process (PID=2044) to work on /home/airflow/.local/lib/python3.12/site-packages/airflow/example_dags/example_xcom.py
[2024-10-12T16:38:26.728+0000] {processor.py:914} INFO - Processing file /home/airflow/.local/lib/python3.12/site-packages/airflow/example_dags/example_xcom.py for tasks to queue
[2024-10-12T16:38:26.729+0000] {logging_mixin.py:190} INFO - [2024-10-12T16:38:26.729+0000] {dagbag.py:588} INFO - Filling up the DagBag from /home/airflow/.local/lib/python3.12/site-packages/airflow/example_dags/example_xcom.py
[2024-10-12T16:38:26.735+0000] {processor.py:925} INFO - DAG(s) 'example_xcom' retrieved from /home/airflow/.local/lib/python3.12/site-packages/airflow/example_dags/example_xcom.py
[2024-10-12T16:38:26.747+0000] {logging_mixin.py:190} INFO - [2024-10-12T16:38:26.747+0000] {dag.py:3239} INFO - Sync 1 DAGs
[2024-10-12T16:38:26.760+0000] {logging_mixin.py:190} INFO - [2024-10-12T16:38:26.760+0000] {dag.py:4180} INFO - Setting next_dagrun for example_xcom to 2021-01-01 00:00:00+00:00, run_after=2021-01-01 00:00:00+00:00
[2024-10-12T16:38:26.770+0000] {processor.py:208} INFO - Processing /home/airflow/.local/lib/python3.12/site-packages/airflow/example_dags/example_xcom.py took 0.046 seconds
[2024-10-12T16:38:56.936+0000] {processor.py:186} INFO - Started process (PID=2332) to work on /home/airflow/.local/lib/python3.12/site-packages/airflow/example_dags/example_xcom.py
[2024-10-12T16:38:56.937+0000] {processor.py:914} INFO - Processing file /home/airflow/.local/lib/python3.12/site-packages/airflow/example_dags/example_xcom.py for tasks to queue
[2024-10-12T16:38:56.938+0000] {logging_mixin.py:190} INFO - [2024-10-12T16:38:56.938+0000] {dagbag.py:588} INFO - Filling up the DagBag from /home/airflow/.local/lib/python3.12/site-packages/airflow/example_dags/example_xcom.py
[2024-10-12T16:38:56.943+0000] {processor.py:925} INFO - DAG(s) 'example_xcom' retrieved from /home/airflow/.local/lib/python3.12/site-packages/airflow/example_dags/example_xcom.py
[2024-10-12T16:38:56.955+0000] {logging_mixin.py:190} INFO - [2024-10-12T16:38:56.955+0000] {dag.py:3239} INFO - Sync 1 DAGs
[2024-10-12T16:38:56.967+0000] {logging_mixin.py:190} INFO - [2024-10-12T16:38:56.967+0000] {dag.py:4180} INFO - Setting next_dagrun for example_xcom to 2021-01-01 00:00:00+00:00, run_after=2021-01-01 00:00:00+00:00
[2024-10-12T16:38:56.977+0000] {processor.py:208} INFO - Processing /home/airflow/.local/lib/python3.12/site-packages/airflow/example_dags/example_xcom.py took 0.045 seconds
[2024-10-12T16:39:27.267+0000] {processor.py:186} INFO - Started process (PID=2616) to work on /home/airflow/.local/lib/python3.12/site-packages/airflow/example_dags/example_xcom.py
[2024-10-12T16:39:27.268+0000] {processor.py:914} INFO - Processing file /home/airflow/.local/lib/python3.12/site-packages/airflow/example_dags/example_xcom.py for tasks to queue
[2024-10-12T16:39:27.269+0000] {logging_mixin.py:190} INFO - [2024-10-12T16:39:27.269+0000] {dagbag.py:588} INFO - Filling up the DagBag from /home/airflow/.local/lib/python3.12/site-packages/airflow/example_dags/example_xcom.py
[2024-10-12T16:39:27.275+0000] {processor.py:925} INFO - DAG(s) 'example_xcom' retrieved from /home/airflow/.local/lib/python3.12/site-packages/airflow/example_dags/example_xcom.py
[2024-10-12T16:39:27.289+0000] {logging_mixin.py:190} INFO - [2024-10-12T16:39:27.288+0000] {dag.py:3239} INFO - Sync 1 DAGs
[2024-10-12T16:39:27.303+0000] {logging_mixin.py:190} INFO - [2024-10-12T16:39:27.303+0000] {dag.py:4180} INFO - Setting next_dagrun for example_xcom to 2021-01-01 00:00:00+00:00, run_after=2021-01-01 00:00:00+00:00
[2024-10-12T16:39:27.315+0000] {processor.py:208} INFO - Processing /home/airflow/.local/lib/python3.12/site-packages/airflow/example_dags/example_xcom.py took 0.052 seconds
[2024-10-12T16:39:57.494+0000] {processor.py:186} INFO - Started process (PID=2907) to work on /home/airflow/.local/lib/python3.12/site-packages/airflow/example_dags/example_xcom.py
[2024-10-12T16:39:57.495+0000] {processor.py:914} INFO - Processing file /home/airflow/.local/lib/python3.12/site-packages/airflow/example_dags/example_xcom.py for tasks to queue
[2024-10-12T16:39:57.496+0000] {logging_mixin.py:190} INFO - [2024-10-12T16:39:57.496+0000] {dagbag.py:588} INFO - Filling up the DagBag from /home/airflow/.local/lib/python3.12/site-packages/airflow/example_dags/example_xcom.py
[2024-10-12T16:39:57.502+0000] {processor.py:925} INFO - DAG(s) 'example_xcom' retrieved from /home/airflow/.local/lib/python3.12/site-packages/airflow/example_dags/example_xcom.py
[2024-10-12T16:39:57.513+0000] {logging_mixin.py:190} INFO - [2024-10-12T16:39:57.513+0000] {dag.py:3239} INFO - Sync 1 DAGs
[2024-10-12T16:39:57.525+0000] {logging_mixin.py:190} INFO - [2024-10-12T16:39:57.525+0000] {dag.py:4180} INFO - Setting next_dagrun for example_xcom to 2021-01-01 00:00:00+00:00, run_after=2021-01-01 00:00:00+00:00
[2024-10-12T16:39:57.534+0000] {processor.py:208} INFO - Processing /home/airflow/.local/lib/python3.12/site-packages/airflow/example_dags/example_xcom.py took 0.044 seconds
[2024-10-12T16:40:27.958+0000] {processor.py:186} INFO - Started process (PID=3195) to work on /home/airflow/.local/lib/python3.12/site-packages/airflow/example_dags/example_xcom.py
[2024-10-12T16:40:27.959+0000] {processor.py:914} INFO - Processing file /home/airflow/.local/lib/python3.12/site-packages/airflow/example_dags/example_xcom.py for tasks to queue
[2024-10-12T16:40:27.960+0000] {logging_mixin.py:190} INFO - [2024-10-12T16:40:27.960+0000] {dagbag.py:588} INFO - Filling up the DagBag from /home/airflow/.local/lib/python3.12/site-packages/airflow/example_dags/example_xcom.py
[2024-10-12T16:40:27.966+0000] {processor.py:925} INFO - DAG(s) 'example_xcom' retrieved from /home/airflow/.local/lib/python3.12/site-packages/airflow/example_dags/example_xcom.py
[2024-10-12T16:40:27.978+0000] {logging_mixin.py:190} INFO - [2024-10-12T16:40:27.978+0000] {dag.py:3239} INFO - Sync 1 DAGs
[2024-10-12T16:40:27.992+0000] {logging_mixin.py:190} INFO - [2024-10-12T16:40:27.991+0000] {dag.py:4180} INFO - Setting next_dagrun for example_xcom to 2021-01-01 00:00:00+00:00, run_after=2021-01-01 00:00:00+00:00
[2024-10-12T16:40:28.001+0000] {processor.py:208} INFO - Processing /home/airflow/.local/lib/python3.12/site-packages/airflow/example_dags/example_xcom.py took 0.048 seconds
[2024-10-12T16:40:58.283+0000] {processor.py:186} INFO - Started process (PID=3479) to work on /home/airflow/.local/lib/python3.12/site-packages/airflow/example_dags/example_xcom.py
[2024-10-12T16:40:58.283+0000] {processor.py:914} INFO - Processing file /home/airflow/.local/lib/python3.12/site-packages/airflow/example_dags/example_xcom.py for tasks to queue
[2024-10-12T16:40:58.285+0000] {logging_mixin.py:190} INFO - [2024-10-12T16:40:58.285+0000] {dagbag.py:588} INFO - Filling up the DagBag from /home/airflow/.local/lib/python3.12/site-packages/airflow/example_dags/example_xcom.py
[2024-10-12T16:40:58.291+0000] {processor.py:925} INFO - DAG(s) 'example_xcom' retrieved from /home/airflow/.local/lib/python3.12/site-packages/airflow/example_dags/example_xcom.py
[2024-10-12T16:40:58.304+0000] {logging_mixin.py:190} INFO - [2024-10-12T16:40:58.304+0000] {dag.py:3239} INFO - Sync 1 DAGs
[2024-10-12T16:40:58.320+0000] {logging_mixin.py:190} INFO - [2024-10-12T16:40:58.320+0000] {dag.py:4180} INFO - Setting next_dagrun for example_xcom to 2021-01-01 00:00:00+00:00, run_after=2021-01-01 00:00:00+00:00
[2024-10-12T16:40:58.333+0000] {processor.py:208} INFO - Processing /home/airflow/.local/lib/python3.12/site-packages/airflow/example_dags/example_xcom.py took 0.054 seconds
[2024-10-12T16:41:28.733+0000] {processor.py:186} INFO - Started process (PID=3765) to work on /home/airflow/.local/lib/python3.12/site-packages/airflow/example_dags/example_xcom.py
[2024-10-12T16:41:28.734+0000] {processor.py:914} INFO - Processing file /home/airflow/.local/lib/python3.12/site-packages/airflow/example_dags/example_xcom.py for tasks to queue
[2024-10-12T16:41:28.735+0000] {logging_mixin.py:190} INFO - [2024-10-12T16:41:28.735+0000] {dagbag.py:588} INFO - Filling up the DagBag from /home/airflow/.local/lib/python3.12/site-packages/airflow/example_dags/example_xcom.py
[2024-10-12T16:41:28.741+0000] {processor.py:925} INFO - DAG(s) 'example_xcom' retrieved from /home/airflow/.local/lib/python3.12/site-packages/airflow/example_dags/example_xcom.py
[2024-10-12T16:41:28.754+0000] {logging_mixin.py:190} INFO - [2024-10-12T16:41:28.754+0000] {dag.py:3239} INFO - Sync 1 DAGs
[2024-10-12T16:41:28.767+0000] {logging_mixin.py:190} INFO - [2024-10-12T16:41:28.767+0000] {dag.py:4180} INFO - Setting next_dagrun for example_xcom to 2021-01-01 00:00:00+00:00, run_after=2021-01-01 00:00:00+00:00
[2024-10-12T16:41:28.777+0000] {processor.py:208} INFO - Processing /home/airflow/.local/lib/python3.12/site-packages/airflow/example_dags/example_xcom.py took 0.048 seconds
