[2024-10-12T16:35:25.492+0000] {processor.py:186} INFO - Started process (PID=348) to work on /home/airflow/.local/lib/python3.12/site-packages/airflow/example_dags/example_nested_branch_dag.py
[2024-10-12T16:35:25.492+0000] {processor.py:914} INFO - Processing file /home/airflow/.local/lib/python3.12/site-packages/airflow/example_dags/example_nested_branch_dag.py for tasks to queue
[2024-10-12T16:35:25.494+0000] {logging_mixin.py:190} INFO - [2024-10-12T16:35:25.493+0000] {dagbag.py:588} INFO - Filling up the DagBag from /home/airflow/.local/lib/python3.12/site-packages/airflow/example_dags/example_nested_branch_dag.py
[2024-10-12T16:35:25.501+0000] {processor.py:925} INFO - DAG(s) 'example_nested_branch_dag' retrieved from /home/airflow/.local/lib/python3.12/site-packages/airflow/example_dags/example_nested_branch_dag.py
[2024-10-12T16:35:25.559+0000] {logging_mixin.py:190} INFO - [2024-10-12T16:35:25.559+0000] {override.py:1900} INFO - Created Permission View: can edit on DAG:example_nested_branch_dag
[2024-10-12T16:35:25.571+0000] {logging_mixin.py:190} INFO - [2024-10-12T16:35:25.571+0000] {override.py:1900} INFO - Created Permission View: can read on DAG:example_nested_branch_dag
[2024-10-12T16:35:25.574+0000] {logging_mixin.py:190} INFO - [2024-10-12T16:35:25.574+0000] {override.py:1900} INFO - Created Permission View: can delete on DAG:example_nested_branch_dag
[2024-10-12T16:35:25.577+0000] {logging_mixin.py:190} INFO - [2024-10-12T16:35:25.577+0000] {override.py:1900} INFO - Created Permission View: menu access on DAG Run:example_nested_branch_dag
[2024-10-12T16:35:25.580+0000] {logging_mixin.py:190} INFO - [2024-10-12T16:35:25.580+0000] {override.py:1900} INFO - Created Permission View: can read on DAG Run:example_nested_branch_dag
[2024-10-12T16:35:25.583+0000] {logging_mixin.py:190} INFO - [2024-10-12T16:35:25.583+0000] {override.py:1900} INFO - Created Permission View: can delete on DAG Run:example_nested_branch_dag
[2024-10-12T16:35:25.586+0000] {logging_mixin.py:190} INFO - [2024-10-12T16:35:25.586+0000] {override.py:1900} INFO - Created Permission View: can create on DAG Run:example_nested_branch_dag
[2024-10-12T16:35:25.586+0000] {logging_mixin.py:190} INFO - [2024-10-12T16:35:25.586+0000] {dag.py:3239} INFO - Sync 1 DAGs
[2024-10-12T16:35:25.593+0000] {logging_mixin.py:190} INFO - [2024-10-12T16:35:25.593+0000] {dag.py:3262} INFO - Creating ORM DAG for example_nested_branch_dag
[2024-10-12T16:35:25.599+0000] {logging_mixin.py:190} INFO - [2024-10-12T16:35:25.599+0000] {dag.py:4180} INFO - Setting next_dagrun for example_nested_branch_dag to 2024-10-11 00:00:00+00:00, run_after=2024-10-12 00:00:00+00:00
[2024-10-12T16:35:25.607+0000] {processor.py:208} INFO - Processing /home/airflow/.local/lib/python3.12/site-packages/airflow/example_dags/example_nested_branch_dag.py took 0.118 seconds
[2024-10-12T16:35:55.626+0000] {processor.py:186} INFO - Started process (PID=634) to work on /home/airflow/.local/lib/python3.12/site-packages/airflow/example_dags/example_nested_branch_dag.py
[2024-10-12T16:35:55.627+0000] {processor.py:914} INFO - Processing file /home/airflow/.local/lib/python3.12/site-packages/airflow/example_dags/example_nested_branch_dag.py for tasks to queue
[2024-10-12T16:35:55.628+0000] {logging_mixin.py:190} INFO - [2024-10-12T16:35:55.628+0000] {dagbag.py:588} INFO - Filling up the DagBag from /home/airflow/.local/lib/python3.12/site-packages/airflow/example_dags/example_nested_branch_dag.py
[2024-10-12T16:35:55.635+0000] {processor.py:925} INFO - DAG(s) 'example_nested_branch_dag' retrieved from /home/airflow/.local/lib/python3.12/site-packages/airflow/example_dags/example_nested_branch_dag.py
[2024-10-12T16:35:55.646+0000] {logging_mixin.py:190} INFO - [2024-10-12T16:35:55.646+0000] {dag.py:3239} INFO - Sync 1 DAGs
[2024-10-12T16:35:55.659+0000] {logging_mixin.py:190} INFO - [2024-10-12T16:35:55.659+0000] {dag.py:4180} INFO - Setting next_dagrun for example_nested_branch_dag to 2024-10-11 00:00:00+00:00, run_after=2024-10-12 00:00:00+00:00
[2024-10-12T16:35:55.669+0000] {processor.py:208} INFO - Processing /home/airflow/.local/lib/python3.12/site-packages/airflow/example_dags/example_nested_branch_dag.py took 0.046 seconds
[2024-10-12T16:36:25.842+0000] {processor.py:186} INFO - Started process (PID=920) to work on /home/airflow/.local/lib/python3.12/site-packages/airflow/example_dags/example_nested_branch_dag.py
[2024-10-12T16:36:25.843+0000] {processor.py:914} INFO - Processing file /home/airflow/.local/lib/python3.12/site-packages/airflow/example_dags/example_nested_branch_dag.py for tasks to queue
[2024-10-12T16:36:25.844+0000] {logging_mixin.py:190} INFO - [2024-10-12T16:36:25.844+0000] {dagbag.py:588} INFO - Filling up the DagBag from /home/airflow/.local/lib/python3.12/site-packages/airflow/example_dags/example_nested_branch_dag.py
[2024-10-12T16:36:25.851+0000] {processor.py:925} INFO - DAG(s) 'example_nested_branch_dag' retrieved from /home/airflow/.local/lib/python3.12/site-packages/airflow/example_dags/example_nested_branch_dag.py
[2024-10-12T16:36:25.862+0000] {logging_mixin.py:190} INFO - [2024-10-12T16:36:25.862+0000] {dag.py:3239} INFO - Sync 1 DAGs
[2024-10-12T16:36:25.880+0000] {logging_mixin.py:190} INFO - [2024-10-12T16:36:25.880+0000] {dag.py:4180} INFO - Setting next_dagrun for example_nested_branch_dag to 2024-10-11 00:00:00+00:00, run_after=2024-10-12 00:00:00+00:00
[2024-10-12T16:36:25.890+0000] {processor.py:208} INFO - Processing /home/airflow/.local/lib/python3.12/site-packages/airflow/example_dags/example_nested_branch_dag.py took 0.051 seconds
[2024-10-12T16:36:56.002+0000] {processor.py:186} INFO - Started process (PID=1206) to work on /home/airflow/.local/lib/python3.12/site-packages/airflow/example_dags/example_nested_branch_dag.py
[2024-10-12T16:36:56.002+0000] {processor.py:914} INFO - Processing file /home/airflow/.local/lib/python3.12/site-packages/airflow/example_dags/example_nested_branch_dag.py for tasks to queue
[2024-10-12T16:36:56.004+0000] {logging_mixin.py:190} INFO - [2024-10-12T16:36:56.004+0000] {dagbag.py:588} INFO - Filling up the DagBag from /home/airflow/.local/lib/python3.12/site-packages/airflow/example_dags/example_nested_branch_dag.py
[2024-10-12T16:36:56.010+0000] {processor.py:925} INFO - DAG(s) 'example_nested_branch_dag' retrieved from /home/airflow/.local/lib/python3.12/site-packages/airflow/example_dags/example_nested_branch_dag.py
[2024-10-12T16:36:56.022+0000] {logging_mixin.py:190} INFO - [2024-10-12T16:36:56.022+0000] {dag.py:3239} INFO - Sync 1 DAGs
[2024-10-12T16:36:56.035+0000] {logging_mixin.py:190} INFO - [2024-10-12T16:36:56.035+0000] {dag.py:4180} INFO - Setting next_dagrun for example_nested_branch_dag to 2024-10-11 00:00:00+00:00, run_after=2024-10-12 00:00:00+00:00
[2024-10-12T16:36:56.044+0000] {processor.py:208} INFO - Processing /home/airflow/.local/lib/python3.12/site-packages/airflow/example_dags/example_nested_branch_dag.py took 0.046 seconds
[2024-10-12T16:37:26.276+0000] {processor.py:186} INFO - Started process (PID=1492) to work on /home/airflow/.local/lib/python3.12/site-packages/airflow/example_dags/example_nested_branch_dag.py
[2024-10-12T16:37:26.277+0000] {processor.py:914} INFO - Processing file /home/airflow/.local/lib/python3.12/site-packages/airflow/example_dags/example_nested_branch_dag.py for tasks to queue
[2024-10-12T16:37:26.279+0000] {logging_mixin.py:190} INFO - [2024-10-12T16:37:26.278+0000] {dagbag.py:588} INFO - Filling up the DagBag from /home/airflow/.local/lib/python3.12/site-packages/airflow/example_dags/example_nested_branch_dag.py
[2024-10-12T16:37:26.285+0000] {processor.py:925} INFO - DAG(s) 'example_nested_branch_dag' retrieved from /home/airflow/.local/lib/python3.12/site-packages/airflow/example_dags/example_nested_branch_dag.py
[2024-10-12T16:37:26.296+0000] {logging_mixin.py:190} INFO - [2024-10-12T16:37:26.296+0000] {dag.py:3239} INFO - Sync 1 DAGs
[2024-10-12T16:37:26.309+0000] {logging_mixin.py:190} INFO - [2024-10-12T16:37:26.309+0000] {dag.py:4180} INFO - Setting next_dagrun for example_nested_branch_dag to 2024-10-11 00:00:00+00:00, run_after=2024-10-12 00:00:00+00:00
[2024-10-12T16:37:26.318+0000] {processor.py:208} INFO - Processing /home/airflow/.local/lib/python3.12/site-packages/airflow/example_dags/example_nested_branch_dag.py took 0.045 seconds
[2024-10-12T16:37:56.668+0000] {processor.py:186} INFO - Started process (PID=1778) to work on /home/airflow/.local/lib/python3.12/site-packages/airflow/example_dags/example_nested_branch_dag.py
[2024-10-12T16:37:56.668+0000] {processor.py:914} INFO - Processing file /home/airflow/.local/lib/python3.12/site-packages/airflow/example_dags/example_nested_branch_dag.py for tasks to queue
[2024-10-12T16:37:56.670+0000] {logging_mixin.py:190} INFO - [2024-10-12T16:37:56.670+0000] {dagbag.py:588} INFO - Filling up the DagBag from /home/airflow/.local/lib/python3.12/site-packages/airflow/example_dags/example_nested_branch_dag.py
[2024-10-12T16:37:56.676+0000] {processor.py:925} INFO - DAG(s) 'example_nested_branch_dag' retrieved from /home/airflow/.local/lib/python3.12/site-packages/airflow/example_dags/example_nested_branch_dag.py
[2024-10-12T16:37:56.689+0000] {logging_mixin.py:190} INFO - [2024-10-12T16:37:56.688+0000] {dag.py:3239} INFO - Sync 1 DAGs
[2024-10-12T16:37:56.703+0000] {logging_mixin.py:190} INFO - [2024-10-12T16:37:56.703+0000] {dag.py:4180} INFO - Setting next_dagrun for example_nested_branch_dag to 2024-10-11 00:00:00+00:00, run_after=2024-10-12 00:00:00+00:00
[2024-10-12T16:37:56.712+0000] {processor.py:208} INFO - Processing /home/airflow/.local/lib/python3.12/site-packages/airflow/example_dags/example_nested_branch_dag.py took 0.049 seconds
[2024-10-12T16:38:26.890+0000] {processor.py:186} INFO - Started process (PID=2064) to work on /home/airflow/.local/lib/python3.12/site-packages/airflow/example_dags/example_nested_branch_dag.py
[2024-10-12T16:38:26.890+0000] {processor.py:914} INFO - Processing file /home/airflow/.local/lib/python3.12/site-packages/airflow/example_dags/example_nested_branch_dag.py for tasks to queue
[2024-10-12T16:38:26.892+0000] {logging_mixin.py:190} INFO - [2024-10-12T16:38:26.892+0000] {dagbag.py:588} INFO - Filling up the DagBag from /home/airflow/.local/lib/python3.12/site-packages/airflow/example_dags/example_nested_branch_dag.py
[2024-10-12T16:38:26.899+0000] {processor.py:925} INFO - DAG(s) 'example_nested_branch_dag' retrieved from /home/airflow/.local/lib/python3.12/site-packages/airflow/example_dags/example_nested_branch_dag.py
[2024-10-12T16:38:26.911+0000] {logging_mixin.py:190} INFO - [2024-10-12T16:38:26.911+0000] {dag.py:3239} INFO - Sync 1 DAGs
[2024-10-12T16:38:26.924+0000] {logging_mixin.py:190} INFO - [2024-10-12T16:38:26.924+0000] {dag.py:4180} INFO - Setting next_dagrun for example_nested_branch_dag to 2024-10-11 00:00:00+00:00, run_after=2024-10-12 00:00:00+00:00
[2024-10-12T16:38:26.934+0000] {processor.py:208} INFO - Processing /home/airflow/.local/lib/python3.12/site-packages/airflow/example_dags/example_nested_branch_dag.py took 0.048 seconds
[2024-10-12T16:38:57.120+0000] {processor.py:186} INFO - Started process (PID=2351) to work on /home/airflow/.local/lib/python3.12/site-packages/airflow/example_dags/example_nested_branch_dag.py
[2024-10-12T16:38:57.120+0000] {processor.py:914} INFO - Processing file /home/airflow/.local/lib/python3.12/site-packages/airflow/example_dags/example_nested_branch_dag.py for tasks to queue
[2024-10-12T16:38:57.122+0000] {logging_mixin.py:190} INFO - [2024-10-12T16:38:57.121+0000] {dagbag.py:588} INFO - Filling up the DagBag from /home/airflow/.local/lib/python3.12/site-packages/airflow/example_dags/example_nested_branch_dag.py
[2024-10-12T16:38:57.128+0000] {processor.py:925} INFO - DAG(s) 'example_nested_branch_dag' retrieved from /home/airflow/.local/lib/python3.12/site-packages/airflow/example_dags/example_nested_branch_dag.py
[2024-10-12T16:38:57.141+0000] {logging_mixin.py:190} INFO - [2024-10-12T16:38:57.140+0000] {dag.py:3239} INFO - Sync 1 DAGs
[2024-10-12T16:38:57.156+0000] {logging_mixin.py:190} INFO - [2024-10-12T16:38:57.156+0000] {dag.py:4180} INFO - Setting next_dagrun for example_nested_branch_dag to 2024-10-11 00:00:00+00:00, run_after=2024-10-12 00:00:00+00:00
[2024-10-12T16:38:57.168+0000] {processor.py:208} INFO - Processing /home/airflow/.local/lib/python3.12/site-packages/airflow/example_dags/example_nested_branch_dag.py took 0.052 seconds
[2024-10-12T16:39:27.424+0000] {processor.py:186} INFO - Started process (PID=2636) to work on /home/airflow/.local/lib/python3.12/site-packages/airflow/example_dags/example_nested_branch_dag.py
[2024-10-12T16:39:27.425+0000] {processor.py:914} INFO - Processing file /home/airflow/.local/lib/python3.12/site-packages/airflow/example_dags/example_nested_branch_dag.py for tasks to queue
[2024-10-12T16:39:27.427+0000] {logging_mixin.py:190} INFO - [2024-10-12T16:39:27.426+0000] {dagbag.py:588} INFO - Filling up the DagBag from /home/airflow/.local/lib/python3.12/site-packages/airflow/example_dags/example_nested_branch_dag.py
[2024-10-12T16:39:27.433+0000] {processor.py:925} INFO - DAG(s) 'example_nested_branch_dag' retrieved from /home/airflow/.local/lib/python3.12/site-packages/airflow/example_dags/example_nested_branch_dag.py
[2024-10-12T16:39:27.446+0000] {logging_mixin.py:190} INFO - [2024-10-12T16:39:27.446+0000] {dag.py:3239} INFO - Sync 1 DAGs
[2024-10-12T16:39:27.460+0000] {logging_mixin.py:190} INFO - [2024-10-12T16:39:27.459+0000] {dag.py:4180} INFO - Setting next_dagrun for example_nested_branch_dag to 2024-10-11 00:00:00+00:00, run_after=2024-10-12 00:00:00+00:00
[2024-10-12T16:39:27.470+0000] {processor.py:208} INFO - Processing /home/airflow/.local/lib/python3.12/site-packages/airflow/example_dags/example_nested_branch_dag.py took 0.049 seconds
[2024-10-12T16:39:57.613+0000] {processor.py:186} INFO - Started process (PID=2922) to work on /home/airflow/.local/lib/python3.12/site-packages/airflow/example_dags/example_nested_branch_dag.py
[2024-10-12T16:39:57.613+0000] {processor.py:914} INFO - Processing file /home/airflow/.local/lib/python3.12/site-packages/airflow/example_dags/example_nested_branch_dag.py for tasks to queue
[2024-10-12T16:39:57.615+0000] {logging_mixin.py:190} INFO - [2024-10-12T16:39:57.615+0000] {dagbag.py:588} INFO - Filling up the DagBag from /home/airflow/.local/lib/python3.12/site-packages/airflow/example_dags/example_nested_branch_dag.py
[2024-10-12T16:39:57.622+0000] {processor.py:925} INFO - DAG(s) 'example_nested_branch_dag' retrieved from /home/airflow/.local/lib/python3.12/site-packages/airflow/example_dags/example_nested_branch_dag.py
[2024-10-12T16:39:57.633+0000] {logging_mixin.py:190} INFO - [2024-10-12T16:39:57.633+0000] {dag.py:3239} INFO - Sync 1 DAGs
[2024-10-12T16:39:57.647+0000] {logging_mixin.py:190} INFO - [2024-10-12T16:39:57.647+0000] {dag.py:4180} INFO - Setting next_dagrun for example_nested_branch_dag to 2024-10-11 00:00:00+00:00, run_after=2024-10-12 00:00:00+00:00
[2024-10-12T16:39:57.656+0000] {processor.py:208} INFO - Processing /home/airflow/.local/lib/python3.12/site-packages/airflow/example_dags/example_nested_branch_dag.py took 0.046 seconds
[2024-10-12T16:40:28.084+0000] {processor.py:186} INFO - Started process (PID=3210) to work on /home/airflow/.local/lib/python3.12/site-packages/airflow/example_dags/example_nested_branch_dag.py
[2024-10-12T16:40:28.085+0000] {processor.py:914} INFO - Processing file /home/airflow/.local/lib/python3.12/site-packages/airflow/example_dags/example_nested_branch_dag.py for tasks to queue
[2024-10-12T16:40:28.087+0000] {logging_mixin.py:190} INFO - [2024-10-12T16:40:28.087+0000] {dagbag.py:588} INFO - Filling up the DagBag from /home/airflow/.local/lib/python3.12/site-packages/airflow/example_dags/example_nested_branch_dag.py
[2024-10-12T16:40:28.094+0000] {processor.py:925} INFO - DAG(s) 'example_nested_branch_dag' retrieved from /home/airflow/.local/lib/python3.12/site-packages/airflow/example_dags/example_nested_branch_dag.py
[2024-10-12T16:40:28.106+0000] {logging_mixin.py:190} INFO - [2024-10-12T16:40:28.106+0000] {dag.py:3239} INFO - Sync 1 DAGs
[2024-10-12T16:40:28.120+0000] {logging_mixin.py:190} INFO - [2024-10-12T16:40:28.119+0000] {dag.py:4180} INFO - Setting next_dagrun for example_nested_branch_dag to 2024-10-11 00:00:00+00:00, run_after=2024-10-12 00:00:00+00:00
[2024-10-12T16:40:28.130+0000] {processor.py:208} INFO - Processing /home/airflow/.local/lib/python3.12/site-packages/airflow/example_dags/example_nested_branch_dag.py took 0.049 seconds
[2024-10-12T16:40:58.494+0000] {processor.py:186} INFO - Started process (PID=3496) to work on /home/airflow/.local/lib/python3.12/site-packages/airflow/example_dags/example_nested_branch_dag.py
[2024-10-12T16:40:58.494+0000] {processor.py:914} INFO - Processing file /home/airflow/.local/lib/python3.12/site-packages/airflow/example_dags/example_nested_branch_dag.py for tasks to queue
[2024-10-12T16:40:58.495+0000] {logging_mixin.py:190} INFO - [2024-10-12T16:40:58.495+0000] {dagbag.py:588} INFO - Filling up the DagBag from /home/airflow/.local/lib/python3.12/site-packages/airflow/example_dags/example_nested_branch_dag.py
[2024-10-12T16:40:58.502+0000] {processor.py:925} INFO - DAG(s) 'example_nested_branch_dag' retrieved from /home/airflow/.local/lib/python3.12/site-packages/airflow/example_dags/example_nested_branch_dag.py
[2024-10-12T16:40:58.516+0000] {logging_mixin.py:190} INFO - [2024-10-12T16:40:58.516+0000] {dag.py:3239} INFO - Sync 1 DAGs
[2024-10-12T16:40:58.530+0000] {logging_mixin.py:190} INFO - [2024-10-12T16:40:58.530+0000] {dag.py:4180} INFO - Setting next_dagrun for example_nested_branch_dag to 2024-10-11 00:00:00+00:00, run_after=2024-10-12 00:00:00+00:00
[2024-10-12T16:40:58.540+0000] {processor.py:208} INFO - Processing /home/airflow/.local/lib/python3.12/site-packages/airflow/example_dags/example_nested_branch_dag.py took 0.050 seconds
[2024-10-12T16:41:28.857+0000] {processor.py:186} INFO - Started process (PID=3780) to work on /home/airflow/.local/lib/python3.12/site-packages/airflow/example_dags/example_nested_branch_dag.py
[2024-10-12T16:41:28.858+0000] {processor.py:914} INFO - Processing file /home/airflow/.local/lib/python3.12/site-packages/airflow/example_dags/example_nested_branch_dag.py for tasks to queue
[2024-10-12T16:41:28.860+0000] {logging_mixin.py:190} INFO - [2024-10-12T16:41:28.859+0000] {dagbag.py:588} INFO - Filling up the DagBag from /home/airflow/.local/lib/python3.12/site-packages/airflow/example_dags/example_nested_branch_dag.py
[2024-10-12T16:41:28.866+0000] {processor.py:925} INFO - DAG(s) 'example_nested_branch_dag' retrieved from /home/airflow/.local/lib/python3.12/site-packages/airflow/example_dags/example_nested_branch_dag.py
[2024-10-12T16:41:28.879+0000] {logging_mixin.py:190} INFO - [2024-10-12T16:41:28.879+0000] {dag.py:3239} INFO - Sync 1 DAGs
[2024-10-12T16:41:28.894+0000] {logging_mixin.py:190} INFO - [2024-10-12T16:41:28.894+0000] {dag.py:4180} INFO - Setting next_dagrun for example_nested_branch_dag to 2024-10-11 00:00:00+00:00, run_after=2024-10-12 00:00:00+00:00
[2024-10-12T16:41:28.903+0000] {processor.py:208} INFO - Processing /home/airflow/.local/lib/python3.12/site-packages/airflow/example_dags/example_nested_branch_dag.py took 0.050 seconds
