[2024-10-12T16:35:24.954+0000] {processor.py:186} INFO - Started process (PID=313) to work on /home/airflow/.local/lib/python3.12/site-packages/airflow/example_dags/example_branch_labels.py
[2024-10-12T16:35:24.954+0000] {processor.py:914} INFO - Processing file /home/airflow/.local/lib/python3.12/site-packages/airflow/example_dags/example_branch_labels.py for tasks to queue
[2024-10-12T16:35:24.956+0000] {logging_mixin.py:190} INFO - [2024-10-12T16:35:24.956+0000] {dagbag.py:588} INFO - Filling up the DagBag from /home/airflow/.local/lib/python3.12/site-packages/airflow/example_dags/example_branch_labels.py
[2024-10-12T16:35:24.962+0000] {processor.py:925} INFO - DAG(s) 'example_branch_labels' retrieved from /home/airflow/.local/lib/python3.12/site-packages/airflow/example_dags/example_branch_labels.py
[2024-10-12T16:35:25.016+0000] {logging_mixin.py:190} INFO - [2024-10-12T16:35:25.016+0000] {override.py:1900} INFO - Created Permission View: can edit on DAG:example_branch_labels
[2024-10-12T16:35:25.022+0000] {logging_mixin.py:190} INFO - [2024-10-12T16:35:25.022+0000] {override.py:1900} INFO - Created Permission View: can read on DAG:example_branch_labels
[2024-10-12T16:35:25.025+0000] {logging_mixin.py:190} INFO - [2024-10-12T16:35:25.025+0000] {override.py:1900} INFO - Created Permission View: can delete on DAG:example_branch_labels
[2024-10-12T16:35:25.029+0000] {logging_mixin.py:190} INFO - [2024-10-12T16:35:25.029+0000] {override.py:1900} INFO - Created Permission View: menu access on DAG Run:example_branch_labels
[2024-10-12T16:35:25.032+0000] {logging_mixin.py:190} INFO - [2024-10-12T16:35:25.032+0000] {override.py:1900} INFO - Created Permission View: can read on DAG Run:example_branch_labels
[2024-10-12T16:35:25.036+0000] {logging_mixin.py:190} INFO - [2024-10-12T16:35:25.036+0000] {override.py:1900} INFO - Created Permission View: can delete on DAG Run:example_branch_labels
[2024-10-12T16:35:25.039+0000] {logging_mixin.py:190} INFO - [2024-10-12T16:35:25.039+0000] {override.py:1900} INFO - Created Permission View: can create on DAG Run:example_branch_labels
[2024-10-12T16:35:25.039+0000] {logging_mixin.py:190} INFO - [2024-10-12T16:35:25.039+0000] {dag.py:3239} INFO - Sync 1 DAGs
[2024-10-12T16:35:25.046+0000] {logging_mixin.py:190} INFO - [2024-10-12T16:35:25.046+0000] {dag.py:3262} INFO - Creating ORM DAG for example_branch_labels
[2024-10-12T16:35:25.052+0000] {logging_mixin.py:190} INFO - [2024-10-12T16:35:25.051+0000] {dag.py:4180} INFO - Setting next_dagrun for example_branch_labels to 2024-10-11 00:00:00+00:00, run_after=2024-10-12 00:00:00+00:00
[2024-10-12T16:35:25.059+0000] {processor.py:208} INFO - Processing /home/airflow/.local/lib/python3.12/site-packages/airflow/example_dags/example_branch_labels.py took 0.108 seconds
[2024-10-12T16:35:55.333+0000] {processor.py:186} INFO - Started process (PID=599) to work on /home/airflow/.local/lib/python3.12/site-packages/airflow/example_dags/example_branch_labels.py
[2024-10-12T16:35:55.333+0000] {processor.py:914} INFO - Processing file /home/airflow/.local/lib/python3.12/site-packages/airflow/example_dags/example_branch_labels.py for tasks to queue
[2024-10-12T16:35:55.335+0000] {logging_mixin.py:190} INFO - [2024-10-12T16:35:55.335+0000] {dagbag.py:588} INFO - Filling up the DagBag from /home/airflow/.local/lib/python3.12/site-packages/airflow/example_dags/example_branch_labels.py
[2024-10-12T16:35:55.340+0000] {processor.py:925} INFO - DAG(s) 'example_branch_labels' retrieved from /home/airflow/.local/lib/python3.12/site-packages/airflow/example_dags/example_branch_labels.py
[2024-10-12T16:35:55.351+0000] {logging_mixin.py:190} INFO - [2024-10-12T16:35:55.351+0000] {dag.py:3239} INFO - Sync 1 DAGs
[2024-10-12T16:35:55.364+0000] {logging_mixin.py:190} INFO - [2024-10-12T16:35:55.364+0000] {dag.py:4180} INFO - Setting next_dagrun for example_branch_labels to 2024-10-11 00:00:00+00:00, run_after=2024-10-12 00:00:00+00:00
[2024-10-12T16:35:55.373+0000] {processor.py:208} INFO - Processing /home/airflow/.local/lib/python3.12/site-packages/airflow/example_dags/example_branch_labels.py took 0.044 seconds
[2024-10-12T16:36:25.550+0000] {processor.py:186} INFO - Started process (PID=885) to work on /home/airflow/.local/lib/python3.12/site-packages/airflow/example_dags/example_branch_labels.py
[2024-10-12T16:36:25.550+0000] {processor.py:914} INFO - Processing file /home/airflow/.local/lib/python3.12/site-packages/airflow/example_dags/example_branch_labels.py for tasks to queue
[2024-10-12T16:36:25.552+0000] {logging_mixin.py:190} INFO - [2024-10-12T16:36:25.551+0000] {dagbag.py:588} INFO - Filling up the DagBag from /home/airflow/.local/lib/python3.12/site-packages/airflow/example_dags/example_branch_labels.py
[2024-10-12T16:36:25.557+0000] {processor.py:925} INFO - DAG(s) 'example_branch_labels' retrieved from /home/airflow/.local/lib/python3.12/site-packages/airflow/example_dags/example_branch_labels.py
[2024-10-12T16:36:25.568+0000] {logging_mixin.py:190} INFO - [2024-10-12T16:36:25.568+0000] {dag.py:3239} INFO - Sync 1 DAGs
[2024-10-12T16:36:25.581+0000] {logging_mixin.py:190} INFO - [2024-10-12T16:36:25.581+0000] {dag.py:4180} INFO - Setting next_dagrun for example_branch_labels to 2024-10-11 00:00:00+00:00, run_after=2024-10-12 00:00:00+00:00
[2024-10-12T16:36:25.590+0000] {processor.py:208} INFO - Processing /home/airflow/.local/lib/python3.12/site-packages/airflow/example_dags/example_branch_labels.py took 0.044 seconds
[2024-10-12T16:36:55.685+0000] {processor.py:186} INFO - Started process (PID=1166) to work on /home/airflow/.local/lib/python3.12/site-packages/airflow/example_dags/example_branch_labels.py
[2024-10-12T16:36:55.685+0000] {processor.py:914} INFO - Processing file /home/airflow/.local/lib/python3.12/site-packages/airflow/example_dags/example_branch_labels.py for tasks to queue
[2024-10-12T16:36:55.686+0000] {logging_mixin.py:190} INFO - [2024-10-12T16:36:55.686+0000] {dagbag.py:588} INFO - Filling up the DagBag from /home/airflow/.local/lib/python3.12/site-packages/airflow/example_dags/example_branch_labels.py
[2024-10-12T16:36:55.692+0000] {processor.py:925} INFO - DAG(s) 'example_branch_labels' retrieved from /home/airflow/.local/lib/python3.12/site-packages/airflow/example_dags/example_branch_labels.py
[2024-10-12T16:36:55.703+0000] {logging_mixin.py:190} INFO - [2024-10-12T16:36:55.703+0000] {dag.py:3239} INFO - Sync 1 DAGs
[2024-10-12T16:36:55.717+0000] {logging_mixin.py:190} INFO - [2024-10-12T16:36:55.717+0000] {dag.py:4180} INFO - Setting next_dagrun for example_branch_labels to 2024-10-11 00:00:00+00:00, run_after=2024-10-12 00:00:00+00:00
[2024-10-12T16:36:55.726+0000] {processor.py:208} INFO - Processing /home/airflow/.local/lib/python3.12/site-packages/airflow/example_dags/example_branch_labels.py took 0.045 seconds
[2024-10-12T16:37:25.957+0000] {processor.py:186} INFO - Started process (PID=1452) to work on /home/airflow/.local/lib/python3.12/site-packages/airflow/example_dags/example_branch_labels.py
[2024-10-12T16:37:25.957+0000] {processor.py:914} INFO - Processing file /home/airflow/.local/lib/python3.12/site-packages/airflow/example_dags/example_branch_labels.py for tasks to queue
[2024-10-12T16:37:25.959+0000] {logging_mixin.py:190} INFO - [2024-10-12T16:37:25.959+0000] {dagbag.py:588} INFO - Filling up the DagBag from /home/airflow/.local/lib/python3.12/site-packages/airflow/example_dags/example_branch_labels.py
[2024-10-12T16:37:25.965+0000] {processor.py:925} INFO - DAG(s) 'example_branch_labels' retrieved from /home/airflow/.local/lib/python3.12/site-packages/airflow/example_dags/example_branch_labels.py
[2024-10-12T16:37:25.979+0000] {logging_mixin.py:190} INFO - [2024-10-12T16:37:25.979+0000] {dag.py:3239} INFO - Sync 1 DAGs
[2024-10-12T16:37:25.992+0000] {logging_mixin.py:190} INFO - [2024-10-12T16:37:25.992+0000] {dag.py:4180} INFO - Setting next_dagrun for example_branch_labels to 2024-10-11 00:00:00+00:00, run_after=2024-10-12 00:00:00+00:00
[2024-10-12T16:37:26.001+0000] {processor.py:208} INFO - Processing /home/airflow/.local/lib/python3.12/site-packages/airflow/example_dags/example_branch_labels.py took 0.049 seconds
[2024-10-12T16:37:56.372+0000] {processor.py:186} INFO - Started process (PID=1743) to work on /home/airflow/.local/lib/python3.12/site-packages/airflow/example_dags/example_branch_labels.py
[2024-10-12T16:37:56.373+0000] {processor.py:914} INFO - Processing file /home/airflow/.local/lib/python3.12/site-packages/airflow/example_dags/example_branch_labels.py for tasks to queue
[2024-10-12T16:37:56.374+0000] {logging_mixin.py:190} INFO - [2024-10-12T16:37:56.374+0000] {dagbag.py:588} INFO - Filling up the DagBag from /home/airflow/.local/lib/python3.12/site-packages/airflow/example_dags/example_branch_labels.py
[2024-10-12T16:37:56.380+0000] {processor.py:925} INFO - DAG(s) 'example_branch_labels' retrieved from /home/airflow/.local/lib/python3.12/site-packages/airflow/example_dags/example_branch_labels.py
[2024-10-12T16:37:56.392+0000] {logging_mixin.py:190} INFO - [2024-10-12T16:37:56.392+0000] {dag.py:3239} INFO - Sync 1 DAGs
[2024-10-12T16:37:56.407+0000] {logging_mixin.py:190} INFO - [2024-10-12T16:37:56.407+0000] {dag.py:4180} INFO - Setting next_dagrun for example_branch_labels to 2024-10-11 00:00:00+00:00, run_after=2024-10-12 00:00:00+00:00
[2024-10-12T16:37:56.421+0000] {processor.py:208} INFO - Processing /home/airflow/.local/lib/python3.12/site-packages/airflow/example_dags/example_branch_labels.py took 0.052 seconds
[2024-10-12T16:38:26.564+0000] {processor.py:186} INFO - Started process (PID=2024) to work on /home/airflow/.local/lib/python3.12/site-packages/airflow/example_dags/example_branch_labels.py
[2024-10-12T16:38:26.565+0000] {processor.py:914} INFO - Processing file /home/airflow/.local/lib/python3.12/site-packages/airflow/example_dags/example_branch_labels.py for tasks to queue
[2024-10-12T16:38:26.566+0000] {logging_mixin.py:190} INFO - [2024-10-12T16:38:26.566+0000] {dagbag.py:588} INFO - Filling up the DagBag from /home/airflow/.local/lib/python3.12/site-packages/airflow/example_dags/example_branch_labels.py
[2024-10-12T16:38:26.572+0000] {processor.py:925} INFO - DAG(s) 'example_branch_labels' retrieved from /home/airflow/.local/lib/python3.12/site-packages/airflow/example_dags/example_branch_labels.py
[2024-10-12T16:38:26.583+0000] {logging_mixin.py:190} INFO - [2024-10-12T16:38:26.583+0000] {dag.py:3239} INFO - Sync 1 DAGs
[2024-10-12T16:38:26.599+0000] {logging_mixin.py:190} INFO - [2024-10-12T16:38:26.599+0000] {dag.py:4180} INFO - Setting next_dagrun for example_branch_labels to 2024-10-11 00:00:00+00:00, run_after=2024-10-12 00:00:00+00:00
[2024-10-12T16:38:26.609+0000] {processor.py:208} INFO - Processing /home/airflow/.local/lib/python3.12/site-packages/airflow/example_dags/example_branch_labels.py took 0.048 seconds
[2024-10-12T16:38:56.737+0000] {processor.py:186} INFO - Started process (PID=2312) to work on /home/airflow/.local/lib/python3.12/site-packages/airflow/example_dags/example_branch_labels.py
[2024-10-12T16:38:56.738+0000] {processor.py:914} INFO - Processing file /home/airflow/.local/lib/python3.12/site-packages/airflow/example_dags/example_branch_labels.py for tasks to queue
[2024-10-12T16:38:56.740+0000] {logging_mixin.py:190} INFO - [2024-10-12T16:38:56.740+0000] {dagbag.py:588} INFO - Filling up the DagBag from /home/airflow/.local/lib/python3.12/site-packages/airflow/example_dags/example_branch_labels.py
[2024-10-12T16:38:56.746+0000] {processor.py:925} INFO - DAG(s) 'example_branch_labels' retrieved from /home/airflow/.local/lib/python3.12/site-packages/airflow/example_dags/example_branch_labels.py
[2024-10-12T16:38:56.758+0000] {logging_mixin.py:190} INFO - [2024-10-12T16:38:56.758+0000] {dag.py:3239} INFO - Sync 1 DAGs
[2024-10-12T16:38:56.774+0000] {logging_mixin.py:190} INFO - [2024-10-12T16:38:56.774+0000] {dag.py:4180} INFO - Setting next_dagrun for example_branch_labels to 2024-10-11 00:00:00+00:00, run_after=2024-10-12 00:00:00+00:00
[2024-10-12T16:38:56.784+0000] {processor.py:208} INFO - Processing /home/airflow/.local/lib/python3.12/site-packages/airflow/example_dags/example_branch_labels.py took 0.051 seconds
[2024-10-12T16:39:27.119+0000] {processor.py:186} INFO - Started process (PID=2601) to work on /home/airflow/.local/lib/python3.12/site-packages/airflow/example_dags/example_branch_labels.py
[2024-10-12T16:39:27.120+0000] {processor.py:914} INFO - Processing file /home/airflow/.local/lib/python3.12/site-packages/airflow/example_dags/example_branch_labels.py for tasks to queue
[2024-10-12T16:39:27.123+0000] {logging_mixin.py:190} INFO - [2024-10-12T16:39:27.123+0000] {dagbag.py:588} INFO - Filling up the DagBag from /home/airflow/.local/lib/python3.12/site-packages/airflow/example_dags/example_branch_labels.py
[2024-10-12T16:39:27.131+0000] {processor.py:925} INFO - DAG(s) 'example_branch_labels' retrieved from /home/airflow/.local/lib/python3.12/site-packages/airflow/example_dags/example_branch_labels.py
[2024-10-12T16:39:27.146+0000] {logging_mixin.py:190} INFO - [2024-10-12T16:39:27.146+0000] {dag.py:3239} INFO - Sync 1 DAGs
[2024-10-12T16:39:27.160+0000] {logging_mixin.py:190} INFO - [2024-10-12T16:39:27.160+0000] {dag.py:4180} INFO - Setting next_dagrun for example_branch_labels to 2024-10-11 00:00:00+00:00, run_after=2024-10-12 00:00:00+00:00
[2024-10-12T16:39:27.170+0000] {processor.py:208} INFO - Processing /home/airflow/.local/lib/python3.12/site-packages/airflow/example_dags/example_branch_labels.py took 0.056 seconds
[2024-10-12T16:39:57.328+0000] {processor.py:186} INFO - Started process (PID=2887) to work on /home/airflow/.local/lib/python3.12/site-packages/airflow/example_dags/example_branch_labels.py
[2024-10-12T16:39:57.329+0000] {processor.py:914} INFO - Processing file /home/airflow/.local/lib/python3.12/site-packages/airflow/example_dags/example_branch_labels.py for tasks to queue
[2024-10-12T16:39:57.330+0000] {logging_mixin.py:190} INFO - [2024-10-12T16:39:57.330+0000] {dagbag.py:588} INFO - Filling up the DagBag from /home/airflow/.local/lib/python3.12/site-packages/airflow/example_dags/example_branch_labels.py
[2024-10-12T16:39:57.336+0000] {processor.py:925} INFO - DAG(s) 'example_branch_labels' retrieved from /home/airflow/.local/lib/python3.12/site-packages/airflow/example_dags/example_branch_labels.py
[2024-10-12T16:39:57.348+0000] {logging_mixin.py:190} INFO - [2024-10-12T16:39:57.347+0000] {dag.py:3239} INFO - Sync 1 DAGs
[2024-10-12T16:39:57.362+0000] {logging_mixin.py:190} INFO - [2024-10-12T16:39:57.362+0000] {dag.py:4180} INFO - Setting next_dagrun for example_branch_labels to 2024-10-11 00:00:00+00:00, run_after=2024-10-12 00:00:00+00:00
[2024-10-12T16:39:57.371+0000] {processor.py:208} INFO - Processing /home/airflow/.local/lib/python3.12/site-packages/airflow/example_dags/example_branch_labels.py took 0.047 seconds
[2024-10-12T16:40:27.627+0000] {processor.py:186} INFO - Started process (PID=3170) to work on /home/airflow/.local/lib/python3.12/site-packages/airflow/example_dags/example_branch_labels.py
[2024-10-12T16:40:27.628+0000] {processor.py:914} INFO - Processing file /home/airflow/.local/lib/python3.12/site-packages/airflow/example_dags/example_branch_labels.py for tasks to queue
[2024-10-12T16:40:27.630+0000] {logging_mixin.py:190} INFO - [2024-10-12T16:40:27.630+0000] {dagbag.py:588} INFO - Filling up the DagBag from /home/airflow/.local/lib/python3.12/site-packages/airflow/example_dags/example_branch_labels.py
[2024-10-12T16:40:27.639+0000] {processor.py:925} INFO - DAG(s) 'example_branch_labels' retrieved from /home/airflow/.local/lib/python3.12/site-packages/airflow/example_dags/example_branch_labels.py
[2024-10-12T16:40:27.651+0000] {logging_mixin.py:190} INFO - [2024-10-12T16:40:27.651+0000] {dag.py:3239} INFO - Sync 1 DAGs
[2024-10-12T16:40:27.666+0000] {logging_mixin.py:190} INFO - [2024-10-12T16:40:27.666+0000] {dag.py:4180} INFO - Setting next_dagrun for example_branch_labels to 2024-10-11 00:00:00+00:00, run_after=2024-10-12 00:00:00+00:00
[2024-10-12T16:40:27.677+0000] {processor.py:208} INFO - Processing /home/airflow/.local/lib/python3.12/site-packages/airflow/example_dags/example_branch_labels.py took 0.058 seconds
[2024-10-12T16:40:58.044+0000] {processor.py:186} INFO - Started process (PID=3456) to work on /home/airflow/.local/lib/python3.12/site-packages/airflow/example_dags/example_branch_labels.py
[2024-10-12T16:40:58.045+0000] {processor.py:914} INFO - Processing file /home/airflow/.local/lib/python3.12/site-packages/airflow/example_dags/example_branch_labels.py for tasks to queue
[2024-10-12T16:40:58.047+0000] {logging_mixin.py:190} INFO - [2024-10-12T16:40:58.047+0000] {dagbag.py:588} INFO - Filling up the DagBag from /home/airflow/.local/lib/python3.12/site-packages/airflow/example_dags/example_branch_labels.py
[2024-10-12T16:40:58.056+0000] {processor.py:925} INFO - DAG(s) 'example_branch_labels' retrieved from /home/airflow/.local/lib/python3.12/site-packages/airflow/example_dags/example_branch_labels.py
[2024-10-12T16:40:58.072+0000] {logging_mixin.py:190} INFO - [2024-10-12T16:40:58.072+0000] {dag.py:3239} INFO - Sync 1 DAGs
[2024-10-12T16:40:58.095+0000] {logging_mixin.py:190} INFO - [2024-10-12T16:40:58.094+0000] {dag.py:4180} INFO - Setting next_dagrun for example_branch_labels to 2024-10-11 00:00:00+00:00, run_after=2024-10-12 00:00:00+00:00
[2024-10-12T16:40:58.110+0000] {processor.py:208} INFO - Processing /home/airflow/.local/lib/python3.12/site-packages/airflow/example_dags/example_branch_labels.py took 0.070 seconds
[2024-10-12T16:41:28.604+0000] {processor.py:186} INFO - Started process (PID=3747) to work on /home/airflow/.local/lib/python3.12/site-packages/airflow/example_dags/example_branch_labels.py
[2024-10-12T16:41:28.605+0000] {processor.py:914} INFO - Processing file /home/airflow/.local/lib/python3.12/site-packages/airflow/example_dags/example_branch_labels.py for tasks to queue
[2024-10-12T16:41:28.606+0000] {logging_mixin.py:190} INFO - [2024-10-12T16:41:28.606+0000] {dagbag.py:588} INFO - Filling up the DagBag from /home/airflow/.local/lib/python3.12/site-packages/airflow/example_dags/example_branch_labels.py
[2024-10-12T16:41:28.612+0000] {processor.py:925} INFO - DAG(s) 'example_branch_labels' retrieved from /home/airflow/.local/lib/python3.12/site-packages/airflow/example_dags/example_branch_labels.py
[2024-10-12T16:41:28.624+0000] {logging_mixin.py:190} INFO - [2024-10-12T16:41:28.624+0000] {dag.py:3239} INFO - Sync 1 DAGs
[2024-10-12T16:41:28.644+0000] {logging_mixin.py:190} INFO - [2024-10-12T16:41:28.643+0000] {dag.py:4180} INFO - Setting next_dagrun for example_branch_labels to 2024-10-11 00:00:00+00:00, run_after=2024-10-12 00:00:00+00:00
[2024-10-12T16:41:28.661+0000] {processor.py:208} INFO - Processing /home/airflow/.local/lib/python3.12/site-packages/airflow/example_dags/example_branch_labels.py took 0.061 seconds
