[2024-10-12T16:35:24.692+0000] {processor.py:186} INFO - Started process (PID=293) to work on /home/airflow/.local/lib/python3.12/site-packages/airflow/example_dags/example_branch_operator.py
[2024-10-12T16:35:24.692+0000] {processor.py:914} INFO - Processing file /home/airflow/.local/lib/python3.12/site-packages/airflow/example_dags/example_branch_operator.py for tasks to queue
[2024-10-12T16:35:24.694+0000] {logging_mixin.py:190} INFO - [2024-10-12T16:35:24.694+0000] {dagbag.py:588} INFO - Filling up the DagBag from /home/airflow/.local/lib/python3.12/site-packages/airflow/example_dags/example_branch_operator.py
[2024-10-12T16:35:24.704+0000] {processor.py:925} INFO - DAG(s) 'example_branch_operator' retrieved from /home/airflow/.local/lib/python3.12/site-packages/airflow/example_dags/example_branch_operator.py
[2024-10-12T16:35:24.765+0000] {logging_mixin.py:190} INFO - [2024-10-12T16:35:24.765+0000] {override.py:1900} INFO - Created Permission View: can edit on DAG:example_branch_operator
[2024-10-12T16:35:24.772+0000] {logging_mixin.py:190} INFO - [2024-10-12T16:35:24.772+0000] {override.py:1900} INFO - Created Permission View: can read on DAG:example_branch_operator
[2024-10-12T16:35:24.775+0000] {logging_mixin.py:190} INFO - [2024-10-12T16:35:24.775+0000] {override.py:1900} INFO - Created Permission View: can delete on DAG:example_branch_operator
[2024-10-12T16:35:24.778+0000] {logging_mixin.py:190} INFO - [2024-10-12T16:35:24.778+0000] {override.py:1900} INFO - Created Permission View: menu access on DAG Run:example_branch_operator
[2024-10-12T16:35:24.782+0000] {logging_mixin.py:190} INFO - [2024-10-12T16:35:24.781+0000] {override.py:1900} INFO - Created Permission View: can read on DAG Run:example_branch_operator
[2024-10-12T16:35:24.785+0000] {logging_mixin.py:190} INFO - [2024-10-12T16:35:24.785+0000] {override.py:1900} INFO - Created Permission View: can delete on DAG Run:example_branch_operator
[2024-10-12T16:35:24.788+0000] {logging_mixin.py:190} INFO - [2024-10-12T16:35:24.788+0000] {override.py:1900} INFO - Created Permission View: can create on DAG Run:example_branch_operator
[2024-10-12T16:35:24.788+0000] {logging_mixin.py:190} INFO - [2024-10-12T16:35:24.788+0000] {dag.py:3239} INFO - Sync 1 DAGs
[2024-10-12T16:35:24.795+0000] {logging_mixin.py:190} INFO - [2024-10-12T16:35:24.794+0000] {dag.py:3262} INFO - Creating ORM DAG for example_branch_operator
[2024-10-12T16:35:24.801+0000] {logging_mixin.py:190} INFO - [2024-10-12T16:35:24.800+0000] {dag.py:4180} INFO - Setting next_dagrun for example_branch_operator to 2024-10-11 00:00:00+00:00, run_after=2024-10-12 00:00:00+00:00
[2024-10-12T16:35:24.810+0000] {processor.py:208} INFO - Processing /home/airflow/.local/lib/python3.12/site-packages/airflow/example_dags/example_branch_operator.py took 0.122 seconds
[2024-10-12T16:35:55.211+0000] {processor.py:186} INFO - Started process (PID=579) to work on /home/airflow/.local/lib/python3.12/site-packages/airflow/example_dags/example_branch_operator.py
[2024-10-12T16:35:55.212+0000] {processor.py:914} INFO - Processing file /home/airflow/.local/lib/python3.12/site-packages/airflow/example_dags/example_branch_operator.py for tasks to queue
[2024-10-12T16:35:55.214+0000] {logging_mixin.py:190} INFO - [2024-10-12T16:35:55.213+0000] {dagbag.py:588} INFO - Filling up the DagBag from /home/airflow/.local/lib/python3.12/site-packages/airflow/example_dags/example_branch_operator.py
[2024-10-12T16:35:55.224+0000] {processor.py:925} INFO - DAG(s) 'example_branch_operator' retrieved from /home/airflow/.local/lib/python3.12/site-packages/airflow/example_dags/example_branch_operator.py
[2024-10-12T16:35:55.239+0000] {logging_mixin.py:190} INFO - [2024-10-12T16:35:55.239+0000] {dag.py:3239} INFO - Sync 1 DAGs
[2024-10-12T16:35:55.252+0000] {logging_mixin.py:190} INFO - [2024-10-12T16:35:55.252+0000] {dag.py:4180} INFO - Setting next_dagrun for example_branch_operator to 2024-10-11 00:00:00+00:00, run_after=2024-10-12 00:00:00+00:00
[2024-10-12T16:35:55.262+0000] {processor.py:208} INFO - Processing /home/airflow/.local/lib/python3.12/site-packages/airflow/example_dags/example_branch_operator.py took 0.054 seconds
[2024-10-12T16:36:25.429+0000] {processor.py:186} INFO - Started process (PID=865) to work on /home/airflow/.local/lib/python3.12/site-packages/airflow/example_dags/example_branch_operator.py
[2024-10-12T16:36:25.430+0000] {processor.py:914} INFO - Processing file /home/airflow/.local/lib/python3.12/site-packages/airflow/example_dags/example_branch_operator.py for tasks to queue
[2024-10-12T16:36:25.431+0000] {logging_mixin.py:190} INFO - [2024-10-12T16:36:25.431+0000] {dagbag.py:588} INFO - Filling up the DagBag from /home/airflow/.local/lib/python3.12/site-packages/airflow/example_dags/example_branch_operator.py
[2024-10-12T16:36:25.441+0000] {processor.py:925} INFO - DAG(s) 'example_branch_operator' retrieved from /home/airflow/.local/lib/python3.12/site-packages/airflow/example_dags/example_branch_operator.py
[2024-10-12T16:36:25.457+0000] {logging_mixin.py:190} INFO - [2024-10-12T16:36:25.457+0000] {dag.py:3239} INFO - Sync 1 DAGs
[2024-10-12T16:36:25.470+0000] {logging_mixin.py:190} INFO - [2024-10-12T16:36:25.470+0000] {dag.py:4180} INFO - Setting next_dagrun for example_branch_operator to 2024-10-11 00:00:00+00:00, run_after=2024-10-12 00:00:00+00:00
[2024-10-12T16:36:25.479+0000] {processor.py:208} INFO - Processing /home/airflow/.local/lib/python3.12/site-packages/airflow/example_dags/example_branch_operator.py took 0.054 seconds
[2024-10-12T16:36:55.586+0000] {processor.py:186} INFO - Started process (PID=1151) to work on /home/airflow/.local/lib/python3.12/site-packages/airflow/example_dags/example_branch_operator.py
[2024-10-12T16:36:55.586+0000] {processor.py:914} INFO - Processing file /home/airflow/.local/lib/python3.12/site-packages/airflow/example_dags/example_branch_operator.py for tasks to queue
[2024-10-12T16:36:55.587+0000] {logging_mixin.py:190} INFO - [2024-10-12T16:36:55.587+0000] {dagbag.py:588} INFO - Filling up the DagBag from /home/airflow/.local/lib/python3.12/site-packages/airflow/example_dags/example_branch_operator.py
[2024-10-12T16:36:55.598+0000] {processor.py:925} INFO - DAG(s) 'example_branch_operator' retrieved from /home/airflow/.local/lib/python3.12/site-packages/airflow/example_dags/example_branch_operator.py
[2024-10-12T16:36:55.612+0000] {logging_mixin.py:190} INFO - [2024-10-12T16:36:55.612+0000] {dag.py:3239} INFO - Sync 1 DAGs
[2024-10-12T16:36:55.626+0000] {logging_mixin.py:190} INFO - [2024-10-12T16:36:55.626+0000] {dag.py:4180} INFO - Setting next_dagrun for example_branch_operator to 2024-10-11 00:00:00+00:00, run_after=2024-10-12 00:00:00+00:00
[2024-10-12T16:36:55.636+0000] {processor.py:208} INFO - Processing /home/airflow/.local/lib/python3.12/site-packages/airflow/example_dags/example_branch_operator.py took 0.054 seconds
[2024-10-12T16:37:25.851+0000] {processor.py:186} INFO - Started process (PID=1437) to work on /home/airflow/.local/lib/python3.12/site-packages/airflow/example_dags/example_branch_operator.py
[2024-10-12T16:37:25.852+0000] {processor.py:914} INFO - Processing file /home/airflow/.local/lib/python3.12/site-packages/airflow/example_dags/example_branch_operator.py for tasks to queue
[2024-10-12T16:37:25.853+0000] {logging_mixin.py:190} INFO - [2024-10-12T16:37:25.853+0000] {dagbag.py:588} INFO - Filling up the DagBag from /home/airflow/.local/lib/python3.12/site-packages/airflow/example_dags/example_branch_operator.py
[2024-10-12T16:37:25.863+0000] {processor.py:925} INFO - DAG(s) 'example_branch_operator' retrieved from /home/airflow/.local/lib/python3.12/site-packages/airflow/example_dags/example_branch_operator.py
[2024-10-12T16:37:25.879+0000] {logging_mixin.py:190} INFO - [2024-10-12T16:37:25.879+0000] {dag.py:3239} INFO - Sync 1 DAGs
[2024-10-12T16:37:25.892+0000] {logging_mixin.py:190} INFO - [2024-10-12T16:37:25.892+0000] {dag.py:4180} INFO - Setting next_dagrun for example_branch_operator to 2024-10-11 00:00:00+00:00, run_after=2024-10-12 00:00:00+00:00
[2024-10-12T16:37:25.903+0000] {processor.py:208} INFO - Processing /home/airflow/.local/lib/python3.12/site-packages/airflow/example_dags/example_branch_operator.py took 0.056 seconds
[2024-10-12T16:37:56.226+0000] {processor.py:186} INFO - Started process (PID=1723) to work on /home/airflow/.local/lib/python3.12/site-packages/airflow/example_dags/example_branch_operator.py
[2024-10-12T16:37:56.226+0000] {processor.py:914} INFO - Processing file /home/airflow/.local/lib/python3.12/site-packages/airflow/example_dags/example_branch_operator.py for tasks to queue
[2024-10-12T16:37:56.228+0000] {logging_mixin.py:190} INFO - [2024-10-12T16:37:56.227+0000] {dagbag.py:588} INFO - Filling up the DagBag from /home/airflow/.local/lib/python3.12/site-packages/airflow/example_dags/example_branch_operator.py
[2024-10-12T16:37:56.238+0000] {processor.py:925} INFO - DAG(s) 'example_branch_operator' retrieved from /home/airflow/.local/lib/python3.12/site-packages/airflow/example_dags/example_branch_operator.py
[2024-10-12T16:37:56.257+0000] {logging_mixin.py:190} INFO - [2024-10-12T16:37:56.257+0000] {dag.py:3239} INFO - Sync 1 DAGs
[2024-10-12T16:37:56.275+0000] {logging_mixin.py:190} INFO - [2024-10-12T16:37:56.275+0000] {dag.py:4180} INFO - Setting next_dagrun for example_branch_operator to 2024-10-11 00:00:00+00:00, run_after=2024-10-12 00:00:00+00:00
[2024-10-12T16:37:56.292+0000] {processor.py:208} INFO - Processing /home/airflow/.local/lib/python3.12/site-packages/airflow/example_dags/example_branch_operator.py took 0.070 seconds
[2024-10-12T16:38:26.463+0000] {processor.py:186} INFO - Started process (PID=2009) to work on /home/airflow/.local/lib/python3.12/site-packages/airflow/example_dags/example_branch_operator.py
[2024-10-12T16:38:26.463+0000] {processor.py:914} INFO - Processing file /home/airflow/.local/lib/python3.12/site-packages/airflow/example_dags/example_branch_operator.py for tasks to queue
[2024-10-12T16:38:26.465+0000] {logging_mixin.py:190} INFO - [2024-10-12T16:38:26.464+0000] {dagbag.py:588} INFO - Filling up the DagBag from /home/airflow/.local/lib/python3.12/site-packages/airflow/example_dags/example_branch_operator.py
[2024-10-12T16:38:26.475+0000] {processor.py:925} INFO - DAG(s) 'example_branch_operator' retrieved from /home/airflow/.local/lib/python3.12/site-packages/airflow/example_dags/example_branch_operator.py
[2024-10-12T16:38:26.491+0000] {logging_mixin.py:190} INFO - [2024-10-12T16:38:26.491+0000] {dag.py:3239} INFO - Sync 1 DAGs
[2024-10-12T16:38:26.505+0000] {logging_mixin.py:190} INFO - [2024-10-12T16:38:26.505+0000] {dag.py:4180} INFO - Setting next_dagrun for example_branch_operator to 2024-10-11 00:00:00+00:00, run_after=2024-10-12 00:00:00+00:00
[2024-10-12T16:38:26.518+0000] {processor.py:208} INFO - Processing /home/airflow/.local/lib/python3.12/site-packages/airflow/example_dags/example_branch_operator.py took 0.060 seconds
[2024-10-12T16:38:56.618+0000] {processor.py:186} INFO - Started process (PID=2295) to work on /home/airflow/.local/lib/python3.12/site-packages/airflow/example_dags/example_branch_operator.py
[2024-10-12T16:38:56.618+0000] {processor.py:914} INFO - Processing file /home/airflow/.local/lib/python3.12/site-packages/airflow/example_dags/example_branch_operator.py for tasks to queue
[2024-10-12T16:38:56.620+0000] {logging_mixin.py:190} INFO - [2024-10-12T16:38:56.619+0000] {dagbag.py:588} INFO - Filling up the DagBag from /home/airflow/.local/lib/python3.12/site-packages/airflow/example_dags/example_branch_operator.py
[2024-10-12T16:38:56.630+0000] {processor.py:925} INFO - DAG(s) 'example_branch_operator' retrieved from /home/airflow/.local/lib/python3.12/site-packages/airflow/example_dags/example_branch_operator.py
[2024-10-12T16:38:56.647+0000] {logging_mixin.py:190} INFO - [2024-10-12T16:38:56.647+0000] {dag.py:3239} INFO - Sync 1 DAGs
[2024-10-12T16:38:56.660+0000] {logging_mixin.py:190} INFO - [2024-10-12T16:38:56.660+0000] {dag.py:4180} INFO - Setting next_dagrun for example_branch_operator to 2024-10-11 00:00:00+00:00, run_after=2024-10-12 00:00:00+00:00
[2024-10-12T16:38:56.669+0000] {processor.py:208} INFO - Processing /home/airflow/.local/lib/python3.12/site-packages/airflow/example_dags/example_branch_operator.py took 0.055 seconds
[2024-10-12T16:39:26.970+0000] {processor.py:186} INFO - Started process (PID=2581) to work on /home/airflow/.local/lib/python3.12/site-packages/airflow/example_dags/example_branch_operator.py
[2024-10-12T16:39:26.970+0000] {processor.py:914} INFO - Processing file /home/airflow/.local/lib/python3.12/site-packages/airflow/example_dags/example_branch_operator.py for tasks to queue
[2024-10-12T16:39:26.973+0000] {logging_mixin.py:190} INFO - [2024-10-12T16:39:26.972+0000] {dagbag.py:588} INFO - Filling up the DagBag from /home/airflow/.local/lib/python3.12/site-packages/airflow/example_dags/example_branch_operator.py
[2024-10-12T16:39:26.985+0000] {processor.py:925} INFO - DAG(s) 'example_branch_operator' retrieved from /home/airflow/.local/lib/python3.12/site-packages/airflow/example_dags/example_branch_operator.py
[2024-10-12T16:39:27.000+0000] {logging_mixin.py:190} INFO - [2024-10-12T16:39:27.000+0000] {dag.py:3239} INFO - Sync 1 DAGs
[2024-10-12T16:39:27.015+0000] {logging_mixin.py:190} INFO - [2024-10-12T16:39:27.015+0000] {dag.py:4180} INFO - Setting next_dagrun for example_branch_operator to 2024-10-11 00:00:00+00:00, run_after=2024-10-12 00:00:00+00:00
[2024-10-12T16:39:27.025+0000] {processor.py:208} INFO - Processing /home/airflow/.local/lib/python3.12/site-packages/airflow/example_dags/example_branch_operator.py took 0.059 seconds
[2024-10-12T16:39:57.199+0000] {processor.py:186} INFO - Started process (PID=2867) to work on /home/airflow/.local/lib/python3.12/site-packages/airflow/example_dags/example_branch_operator.py
[2024-10-12T16:39:57.199+0000] {processor.py:914} INFO - Processing file /home/airflow/.local/lib/python3.12/site-packages/airflow/example_dags/example_branch_operator.py for tasks to queue
[2024-10-12T16:39:57.201+0000] {logging_mixin.py:190} INFO - [2024-10-12T16:39:57.201+0000] {dagbag.py:588} INFO - Filling up the DagBag from /home/airflow/.local/lib/python3.12/site-packages/airflow/example_dags/example_branch_operator.py
[2024-10-12T16:39:57.211+0000] {processor.py:925} INFO - DAG(s) 'example_branch_operator' retrieved from /home/airflow/.local/lib/python3.12/site-packages/airflow/example_dags/example_branch_operator.py
[2024-10-12T16:39:57.232+0000] {logging_mixin.py:190} INFO - [2024-10-12T16:39:57.232+0000] {dag.py:3239} INFO - Sync 1 DAGs
[2024-10-12T16:39:57.246+0000] {logging_mixin.py:190} INFO - [2024-10-12T16:39:57.246+0000] {dag.py:4180} INFO - Setting next_dagrun for example_branch_operator to 2024-10-11 00:00:00+00:00, run_after=2024-10-12 00:00:00+00:00
[2024-10-12T16:39:57.255+0000] {processor.py:208} INFO - Processing /home/airflow/.local/lib/python3.12/site-packages/airflow/example_dags/example_branch_operator.py took 0.060 seconds
[2024-10-12T16:40:27.484+0000] {processor.py:186} INFO - Started process (PID=3153) to work on /home/airflow/.local/lib/python3.12/site-packages/airflow/example_dags/example_branch_operator.py
[2024-10-12T16:40:27.485+0000] {processor.py:914} INFO - Processing file /home/airflow/.local/lib/python3.12/site-packages/airflow/example_dags/example_branch_operator.py for tasks to queue
[2024-10-12T16:40:27.487+0000] {logging_mixin.py:190} INFO - [2024-10-12T16:40:27.486+0000] {dagbag.py:588} INFO - Filling up the DagBag from /home/airflow/.local/lib/python3.12/site-packages/airflow/example_dags/example_branch_operator.py
[2024-10-12T16:40:27.497+0000] {processor.py:925} INFO - DAG(s) 'example_branch_operator' retrieved from /home/airflow/.local/lib/python3.12/site-packages/airflow/example_dags/example_branch_operator.py
[2024-10-12T16:40:27.514+0000] {logging_mixin.py:190} INFO - [2024-10-12T16:40:27.514+0000] {dag.py:3239} INFO - Sync 1 DAGs
[2024-10-12T16:40:27.528+0000] {logging_mixin.py:190} INFO - [2024-10-12T16:40:27.528+0000] {dag.py:4180} INFO - Setting next_dagrun for example_branch_operator to 2024-10-11 00:00:00+00:00, run_after=2024-10-12 00:00:00+00:00
[2024-10-12T16:40:27.539+0000] {processor.py:208} INFO - Processing /home/airflow/.local/lib/python3.12/site-packages/airflow/example_dags/example_branch_operator.py took 0.058 seconds
[2024-10-12T16:40:57.904+0000] {processor.py:186} INFO - Started process (PID=3439) to work on /home/airflow/.local/lib/python3.12/site-packages/airflow/example_dags/example_branch_operator.py
[2024-10-12T16:40:57.904+0000] {processor.py:914} INFO - Processing file /home/airflow/.local/lib/python3.12/site-packages/airflow/example_dags/example_branch_operator.py for tasks to queue
[2024-10-12T16:40:57.906+0000] {logging_mixin.py:190} INFO - [2024-10-12T16:40:57.906+0000] {dagbag.py:588} INFO - Filling up the DagBag from /home/airflow/.local/lib/python3.12/site-packages/airflow/example_dags/example_branch_operator.py
[2024-10-12T16:40:57.916+0000] {processor.py:925} INFO - DAG(s) 'example_branch_operator' retrieved from /home/airflow/.local/lib/python3.12/site-packages/airflow/example_dags/example_branch_operator.py
[2024-10-12T16:40:57.932+0000] {logging_mixin.py:190} INFO - [2024-10-12T16:40:57.932+0000] {dag.py:3239} INFO - Sync 1 DAGs
[2024-10-12T16:40:57.946+0000] {logging_mixin.py:190} INFO - [2024-10-12T16:40:57.946+0000] {dag.py:4180} INFO - Setting next_dagrun for example_branch_operator to 2024-10-11 00:00:00+00:00, run_after=2024-10-12 00:00:00+00:00
[2024-10-12T16:40:57.960+0000] {processor.py:208} INFO - Processing /home/airflow/.local/lib/python3.12/site-packages/airflow/example_dags/example_branch_operator.py took 0.060 seconds
[2024-10-12T16:41:28.316+0000] {processor.py:186} INFO - Started process (PID=3727) to work on /home/airflow/.local/lib/python3.12/site-packages/airflow/example_dags/example_branch_operator.py
[2024-10-12T16:41:28.316+0000] {processor.py:914} INFO - Processing file /home/airflow/.local/lib/python3.12/site-packages/airflow/example_dags/example_branch_operator.py for tasks to queue
[2024-10-12T16:41:28.318+0000] {logging_mixin.py:190} INFO - [2024-10-12T16:41:28.318+0000] {dagbag.py:588} INFO - Filling up the DagBag from /home/airflow/.local/lib/python3.12/site-packages/airflow/example_dags/example_branch_operator.py
[2024-10-12T16:41:28.329+0000] {processor.py:925} INFO - DAG(s) 'example_branch_operator' retrieved from /home/airflow/.local/lib/python3.12/site-packages/airflow/example_dags/example_branch_operator.py
[2024-10-12T16:41:28.345+0000] {logging_mixin.py:190} INFO - [2024-10-12T16:41:28.345+0000] {dag.py:3239} INFO - Sync 1 DAGs
[2024-10-12T16:41:28.365+0000] {logging_mixin.py:190} INFO - [2024-10-12T16:41:28.365+0000] {dag.py:4180} INFO - Setting next_dagrun for example_branch_operator to 2024-10-11 00:00:00+00:00, run_after=2024-10-12 00:00:00+00:00
[2024-10-12T16:41:28.376+0000] {processor.py:208} INFO - Processing /home/airflow/.local/lib/python3.12/site-packages/airflow/example_dags/example_branch_operator.py took 0.064 seconds
