[2024-10-12T16:35:23.392+0000] {processor.py:186} INFO - Started process (PID=212) to work on /home/airflow/.local/lib/python3.12/site-packages/airflow/example_dags/example_bash_decorator.py
[2024-10-12T16:35:23.393+0000] {processor.py:914} INFO - Processing file /home/airflow/.local/lib/python3.12/site-packages/airflow/example_dags/example_bash_decorator.py for tasks to queue
[2024-10-12T16:35:23.394+0000] {logging_mixin.py:190} INFO - [2024-10-12T16:35:23.394+0000] {dagbag.py:588} INFO - Filling up the DagBag from /home/airflow/.local/lib/python3.12/site-packages/airflow/example_dags/example_bash_decorator.py
[2024-10-12T16:35:23.403+0000] {processor.py:925} INFO - DAG(s) 'example_bash_decorator' retrieved from /home/airflow/.local/lib/python3.12/site-packages/airflow/example_dags/example_bash_decorator.py
[2024-10-12T16:35:23.462+0000] {logging_mixin.py:190} INFO - [2024-10-12T16:35:23.462+0000] {override.py:1900} INFO - Created Permission View: can edit on DAG:example_bash_decorator
[2024-10-12T16:35:23.467+0000] {logging_mixin.py:190} INFO - [2024-10-12T16:35:23.467+0000] {override.py:1900} INFO - Created Permission View: can read on DAG:example_bash_decorator
[2024-10-12T16:35:23.471+0000] {logging_mixin.py:190} INFO - [2024-10-12T16:35:23.470+0000] {override.py:1900} INFO - Created Permission View: can delete on DAG:example_bash_decorator
[2024-10-12T16:35:23.475+0000] {logging_mixin.py:190} INFO - [2024-10-12T16:35:23.475+0000] {override.py:1900} INFO - Created Permission View: menu access on DAG Run:example_bash_decorator
[2024-10-12T16:35:23.478+0000] {logging_mixin.py:190} INFO - [2024-10-12T16:35:23.478+0000] {override.py:1900} INFO - Created Permission View: can read on DAG Run:example_bash_decorator
[2024-10-12T16:35:23.482+0000] {logging_mixin.py:190} INFO - [2024-10-12T16:35:23.481+0000] {override.py:1900} INFO - Created Permission View: can delete on DAG Run:example_bash_decorator
[2024-10-12T16:35:23.485+0000] {logging_mixin.py:190} INFO - [2024-10-12T16:35:23.485+0000] {override.py:1900} INFO - Created Permission View: can create on DAG Run:example_bash_decorator
[2024-10-12T16:35:23.485+0000] {logging_mixin.py:190} INFO - [2024-10-12T16:35:23.485+0000] {dag.py:3239} INFO - Sync 1 DAGs
[2024-10-12T16:35:23.492+0000] {logging_mixin.py:190} INFO - [2024-10-12T16:35:23.492+0000] {dag.py:3262} INFO - Creating ORM DAG for example_bash_decorator
[2024-10-12T16:35:23.492+0000] {logging_mixin.py:190} INFO - [2024-10-12T16:35:23.492+0000] {dag.py:4180} INFO - Setting next_dagrun for example_bash_decorator to None, run_after=None
[2024-10-12T16:35:23.503+0000] {processor.py:208} INFO - Processing /home/airflow/.local/lib/python3.12/site-packages/airflow/example_dags/example_bash_decorator.py took 0.114 seconds
[2024-10-12T16:35:53.707+0000] {processor.py:186} INFO - Started process (PID=498) to work on /home/airflow/.local/lib/python3.12/site-packages/airflow/example_dags/example_bash_decorator.py
[2024-10-12T16:35:53.708+0000] {processor.py:914} INFO - Processing file /home/airflow/.local/lib/python3.12/site-packages/airflow/example_dags/example_bash_decorator.py for tasks to queue
[2024-10-12T16:35:53.710+0000] {logging_mixin.py:190} INFO - [2024-10-12T16:35:53.709+0000] {dagbag.py:588} INFO - Filling up the DagBag from /home/airflow/.local/lib/python3.12/site-packages/airflow/example_dags/example_bash_decorator.py
[2024-10-12T16:35:53.718+0000] {processor.py:925} INFO - DAG(s) 'example_bash_decorator' retrieved from /home/airflow/.local/lib/python3.12/site-packages/airflow/example_dags/example_bash_decorator.py
[2024-10-12T16:35:53.730+0000] {logging_mixin.py:190} INFO - [2024-10-12T16:35:53.730+0000] {dag.py:3239} INFO - Sync 1 DAGs
[2024-10-12T16:35:53.738+0000] {logging_mixin.py:190} INFO - [2024-10-12T16:35:53.738+0000] {dag.py:4180} INFO - Setting next_dagrun for example_bash_decorator to None, run_after=None
[2024-10-12T16:35:53.748+0000] {processor.py:208} INFO - Processing /home/airflow/.local/lib/python3.12/site-packages/airflow/example_dags/example_bash_decorator.py took 0.044 seconds
[2024-10-12T16:36:23.919+0000] {processor.py:186} INFO - Started process (PID=784) to work on /home/airflow/.local/lib/python3.12/site-packages/airflow/example_dags/example_bash_decorator.py
[2024-10-12T16:36:23.919+0000] {processor.py:914} INFO - Processing file /home/airflow/.local/lib/python3.12/site-packages/airflow/example_dags/example_bash_decorator.py for tasks to queue
[2024-10-12T16:36:23.921+0000] {logging_mixin.py:190} INFO - [2024-10-12T16:36:23.921+0000] {dagbag.py:588} INFO - Filling up the DagBag from /home/airflow/.local/lib/python3.12/site-packages/airflow/example_dags/example_bash_decorator.py
[2024-10-12T16:36:23.929+0000] {processor.py:925} INFO - DAG(s) 'example_bash_decorator' retrieved from /home/airflow/.local/lib/python3.12/site-packages/airflow/example_dags/example_bash_decorator.py
[2024-10-12T16:36:23.942+0000] {logging_mixin.py:190} INFO - [2024-10-12T16:36:23.941+0000] {dag.py:3239} INFO - Sync 1 DAGs
[2024-10-12T16:36:23.950+0000] {logging_mixin.py:190} INFO - [2024-10-12T16:36:23.950+0000] {dag.py:4180} INFO - Setting next_dagrun for example_bash_decorator to None, run_after=None
[2024-10-12T16:36:23.959+0000] {processor.py:208} INFO - Processing /home/airflow/.local/lib/python3.12/site-packages/airflow/example_dags/example_bash_decorator.py took 0.044 seconds
[2024-10-12T16:36:54.130+0000] {processor.py:186} INFO - Started process (PID=1070) to work on /home/airflow/.local/lib/python3.12/site-packages/airflow/example_dags/example_bash_decorator.py
[2024-10-12T16:36:54.130+0000] {processor.py:914} INFO - Processing file /home/airflow/.local/lib/python3.12/site-packages/airflow/example_dags/example_bash_decorator.py for tasks to queue
[2024-10-12T16:36:54.132+0000] {logging_mixin.py:190} INFO - [2024-10-12T16:36:54.132+0000] {dagbag.py:588} INFO - Filling up the DagBag from /home/airflow/.local/lib/python3.12/site-packages/airflow/example_dags/example_bash_decorator.py
[2024-10-12T16:36:54.140+0000] {processor.py:925} INFO - DAG(s) 'example_bash_decorator' retrieved from /home/airflow/.local/lib/python3.12/site-packages/airflow/example_dags/example_bash_decorator.py
[2024-10-12T16:36:54.160+0000] {logging_mixin.py:190} INFO - [2024-10-12T16:36:54.160+0000] {dag.py:3239} INFO - Sync 1 DAGs
[2024-10-12T16:36:54.168+0000] {logging_mixin.py:190} INFO - [2024-10-12T16:36:54.168+0000] {dag.py:4180} INFO - Setting next_dagrun for example_bash_decorator to None, run_after=None
[2024-10-12T16:36:54.177+0000] {processor.py:208} INFO - Processing /home/airflow/.local/lib/python3.12/site-packages/airflow/example_dags/example_bash_decorator.py took 0.051 seconds
[2024-10-12T16:37:24.299+0000] {processor.py:186} INFO - Started process (PID=1356) to work on /home/airflow/.local/lib/python3.12/site-packages/airflow/example_dags/example_bash_decorator.py
[2024-10-12T16:37:24.300+0000] {processor.py:914} INFO - Processing file /home/airflow/.local/lib/python3.12/site-packages/airflow/example_dags/example_bash_decorator.py for tasks to queue
[2024-10-12T16:37:24.301+0000] {logging_mixin.py:190} INFO - [2024-10-12T16:37:24.301+0000] {dagbag.py:588} INFO - Filling up the DagBag from /home/airflow/.local/lib/python3.12/site-packages/airflow/example_dags/example_bash_decorator.py
[2024-10-12T16:37:24.310+0000] {processor.py:925} INFO - DAG(s) 'example_bash_decorator' retrieved from /home/airflow/.local/lib/python3.12/site-packages/airflow/example_dags/example_bash_decorator.py
[2024-10-12T16:37:24.324+0000] {logging_mixin.py:190} INFO - [2024-10-12T16:37:24.323+0000] {dag.py:3239} INFO - Sync 1 DAGs
[2024-10-12T16:37:24.332+0000] {logging_mixin.py:190} INFO - [2024-10-12T16:37:24.332+0000] {dag.py:4180} INFO - Setting next_dagrun for example_bash_decorator to None, run_after=None
[2024-10-12T16:37:24.343+0000] {processor.py:208} INFO - Processing /home/airflow/.local/lib/python3.12/site-packages/airflow/example_dags/example_bash_decorator.py took 0.047 seconds
[2024-10-12T16:37:54.617+0000] {processor.py:186} INFO - Started process (PID=1649) to work on /home/airflow/.local/lib/python3.12/site-packages/airflow/example_dags/example_bash_decorator.py
[2024-10-12T16:37:54.619+0000] {processor.py:914} INFO - Processing file /home/airflow/.local/lib/python3.12/site-packages/airflow/example_dags/example_bash_decorator.py for tasks to queue
[2024-10-12T16:37:54.623+0000] {logging_mixin.py:190} INFO - [2024-10-12T16:37:54.623+0000] {dagbag.py:588} INFO - Filling up the DagBag from /home/airflow/.local/lib/python3.12/site-packages/airflow/example_dags/example_bash_decorator.py
[2024-10-12T16:37:54.632+0000] {processor.py:925} INFO - DAG(s) 'example_bash_decorator' retrieved from /home/airflow/.local/lib/python3.12/site-packages/airflow/example_dags/example_bash_decorator.py
[2024-10-12T16:37:54.645+0000] {logging_mixin.py:190} INFO - [2024-10-12T16:37:54.645+0000] {dag.py:3239} INFO - Sync 1 DAGs
[2024-10-12T16:37:54.655+0000] {logging_mixin.py:190} INFO - [2024-10-12T16:37:54.655+0000] {dag.py:4180} INFO - Setting next_dagrun for example_bash_decorator to None, run_after=None
[2024-10-12T16:37:54.665+0000] {processor.py:208} INFO - Processing /home/airflow/.local/lib/python3.12/site-packages/airflow/example_dags/example_bash_decorator.py took 0.052 seconds
[2024-10-12T16:38:25.004+0000] {processor.py:186} INFO - Started process (PID=1934) to work on /home/airflow/.local/lib/python3.12/site-packages/airflow/example_dags/example_bash_decorator.py
[2024-10-12T16:38:25.004+0000] {processor.py:914} INFO - Processing file /home/airflow/.local/lib/python3.12/site-packages/airflow/example_dags/example_bash_decorator.py for tasks to queue
[2024-10-12T16:38:25.006+0000] {logging_mixin.py:190} INFO - [2024-10-12T16:38:25.006+0000] {dagbag.py:588} INFO - Filling up the DagBag from /home/airflow/.local/lib/python3.12/site-packages/airflow/example_dags/example_bash_decorator.py
[2024-10-12T16:38:25.014+0000] {processor.py:925} INFO - DAG(s) 'example_bash_decorator' retrieved from /home/airflow/.local/lib/python3.12/site-packages/airflow/example_dags/example_bash_decorator.py
[2024-10-12T16:38:25.027+0000] {logging_mixin.py:190} INFO - [2024-10-12T16:38:25.027+0000] {dag.py:3239} INFO - Sync 1 DAGs
[2024-10-12T16:38:25.041+0000] {logging_mixin.py:190} INFO - [2024-10-12T16:38:25.040+0000] {dag.py:4180} INFO - Setting next_dagrun for example_bash_decorator to None, run_after=None
[2024-10-12T16:38:25.052+0000] {processor.py:208} INFO - Processing /home/airflow/.local/lib/python3.12/site-packages/airflow/example_dags/example_bash_decorator.py took 0.051 seconds
[2024-10-12T16:38:55.110+0000] {processor.py:186} INFO - Started process (PID=2220) to work on /home/airflow/.local/lib/python3.12/site-packages/airflow/example_dags/example_bash_decorator.py
[2024-10-12T16:38:55.110+0000] {processor.py:914} INFO - Processing file /home/airflow/.local/lib/python3.12/site-packages/airflow/example_dags/example_bash_decorator.py for tasks to queue
[2024-10-12T16:38:55.112+0000] {logging_mixin.py:190} INFO - [2024-10-12T16:38:55.111+0000] {dagbag.py:588} INFO - Filling up the DagBag from /home/airflow/.local/lib/python3.12/site-packages/airflow/example_dags/example_bash_decorator.py
[2024-10-12T16:38:55.120+0000] {processor.py:925} INFO - DAG(s) 'example_bash_decorator' retrieved from /home/airflow/.local/lib/python3.12/site-packages/airflow/example_dags/example_bash_decorator.py
[2024-10-12T16:38:55.133+0000] {logging_mixin.py:190} INFO - [2024-10-12T16:38:55.133+0000] {dag.py:3239} INFO - Sync 1 DAGs
[2024-10-12T16:38:55.141+0000] {logging_mixin.py:190} INFO - [2024-10-12T16:38:55.141+0000] {dag.py:4180} INFO - Setting next_dagrun for example_bash_decorator to None, run_after=None
[2024-10-12T16:38:55.152+0000] {processor.py:208} INFO - Processing /home/airflow/.local/lib/python3.12/site-packages/airflow/example_dags/example_bash_decorator.py took 0.046 seconds
[2024-10-12T16:39:25.418+0000] {processor.py:186} INFO - Started process (PID=2508) to work on /home/airflow/.local/lib/python3.12/site-packages/airflow/example_dags/example_bash_decorator.py
[2024-10-12T16:39:25.419+0000] {processor.py:914} INFO - Processing file /home/airflow/.local/lib/python3.12/site-packages/airflow/example_dags/example_bash_decorator.py for tasks to queue
[2024-10-12T16:39:25.421+0000] {logging_mixin.py:190} INFO - [2024-10-12T16:39:25.421+0000] {dagbag.py:588} INFO - Filling up the DagBag from /home/airflow/.local/lib/python3.12/site-packages/airflow/example_dags/example_bash_decorator.py
[2024-10-12T16:39:25.431+0000] {processor.py:925} INFO - DAG(s) 'example_bash_decorator' retrieved from /home/airflow/.local/lib/python3.12/site-packages/airflow/example_dags/example_bash_decorator.py
[2024-10-12T16:39:25.452+0000] {logging_mixin.py:190} INFO - [2024-10-12T16:39:25.452+0000] {dag.py:3239} INFO - Sync 1 DAGs
[2024-10-12T16:39:25.460+0000] {logging_mixin.py:190} INFO - [2024-10-12T16:39:25.460+0000] {dag.py:4180} INFO - Setting next_dagrun for example_bash_decorator to None, run_after=None
[2024-10-12T16:39:25.471+0000] {processor.py:208} INFO - Processing /home/airflow/.local/lib/python3.12/site-packages/airflow/example_dags/example_bash_decorator.py took 0.057 seconds
[2024-10-12T16:39:55.652+0000] {processor.py:186} INFO - Started process (PID=2792) to work on /home/airflow/.local/lib/python3.12/site-packages/airflow/example_dags/example_bash_decorator.py
[2024-10-12T16:39:55.653+0000] {processor.py:914} INFO - Processing file /home/airflow/.local/lib/python3.12/site-packages/airflow/example_dags/example_bash_decorator.py for tasks to queue
[2024-10-12T16:39:55.654+0000] {logging_mixin.py:190} INFO - [2024-10-12T16:39:55.654+0000] {dagbag.py:588} INFO - Filling up the DagBag from /home/airflow/.local/lib/python3.12/site-packages/airflow/example_dags/example_bash_decorator.py
[2024-10-12T16:39:55.663+0000] {processor.py:925} INFO - DAG(s) 'example_bash_decorator' retrieved from /home/airflow/.local/lib/python3.12/site-packages/airflow/example_dags/example_bash_decorator.py
[2024-10-12T16:39:55.675+0000] {logging_mixin.py:190} INFO - [2024-10-12T16:39:55.675+0000] {dag.py:3239} INFO - Sync 1 DAGs
[2024-10-12T16:39:55.684+0000] {logging_mixin.py:190} INFO - [2024-10-12T16:39:55.684+0000] {dag.py:4180} INFO - Setting next_dagrun for example_bash_decorator to None, run_after=None
[2024-10-12T16:39:55.694+0000] {processor.py:208} INFO - Processing /home/airflow/.local/lib/python3.12/site-packages/airflow/example_dags/example_bash_decorator.py took 0.045 seconds
[2024-10-12T16:40:25.930+0000] {processor.py:186} INFO - Started process (PID=3078) to work on /home/airflow/.local/lib/python3.12/site-packages/airflow/example_dags/example_bash_decorator.py
[2024-10-12T16:40:25.930+0000] {processor.py:914} INFO - Processing file /home/airflow/.local/lib/python3.12/site-packages/airflow/example_dags/example_bash_decorator.py for tasks to queue
[2024-10-12T16:40:25.932+0000] {logging_mixin.py:190} INFO - [2024-10-12T16:40:25.932+0000] {dagbag.py:588} INFO - Filling up the DagBag from /home/airflow/.local/lib/python3.12/site-packages/airflow/example_dags/example_bash_decorator.py
[2024-10-12T16:40:25.941+0000] {processor.py:925} INFO - DAG(s) 'example_bash_decorator' retrieved from /home/airflow/.local/lib/python3.12/site-packages/airflow/example_dags/example_bash_decorator.py
[2024-10-12T16:40:25.956+0000] {logging_mixin.py:190} INFO - [2024-10-12T16:40:25.956+0000] {dag.py:3239} INFO - Sync 1 DAGs
[2024-10-12T16:40:25.964+0000] {logging_mixin.py:190} INFO - [2024-10-12T16:40:25.964+0000] {dag.py:4180} INFO - Setting next_dagrun for example_bash_decorator to None, run_after=None
[2024-10-12T16:40:25.974+0000] {processor.py:208} INFO - Processing /home/airflow/.local/lib/python3.12/site-packages/airflow/example_dags/example_bash_decorator.py took 0.049 seconds
[2024-10-12T16:40:56.358+0000] {processor.py:186} INFO - Started process (PID=3364) to work on /home/airflow/.local/lib/python3.12/site-packages/airflow/example_dags/example_bash_decorator.py
[2024-10-12T16:40:56.359+0000] {processor.py:914} INFO - Processing file /home/airflow/.local/lib/python3.12/site-packages/airflow/example_dags/example_bash_decorator.py for tasks to queue
[2024-10-12T16:40:56.361+0000] {logging_mixin.py:190} INFO - [2024-10-12T16:40:56.361+0000] {dagbag.py:588} INFO - Filling up the DagBag from /home/airflow/.local/lib/python3.12/site-packages/airflow/example_dags/example_bash_decorator.py
[2024-10-12T16:40:56.370+0000] {processor.py:925} INFO - DAG(s) 'example_bash_decorator' retrieved from /home/airflow/.local/lib/python3.12/site-packages/airflow/example_dags/example_bash_decorator.py
[2024-10-12T16:40:56.382+0000] {logging_mixin.py:190} INFO - [2024-10-12T16:40:56.382+0000] {dag.py:3239} INFO - Sync 1 DAGs
[2024-10-12T16:40:56.392+0000] {logging_mixin.py:190} INFO - [2024-10-12T16:40:56.392+0000] {dag.py:4180} INFO - Setting next_dagrun for example_bash_decorator to None, run_after=None
[2024-10-12T16:40:56.403+0000] {processor.py:208} INFO - Processing /home/airflow/.local/lib/python3.12/site-packages/airflow/example_dags/example_bash_decorator.py took 0.048 seconds
[2024-10-12T16:41:26.695+0000] {processor.py:186} INFO - Started process (PID=3650) to work on /home/airflow/.local/lib/python3.12/site-packages/airflow/example_dags/example_bash_decorator.py
[2024-10-12T16:41:26.696+0000] {processor.py:914} INFO - Processing file /home/airflow/.local/lib/python3.12/site-packages/airflow/example_dags/example_bash_decorator.py for tasks to queue
[2024-10-12T16:41:26.697+0000] {logging_mixin.py:190} INFO - [2024-10-12T16:41:26.697+0000] {dagbag.py:588} INFO - Filling up the DagBag from /home/airflow/.local/lib/python3.12/site-packages/airflow/example_dags/example_bash_decorator.py
[2024-10-12T16:41:26.707+0000] {processor.py:925} INFO - DAG(s) 'example_bash_decorator' retrieved from /home/airflow/.local/lib/python3.12/site-packages/airflow/example_dags/example_bash_decorator.py
[2024-10-12T16:41:26.724+0000] {logging_mixin.py:190} INFO - [2024-10-12T16:41:26.724+0000] {dag.py:3239} INFO - Sync 1 DAGs
[2024-10-12T16:41:26.733+0000] {logging_mixin.py:190} INFO - [2024-10-12T16:41:26.732+0000] {dag.py:4180} INFO - Setting next_dagrun for example_bash_decorator to None, run_after=None
[2024-10-12T16:41:26.743+0000] {processor.py:208} INFO - Processing /home/airflow/.local/lib/python3.12/site-packages/airflow/example_dags/example_bash_decorator.py took 0.052 seconds
