[2024-10-12T16:35:22.989+0000] {processor.py:186} INFO - Started process (PID=187) to work on /home/airflow/.local/lib/python3.12/site-packages/airflow/example_dags/example_python_decorator.py
[2024-10-12T16:35:22.990+0000] {processor.py:914} INFO - Processing file /home/airflow/.local/lib/python3.12/site-packages/airflow/example_dags/example_python_decorator.py for tasks to queue
[2024-10-12T16:35:22.991+0000] {logging_mixin.py:190} INFO - [2024-10-12T16:35:22.991+0000] {dagbag.py:588} INFO - Filling up the DagBag from /home/airflow/.local/lib/python3.12/site-packages/airflow/example_dags/example_python_decorator.py
[2024-10-12T16:35:23.005+0000] {processor.py:925} INFO - DAG(s) 'example_python_decorator' retrieved from /home/airflow/.local/lib/python3.12/site-packages/airflow/example_dags/example_python_decorator.py
[2024-10-12T16:35:23.091+0000] {logging_mixin.py:190} INFO - [2024-10-12T16:35:23.091+0000] {override.py:1900} INFO - Created Permission View: can edit on DAG:example_python_decorator
[2024-10-12T16:35:23.097+0000] {logging_mixin.py:190} INFO - [2024-10-12T16:35:23.096+0000] {override.py:1900} INFO - Created Permission View: can read on DAG:example_python_decorator
[2024-10-12T16:35:23.101+0000] {logging_mixin.py:190} INFO - [2024-10-12T16:35:23.101+0000] {override.py:1900} INFO - Created Permission View: can delete on DAG:example_python_decorator
[2024-10-12T16:35:23.105+0000] {logging_mixin.py:190} INFO - [2024-10-12T16:35:23.104+0000] {override.py:1900} INFO - Created Permission View: menu access on DAG Run:example_python_decorator
[2024-10-12T16:35:23.108+0000] {logging_mixin.py:190} INFO - [2024-10-12T16:35:23.108+0000] {override.py:1900} INFO - Created Permission View: can read on DAG Run:example_python_decorator
[2024-10-12T16:35:23.111+0000] {logging_mixin.py:190} INFO - [2024-10-12T16:35:23.111+0000] {override.py:1900} INFO - Created Permission View: can delete on DAG Run:example_python_decorator
[2024-10-12T16:35:23.114+0000] {logging_mixin.py:190} INFO - [2024-10-12T16:35:23.114+0000] {override.py:1900} INFO - Created Permission View: can create on DAG Run:example_python_decorator
[2024-10-12T16:35:23.114+0000] {logging_mixin.py:190} INFO - [2024-10-12T16:35:23.114+0000] {dag.py:3239} INFO - Sync 1 DAGs
[2024-10-12T16:35:23.120+0000] {logging_mixin.py:190} INFO - [2024-10-12T16:35:23.120+0000] {dag.py:3262} INFO - Creating ORM DAG for example_python_decorator
[2024-10-12T16:35:23.121+0000] {logging_mixin.py:190} INFO - [2024-10-12T16:35:23.121+0000] {dag.py:4180} INFO - Setting next_dagrun for example_python_decorator to None, run_after=None
[2024-10-12T16:35:23.130+0000] {processor.py:208} INFO - Processing /home/airflow/.local/lib/python3.12/site-packages/airflow/example_dags/example_python_decorator.py took 0.144 seconds
[2024-10-12T16:35:53.545+0000] {processor.py:186} INFO - Started process (PID=473) to work on /home/airflow/.local/lib/python3.12/site-packages/airflow/example_dags/example_python_decorator.py
[2024-10-12T16:35:53.549+0000] {processor.py:914} INFO - Processing file /home/airflow/.local/lib/python3.12/site-packages/airflow/example_dags/example_python_decorator.py for tasks to queue
[2024-10-12T16:35:53.550+0000] {logging_mixin.py:190} INFO - [2024-10-12T16:35:53.550+0000] {dagbag.py:588} INFO - Filling up the DagBag from /home/airflow/.local/lib/python3.12/site-packages/airflow/example_dags/example_python_decorator.py
[2024-10-12T16:35:53.559+0000] {processor.py:925} INFO - DAG(s) 'example_python_decorator' retrieved from /home/airflow/.local/lib/python3.12/site-packages/airflow/example_dags/example_python_decorator.py
[2024-10-12T16:35:53.570+0000] {logging_mixin.py:190} INFO - [2024-10-12T16:35:53.570+0000] {dag.py:3239} INFO - Sync 1 DAGs
[2024-10-12T16:35:53.578+0000] {logging_mixin.py:190} INFO - [2024-10-12T16:35:53.578+0000] {dag.py:4180} INFO - Setting next_dagrun for example_python_decorator to None, run_after=None
[2024-10-12T16:35:53.587+0000] {processor.py:208} INFO - Processing /home/airflow/.local/lib/python3.12/site-packages/airflow/example_dags/example_python_decorator.py took 0.045 seconds
[2024-10-12T16:36:23.740+0000] {processor.py:186} INFO - Started process (PID=759) to work on /home/airflow/.local/lib/python3.12/site-packages/airflow/example_dags/example_python_decorator.py
[2024-10-12T16:36:23.741+0000] {processor.py:914} INFO - Processing file /home/airflow/.local/lib/python3.12/site-packages/airflow/example_dags/example_python_decorator.py for tasks to queue
[2024-10-12T16:36:23.742+0000] {logging_mixin.py:190} INFO - [2024-10-12T16:36:23.742+0000] {dagbag.py:588} INFO - Filling up the DagBag from /home/airflow/.local/lib/python3.12/site-packages/airflow/example_dags/example_python_decorator.py
[2024-10-12T16:36:23.750+0000] {processor.py:925} INFO - DAG(s) 'example_python_decorator' retrieved from /home/airflow/.local/lib/python3.12/site-packages/airflow/example_dags/example_python_decorator.py
[2024-10-12T16:36:23.761+0000] {logging_mixin.py:190} INFO - [2024-10-12T16:36:23.761+0000] {dag.py:3239} INFO - Sync 1 DAGs
[2024-10-12T16:36:23.768+0000] {logging_mixin.py:190} INFO - [2024-10-12T16:36:23.768+0000] {dag.py:4180} INFO - Setting next_dagrun for example_python_decorator to None, run_after=None
[2024-10-12T16:36:23.778+0000] {processor.py:208} INFO - Processing /home/airflow/.local/lib/python3.12/site-packages/airflow/example_dags/example_python_decorator.py took 0.041 seconds
[2024-10-12T16:36:53.974+0000] {processor.py:186} INFO - Started process (PID=1045) to work on /home/airflow/.local/lib/python3.12/site-packages/airflow/example_dags/example_python_decorator.py
[2024-10-12T16:36:53.975+0000] {processor.py:914} INFO - Processing file /home/airflow/.local/lib/python3.12/site-packages/airflow/example_dags/example_python_decorator.py for tasks to queue
[2024-10-12T16:36:53.976+0000] {logging_mixin.py:190} INFO - [2024-10-12T16:36:53.976+0000] {dagbag.py:588} INFO - Filling up the DagBag from /home/airflow/.local/lib/python3.12/site-packages/airflow/example_dags/example_python_decorator.py
[2024-10-12T16:36:53.984+0000] {processor.py:925} INFO - DAG(s) 'example_python_decorator' retrieved from /home/airflow/.local/lib/python3.12/site-packages/airflow/example_dags/example_python_decorator.py
[2024-10-12T16:36:53.995+0000] {logging_mixin.py:190} INFO - [2024-10-12T16:36:53.995+0000] {dag.py:3239} INFO - Sync 1 DAGs
[2024-10-12T16:36:54.003+0000] {logging_mixin.py:190} INFO - [2024-10-12T16:36:54.003+0000] {dag.py:4180} INFO - Setting next_dagrun for example_python_decorator to None, run_after=None
[2024-10-12T16:36:54.012+0000] {processor.py:208} INFO - Processing /home/airflow/.local/lib/python3.12/site-packages/airflow/example_dags/example_python_decorator.py took 0.041 seconds
[2024-10-12T16:37:24.132+0000] {processor.py:186} INFO - Started process (PID=1331) to work on /home/airflow/.local/lib/python3.12/site-packages/airflow/example_dags/example_python_decorator.py
[2024-10-12T16:37:24.136+0000] {processor.py:914} INFO - Processing file /home/airflow/.local/lib/python3.12/site-packages/airflow/example_dags/example_python_decorator.py for tasks to queue
[2024-10-12T16:37:24.139+0000] {logging_mixin.py:190} INFO - [2024-10-12T16:37:24.138+0000] {dagbag.py:588} INFO - Filling up the DagBag from /home/airflow/.local/lib/python3.12/site-packages/airflow/example_dags/example_python_decorator.py
[2024-10-12T16:37:24.154+0000] {processor.py:925} INFO - DAG(s) 'example_python_decorator' retrieved from /home/airflow/.local/lib/python3.12/site-packages/airflow/example_dags/example_python_decorator.py
[2024-10-12T16:37:24.166+0000] {logging_mixin.py:190} INFO - [2024-10-12T16:37:24.166+0000] {dag.py:3239} INFO - Sync 1 DAGs
[2024-10-12T16:37:24.174+0000] {logging_mixin.py:190} INFO - [2024-10-12T16:37:24.174+0000] {dag.py:4180} INFO - Setting next_dagrun for example_python_decorator to None, run_after=None
[2024-10-12T16:37:24.184+0000] {processor.py:208} INFO - Processing /home/airflow/.local/lib/python3.12/site-packages/airflow/example_dags/example_python_decorator.py took 0.056 seconds
[2024-10-12T16:37:54.451+0000] {processor.py:186} INFO - Started process (PID=1617) to work on /home/airflow/.local/lib/python3.12/site-packages/airflow/example_dags/example_python_decorator.py
[2024-10-12T16:37:54.451+0000] {processor.py:914} INFO - Processing file /home/airflow/.local/lib/python3.12/site-packages/airflow/example_dags/example_python_decorator.py for tasks to queue
[2024-10-12T16:37:54.453+0000] {logging_mixin.py:190} INFO - [2024-10-12T16:37:54.453+0000] {dagbag.py:588} INFO - Filling up the DagBag from /home/airflow/.local/lib/python3.12/site-packages/airflow/example_dags/example_python_decorator.py
[2024-10-12T16:37:54.461+0000] {processor.py:925} INFO - DAG(s) 'example_python_decorator' retrieved from /home/airflow/.local/lib/python3.12/site-packages/airflow/example_dags/example_python_decorator.py
[2024-10-12T16:37:54.472+0000] {logging_mixin.py:190} INFO - [2024-10-12T16:37:54.472+0000] {dag.py:3239} INFO - Sync 1 DAGs
[2024-10-12T16:37:54.479+0000] {logging_mixin.py:190} INFO - [2024-10-12T16:37:54.479+0000] {dag.py:4180} INFO - Setting next_dagrun for example_python_decorator to None, run_after=None
[2024-10-12T16:37:54.488+0000] {processor.py:208} INFO - Processing /home/airflow/.local/lib/python3.12/site-packages/airflow/example_dags/example_python_decorator.py took 0.043 seconds
[2024-10-12T16:38:24.840+0000] {processor.py:186} INFO - Started process (PID=1909) to work on /home/airflow/.local/lib/python3.12/site-packages/airflow/example_dags/example_python_decorator.py
[2024-10-12T16:38:24.843+0000] {processor.py:914} INFO - Processing file /home/airflow/.local/lib/python3.12/site-packages/airflow/example_dags/example_python_decorator.py for tasks to queue
[2024-10-12T16:38:24.844+0000] {logging_mixin.py:190} INFO - [2024-10-12T16:38:24.844+0000] {dagbag.py:588} INFO - Filling up the DagBag from /home/airflow/.local/lib/python3.12/site-packages/airflow/example_dags/example_python_decorator.py
[2024-10-12T16:38:24.852+0000] {processor.py:925} INFO - DAG(s) 'example_python_decorator' retrieved from /home/airflow/.local/lib/python3.12/site-packages/airflow/example_dags/example_python_decorator.py
[2024-10-12T16:38:24.863+0000] {logging_mixin.py:190} INFO - [2024-10-12T16:38:24.863+0000] {dag.py:3239} INFO - Sync 1 DAGs
[2024-10-12T16:38:24.871+0000] {logging_mixin.py:190} INFO - [2024-10-12T16:38:24.871+0000] {dag.py:4180} INFO - Setting next_dagrun for example_python_decorator to None, run_after=None
[2024-10-12T16:38:24.881+0000] {processor.py:208} INFO - Processing /home/airflow/.local/lib/python3.12/site-packages/airflow/example_dags/example_python_decorator.py took 0.045 seconds
[2024-10-12T16:38:54.948+0000] {processor.py:186} INFO - Started process (PID=2195) to work on /home/airflow/.local/lib/python3.12/site-packages/airflow/example_dags/example_python_decorator.py
[2024-10-12T16:38:54.948+0000] {processor.py:914} INFO - Processing file /home/airflow/.local/lib/python3.12/site-packages/airflow/example_dags/example_python_decorator.py for tasks to queue
[2024-10-12T16:38:54.950+0000] {logging_mixin.py:190} INFO - [2024-10-12T16:38:54.949+0000] {dagbag.py:588} INFO - Filling up the DagBag from /home/airflow/.local/lib/python3.12/site-packages/airflow/example_dags/example_python_decorator.py
[2024-10-12T16:38:54.958+0000] {processor.py:925} INFO - DAG(s) 'example_python_decorator' retrieved from /home/airflow/.local/lib/python3.12/site-packages/airflow/example_dags/example_python_decorator.py
[2024-10-12T16:38:54.969+0000] {logging_mixin.py:190} INFO - [2024-10-12T16:38:54.969+0000] {dag.py:3239} INFO - Sync 1 DAGs
[2024-10-12T16:38:54.977+0000] {logging_mixin.py:190} INFO - [2024-10-12T16:38:54.977+0000] {dag.py:4180} INFO - Setting next_dagrun for example_python_decorator to None, run_after=None
[2024-10-12T16:38:54.987+0000] {processor.py:208} INFO - Processing /home/airflow/.local/lib/python3.12/site-packages/airflow/example_dags/example_python_decorator.py took 0.043 seconds
[2024-10-12T16:39:25.233+0000] {processor.py:186} INFO - Started process (PID=2481) to work on /home/airflow/.local/lib/python3.12/site-packages/airflow/example_dags/example_python_decorator.py
[2024-10-12T16:39:25.234+0000] {processor.py:914} INFO - Processing file /home/airflow/.local/lib/python3.12/site-packages/airflow/example_dags/example_python_decorator.py for tasks to queue
[2024-10-12T16:39:25.235+0000] {logging_mixin.py:190} INFO - [2024-10-12T16:39:25.235+0000] {dagbag.py:588} INFO - Filling up the DagBag from /home/airflow/.local/lib/python3.12/site-packages/airflow/example_dags/example_python_decorator.py
[2024-10-12T16:39:25.243+0000] {processor.py:925} INFO - DAG(s) 'example_python_decorator' retrieved from /home/airflow/.local/lib/python3.12/site-packages/airflow/example_dags/example_python_decorator.py
[2024-10-12T16:39:25.255+0000] {logging_mixin.py:190} INFO - [2024-10-12T16:39:25.255+0000] {dag.py:3239} INFO - Sync 1 DAGs
[2024-10-12T16:39:25.265+0000] {logging_mixin.py:190} INFO - [2024-10-12T16:39:25.265+0000] {dag.py:4180} INFO - Setting next_dagrun for example_python_decorator to None, run_after=None
[2024-10-12T16:39:25.279+0000] {processor.py:208} INFO - Processing /home/airflow/.local/lib/python3.12/site-packages/airflow/example_dags/example_python_decorator.py took 0.049 seconds
[2024-10-12T16:39:55.476+0000] {processor.py:186} INFO - Started process (PID=2767) to work on /home/airflow/.local/lib/python3.12/site-packages/airflow/example_dags/example_python_decorator.py
[2024-10-12T16:39:55.478+0000] {processor.py:914} INFO - Processing file /home/airflow/.local/lib/python3.12/site-packages/airflow/example_dags/example_python_decorator.py for tasks to queue
[2024-10-12T16:39:55.480+0000] {logging_mixin.py:190} INFO - [2024-10-12T16:39:55.479+0000] {dagbag.py:588} INFO - Filling up the DagBag from /home/airflow/.local/lib/python3.12/site-packages/airflow/example_dags/example_python_decorator.py
[2024-10-12T16:39:55.488+0000] {processor.py:925} INFO - DAG(s) 'example_python_decorator' retrieved from /home/airflow/.local/lib/python3.12/site-packages/airflow/example_dags/example_python_decorator.py
[2024-10-12T16:39:55.502+0000] {logging_mixin.py:190} INFO - [2024-10-12T16:39:55.502+0000] {dag.py:3239} INFO - Sync 1 DAGs
[2024-10-12T16:39:55.510+0000] {logging_mixin.py:190} INFO - [2024-10-12T16:39:55.510+0000] {dag.py:4180} INFO - Setting next_dagrun for example_python_decorator to None, run_after=None
[2024-10-12T16:39:55.520+0000] {processor.py:208} INFO - Processing /home/airflow/.local/lib/python3.12/site-packages/airflow/example_dags/example_python_decorator.py took 0.047 seconds
[2024-10-12T16:40:25.753+0000] {processor.py:186} INFO - Started process (PID=3053) to work on /home/airflow/.local/lib/python3.12/site-packages/airflow/example_dags/example_python_decorator.py
[2024-10-12T16:40:25.755+0000] {processor.py:914} INFO - Processing file /home/airflow/.local/lib/python3.12/site-packages/airflow/example_dags/example_python_decorator.py for tasks to queue
[2024-10-12T16:40:25.759+0000] {logging_mixin.py:190} INFO - [2024-10-12T16:40:25.758+0000] {dagbag.py:588} INFO - Filling up the DagBag from /home/airflow/.local/lib/python3.12/site-packages/airflow/example_dags/example_python_decorator.py
[2024-10-12T16:40:25.768+0000] {processor.py:925} INFO - DAG(s) 'example_python_decorator' retrieved from /home/airflow/.local/lib/python3.12/site-packages/airflow/example_dags/example_python_decorator.py
[2024-10-12T16:40:25.783+0000] {logging_mixin.py:190} INFO - [2024-10-12T16:40:25.783+0000] {dag.py:3239} INFO - Sync 1 DAGs
[2024-10-12T16:40:25.792+0000] {logging_mixin.py:190} INFO - [2024-10-12T16:40:25.791+0000] {dag.py:4180} INFO - Setting next_dagrun for example_python_decorator to None, run_after=None
[2024-10-12T16:40:25.801+0000] {processor.py:208} INFO - Processing /home/airflow/.local/lib/python3.12/site-packages/airflow/example_dags/example_python_decorator.py took 0.053 seconds
[2024-10-12T16:40:56.183+0000] {processor.py:186} INFO - Started process (PID=3339) to work on /home/airflow/.local/lib/python3.12/site-packages/airflow/example_dags/example_python_decorator.py
[2024-10-12T16:40:56.186+0000] {processor.py:914} INFO - Processing file /home/airflow/.local/lib/python3.12/site-packages/airflow/example_dags/example_python_decorator.py for tasks to queue
[2024-10-12T16:40:56.188+0000] {logging_mixin.py:190} INFO - [2024-10-12T16:40:56.188+0000] {dagbag.py:588} INFO - Filling up the DagBag from /home/airflow/.local/lib/python3.12/site-packages/airflow/example_dags/example_python_decorator.py
[2024-10-12T16:40:56.197+0000] {processor.py:925} INFO - DAG(s) 'example_python_decorator' retrieved from /home/airflow/.local/lib/python3.12/site-packages/airflow/example_dags/example_python_decorator.py
[2024-10-12T16:40:56.210+0000] {logging_mixin.py:190} INFO - [2024-10-12T16:40:56.210+0000] {dag.py:3239} INFO - Sync 1 DAGs
[2024-10-12T16:40:56.218+0000] {logging_mixin.py:190} INFO - [2024-10-12T16:40:56.218+0000] {dag.py:4180} INFO - Setting next_dagrun for example_python_decorator to None, run_after=None
[2024-10-12T16:40:56.229+0000] {processor.py:208} INFO - Processing /home/airflow/.local/lib/python3.12/site-packages/airflow/example_dags/example_python_decorator.py took 0.051 seconds
[2024-10-12T16:41:26.516+0000] {processor.py:186} INFO - Started process (PID=3625) to work on /home/airflow/.local/lib/python3.12/site-packages/airflow/example_dags/example_python_decorator.py
[2024-10-12T16:41:26.517+0000] {processor.py:914} INFO - Processing file /home/airflow/.local/lib/python3.12/site-packages/airflow/example_dags/example_python_decorator.py for tasks to queue
[2024-10-12T16:41:26.518+0000] {logging_mixin.py:190} INFO - [2024-10-12T16:41:26.518+0000] {dagbag.py:588} INFO - Filling up the DagBag from /home/airflow/.local/lib/python3.12/site-packages/airflow/example_dags/example_python_decorator.py
[2024-10-12T16:41:26.527+0000] {processor.py:925} INFO - DAG(s) 'example_python_decorator' retrieved from /home/airflow/.local/lib/python3.12/site-packages/airflow/example_dags/example_python_decorator.py
[2024-10-12T16:41:26.541+0000] {logging_mixin.py:190} INFO - [2024-10-12T16:41:26.541+0000] {dag.py:3239} INFO - Sync 1 DAGs
[2024-10-12T16:41:26.549+0000] {logging_mixin.py:190} INFO - [2024-10-12T16:41:26.549+0000] {dag.py:4180} INFO - Setting next_dagrun for example_python_decorator to None, run_after=None
[2024-10-12T16:41:26.562+0000] {processor.py:208} INFO - Processing /home/airflow/.local/lib/python3.12/site-packages/airflow/example_dags/example_python_decorator.py took 0.051 seconds
