[2024-10-12T16:35:25.364+0000] {processor.py:186} INFO - Started process (PID=338) to work on /home/airflow/.local/lib/python3.12/site-packages/airflow/example_dags/example_latest_only_with_trigger.py
[2024-10-12T16:35:25.364+0000] {processor.py:914} INFO - Processing file /home/airflow/.local/lib/python3.12/site-packages/airflow/example_dags/example_latest_only_with_trigger.py for tasks to queue
[2024-10-12T16:35:25.366+0000] {logging_mixin.py:190} INFO - [2024-10-12T16:35:25.365+0000] {dagbag.py:588} INFO - Filling up the DagBag from /home/airflow/.local/lib/python3.12/site-packages/airflow/example_dags/example_latest_only_with_trigger.py
[2024-10-12T16:35:25.370+0000] {processor.py:925} INFO - DAG(s) 'latest_only_with_trigger' retrieved from /home/airflow/.local/lib/python3.12/site-packages/airflow/example_dags/example_latest_only_with_trigger.py
[2024-10-12T16:35:25.426+0000] {logging_mixin.py:190} INFO - [2024-10-12T16:35:25.425+0000] {override.py:1900} INFO - Created Permission View: can edit on DAG:latest_only_with_trigger
[2024-10-12T16:35:25.431+0000] {logging_mixin.py:190} INFO - [2024-10-12T16:35:25.431+0000] {override.py:1900} INFO - Created Permission View: can read on DAG:latest_only_with_trigger
[2024-10-12T16:35:25.436+0000] {logging_mixin.py:190} INFO - [2024-10-12T16:35:25.436+0000] {override.py:1900} INFO - Created Permission View: can delete on DAG:latest_only_with_trigger
[2024-10-12T16:35:25.439+0000] {logging_mixin.py:190} INFO - [2024-10-12T16:35:25.439+0000] {override.py:1900} INFO - Created Permission View: menu access on DAG Run:latest_only_with_trigger
[2024-10-12T16:35:25.442+0000] {logging_mixin.py:190} INFO - [2024-10-12T16:35:25.442+0000] {override.py:1900} INFO - Created Permission View: can read on DAG Run:latest_only_with_trigger
[2024-10-12T16:35:25.445+0000] {logging_mixin.py:190} INFO - [2024-10-12T16:35:25.445+0000] {override.py:1900} INFO - Created Permission View: can delete on DAG Run:latest_only_with_trigger
[2024-10-12T16:35:25.449+0000] {logging_mixin.py:190} INFO - [2024-10-12T16:35:25.448+0000] {override.py:1900} INFO - Created Permission View: can create on DAG Run:latest_only_with_trigger
[2024-10-12T16:35:25.449+0000] {logging_mixin.py:190} INFO - [2024-10-12T16:35:25.449+0000] {dag.py:3239} INFO - Sync 1 DAGs
[2024-10-12T16:35:25.456+0000] {logging_mixin.py:190} INFO - [2024-10-12T16:35:25.455+0000] {dag.py:3262} INFO - Creating ORM DAG for latest_only_with_trigger
[2024-10-12T16:35:25.461+0000] {logging_mixin.py:190} INFO - [2024-10-12T16:35:25.461+0000] {dag.py:4180} INFO - Setting next_dagrun for latest_only_with_trigger to 2024-10-12 12:00:00+00:00, run_after=2024-10-12 16:00:00+00:00
[2024-10-12T16:35:25.469+0000] {processor.py:208} INFO - Processing /home/airflow/.local/lib/python3.12/site-packages/airflow/example_dags/example_latest_only_with_trigger.py took 0.109 seconds
[2024-10-12T16:35:55.527+0000] {processor.py:186} INFO - Started process (PID=624) to work on /home/airflow/.local/lib/python3.12/site-packages/airflow/example_dags/example_latest_only_with_trigger.py
[2024-10-12T16:35:55.527+0000] {processor.py:914} INFO - Processing file /home/airflow/.local/lib/python3.12/site-packages/airflow/example_dags/example_latest_only_with_trigger.py for tasks to queue
[2024-10-12T16:35:55.529+0000] {logging_mixin.py:190} INFO - [2024-10-12T16:35:55.529+0000] {dagbag.py:588} INFO - Filling up the DagBag from /home/airflow/.local/lib/python3.12/site-packages/airflow/example_dags/example_latest_only_with_trigger.py
[2024-10-12T16:35:55.533+0000] {processor.py:925} INFO - DAG(s) 'latest_only_with_trigger' retrieved from /home/airflow/.local/lib/python3.12/site-packages/airflow/example_dags/example_latest_only_with_trigger.py
[2024-10-12T16:35:55.544+0000] {logging_mixin.py:190} INFO - [2024-10-12T16:35:55.544+0000] {dag.py:3239} INFO - Sync 1 DAGs
[2024-10-12T16:35:55.557+0000] {logging_mixin.py:190} INFO - [2024-10-12T16:35:55.557+0000] {dag.py:4180} INFO - Setting next_dagrun for latest_only_with_trigger to 2024-10-12 12:00:00+00:00, run_after=2024-10-12 16:00:00+00:00
[2024-10-12T16:35:55.566+0000] {processor.py:208} INFO - Processing /home/airflow/.local/lib/python3.12/site-packages/airflow/example_dags/example_latest_only_with_trigger.py took 0.043 seconds
[2024-10-12T16:36:25.744+0000] {processor.py:186} INFO - Started process (PID=910) to work on /home/airflow/.local/lib/python3.12/site-packages/airflow/example_dags/example_latest_only_with_trigger.py
[2024-10-12T16:36:25.744+0000] {processor.py:914} INFO - Processing file /home/airflow/.local/lib/python3.12/site-packages/airflow/example_dags/example_latest_only_with_trigger.py for tasks to queue
[2024-10-12T16:36:25.746+0000] {logging_mixin.py:190} INFO - [2024-10-12T16:36:25.745+0000] {dagbag.py:588} INFO - Filling up the DagBag from /home/airflow/.local/lib/python3.12/site-packages/airflow/example_dags/example_latest_only_with_trigger.py
[2024-10-12T16:36:25.750+0000] {processor.py:925} INFO - DAG(s) 'latest_only_with_trigger' retrieved from /home/airflow/.local/lib/python3.12/site-packages/airflow/example_dags/example_latest_only_with_trigger.py
[2024-10-12T16:36:25.761+0000] {logging_mixin.py:190} INFO - [2024-10-12T16:36:25.761+0000] {dag.py:3239} INFO - Sync 1 DAGs
[2024-10-12T16:36:25.774+0000] {logging_mixin.py:190} INFO - [2024-10-12T16:36:25.773+0000] {dag.py:4180} INFO - Setting next_dagrun for latest_only_with_trigger to 2024-10-12 12:00:00+00:00, run_after=2024-10-12 16:00:00+00:00
[2024-10-12T16:36:25.783+0000] {processor.py:208} INFO - Processing /home/airflow/.local/lib/python3.12/site-packages/airflow/example_dags/example_latest_only_with_trigger.py took 0.043 seconds
[2024-10-12T16:36:55.879+0000] {processor.py:186} INFO - Started process (PID=1191) to work on /home/airflow/.local/lib/python3.12/site-packages/airflow/example_dags/example_latest_only_with_trigger.py
[2024-10-12T16:36:55.879+0000] {processor.py:914} INFO - Processing file /home/airflow/.local/lib/python3.12/site-packages/airflow/example_dags/example_latest_only_with_trigger.py for tasks to queue
[2024-10-12T16:36:55.881+0000] {logging_mixin.py:190} INFO - [2024-10-12T16:36:55.880+0000] {dagbag.py:588} INFO - Filling up the DagBag from /home/airflow/.local/lib/python3.12/site-packages/airflow/example_dags/example_latest_only_with_trigger.py
[2024-10-12T16:36:55.885+0000] {processor.py:925} INFO - DAG(s) 'latest_only_with_trigger' retrieved from /home/airflow/.local/lib/python3.12/site-packages/airflow/example_dags/example_latest_only_with_trigger.py
[2024-10-12T16:36:55.896+0000] {logging_mixin.py:190} INFO - [2024-10-12T16:36:55.896+0000] {dag.py:3239} INFO - Sync 1 DAGs
[2024-10-12T16:36:55.909+0000] {logging_mixin.py:190} INFO - [2024-10-12T16:36:55.908+0000] {dag.py:4180} INFO - Setting next_dagrun for latest_only_with_trigger to 2024-10-12 12:00:00+00:00, run_after=2024-10-12 16:00:00+00:00
[2024-10-12T16:36:55.918+0000] {processor.py:208} INFO - Processing /home/airflow/.local/lib/python3.12/site-packages/airflow/example_dags/example_latest_only_with_trigger.py took 0.043 seconds
[2024-10-12T16:37:26.149+0000] {processor.py:186} INFO - Started process (PID=1477) to work on /home/airflow/.local/lib/python3.12/site-packages/airflow/example_dags/example_latest_only_with_trigger.py
[2024-10-12T16:37:26.150+0000] {processor.py:914} INFO - Processing file /home/airflow/.local/lib/python3.12/site-packages/airflow/example_dags/example_latest_only_with_trigger.py for tasks to queue
[2024-10-12T16:37:26.151+0000] {logging_mixin.py:190} INFO - [2024-10-12T16:37:26.151+0000] {dagbag.py:588} INFO - Filling up the DagBag from /home/airflow/.local/lib/python3.12/site-packages/airflow/example_dags/example_latest_only_with_trigger.py
[2024-10-12T16:37:26.157+0000] {processor.py:925} INFO - DAG(s) 'latest_only_with_trigger' retrieved from /home/airflow/.local/lib/python3.12/site-packages/airflow/example_dags/example_latest_only_with_trigger.py
[2024-10-12T16:37:26.173+0000] {logging_mixin.py:190} INFO - [2024-10-12T16:37:26.173+0000] {dag.py:3239} INFO - Sync 1 DAGs
[2024-10-12T16:37:26.186+0000] {logging_mixin.py:190} INFO - [2024-10-12T16:37:26.186+0000] {dag.py:4180} INFO - Setting next_dagrun for latest_only_with_trigger to 2024-10-12 12:00:00+00:00, run_after=2024-10-12 16:00:00+00:00
[2024-10-12T16:37:26.195+0000] {processor.py:208} INFO - Processing /home/airflow/.local/lib/python3.12/site-packages/airflow/example_dags/example_latest_only_with_trigger.py took 0.050 seconds
[2024-10-12T16:37:56.535+0000] {processor.py:186} INFO - Started process (PID=1763) to work on /home/airflow/.local/lib/python3.12/site-packages/airflow/example_dags/example_latest_only_with_trigger.py
[2024-10-12T16:37:56.536+0000] {processor.py:914} INFO - Processing file /home/airflow/.local/lib/python3.12/site-packages/airflow/example_dags/example_latest_only_with_trigger.py for tasks to queue
[2024-10-12T16:37:56.537+0000] {logging_mixin.py:190} INFO - [2024-10-12T16:37:56.537+0000] {dagbag.py:588} INFO - Filling up the DagBag from /home/airflow/.local/lib/python3.12/site-packages/airflow/example_dags/example_latest_only_with_trigger.py
[2024-10-12T16:37:56.542+0000] {processor.py:925} INFO - DAG(s) 'latest_only_with_trigger' retrieved from /home/airflow/.local/lib/python3.12/site-packages/airflow/example_dags/example_latest_only_with_trigger.py
[2024-10-12T16:37:56.554+0000] {logging_mixin.py:190} INFO - [2024-10-12T16:37:56.554+0000] {dag.py:3239} INFO - Sync 1 DAGs
[2024-10-12T16:37:56.567+0000] {logging_mixin.py:190} INFO - [2024-10-12T16:37:56.567+0000] {dag.py:4180} INFO - Setting next_dagrun for latest_only_with_trigger to 2024-10-12 12:00:00+00:00, run_after=2024-10-12 16:00:00+00:00
[2024-10-12T16:37:56.577+0000] {processor.py:208} INFO - Processing /home/airflow/.local/lib/python3.12/site-packages/airflow/example_dags/example_latest_only_with_trigger.py took 0.046 seconds
[2024-10-12T16:38:26.787+0000] {processor.py:186} INFO - Started process (PID=2054) to work on /home/airflow/.local/lib/python3.12/site-packages/airflow/example_dags/example_latest_only_with_trigger.py
[2024-10-12T16:38:26.787+0000] {processor.py:914} INFO - Processing file /home/airflow/.local/lib/python3.12/site-packages/airflow/example_dags/example_latest_only_with_trigger.py for tasks to queue
[2024-10-12T16:38:26.789+0000] {logging_mixin.py:190} INFO - [2024-10-12T16:38:26.788+0000] {dagbag.py:588} INFO - Filling up the DagBag from /home/airflow/.local/lib/python3.12/site-packages/airflow/example_dags/example_latest_only_with_trigger.py
[2024-10-12T16:38:26.793+0000] {processor.py:925} INFO - DAG(s) 'latest_only_with_trigger' retrieved from /home/airflow/.local/lib/python3.12/site-packages/airflow/example_dags/example_latest_only_with_trigger.py
[2024-10-12T16:38:26.805+0000] {logging_mixin.py:190} INFO - [2024-10-12T16:38:26.805+0000] {dag.py:3239} INFO - Sync 1 DAGs
[2024-10-12T16:38:26.819+0000] {logging_mixin.py:190} INFO - [2024-10-12T16:38:26.819+0000] {dag.py:4180} INFO - Setting next_dagrun for latest_only_with_trigger to 2024-10-12 12:00:00+00:00, run_after=2024-10-12 16:00:00+00:00
[2024-10-12T16:38:26.829+0000] {processor.py:208} INFO - Processing /home/airflow/.local/lib/python3.12/site-packages/airflow/example_dags/example_latest_only_with_trigger.py took 0.046 seconds
[2024-10-12T16:38:56.997+0000] {processor.py:186} INFO - Started process (PID=2340) to work on /home/airflow/.local/lib/python3.12/site-packages/airflow/example_dags/example_latest_only_with_trigger.py
[2024-10-12T16:38:56.997+0000] {processor.py:914} INFO - Processing file /home/airflow/.local/lib/python3.12/site-packages/airflow/example_dags/example_latest_only_with_trigger.py for tasks to queue
[2024-10-12T16:38:56.998+0000] {logging_mixin.py:190} INFO - [2024-10-12T16:38:56.998+0000] {dagbag.py:588} INFO - Filling up the DagBag from /home/airflow/.local/lib/python3.12/site-packages/airflow/example_dags/example_latest_only_with_trigger.py
[2024-10-12T16:38:57.003+0000] {processor.py:925} INFO - DAG(s) 'latest_only_with_trigger' retrieved from /home/airflow/.local/lib/python3.12/site-packages/airflow/example_dags/example_latest_only_with_trigger.py
[2024-10-12T16:38:57.014+0000] {logging_mixin.py:190} INFO - [2024-10-12T16:38:57.014+0000] {dag.py:3239} INFO - Sync 1 DAGs
[2024-10-12T16:38:57.028+0000] {logging_mixin.py:190} INFO - [2024-10-12T16:38:57.027+0000] {dag.py:4180} INFO - Setting next_dagrun for latest_only_with_trigger to 2024-10-12 12:00:00+00:00, run_after=2024-10-12 16:00:00+00:00
[2024-10-12T16:38:57.038+0000] {processor.py:208} INFO - Processing /home/airflow/.local/lib/python3.12/site-packages/airflow/example_dags/example_latest_only_with_trigger.py took 0.046 seconds
[2024-10-12T16:39:27.335+0000] {processor.py:186} INFO - Started process (PID=2626) to work on /home/airflow/.local/lib/python3.12/site-packages/airflow/example_dags/example_latest_only_with_trigger.py
[2024-10-12T16:39:27.335+0000] {processor.py:914} INFO - Processing file /home/airflow/.local/lib/python3.12/site-packages/airflow/example_dags/example_latest_only_with_trigger.py for tasks to queue
[2024-10-12T16:39:27.337+0000] {logging_mixin.py:190} INFO - [2024-10-12T16:39:27.337+0000] {dagbag.py:588} INFO - Filling up the DagBag from /home/airflow/.local/lib/python3.12/site-packages/airflow/example_dags/example_latest_only_with_trigger.py
[2024-10-12T16:39:27.342+0000] {processor.py:925} INFO - DAG(s) 'latest_only_with_trigger' retrieved from /home/airflow/.local/lib/python3.12/site-packages/airflow/example_dags/example_latest_only_with_trigger.py
[2024-10-12T16:39:27.355+0000] {logging_mixin.py:190} INFO - [2024-10-12T16:39:27.354+0000] {dag.py:3239} INFO - Sync 1 DAGs
[2024-10-12T16:39:27.369+0000] {logging_mixin.py:190} INFO - [2024-10-12T16:39:27.369+0000] {dag.py:4180} INFO - Setting next_dagrun for latest_only_with_trigger to 2024-10-12 12:00:00+00:00, run_after=2024-10-12 16:00:00+00:00
[2024-10-12T16:39:27.382+0000] {processor.py:208} INFO - Processing /home/airflow/.local/lib/python3.12/site-packages/airflow/example_dags/example_latest_only_with_trigger.py took 0.051 seconds
[2024-10-12T16:39:57.550+0000] {processor.py:186} INFO - Started process (PID=2912) to work on /home/airflow/.local/lib/python3.12/site-packages/airflow/example_dags/example_latest_only_with_trigger.py
[2024-10-12T16:39:57.551+0000] {processor.py:914} INFO - Processing file /home/airflow/.local/lib/python3.12/site-packages/airflow/example_dags/example_latest_only_with_trigger.py for tasks to queue
[2024-10-12T16:39:57.552+0000] {logging_mixin.py:190} INFO - [2024-10-12T16:39:57.552+0000] {dagbag.py:588} INFO - Filling up the DagBag from /home/airflow/.local/lib/python3.12/site-packages/airflow/example_dags/example_latest_only_with_trigger.py
[2024-10-12T16:39:57.556+0000] {processor.py:925} INFO - DAG(s) 'latest_only_with_trigger' retrieved from /home/airflow/.local/lib/python3.12/site-packages/airflow/example_dags/example_latest_only_with_trigger.py
[2024-10-12T16:39:57.568+0000] {logging_mixin.py:190} INFO - [2024-10-12T16:39:57.567+0000] {dag.py:3239} INFO - Sync 1 DAGs
[2024-10-12T16:39:57.581+0000] {logging_mixin.py:190} INFO - [2024-10-12T16:39:57.581+0000] {dag.py:4180} INFO - Setting next_dagrun for latest_only_with_trigger to 2024-10-12 12:00:00+00:00, run_after=2024-10-12 16:00:00+00:00
[2024-10-12T16:39:57.593+0000] {processor.py:208} INFO - Processing /home/airflow/.local/lib/python3.12/site-packages/airflow/example_dags/example_latest_only_with_trigger.py took 0.047 seconds
[2024-10-12T16:40:27.961+0000] {processor.py:186} INFO - Started process (PID=3198) to work on /home/airflow/.local/lib/python3.12/site-packages/airflow/example_dags/example_latest_only_with_trigger.py
[2024-10-12T16:40:27.962+0000] {processor.py:914} INFO - Processing file /home/airflow/.local/lib/python3.12/site-packages/airflow/example_dags/example_latest_only_with_trigger.py for tasks to queue
[2024-10-12T16:40:27.963+0000] {logging_mixin.py:190} INFO - [2024-10-12T16:40:27.963+0000] {dagbag.py:588} INFO - Filling up the DagBag from /home/airflow/.local/lib/python3.12/site-packages/airflow/example_dags/example_latest_only_with_trigger.py
[2024-10-12T16:40:27.967+0000] {processor.py:925} INFO - DAG(s) 'latest_only_with_trigger' retrieved from /home/airflow/.local/lib/python3.12/site-packages/airflow/example_dags/example_latest_only_with_trigger.py
[2024-10-12T16:40:27.979+0000] {logging_mixin.py:190} INFO - [2024-10-12T16:40:27.978+0000] {dag.py:3239} INFO - Sync 1 DAGs
[2024-10-12T16:40:27.994+0000] {logging_mixin.py:190} INFO - [2024-10-12T16:40:27.994+0000] {dag.py:4180} INFO - Setting next_dagrun for latest_only_with_trigger to 2024-10-12 12:00:00+00:00, run_after=2024-10-12 16:00:00+00:00
[2024-10-12T16:40:28.004+0000] {processor.py:208} INFO - Processing /home/airflow/.local/lib/python3.12/site-packages/airflow/example_dags/example_latest_only_with_trigger.py took 0.048 seconds
[2024-10-12T16:40:58.351+0000] {processor.py:186} INFO - Started process (PID=3486) to work on /home/airflow/.local/lib/python3.12/site-packages/airflow/example_dags/example_latest_only_with_trigger.py
[2024-10-12T16:40:58.352+0000] {processor.py:914} INFO - Processing file /home/airflow/.local/lib/python3.12/site-packages/airflow/example_dags/example_latest_only_with_trigger.py for tasks to queue
[2024-10-12T16:40:58.354+0000] {logging_mixin.py:190} INFO - [2024-10-12T16:40:58.354+0000] {dagbag.py:588} INFO - Filling up the DagBag from /home/airflow/.local/lib/python3.12/site-packages/airflow/example_dags/example_latest_only_with_trigger.py
[2024-10-12T16:40:58.358+0000] {processor.py:925} INFO - DAG(s) 'latest_only_with_trigger' retrieved from /home/airflow/.local/lib/python3.12/site-packages/airflow/example_dags/example_latest_only_with_trigger.py
[2024-10-12T16:40:58.375+0000] {logging_mixin.py:190} INFO - [2024-10-12T16:40:58.375+0000] {dag.py:3239} INFO - Sync 1 DAGs
[2024-10-12T16:40:58.389+0000] {logging_mixin.py:190} INFO - [2024-10-12T16:40:58.388+0000] {dag.py:4180} INFO - Setting next_dagrun for latest_only_with_trigger to 2024-10-12 12:00:00+00:00, run_after=2024-10-12 16:00:00+00:00
[2024-10-12T16:40:58.398+0000] {processor.py:208} INFO - Processing /home/airflow/.local/lib/python3.12/site-packages/airflow/example_dags/example_latest_only_with_trigger.py took 0.050 seconds
[2024-10-12T16:41:28.795+0000] {processor.py:186} INFO - Started process (PID=3770) to work on /home/airflow/.local/lib/python3.12/site-packages/airflow/example_dags/example_latest_only_with_trigger.py
[2024-10-12T16:41:28.796+0000] {processor.py:914} INFO - Processing file /home/airflow/.local/lib/python3.12/site-packages/airflow/example_dags/example_latest_only_with_trigger.py for tasks to queue
[2024-10-12T16:41:28.798+0000] {logging_mixin.py:190} INFO - [2024-10-12T16:41:28.798+0000] {dagbag.py:588} INFO - Filling up the DagBag from /home/airflow/.local/lib/python3.12/site-packages/airflow/example_dags/example_latest_only_with_trigger.py
[2024-10-12T16:41:28.802+0000] {processor.py:925} INFO - DAG(s) 'latest_only_with_trigger' retrieved from /home/airflow/.local/lib/python3.12/site-packages/airflow/example_dags/example_latest_only_with_trigger.py
[2024-10-12T16:41:28.814+0000] {logging_mixin.py:190} INFO - [2024-10-12T16:41:28.814+0000] {dag.py:3239} INFO - Sync 1 DAGs
[2024-10-12T16:41:28.828+0000] {logging_mixin.py:190} INFO - [2024-10-12T16:41:28.828+0000] {dag.py:4180} INFO - Setting next_dagrun for latest_only_with_trigger to 2024-10-12 12:00:00+00:00, run_after=2024-10-12 16:00:00+00:00
[2024-10-12T16:41:28.839+0000] {processor.py:208} INFO - Processing /home/airflow/.local/lib/python3.12/site-packages/airflow/example_dags/example_latest_only_with_trigger.py took 0.047 seconds
