[2024-10-12T16:35:25.627+0000] {processor.py:186} INFO - Started process (PID=358) to work on /home/airflow/.local/lib/python3.12/site-packages/airflow/example_dags/example_dataset_alias_with_no_taskflow.py
[2024-10-12T16:35:25.627+0000] {processor.py:914} INFO - Processing file /home/airflow/.local/lib/python3.12/site-packages/airflow/example_dags/example_dataset_alias_with_no_taskflow.py for tasks to queue
[2024-10-12T16:35:25.629+0000] {logging_mixin.py:190} INFO - [2024-10-12T16:35:25.629+0000] {dagbag.py:588} INFO - Filling up the DagBag from /home/airflow/.local/lib/python3.12/site-packages/airflow/example_dags/example_dataset_alias_with_no_taskflow.py
[2024-10-12T16:35:25.699+0000] {processor.py:925} INFO - DAG(s) 'dataset_alias_example_alias_producer_with_no_taskflow', 'dataset_alias_example_alias_consumer_with_no_taskflow', 'dataset_s3_bucket_consumer_with_no_taskflow', 'dataset_s3_bucket_producer_with_no_taskflow' retrieved from /home/airflow/.local/lib/python3.12/site-packages/airflow/example_dags/example_dataset_alias_with_no_taskflow.py
[2024-10-12T16:35:25.746+0000] {logging_mixin.py:190} INFO - [2024-10-12T16:35:25.745+0000] {override.py:1900} INFO - Created Permission View: can edit on DAG:dataset_alias_example_alias_producer_with_no_taskflow
[2024-10-12T16:35:25.750+0000] {logging_mixin.py:190} INFO - [2024-10-12T16:35:25.750+0000] {override.py:1900} INFO - Created Permission View: can read on DAG:dataset_alias_example_alias_producer_with_no_taskflow
[2024-10-12T16:35:25.753+0000] {logging_mixin.py:190} INFO - [2024-10-12T16:35:25.753+0000] {override.py:1900} INFO - Created Permission View: can delete on DAG:dataset_alias_example_alias_producer_with_no_taskflow
[2024-10-12T16:35:25.757+0000] {logging_mixin.py:190} INFO - [2024-10-12T16:35:25.756+0000] {override.py:1900} INFO - Created Permission View: menu access on DAG Run:dataset_alias_example_alias_producer_with_no_taskflow
[2024-10-12T16:35:25.759+0000] {logging_mixin.py:190} INFO - [2024-10-12T16:35:25.759+0000] {override.py:1900} INFO - Created Permission View: can read on DAG Run:dataset_alias_example_alias_producer_with_no_taskflow
[2024-10-12T16:35:25.762+0000] {logging_mixin.py:190} INFO - [2024-10-12T16:35:25.762+0000] {override.py:1900} INFO - Created Permission View: can delete on DAG Run:dataset_alias_example_alias_producer_with_no_taskflow
[2024-10-12T16:35:25.766+0000] {logging_mixin.py:190} INFO - [2024-10-12T16:35:25.765+0000] {override.py:1900} INFO - Created Permission View: can create on DAG Run:dataset_alias_example_alias_producer_with_no_taskflow
[2024-10-12T16:35:25.771+0000] {logging_mixin.py:190} INFO - [2024-10-12T16:35:25.771+0000] {override.py:1900} INFO - Created Permission View: can edit on DAG:dataset_alias_example_alias_consumer_with_no_taskflow
[2024-10-12T16:35:25.774+0000] {logging_mixin.py:190} INFO - [2024-10-12T16:35:25.774+0000] {override.py:1900} INFO - Created Permission View: can read on DAG:dataset_alias_example_alias_consumer_with_no_taskflow
[2024-10-12T16:35:25.777+0000] {logging_mixin.py:190} INFO - [2024-10-12T16:35:25.777+0000] {override.py:1900} INFO - Created Permission View: can delete on DAG:dataset_alias_example_alias_consumer_with_no_taskflow
[2024-10-12T16:35:25.780+0000] {logging_mixin.py:190} INFO - [2024-10-12T16:35:25.780+0000] {override.py:1900} INFO - Created Permission View: menu access on DAG Run:dataset_alias_example_alias_consumer_with_no_taskflow
[2024-10-12T16:35:25.783+0000] {logging_mixin.py:190} INFO - [2024-10-12T16:35:25.783+0000] {override.py:1900} INFO - Created Permission View: can read on DAG Run:dataset_alias_example_alias_consumer_with_no_taskflow
[2024-10-12T16:35:25.786+0000] {logging_mixin.py:190} INFO - [2024-10-12T16:35:25.786+0000] {override.py:1900} INFO - Created Permission View: can delete on DAG Run:dataset_alias_example_alias_consumer_with_no_taskflow
[2024-10-12T16:35:25.788+0000] {logging_mixin.py:190} INFO - [2024-10-12T16:35:25.788+0000] {override.py:1900} INFO - Created Permission View: can create on DAG Run:dataset_alias_example_alias_consumer_with_no_taskflow
[2024-10-12T16:35:25.794+0000] {logging_mixin.py:190} INFO - [2024-10-12T16:35:25.794+0000] {override.py:1900} INFO - Created Permission View: can edit on DAG:dataset_s3_bucket_consumer_with_no_taskflow
[2024-10-12T16:35:25.797+0000] {logging_mixin.py:190} INFO - [2024-10-12T16:35:25.796+0000] {override.py:1900} INFO - Created Permission View: can read on DAG:dataset_s3_bucket_consumer_with_no_taskflow
[2024-10-12T16:35:25.800+0000] {logging_mixin.py:190} INFO - [2024-10-12T16:35:25.799+0000] {override.py:1900} INFO - Created Permission View: can delete on DAG:dataset_s3_bucket_consumer_with_no_taskflow
[2024-10-12T16:35:25.803+0000] {logging_mixin.py:190} INFO - [2024-10-12T16:35:25.803+0000] {override.py:1900} INFO - Created Permission View: menu access on DAG Run:dataset_s3_bucket_consumer_with_no_taskflow
[2024-10-12T16:35:25.806+0000] {logging_mixin.py:190} INFO - [2024-10-12T16:35:25.806+0000] {override.py:1900} INFO - Created Permission View: can read on DAG Run:dataset_s3_bucket_consumer_with_no_taskflow
[2024-10-12T16:35:25.809+0000] {logging_mixin.py:190} INFO - [2024-10-12T16:35:25.809+0000] {override.py:1900} INFO - Created Permission View: can delete on DAG Run:dataset_s3_bucket_consumer_with_no_taskflow
[2024-10-12T16:35:25.812+0000] {logging_mixin.py:190} INFO - [2024-10-12T16:35:25.812+0000] {override.py:1900} INFO - Created Permission View: can create on DAG Run:dataset_s3_bucket_consumer_with_no_taskflow
[2024-10-12T16:35:25.818+0000] {logging_mixin.py:190} INFO - [2024-10-12T16:35:25.817+0000] {override.py:1900} INFO - Created Permission View: can edit on DAG:dataset_s3_bucket_producer_with_no_taskflow
[2024-10-12T16:35:25.824+0000] {logging_mixin.py:190} INFO - [2024-10-12T16:35:25.824+0000] {override.py:1900} INFO - Created Permission View: can read on DAG:dataset_s3_bucket_producer_with_no_taskflow
[2024-10-12T16:35:25.827+0000] {logging_mixin.py:190} INFO - [2024-10-12T16:35:25.827+0000] {override.py:1900} INFO - Created Permission View: can delete on DAG:dataset_s3_bucket_producer_with_no_taskflow
[2024-10-12T16:35:25.831+0000] {logging_mixin.py:190} INFO - [2024-10-12T16:35:25.831+0000] {override.py:1900} INFO - Created Permission View: menu access on DAG Run:dataset_s3_bucket_producer_with_no_taskflow
[2024-10-12T16:35:25.835+0000] {logging_mixin.py:190} INFO - [2024-10-12T16:35:25.834+0000] {override.py:1900} INFO - Created Permission View: can read on DAG Run:dataset_s3_bucket_producer_with_no_taskflow
[2024-10-12T16:35:25.838+0000] {logging_mixin.py:190} INFO - [2024-10-12T16:35:25.837+0000] {override.py:1900} INFO - Created Permission View: can delete on DAG Run:dataset_s3_bucket_producer_with_no_taskflow
[2024-10-12T16:35:25.840+0000] {logging_mixin.py:190} INFO - [2024-10-12T16:35:25.840+0000] {override.py:1900} INFO - Created Permission View: can create on DAG Run:dataset_s3_bucket_producer_with_no_taskflow
[2024-10-12T16:35:25.841+0000] {logging_mixin.py:190} INFO - [2024-10-12T16:35:25.841+0000] {dag.py:3239} INFO - Sync 4 DAGs
[2024-10-12T16:35:25.848+0000] {logging_mixin.py:190} INFO - [2024-10-12T16:35:25.848+0000] {dag.py:3262} INFO - Creating ORM DAG for dataset_s3_bucket_producer_with_no_taskflow
[2024-10-12T16:35:25.849+0000] {logging_mixin.py:190} INFO - [2024-10-12T16:35:25.849+0000] {dag.py:3262} INFO - Creating ORM DAG for dataset_s3_bucket_consumer_with_no_taskflow
[2024-10-12T16:35:25.849+0000] {logging_mixin.py:190} INFO - [2024-10-12T16:35:25.849+0000] {dag.py:3262} INFO - Creating ORM DAG for dataset_alias_example_alias_consumer_with_no_taskflow
[2024-10-12T16:35:25.850+0000] {logging_mixin.py:190} INFO - [2024-10-12T16:35:25.849+0000] {dag.py:3262} INFO - Creating ORM DAG for dataset_alias_example_alias_producer_with_no_taskflow
[2024-10-12T16:35:25.855+0000] {logging_mixin.py:190} INFO - [2024-10-12T16:35:25.855+0000] {dag.py:4180} INFO - Setting next_dagrun for dataset_alias_example_alias_consumer_with_no_taskflow to None, run_after=None
[2024-10-12T16:35:25.855+0000] {logging_mixin.py:190} INFO - [2024-10-12T16:35:25.855+0000] {dag.py:4180} INFO - Setting next_dagrun for dataset_alias_example_alias_producer_with_no_taskflow to None, run_after=None
[2024-10-12T16:35:25.856+0000] {logging_mixin.py:190} INFO - [2024-10-12T16:35:25.856+0000] {dag.py:4180} INFO - Setting next_dagrun for dataset_s3_bucket_consumer_with_no_taskflow to None, run_after=None
[2024-10-12T16:35:25.856+0000] {logging_mixin.py:190} INFO - [2024-10-12T16:35:25.856+0000] {dag.py:4180} INFO - Setting next_dagrun for dataset_s3_bucket_producer_with_no_taskflow to None, run_after=None
[2024-10-12T16:35:25.871+0000] {processor.py:208} INFO - Processing /home/airflow/.local/lib/python3.12/site-packages/airflow/example_dags/example_dataset_alias_with_no_taskflow.py took 0.248 seconds
[2024-10-12T16:35:56.649+0000] {processor.py:186} INFO - Started process (PID=644) to work on /home/airflow/.local/lib/python3.12/site-packages/airflow/example_dags/example_dataset_alias_with_no_taskflow.py
[2024-10-12T16:35:56.651+0000] {processor.py:914} INFO - Processing file /home/airflow/.local/lib/python3.12/site-packages/airflow/example_dags/example_dataset_alias_with_no_taskflow.py for tasks to queue
[2024-10-12T16:35:56.653+0000] {logging_mixin.py:190} INFO - [2024-10-12T16:35:56.653+0000] {dagbag.py:588} INFO - Filling up the DagBag from /home/airflow/.local/lib/python3.12/site-packages/airflow/example_dags/example_dataset_alias_with_no_taskflow.py
[2024-10-12T16:35:56.724+0000] {processor.py:925} INFO - DAG(s) 'dataset_s3_bucket_producer_with_no_taskflow', 'dataset_alias_example_alias_consumer_with_no_taskflow', 'dataset_s3_bucket_consumer_with_no_taskflow', 'dataset_alias_example_alias_producer_with_no_taskflow' retrieved from /home/airflow/.local/lib/python3.12/site-packages/airflow/example_dags/example_dataset_alias_with_no_taskflow.py
[2024-10-12T16:35:56.737+0000] {logging_mixin.py:190} INFO - [2024-10-12T16:35:56.736+0000] {dag.py:3239} INFO - Sync 4 DAGs
[2024-10-12T16:35:56.748+0000] {logging_mixin.py:190} INFO - [2024-10-12T16:35:56.748+0000] {dag.py:4180} INFO - Setting next_dagrun for dataset_alias_example_alias_consumer_with_no_taskflow to None, run_after=None
[2024-10-12T16:35:56.750+0000] {logging_mixin.py:190} INFO - [2024-10-12T16:35:56.750+0000] {dag.py:4180} INFO - Setting next_dagrun for dataset_alias_example_alias_producer_with_no_taskflow to None, run_after=None
[2024-10-12T16:35:56.751+0000] {logging_mixin.py:190} INFO - [2024-10-12T16:35:56.751+0000] {dag.py:4180} INFO - Setting next_dagrun for dataset_s3_bucket_consumer_with_no_taskflow to None, run_after=None
[2024-10-12T16:35:56.753+0000] {logging_mixin.py:190} INFO - [2024-10-12T16:35:56.753+0000] {dag.py:4180} INFO - Setting next_dagrun for dataset_s3_bucket_producer_with_no_taskflow to None, run_after=None
[2024-10-12T16:35:56.764+0000] {processor.py:208} INFO - Processing /home/airflow/.local/lib/python3.12/site-packages/airflow/example_dags/example_dataset_alias_with_no_taskflow.py took 0.121 seconds
[2024-10-12T16:36:26.892+0000] {processor.py:186} INFO - Started process (PID=930) to work on /home/airflow/.local/lib/python3.12/site-packages/airflow/example_dags/example_dataset_alias_with_no_taskflow.py
[2024-10-12T16:36:26.892+0000] {processor.py:914} INFO - Processing file /home/airflow/.local/lib/python3.12/site-packages/airflow/example_dags/example_dataset_alias_with_no_taskflow.py for tasks to queue
[2024-10-12T16:36:26.896+0000] {logging_mixin.py:190} INFO - [2024-10-12T16:36:26.896+0000] {dagbag.py:588} INFO - Filling up the DagBag from /home/airflow/.local/lib/python3.12/site-packages/airflow/example_dags/example_dataset_alias_with_no_taskflow.py
[2024-10-12T16:36:26.968+0000] {processor.py:925} INFO - DAG(s) 'dataset_s3_bucket_producer_with_no_taskflow', 'dataset_alias_example_alias_consumer_with_no_taskflow', 'dataset_alias_example_alias_producer_with_no_taskflow', 'dataset_s3_bucket_consumer_with_no_taskflow' retrieved from /home/airflow/.local/lib/python3.12/site-packages/airflow/example_dags/example_dataset_alias_with_no_taskflow.py
[2024-10-12T16:36:26.978+0000] {logging_mixin.py:190} INFO - [2024-10-12T16:36:26.978+0000] {dag.py:3239} INFO - Sync 4 DAGs
[2024-10-12T16:36:26.992+0000] {logging_mixin.py:190} INFO - [2024-10-12T16:36:26.992+0000] {dag.py:4180} INFO - Setting next_dagrun for dataset_alias_example_alias_consumer_with_no_taskflow to None, run_after=None
[2024-10-12T16:36:26.994+0000] {logging_mixin.py:190} INFO - [2024-10-12T16:36:26.993+0000] {dag.py:4180} INFO - Setting next_dagrun for dataset_alias_example_alias_producer_with_no_taskflow to None, run_after=None
[2024-10-12T16:36:26.995+0000] {logging_mixin.py:190} INFO - [2024-10-12T16:36:26.995+0000] {dag.py:4180} INFO - Setting next_dagrun for dataset_s3_bucket_consumer_with_no_taskflow to None, run_after=None
[2024-10-12T16:36:26.995+0000] {logging_mixin.py:190} INFO - [2024-10-12T16:36:26.995+0000] {dag.py:4180} INFO - Setting next_dagrun for dataset_s3_bucket_producer_with_no_taskflow to None, run_after=None
[2024-10-12T16:36:27.007+0000] {processor.py:208} INFO - Processing /home/airflow/.local/lib/python3.12/site-packages/airflow/example_dags/example_dataset_alias_with_no_taskflow.py took 0.120 seconds
[2024-10-12T16:36:57.048+0000] {processor.py:186} INFO - Started process (PID=1216) to work on /home/airflow/.local/lib/python3.12/site-packages/airflow/example_dags/example_dataset_alias_with_no_taskflow.py
[2024-10-12T16:36:57.049+0000] {processor.py:914} INFO - Processing file /home/airflow/.local/lib/python3.12/site-packages/airflow/example_dags/example_dataset_alias_with_no_taskflow.py for tasks to queue
[2024-10-12T16:36:57.051+0000] {logging_mixin.py:190} INFO - [2024-10-12T16:36:57.051+0000] {dagbag.py:588} INFO - Filling up the DagBag from /home/airflow/.local/lib/python3.12/site-packages/airflow/example_dags/example_dataset_alias_with_no_taskflow.py
[2024-10-12T16:36:57.123+0000] {processor.py:925} INFO - DAG(s) 'dataset_alias_example_alias_producer_with_no_taskflow', 'dataset_alias_example_alias_consumer_with_no_taskflow', 'dataset_s3_bucket_producer_with_no_taskflow', 'dataset_s3_bucket_consumer_with_no_taskflow' retrieved from /home/airflow/.local/lib/python3.12/site-packages/airflow/example_dags/example_dataset_alias_with_no_taskflow.py
[2024-10-12T16:36:57.133+0000] {logging_mixin.py:190} INFO - [2024-10-12T16:36:57.133+0000] {dag.py:3239} INFO - Sync 4 DAGs
[2024-10-12T16:36:57.146+0000] {logging_mixin.py:190} INFO - [2024-10-12T16:36:57.145+0000] {dag.py:4180} INFO - Setting next_dagrun for dataset_alias_example_alias_consumer_with_no_taskflow to None, run_after=None
[2024-10-12T16:36:57.147+0000] {logging_mixin.py:190} INFO - [2024-10-12T16:36:57.147+0000] {dag.py:4180} INFO - Setting next_dagrun for dataset_alias_example_alias_producer_with_no_taskflow to None, run_after=None
[2024-10-12T16:36:57.148+0000] {logging_mixin.py:190} INFO - [2024-10-12T16:36:57.148+0000] {dag.py:4180} INFO - Setting next_dagrun for dataset_s3_bucket_consumer_with_no_taskflow to None, run_after=None
[2024-10-12T16:36:57.148+0000] {logging_mixin.py:190} INFO - [2024-10-12T16:36:57.148+0000] {dag.py:4180} INFO - Setting next_dagrun for dataset_s3_bucket_producer_with_no_taskflow to None, run_after=None
[2024-10-12T16:36:57.160+0000] {processor.py:208} INFO - Processing /home/airflow/.local/lib/python3.12/site-packages/airflow/example_dags/example_dataset_alias_with_no_taskflow.py took 0.118 seconds
[2024-10-12T16:37:27.310+0000] {processor.py:186} INFO - Started process (PID=1502) to work on /home/airflow/.local/lib/python3.12/site-packages/airflow/example_dags/example_dataset_alias_with_no_taskflow.py
[2024-10-12T16:37:27.311+0000] {processor.py:914} INFO - Processing file /home/airflow/.local/lib/python3.12/site-packages/airflow/example_dags/example_dataset_alias_with_no_taskflow.py for tasks to queue
[2024-10-12T16:37:27.313+0000] {logging_mixin.py:190} INFO - [2024-10-12T16:37:27.313+0000] {dagbag.py:588} INFO - Filling up the DagBag from /home/airflow/.local/lib/python3.12/site-packages/airflow/example_dags/example_dataset_alias_with_no_taskflow.py
[2024-10-12T16:37:27.386+0000] {processor.py:925} INFO - DAG(s) 'dataset_alias_example_alias_producer_with_no_taskflow', 'dataset_s3_bucket_producer_with_no_taskflow', 'dataset_alias_example_alias_consumer_with_no_taskflow', 'dataset_s3_bucket_consumer_with_no_taskflow' retrieved from /home/airflow/.local/lib/python3.12/site-packages/airflow/example_dags/example_dataset_alias_with_no_taskflow.py
[2024-10-12T16:37:27.397+0000] {logging_mixin.py:190} INFO - [2024-10-12T16:37:27.396+0000] {dag.py:3239} INFO - Sync 4 DAGs
[2024-10-12T16:37:27.409+0000] {logging_mixin.py:190} INFO - [2024-10-12T16:37:27.409+0000] {dag.py:4180} INFO - Setting next_dagrun for dataset_alias_example_alias_consumer_with_no_taskflow to None, run_after=None
[2024-10-12T16:37:27.411+0000] {logging_mixin.py:190} INFO - [2024-10-12T16:37:27.410+0000] {dag.py:4180} INFO - Setting next_dagrun for dataset_alias_example_alias_producer_with_no_taskflow to None, run_after=None
[2024-10-12T16:37:27.411+0000] {logging_mixin.py:190} INFO - [2024-10-12T16:37:27.411+0000] {dag.py:4180} INFO - Setting next_dagrun for dataset_s3_bucket_consumer_with_no_taskflow to None, run_after=None
[2024-10-12T16:37:27.412+0000] {logging_mixin.py:190} INFO - [2024-10-12T16:37:27.412+0000] {dag.py:4180} INFO - Setting next_dagrun for dataset_s3_bucket_producer_with_no_taskflow to None, run_after=None
[2024-10-12T16:37:27.423+0000] {processor.py:208} INFO - Processing /home/airflow/.local/lib/python3.12/site-packages/airflow/example_dags/example_dataset_alias_with_no_taskflow.py took 0.117 seconds
[2024-10-12T16:37:57.737+0000] {processor.py:186} INFO - Started process (PID=1787) to work on /home/airflow/.local/lib/python3.12/site-packages/airflow/example_dags/example_dataset_alias_with_no_taskflow.py
[2024-10-12T16:37:57.738+0000] {processor.py:914} INFO - Processing file /home/airflow/.local/lib/python3.12/site-packages/airflow/example_dags/example_dataset_alias_with_no_taskflow.py for tasks to queue
[2024-10-12T16:37:57.739+0000] {logging_mixin.py:190} INFO - [2024-10-12T16:37:57.739+0000] {dagbag.py:588} INFO - Filling up the DagBag from /home/airflow/.local/lib/python3.12/site-packages/airflow/example_dags/example_dataset_alias_with_no_taskflow.py
[2024-10-12T16:37:57.814+0000] {processor.py:925} INFO - DAG(s) 'dataset_alias_example_alias_producer_with_no_taskflow', 'dataset_s3_bucket_consumer_with_no_taskflow', 'dataset_s3_bucket_producer_with_no_taskflow', 'dataset_alias_example_alias_consumer_with_no_taskflow' retrieved from /home/airflow/.local/lib/python3.12/site-packages/airflow/example_dags/example_dataset_alias_with_no_taskflow.py
[2024-10-12T16:37:57.827+0000] {logging_mixin.py:190} INFO - [2024-10-12T16:37:57.827+0000] {dag.py:3239} INFO - Sync 4 DAGs
[2024-10-12T16:37:57.840+0000] {logging_mixin.py:190} INFO - [2024-10-12T16:37:57.839+0000] {dag.py:4180} INFO - Setting next_dagrun for dataset_alias_example_alias_consumer_with_no_taskflow to None, run_after=None
[2024-10-12T16:37:57.841+0000] {logging_mixin.py:190} INFO - [2024-10-12T16:37:57.841+0000] {dag.py:4180} INFO - Setting next_dagrun for dataset_alias_example_alias_producer_with_no_taskflow to None, run_after=None
[2024-10-12T16:37:57.842+0000] {logging_mixin.py:190} INFO - [2024-10-12T16:37:57.842+0000] {dag.py:4180} INFO - Setting next_dagrun for dataset_s3_bucket_consumer_with_no_taskflow to None, run_after=None
[2024-10-12T16:37:57.843+0000] {logging_mixin.py:190} INFO - [2024-10-12T16:37:57.842+0000] {dag.py:4180} INFO - Setting next_dagrun for dataset_s3_bucket_producer_with_no_taskflow to None, run_after=None
[2024-10-12T16:37:57.854+0000] {processor.py:208} INFO - Processing /home/airflow/.local/lib/python3.12/site-packages/airflow/example_dags/example_dataset_alias_with_no_taskflow.py took 0.121 seconds
[2024-10-12T16:38:27.949+0000] {processor.py:186} INFO - Started process (PID=2074) to work on /home/airflow/.local/lib/python3.12/site-packages/airflow/example_dags/example_dataset_alias_with_no_taskflow.py
[2024-10-12T16:38:27.950+0000] {processor.py:914} INFO - Processing file /home/airflow/.local/lib/python3.12/site-packages/airflow/example_dags/example_dataset_alias_with_no_taskflow.py for tasks to queue
[2024-10-12T16:38:27.951+0000] {logging_mixin.py:190} INFO - [2024-10-12T16:38:27.951+0000] {dagbag.py:588} INFO - Filling up the DagBag from /home/airflow/.local/lib/python3.12/site-packages/airflow/example_dags/example_dataset_alias_with_no_taskflow.py
[2024-10-12T16:38:28.024+0000] {processor.py:925} INFO - DAG(s) 'dataset_alias_example_alias_producer_with_no_taskflow', 'dataset_s3_bucket_consumer_with_no_taskflow', 'dataset_s3_bucket_producer_with_no_taskflow', 'dataset_alias_example_alias_consumer_with_no_taskflow' retrieved from /home/airflow/.local/lib/python3.12/site-packages/airflow/example_dags/example_dataset_alias_with_no_taskflow.py
[2024-10-12T16:38:28.035+0000] {logging_mixin.py:190} INFO - [2024-10-12T16:38:28.035+0000] {dag.py:3239} INFO - Sync 4 DAGs
[2024-10-12T16:38:28.047+0000] {logging_mixin.py:190} INFO - [2024-10-12T16:38:28.047+0000] {dag.py:4180} INFO - Setting next_dagrun for dataset_alias_example_alias_consumer_with_no_taskflow to None, run_after=None
[2024-10-12T16:38:28.050+0000] {logging_mixin.py:190} INFO - [2024-10-12T16:38:28.050+0000] {dag.py:4180} INFO - Setting next_dagrun for dataset_alias_example_alias_producer_with_no_taskflow to None, run_after=None
[2024-10-12T16:38:28.051+0000] {logging_mixin.py:190} INFO - [2024-10-12T16:38:28.051+0000] {dag.py:4180} INFO - Setting next_dagrun for dataset_s3_bucket_consumer_with_no_taskflow to None, run_after=None
[2024-10-12T16:38:28.051+0000] {logging_mixin.py:190} INFO - [2024-10-12T16:38:28.051+0000] {dag.py:4180} INFO - Setting next_dagrun for dataset_s3_bucket_producer_with_no_taskflow to None, run_after=None
[2024-10-12T16:38:28.063+0000] {processor.py:208} INFO - Processing /home/airflow/.local/lib/python3.12/site-packages/airflow/example_dags/example_dataset_alias_with_no_taskflow.py took 0.117 seconds
[2024-10-12T16:38:58.139+0000] {processor.py:186} INFO - Started process (PID=2360) to work on /home/airflow/.local/lib/python3.12/site-packages/airflow/example_dags/example_dataset_alias_with_no_taskflow.py
[2024-10-12T16:38:58.139+0000] {processor.py:914} INFO - Processing file /home/airflow/.local/lib/python3.12/site-packages/airflow/example_dags/example_dataset_alias_with_no_taskflow.py for tasks to queue
[2024-10-12T16:38:58.142+0000] {logging_mixin.py:190} INFO - [2024-10-12T16:38:58.141+0000] {dagbag.py:588} INFO - Filling up the DagBag from /home/airflow/.local/lib/python3.12/site-packages/airflow/example_dags/example_dataset_alias_with_no_taskflow.py
[2024-10-12T16:38:58.224+0000] {processor.py:925} INFO - DAG(s) 'dataset_s3_bucket_producer_with_no_taskflow', 'dataset_s3_bucket_consumer_with_no_taskflow', 'dataset_alias_example_alias_consumer_with_no_taskflow', 'dataset_alias_example_alias_producer_with_no_taskflow' retrieved from /home/airflow/.local/lib/python3.12/site-packages/airflow/example_dags/example_dataset_alias_with_no_taskflow.py
[2024-10-12T16:38:58.235+0000] {logging_mixin.py:190} INFO - [2024-10-12T16:38:58.235+0000] {dag.py:3239} INFO - Sync 4 DAGs
[2024-10-12T16:38:58.248+0000] {logging_mixin.py:190} INFO - [2024-10-12T16:38:58.247+0000] {dag.py:4180} INFO - Setting next_dagrun for dataset_alias_example_alias_consumer_with_no_taskflow to None, run_after=None
[2024-10-12T16:38:58.249+0000] {logging_mixin.py:190} INFO - [2024-10-12T16:38:58.249+0000] {dag.py:4180} INFO - Setting next_dagrun for dataset_alias_example_alias_producer_with_no_taskflow to None, run_after=None
[2024-10-12T16:38:58.250+0000] {logging_mixin.py:190} INFO - [2024-10-12T16:38:58.250+0000] {dag.py:4180} INFO - Setting next_dagrun for dataset_s3_bucket_consumer_with_no_taskflow to None, run_after=None
[2024-10-12T16:38:58.251+0000] {logging_mixin.py:190} INFO - [2024-10-12T16:38:58.250+0000] {dag.py:4180} INFO - Setting next_dagrun for dataset_s3_bucket_producer_with_no_taskflow to None, run_after=None
[2024-10-12T16:38:58.263+0000] {processor.py:208} INFO - Processing /home/airflow/.local/lib/python3.12/site-packages/airflow/example_dags/example_dataset_alias_with_no_taskflow.py took 0.128 seconds
[2024-10-12T16:39:28.483+0000] {processor.py:186} INFO - Started process (PID=2646) to work on /home/airflow/.local/lib/python3.12/site-packages/airflow/example_dags/example_dataset_alias_with_no_taskflow.py
[2024-10-12T16:39:28.486+0000] {processor.py:914} INFO - Processing file /home/airflow/.local/lib/python3.12/site-packages/airflow/example_dags/example_dataset_alias_with_no_taskflow.py for tasks to queue
[2024-10-12T16:39:28.488+0000] {logging_mixin.py:190} INFO - [2024-10-12T16:39:28.487+0000] {dagbag.py:588} INFO - Filling up the DagBag from /home/airflow/.local/lib/python3.12/site-packages/airflow/example_dags/example_dataset_alias_with_no_taskflow.py
[2024-10-12T16:39:28.570+0000] {processor.py:925} INFO - DAG(s) 'dataset_s3_bucket_consumer_with_no_taskflow', 'dataset_alias_example_alias_producer_with_no_taskflow', 'dataset_s3_bucket_producer_with_no_taskflow', 'dataset_alias_example_alias_consumer_with_no_taskflow' retrieved from /home/airflow/.local/lib/python3.12/site-packages/airflow/example_dags/example_dataset_alias_with_no_taskflow.py
[2024-10-12T16:39:28.582+0000] {logging_mixin.py:190} INFO - [2024-10-12T16:39:28.582+0000] {dag.py:3239} INFO - Sync 4 DAGs
[2024-10-12T16:39:28.596+0000] {logging_mixin.py:190} INFO - [2024-10-12T16:39:28.596+0000] {dag.py:4180} INFO - Setting next_dagrun for dataset_alias_example_alias_consumer_with_no_taskflow to None, run_after=None
[2024-10-12T16:39:28.597+0000] {logging_mixin.py:190} INFO - [2024-10-12T16:39:28.597+0000] {dag.py:4180} INFO - Setting next_dagrun for dataset_alias_example_alias_producer_with_no_taskflow to None, run_after=None
[2024-10-12T16:39:28.598+0000] {logging_mixin.py:190} INFO - [2024-10-12T16:39:28.598+0000] {dag.py:4180} INFO - Setting next_dagrun for dataset_s3_bucket_consumer_with_no_taskflow to None, run_after=None
[2024-10-12T16:39:28.599+0000] {logging_mixin.py:190} INFO - [2024-10-12T16:39:28.599+0000] {dag.py:4180} INFO - Setting next_dagrun for dataset_s3_bucket_producer_with_no_taskflow to None, run_after=None
[2024-10-12T16:39:28.610+0000] {processor.py:208} INFO - Processing /home/airflow/.local/lib/python3.12/site-packages/airflow/example_dags/example_dataset_alias_with_no_taskflow.py took 0.131 seconds
[2024-10-12T16:39:58.691+0000] {processor.py:186} INFO - Started process (PID=2932) to work on /home/airflow/.local/lib/python3.12/site-packages/airflow/example_dags/example_dataset_alias_with_no_taskflow.py
[2024-10-12T16:39:58.692+0000] {processor.py:914} INFO - Processing file /home/airflow/.local/lib/python3.12/site-packages/airflow/example_dags/example_dataset_alias_with_no_taskflow.py for tasks to queue
[2024-10-12T16:39:58.693+0000] {logging_mixin.py:190} INFO - [2024-10-12T16:39:58.693+0000] {dagbag.py:588} INFO - Filling up the DagBag from /home/airflow/.local/lib/python3.12/site-packages/airflow/example_dags/example_dataset_alias_with_no_taskflow.py
[2024-10-12T16:39:58.765+0000] {processor.py:925} INFO - DAG(s) 'dataset_alias_example_alias_producer_with_no_taskflow', 'dataset_s3_bucket_consumer_with_no_taskflow', 'dataset_alias_example_alias_consumer_with_no_taskflow', 'dataset_s3_bucket_producer_with_no_taskflow' retrieved from /home/airflow/.local/lib/python3.12/site-packages/airflow/example_dags/example_dataset_alias_with_no_taskflow.py
[2024-10-12T16:39:58.777+0000] {logging_mixin.py:190} INFO - [2024-10-12T16:39:58.776+0000] {dag.py:3239} INFO - Sync 4 DAGs
[2024-10-12T16:39:58.790+0000] {logging_mixin.py:190} INFO - [2024-10-12T16:39:58.790+0000] {dag.py:4180} INFO - Setting next_dagrun for dataset_alias_example_alias_consumer_with_no_taskflow to None, run_after=None
[2024-10-12T16:39:58.792+0000] {logging_mixin.py:190} INFO - [2024-10-12T16:39:58.791+0000] {dag.py:4180} INFO - Setting next_dagrun for dataset_alias_example_alias_producer_with_no_taskflow to None, run_after=None
[2024-10-12T16:39:58.792+0000] {logging_mixin.py:190} INFO - [2024-10-12T16:39:58.792+0000] {dag.py:4180} INFO - Setting next_dagrun for dataset_s3_bucket_consumer_with_no_taskflow to None, run_after=None
[2024-10-12T16:39:58.793+0000] {logging_mixin.py:190} INFO - [2024-10-12T16:39:58.793+0000] {dag.py:4180} INFO - Setting next_dagrun for dataset_s3_bucket_producer_with_no_taskflow to None, run_after=None
[2024-10-12T16:39:58.804+0000] {processor.py:208} INFO - Processing /home/airflow/.local/lib/python3.12/site-packages/airflow/example_dags/example_dataset_alias_with_no_taskflow.py took 0.118 seconds
[2024-10-12T16:40:29.115+0000] {processor.py:186} INFO - Started process (PID=3218) to work on /home/airflow/.local/lib/python3.12/site-packages/airflow/example_dags/example_dataset_alias_with_no_taskflow.py
[2024-10-12T16:40:29.116+0000] {processor.py:914} INFO - Processing file /home/airflow/.local/lib/python3.12/site-packages/airflow/example_dags/example_dataset_alias_with_no_taskflow.py for tasks to queue
[2024-10-12T16:40:29.117+0000] {logging_mixin.py:190} INFO - [2024-10-12T16:40:29.117+0000] {dagbag.py:588} INFO - Filling up the DagBag from /home/airflow/.local/lib/python3.12/site-packages/airflow/example_dags/example_dataset_alias_with_no_taskflow.py
[2024-10-12T16:40:29.191+0000] {processor.py:925} INFO - DAG(s) 'dataset_s3_bucket_producer_with_no_taskflow', 'dataset_alias_example_alias_producer_with_no_taskflow', 'dataset_alias_example_alias_consumer_with_no_taskflow', 'dataset_s3_bucket_consumer_with_no_taskflow' retrieved from /home/airflow/.local/lib/python3.12/site-packages/airflow/example_dags/example_dataset_alias_with_no_taskflow.py
[2024-10-12T16:40:29.202+0000] {logging_mixin.py:190} INFO - [2024-10-12T16:40:29.202+0000] {dag.py:3239} INFO - Sync 4 DAGs
[2024-10-12T16:40:29.214+0000] {logging_mixin.py:190} INFO - [2024-10-12T16:40:29.214+0000] {dag.py:4180} INFO - Setting next_dagrun for dataset_alias_example_alias_consumer_with_no_taskflow to None, run_after=None
[2024-10-12T16:40:29.216+0000] {logging_mixin.py:190} INFO - [2024-10-12T16:40:29.216+0000] {dag.py:4180} INFO - Setting next_dagrun for dataset_alias_example_alias_producer_with_no_taskflow to None, run_after=None
[2024-10-12T16:40:29.217+0000] {logging_mixin.py:190} INFO - [2024-10-12T16:40:29.216+0000] {dag.py:4180} INFO - Setting next_dagrun for dataset_s3_bucket_consumer_with_no_taskflow to None, run_after=None
[2024-10-12T16:40:29.217+0000] {logging_mixin.py:190} INFO - [2024-10-12T16:40:29.217+0000] {dag.py:4180} INFO - Setting next_dagrun for dataset_s3_bucket_producer_with_no_taskflow to None, run_after=None
[2024-10-12T16:40:29.229+0000] {processor.py:208} INFO - Processing /home/airflow/.local/lib/python3.12/site-packages/airflow/example_dags/example_dataset_alias_with_no_taskflow.py took 0.118 seconds
[2024-10-12T16:40:59.517+0000] {processor.py:186} INFO - Started process (PID=3504) to work on /home/airflow/.local/lib/python3.12/site-packages/airflow/example_dags/example_dataset_alias_with_no_taskflow.py
[2024-10-12T16:40:59.518+0000] {processor.py:914} INFO - Processing file /home/airflow/.local/lib/python3.12/site-packages/airflow/example_dags/example_dataset_alias_with_no_taskflow.py for tasks to queue
[2024-10-12T16:40:59.521+0000] {logging_mixin.py:190} INFO - [2024-10-12T16:40:59.520+0000] {dagbag.py:588} INFO - Filling up the DagBag from /home/airflow/.local/lib/python3.12/site-packages/airflow/example_dags/example_dataset_alias_with_no_taskflow.py
[2024-10-12T16:40:59.597+0000] {processor.py:925} INFO - DAG(s) 'dataset_s3_bucket_consumer_with_no_taskflow', 'dataset_s3_bucket_producer_with_no_taskflow', 'dataset_alias_example_alias_producer_with_no_taskflow', 'dataset_alias_example_alias_consumer_with_no_taskflow' retrieved from /home/airflow/.local/lib/python3.12/site-packages/airflow/example_dags/example_dataset_alias_with_no_taskflow.py
[2024-10-12T16:40:59.612+0000] {logging_mixin.py:190} INFO - [2024-10-12T16:40:59.611+0000] {dag.py:3239} INFO - Sync 4 DAGs
[2024-10-12T16:40:59.625+0000] {logging_mixin.py:190} INFO - [2024-10-12T16:40:59.625+0000] {dag.py:4180} INFO - Setting next_dagrun for dataset_alias_example_alias_consumer_with_no_taskflow to None, run_after=None
[2024-10-12T16:40:59.628+0000] {logging_mixin.py:190} INFO - [2024-10-12T16:40:59.627+0000] {dag.py:4180} INFO - Setting next_dagrun for dataset_alias_example_alias_producer_with_no_taskflow to None, run_after=None
[2024-10-12T16:40:59.631+0000] {logging_mixin.py:190} INFO - [2024-10-12T16:40:59.631+0000] {dag.py:4180} INFO - Setting next_dagrun for dataset_s3_bucket_consumer_with_no_taskflow to None, run_after=None
[2024-10-12T16:40:59.633+0000] {logging_mixin.py:190} INFO - [2024-10-12T16:40:59.633+0000] {dag.py:4180} INFO - Setting next_dagrun for dataset_s3_bucket_producer_with_no_taskflow to None, run_after=None
[2024-10-12T16:40:59.648+0000] {processor.py:208} INFO - Processing /home/airflow/.local/lib/python3.12/site-packages/airflow/example_dags/example_dataset_alias_with_no_taskflow.py took 0.136 seconds
[2024-10-12T16:41:29.924+0000] {processor.py:186} INFO - Started process (PID=3790) to work on /home/airflow/.local/lib/python3.12/site-packages/airflow/example_dags/example_dataset_alias_with_no_taskflow.py
[2024-10-12T16:41:29.924+0000] {processor.py:914} INFO - Processing file /home/airflow/.local/lib/python3.12/site-packages/airflow/example_dags/example_dataset_alias_with_no_taskflow.py for tasks to queue
[2024-10-12T16:41:29.926+0000] {logging_mixin.py:190} INFO - [2024-10-12T16:41:29.925+0000] {dagbag.py:588} INFO - Filling up the DagBag from /home/airflow/.local/lib/python3.12/site-packages/airflow/example_dags/example_dataset_alias_with_no_taskflow.py
[2024-10-12T16:41:30.001+0000] {processor.py:925} INFO - DAG(s) 'dataset_alias_example_alias_producer_with_no_taskflow', 'dataset_alias_example_alias_consumer_with_no_taskflow', 'dataset_s3_bucket_consumer_with_no_taskflow', 'dataset_s3_bucket_producer_with_no_taskflow' retrieved from /home/airflow/.local/lib/python3.12/site-packages/airflow/example_dags/example_dataset_alias_with_no_taskflow.py
[2024-10-12T16:41:30.014+0000] {logging_mixin.py:190} INFO - [2024-10-12T16:41:30.014+0000] {dag.py:3239} INFO - Sync 4 DAGs
[2024-10-12T16:41:30.029+0000] {logging_mixin.py:190} INFO - [2024-10-12T16:41:30.029+0000] {dag.py:4180} INFO - Setting next_dagrun for dataset_alias_example_alias_consumer_with_no_taskflow to None, run_after=None
[2024-10-12T16:41:30.031+0000] {logging_mixin.py:190} INFO - [2024-10-12T16:41:30.030+0000] {dag.py:4180} INFO - Setting next_dagrun for dataset_alias_example_alias_producer_with_no_taskflow to None, run_after=None
[2024-10-12T16:41:30.031+0000] {logging_mixin.py:190} INFO - [2024-10-12T16:41:30.031+0000] {dag.py:4180} INFO - Setting next_dagrun for dataset_s3_bucket_consumer_with_no_taskflow to None, run_after=None
[2024-10-12T16:41:30.032+0000] {logging_mixin.py:190} INFO - [2024-10-12T16:41:30.032+0000] {dag.py:4180} INFO - Setting next_dagrun for dataset_s3_bucket_producer_with_no_taskflow to None, run_after=None
[2024-10-12T16:41:30.045+0000] {processor.py:208} INFO - Processing /home/airflow/.local/lib/python3.12/site-packages/airflow/example_dags/example_dataset_alias_with_no_taskflow.py took 0.125 seconds
