[2024-10-12T16:35:24.595+0000] {processor.py:186} INFO - Started process (PID=288) to work on /home/airflow/.local/lib/python3.12/site-packages/airflow/example_dags/example_kubernetes_executor.py
[2024-10-12T16:35:24.596+0000] {processor.py:914} INFO - Processing file /home/airflow/.local/lib/python3.12/site-packages/airflow/example_dags/example_kubernetes_executor.py for tasks to queue
[2024-10-12T16:35:24.597+0000] {logging_mixin.py:190} INFO - [2024-10-12T16:35:24.597+0000] {dagbag.py:588} INFO - Filling up the DagBag from /home/airflow/.local/lib/python3.12/site-packages/airflow/example_dags/example_kubernetes_executor.py
[2024-10-12T16:35:24.606+0000] {processor.py:925} INFO - DAG(s) 'example_kubernetes_executor' retrieved from /home/airflow/.local/lib/python3.12/site-packages/airflow/example_dags/example_kubernetes_executor.py
[2024-10-12T16:35:24.670+0000] {logging_mixin.py:190} INFO - [2024-10-12T16:35:24.670+0000] {override.py:1900} INFO - Created Permission View: can edit on DAG:example_kubernetes_executor
[2024-10-12T16:35:24.676+0000] {logging_mixin.py:190} INFO - [2024-10-12T16:35:24.675+0000] {override.py:1900} INFO - Created Permission View: can read on DAG:example_kubernetes_executor
[2024-10-12T16:35:24.680+0000] {logging_mixin.py:190} INFO - [2024-10-12T16:35:24.679+0000] {override.py:1900} INFO - Created Permission View: can delete on DAG:example_kubernetes_executor
[2024-10-12T16:35:24.687+0000] {logging_mixin.py:190} INFO - [2024-10-12T16:35:24.687+0000] {override.py:1900} INFO - Created Permission View: menu access on DAG Run:example_kubernetes_executor
[2024-10-12T16:35:24.690+0000] {logging_mixin.py:190} INFO - [2024-10-12T16:35:24.690+0000] {override.py:1900} INFO - Created Permission View: can read on DAG Run:example_kubernetes_executor
[2024-10-12T16:35:24.693+0000] {logging_mixin.py:190} INFO - [2024-10-12T16:35:24.693+0000] {override.py:1900} INFO - Created Permission View: can delete on DAG Run:example_kubernetes_executor
[2024-10-12T16:35:24.696+0000] {logging_mixin.py:190} INFO - [2024-10-12T16:35:24.696+0000] {override.py:1900} INFO - Created Permission View: can create on DAG Run:example_kubernetes_executor
[2024-10-12T16:35:24.696+0000] {logging_mixin.py:190} INFO - [2024-10-12T16:35:24.696+0000] {dag.py:3239} INFO - Sync 1 DAGs
[2024-10-12T16:35:24.703+0000] {logging_mixin.py:190} INFO - [2024-10-12T16:35:24.703+0000] {dag.py:3262} INFO - Creating ORM DAG for example_kubernetes_executor
[2024-10-12T16:35:24.703+0000] {logging_mixin.py:190} INFO - [2024-10-12T16:35:24.703+0000] {dag.py:4180} INFO - Setting next_dagrun for example_kubernetes_executor to None, run_after=None
[2024-10-12T16:35:24.712+0000] {processor.py:208} INFO - Processing /home/airflow/.local/lib/python3.12/site-packages/airflow/example_dags/example_kubernetes_executor.py took 0.121 seconds
[2024-10-12T16:35:55.187+0000] {processor.py:186} INFO - Started process (PID=574) to work on /home/airflow/.local/lib/python3.12/site-packages/airflow/example_dags/example_kubernetes_executor.py
[2024-10-12T16:35:55.188+0000] {processor.py:914} INFO - Processing file /home/airflow/.local/lib/python3.12/site-packages/airflow/example_dags/example_kubernetes_executor.py for tasks to queue
[2024-10-12T16:35:55.190+0000] {logging_mixin.py:190} INFO - [2024-10-12T16:35:55.190+0000] {dagbag.py:588} INFO - Filling up the DagBag from /home/airflow/.local/lib/python3.12/site-packages/airflow/example_dags/example_kubernetes_executor.py
[2024-10-12T16:35:55.198+0000] {processor.py:925} INFO - DAG(s) 'example_kubernetes_executor' retrieved from /home/airflow/.local/lib/python3.12/site-packages/airflow/example_dags/example_kubernetes_executor.py
[2024-10-12T16:35:55.221+0000] {logging_mixin.py:190} INFO - [2024-10-12T16:35:55.220+0000] {dag.py:3239} INFO - Sync 1 DAGs
[2024-10-12T16:35:55.230+0000] {logging_mixin.py:190} INFO - [2024-10-12T16:35:55.229+0000] {dag.py:4180} INFO - Setting next_dagrun for example_kubernetes_executor to None, run_after=None
[2024-10-12T16:35:55.239+0000] {processor.py:208} INFO - Processing /home/airflow/.local/lib/python3.12/site-packages/airflow/example_dags/example_kubernetes_executor.py took 0.056 seconds
[2024-10-12T16:36:25.406+0000] {processor.py:186} INFO - Started process (PID=860) to work on /home/airflow/.local/lib/python3.12/site-packages/airflow/example_dags/example_kubernetes_executor.py
[2024-10-12T16:36:25.407+0000] {processor.py:914} INFO - Processing file /home/airflow/.local/lib/python3.12/site-packages/airflow/example_dags/example_kubernetes_executor.py for tasks to queue
[2024-10-12T16:36:25.409+0000] {logging_mixin.py:190} INFO - [2024-10-12T16:36:25.408+0000] {dagbag.py:588} INFO - Filling up the DagBag from /home/airflow/.local/lib/python3.12/site-packages/airflow/example_dags/example_kubernetes_executor.py
[2024-10-12T16:36:25.416+0000] {processor.py:925} INFO - DAG(s) 'example_kubernetes_executor' retrieved from /home/airflow/.local/lib/python3.12/site-packages/airflow/example_dags/example_kubernetes_executor.py
[2024-10-12T16:36:25.438+0000] {logging_mixin.py:190} INFO - [2024-10-12T16:36:25.438+0000] {dag.py:3239} INFO - Sync 1 DAGs
[2024-10-12T16:36:25.447+0000] {logging_mixin.py:190} INFO - [2024-10-12T16:36:25.447+0000] {dag.py:4180} INFO - Setting next_dagrun for example_kubernetes_executor to None, run_after=None
[2024-10-12T16:36:25.458+0000] {processor.py:208} INFO - Processing /home/airflow/.local/lib/python3.12/site-packages/airflow/example_dags/example_kubernetes_executor.py took 0.055 seconds
[2024-10-12T16:36:55.561+0000] {processor.py:186} INFO - Started process (PID=1146) to work on /home/airflow/.local/lib/python3.12/site-packages/airflow/example_dags/example_kubernetes_executor.py
[2024-10-12T16:36:55.562+0000] {processor.py:914} INFO - Processing file /home/airflow/.local/lib/python3.12/site-packages/airflow/example_dags/example_kubernetes_executor.py for tasks to queue
[2024-10-12T16:36:55.563+0000] {logging_mixin.py:190} INFO - [2024-10-12T16:36:55.563+0000] {dagbag.py:588} INFO - Filling up the DagBag from /home/airflow/.local/lib/python3.12/site-packages/airflow/example_dags/example_kubernetes_executor.py
[2024-10-12T16:36:55.571+0000] {processor.py:925} INFO - DAG(s) 'example_kubernetes_executor' retrieved from /home/airflow/.local/lib/python3.12/site-packages/airflow/example_dags/example_kubernetes_executor.py
[2024-10-12T16:36:55.595+0000] {logging_mixin.py:190} INFO - [2024-10-12T16:36:55.595+0000] {dag.py:3239} INFO - Sync 1 DAGs
[2024-10-12T16:36:55.603+0000] {logging_mixin.py:190} INFO - [2024-10-12T16:36:55.602+0000] {dag.py:4180} INFO - Setting next_dagrun for example_kubernetes_executor to None, run_after=None
[2024-10-12T16:36:55.612+0000] {processor.py:208} INFO - Processing /home/airflow/.local/lib/python3.12/site-packages/airflow/example_dags/example_kubernetes_executor.py took 0.055 seconds
[2024-10-12T16:37:25.833+0000] {processor.py:186} INFO - Started process (PID=1432) to work on /home/airflow/.local/lib/python3.12/site-packages/airflow/example_dags/example_kubernetes_executor.py
[2024-10-12T16:37:25.833+0000] {processor.py:914} INFO - Processing file /home/airflow/.local/lib/python3.12/site-packages/airflow/example_dags/example_kubernetes_executor.py for tasks to queue
[2024-10-12T16:37:25.835+0000] {logging_mixin.py:190} INFO - [2024-10-12T16:37:25.834+0000] {dagbag.py:588} INFO - Filling up the DagBag from /home/airflow/.local/lib/python3.12/site-packages/airflow/example_dags/example_kubernetes_executor.py
[2024-10-12T16:37:25.842+0000] {processor.py:925} INFO - DAG(s) 'example_kubernetes_executor' retrieved from /home/airflow/.local/lib/python3.12/site-packages/airflow/example_dags/example_kubernetes_executor.py
[2024-10-12T16:37:25.861+0000] {logging_mixin.py:190} INFO - [2024-10-12T16:37:25.861+0000] {dag.py:3239} INFO - Sync 1 DAGs
[2024-10-12T16:37:25.870+0000] {logging_mixin.py:190} INFO - [2024-10-12T16:37:25.870+0000] {dag.py:4180} INFO - Setting next_dagrun for example_kubernetes_executor to None, run_after=None
[2024-10-12T16:37:25.882+0000] {processor.py:208} INFO - Processing /home/airflow/.local/lib/python3.12/site-packages/airflow/example_dags/example_kubernetes_executor.py took 0.052 seconds
[2024-10-12T16:37:56.182+0000] {processor.py:186} INFO - Started process (PID=1718) to work on /home/airflow/.local/lib/python3.12/site-packages/airflow/example_dags/example_kubernetes_executor.py
[2024-10-12T16:37:56.183+0000] {processor.py:914} INFO - Processing file /home/airflow/.local/lib/python3.12/site-packages/airflow/example_dags/example_kubernetes_executor.py for tasks to queue
[2024-10-12T16:37:56.185+0000] {logging_mixin.py:190} INFO - [2024-10-12T16:37:56.184+0000] {dagbag.py:588} INFO - Filling up the DagBag from /home/airflow/.local/lib/python3.12/site-packages/airflow/example_dags/example_kubernetes_executor.py
[2024-10-12T16:37:56.195+0000] {processor.py:925} INFO - DAG(s) 'example_kubernetes_executor' retrieved from /home/airflow/.local/lib/python3.12/site-packages/airflow/example_dags/example_kubernetes_executor.py
[2024-10-12T16:37:56.216+0000] {logging_mixin.py:190} INFO - [2024-10-12T16:37:56.216+0000] {dag.py:3239} INFO - Sync 1 DAGs
[2024-10-12T16:37:56.225+0000] {logging_mixin.py:190} INFO - [2024-10-12T16:37:56.224+0000] {dag.py:4180} INFO - Setting next_dagrun for example_kubernetes_executor to None, run_after=None
[2024-10-12T16:37:56.234+0000] {processor.py:208} INFO - Processing /home/airflow/.local/lib/python3.12/site-packages/airflow/example_dags/example_kubernetes_executor.py took 0.057 seconds
[2024-10-12T16:38:26.442+0000] {processor.py:186} INFO - Started process (PID=2004) to work on /home/airflow/.local/lib/python3.12/site-packages/airflow/example_dags/example_kubernetes_executor.py
[2024-10-12T16:38:26.443+0000] {processor.py:914} INFO - Processing file /home/airflow/.local/lib/python3.12/site-packages/airflow/example_dags/example_kubernetes_executor.py for tasks to queue
[2024-10-12T16:38:26.444+0000] {logging_mixin.py:190} INFO - [2024-10-12T16:38:26.444+0000] {dagbag.py:588} INFO - Filling up the DagBag from /home/airflow/.local/lib/python3.12/site-packages/airflow/example_dags/example_kubernetes_executor.py
[2024-10-12T16:38:26.452+0000] {processor.py:925} INFO - DAG(s) 'example_kubernetes_executor' retrieved from /home/airflow/.local/lib/python3.12/site-packages/airflow/example_dags/example_kubernetes_executor.py
[2024-10-12T16:38:26.473+0000] {logging_mixin.py:190} INFO - [2024-10-12T16:38:26.473+0000] {dag.py:3239} INFO - Sync 1 DAGs
[2024-10-12T16:38:26.481+0000] {logging_mixin.py:190} INFO - [2024-10-12T16:38:26.481+0000] {dag.py:4180} INFO - Setting next_dagrun for example_kubernetes_executor to None, run_after=None
[2024-10-12T16:38:26.491+0000] {processor.py:208} INFO - Processing /home/airflow/.local/lib/python3.12/site-packages/airflow/example_dags/example_kubernetes_executor.py took 0.052 seconds
[2024-10-12T16:38:56.571+0000] {processor.py:186} INFO - Started process (PID=2290) to work on /home/airflow/.local/lib/python3.12/site-packages/airflow/example_dags/example_kubernetes_executor.py
[2024-10-12T16:38:56.571+0000] {processor.py:914} INFO - Processing file /home/airflow/.local/lib/python3.12/site-packages/airflow/example_dags/example_kubernetes_executor.py for tasks to queue
[2024-10-12T16:38:56.573+0000] {logging_mixin.py:190} INFO - [2024-10-12T16:38:56.572+0000] {dagbag.py:588} INFO - Filling up the DagBag from /home/airflow/.local/lib/python3.12/site-packages/airflow/example_dags/example_kubernetes_executor.py
[2024-10-12T16:38:56.580+0000] {processor.py:925} INFO - DAG(s) 'example_kubernetes_executor' retrieved from /home/airflow/.local/lib/python3.12/site-packages/airflow/example_dags/example_kubernetes_executor.py
[2024-10-12T16:38:56.600+0000] {logging_mixin.py:190} INFO - [2024-10-12T16:38:56.600+0000] {dag.py:3239} INFO - Sync 1 DAGs
[2024-10-12T16:38:56.608+0000] {logging_mixin.py:190} INFO - [2024-10-12T16:38:56.608+0000] {dag.py:4180} INFO - Setting next_dagrun for example_kubernetes_executor to None, run_after=None
[2024-10-12T16:38:56.618+0000] {processor.py:208} INFO - Processing /home/airflow/.local/lib/python3.12/site-packages/airflow/example_dags/example_kubernetes_executor.py took 0.053 seconds
[2024-10-12T16:39:26.940+0000] {processor.py:186} INFO - Started process (PID=2576) to work on /home/airflow/.local/lib/python3.12/site-packages/airflow/example_dags/example_kubernetes_executor.py
[2024-10-12T16:39:26.941+0000] {processor.py:914} INFO - Processing file /home/airflow/.local/lib/python3.12/site-packages/airflow/example_dags/example_kubernetes_executor.py for tasks to queue
[2024-10-12T16:39:26.942+0000] {logging_mixin.py:190} INFO - [2024-10-12T16:39:26.942+0000] {dagbag.py:588} INFO - Filling up the DagBag from /home/airflow/.local/lib/python3.12/site-packages/airflow/example_dags/example_kubernetes_executor.py
[2024-10-12T16:39:26.951+0000] {processor.py:925} INFO - DAG(s) 'example_kubernetes_executor' retrieved from /home/airflow/.local/lib/python3.12/site-packages/airflow/example_dags/example_kubernetes_executor.py
[2024-10-12T16:39:26.974+0000] {logging_mixin.py:190} INFO - [2024-10-12T16:39:26.974+0000] {dag.py:3239} INFO - Sync 1 DAGs
[2024-10-12T16:39:26.983+0000] {logging_mixin.py:190} INFO - [2024-10-12T16:39:26.982+0000] {dag.py:4180} INFO - Setting next_dagrun for example_kubernetes_executor to None, run_after=None
[2024-10-12T16:39:26.992+0000] {processor.py:208} INFO - Processing /home/airflow/.local/lib/python3.12/site-packages/airflow/example_dags/example_kubernetes_executor.py took 0.059 seconds
[2024-10-12T16:39:57.166+0000] {processor.py:186} INFO - Started process (PID=2862) to work on /home/airflow/.local/lib/python3.12/site-packages/airflow/example_dags/example_kubernetes_executor.py
[2024-10-12T16:39:57.167+0000] {processor.py:914} INFO - Processing file /home/airflow/.local/lib/python3.12/site-packages/airflow/example_dags/example_kubernetes_executor.py for tasks to queue
[2024-10-12T16:39:57.168+0000] {logging_mixin.py:190} INFO - [2024-10-12T16:39:57.168+0000] {dagbag.py:588} INFO - Filling up the DagBag from /home/airflow/.local/lib/python3.12/site-packages/airflow/example_dags/example_kubernetes_executor.py
[2024-10-12T16:39:57.176+0000] {processor.py:925} INFO - DAG(s) 'example_kubernetes_executor' retrieved from /home/airflow/.local/lib/python3.12/site-packages/airflow/example_dags/example_kubernetes_executor.py
[2024-10-12T16:39:57.196+0000] {logging_mixin.py:190} INFO - [2024-10-12T16:39:57.196+0000] {dag.py:3239} INFO - Sync 1 DAGs
[2024-10-12T16:39:57.204+0000] {logging_mixin.py:190} INFO - [2024-10-12T16:39:57.204+0000] {dag.py:4180} INFO - Setting next_dagrun for example_kubernetes_executor to None, run_after=None
[2024-10-12T16:39:57.214+0000] {processor.py:208} INFO - Processing /home/airflow/.local/lib/python3.12/site-packages/airflow/example_dags/example_kubernetes_executor.py took 0.052 seconds
[2024-10-12T16:40:27.427+0000] {processor.py:186} INFO - Started process (PID=3148) to work on /home/airflow/.local/lib/python3.12/site-packages/airflow/example_dags/example_kubernetes_executor.py
[2024-10-12T16:40:27.427+0000] {processor.py:914} INFO - Processing file /home/airflow/.local/lib/python3.12/site-packages/airflow/example_dags/example_kubernetes_executor.py for tasks to queue
[2024-10-12T16:40:27.429+0000] {logging_mixin.py:190} INFO - [2024-10-12T16:40:27.429+0000] {dagbag.py:588} INFO - Filling up the DagBag from /home/airflow/.local/lib/python3.12/site-packages/airflow/example_dags/example_kubernetes_executor.py
[2024-10-12T16:40:27.437+0000] {processor.py:925} INFO - DAG(s) 'example_kubernetes_executor' retrieved from /home/airflow/.local/lib/python3.12/site-packages/airflow/example_dags/example_kubernetes_executor.py
[2024-10-12T16:40:27.458+0000] {logging_mixin.py:190} INFO - [2024-10-12T16:40:27.458+0000] {dag.py:3239} INFO - Sync 1 DAGs
[2024-10-12T16:40:27.466+0000] {logging_mixin.py:190} INFO - [2024-10-12T16:40:27.466+0000] {dag.py:4180} INFO - Setting next_dagrun for example_kubernetes_executor to None, run_after=None
[2024-10-12T16:40:27.477+0000] {processor.py:208} INFO - Processing /home/airflow/.local/lib/python3.12/site-packages/airflow/example_dags/example_kubernetes_executor.py took 0.054 seconds
[2024-10-12T16:40:57.892+0000] {processor.py:186} INFO - Started process (PID=3434) to work on /home/airflow/.local/lib/python3.12/site-packages/airflow/example_dags/example_kubernetes_executor.py
[2024-10-12T16:40:57.893+0000] {processor.py:914} INFO - Processing file /home/airflow/.local/lib/python3.12/site-packages/airflow/example_dags/example_kubernetes_executor.py for tasks to queue
[2024-10-12T16:40:57.894+0000] {logging_mixin.py:190} INFO - [2024-10-12T16:40:57.894+0000] {dagbag.py:588} INFO - Filling up the DagBag from /home/airflow/.local/lib/python3.12/site-packages/airflow/example_dags/example_kubernetes_executor.py
[2024-10-12T16:40:57.902+0000] {processor.py:925} INFO - DAG(s) 'example_kubernetes_executor' retrieved from /home/airflow/.local/lib/python3.12/site-packages/airflow/example_dags/example_kubernetes_executor.py
[2024-10-12T16:40:57.925+0000] {logging_mixin.py:190} INFO - [2024-10-12T16:40:57.925+0000] {dag.py:3239} INFO - Sync 1 DAGs
[2024-10-12T16:40:57.937+0000] {logging_mixin.py:190} INFO - [2024-10-12T16:40:57.937+0000] {dag.py:4180} INFO - Setting next_dagrun for example_kubernetes_executor to None, run_after=None
[2024-10-12T16:40:57.953+0000] {processor.py:208} INFO - Processing /home/airflow/.local/lib/python3.12/site-packages/airflow/example_dags/example_kubernetes_executor.py took 0.064 seconds
[2024-10-12T16:41:28.246+0000] {processor.py:186} INFO - Started process (PID=3720) to work on /home/airflow/.local/lib/python3.12/site-packages/airflow/example_dags/example_kubernetes_executor.py
[2024-10-12T16:41:28.247+0000] {processor.py:914} INFO - Processing file /home/airflow/.local/lib/python3.12/site-packages/airflow/example_dags/example_kubernetes_executor.py for tasks to queue
[2024-10-12T16:41:28.249+0000] {logging_mixin.py:190} INFO - [2024-10-12T16:41:28.249+0000] {dagbag.py:588} INFO - Filling up the DagBag from /home/airflow/.local/lib/python3.12/site-packages/airflow/example_dags/example_kubernetes_executor.py
[2024-10-12T16:41:28.257+0000] {processor.py:925} INFO - DAG(s) 'example_kubernetes_executor' retrieved from /home/airflow/.local/lib/python3.12/site-packages/airflow/example_dags/example_kubernetes_executor.py
[2024-10-12T16:41:28.278+0000] {logging_mixin.py:190} INFO - [2024-10-12T16:41:28.278+0000] {dag.py:3239} INFO - Sync 1 DAGs
[2024-10-12T16:41:28.287+0000] {logging_mixin.py:190} INFO - [2024-10-12T16:41:28.287+0000] {dag.py:4180} INFO - Setting next_dagrun for example_kubernetes_executor to None, run_after=None
[2024-10-12T16:41:28.299+0000] {processor.py:208} INFO - Processing /home/airflow/.local/lib/python3.12/site-packages/airflow/example_dags/example_kubernetes_executor.py took 0.057 seconds
