[2024-10-12T16:35:26.778+0000] {processor.py:186} INFO - Started process (PID=420) to work on /home/airflow/.local/lib/python3.12/site-packages/airflow/example_dags/tutorial_objectstorage.py
[2024-10-12T16:35:26.779+0000] {processor.py:914} INFO - Processing file /home/airflow/.local/lib/python3.12/site-packages/airflow/example_dags/tutorial_objectstorage.py for tasks to queue
[2024-10-12T16:35:26.780+0000] {logging_mixin.py:190} INFO - [2024-10-12T16:35:26.780+0000] {dagbag.py:588} INFO - Filling up the DagBag from /home/airflow/.local/lib/python3.12/site-packages/airflow/example_dags/tutorial_objectstorage.py
[2024-10-12T16:35:26.786+0000] {processor.py:925} INFO - DAG(s) 'tutorial_objectstorage' retrieved from /home/airflow/.local/lib/python3.12/site-packages/airflow/example_dags/tutorial_objectstorage.py
[2024-10-12T16:35:26.842+0000] {logging_mixin.py:190} INFO - [2024-10-12T16:35:26.842+0000] {override.py:1900} INFO - Created Permission View: can edit on DAG:tutorial_objectstorage
[2024-10-12T16:35:26.847+0000] {logging_mixin.py:190} INFO - [2024-10-12T16:35:26.847+0000] {override.py:1900} INFO - Created Permission View: can read on DAG:tutorial_objectstorage
[2024-10-12T16:35:26.850+0000] {logging_mixin.py:190} INFO - [2024-10-12T16:35:26.850+0000] {override.py:1900} INFO - Created Permission View: can delete on DAG:tutorial_objectstorage
[2024-10-12T16:35:26.853+0000] {logging_mixin.py:190} INFO - [2024-10-12T16:35:26.853+0000] {override.py:1900} INFO - Created Permission View: menu access on DAG Run:tutorial_objectstorage
[2024-10-12T16:35:26.856+0000] {logging_mixin.py:190} INFO - [2024-10-12T16:35:26.856+0000] {override.py:1900} INFO - Created Permission View: can read on DAG Run:tutorial_objectstorage
[2024-10-12T16:35:26.859+0000] {logging_mixin.py:190} INFO - [2024-10-12T16:35:26.859+0000] {override.py:1900} INFO - Created Permission View: can delete on DAG Run:tutorial_objectstorage
[2024-10-12T16:35:26.862+0000] {logging_mixin.py:190} INFO - [2024-10-12T16:35:26.861+0000] {override.py:1900} INFO - Created Permission View: can create on DAG Run:tutorial_objectstorage
[2024-10-12T16:35:26.862+0000] {logging_mixin.py:190} INFO - [2024-10-12T16:35:26.862+0000] {dag.py:3239} INFO - Sync 1 DAGs
[2024-10-12T16:35:26.868+0000] {logging_mixin.py:190} INFO - [2024-10-12T16:35:26.868+0000] {dag.py:3262} INFO - Creating ORM DAG for tutorial_objectstorage
[2024-10-12T16:35:26.869+0000] {logging_mixin.py:190} INFO - [2024-10-12T16:35:26.869+0000] {dag.py:4180} INFO - Setting next_dagrun for tutorial_objectstorage to None, run_after=None
[2024-10-12T16:35:26.878+0000] {processor.py:208} INFO - Processing /home/airflow/.local/lib/python3.12/site-packages/airflow/example_dags/tutorial_objectstorage.py took 0.103 seconds
[2024-10-12T16:35:57.185+0000] {processor.py:186} INFO - Started process (PID=704) to work on /home/airflow/.local/lib/python3.12/site-packages/airflow/example_dags/tutorial_objectstorage.py
[2024-10-12T16:35:57.185+0000] {processor.py:914} INFO - Processing file /home/airflow/.local/lib/python3.12/site-packages/airflow/example_dags/tutorial_objectstorage.py for tasks to queue
[2024-10-12T16:35:57.187+0000] {logging_mixin.py:190} INFO - [2024-10-12T16:35:57.186+0000] {dagbag.py:588} INFO - Filling up the DagBag from /home/airflow/.local/lib/python3.12/site-packages/airflow/example_dags/tutorial_objectstorage.py
[2024-10-12T16:35:57.192+0000] {processor.py:925} INFO - DAG(s) 'tutorial_objectstorage' retrieved from /home/airflow/.local/lib/python3.12/site-packages/airflow/example_dags/tutorial_objectstorage.py
[2024-10-12T16:35:57.202+0000] {logging_mixin.py:190} INFO - [2024-10-12T16:35:57.202+0000] {dag.py:3239} INFO - Sync 1 DAGs
[2024-10-12T16:35:57.210+0000] {logging_mixin.py:190} INFO - [2024-10-12T16:35:57.210+0000] {dag.py:4180} INFO - Setting next_dagrun for tutorial_objectstorage to None, run_after=None
[2024-10-12T16:35:57.220+0000] {processor.py:208} INFO - Processing /home/airflow/.local/lib/python3.12/site-packages/airflow/example_dags/tutorial_objectstorage.py took 0.038 seconds
[2024-10-12T16:36:27.431+0000] {processor.py:186} INFO - Started process (PID=992) to work on /home/airflow/.local/lib/python3.12/site-packages/airflow/example_dags/tutorial_objectstorage.py
[2024-10-12T16:36:27.431+0000] {processor.py:914} INFO - Processing file /home/airflow/.local/lib/python3.12/site-packages/airflow/example_dags/tutorial_objectstorage.py for tasks to queue
[2024-10-12T16:36:27.433+0000] {logging_mixin.py:190} INFO - [2024-10-12T16:36:27.433+0000] {dagbag.py:588} INFO - Filling up the DagBag from /home/airflow/.local/lib/python3.12/site-packages/airflow/example_dags/tutorial_objectstorage.py
[2024-10-12T16:36:27.438+0000] {processor.py:925} INFO - DAG(s) 'tutorial_objectstorage' retrieved from /home/airflow/.local/lib/python3.12/site-packages/airflow/example_dags/tutorial_objectstorage.py
[2024-10-12T16:36:27.448+0000] {logging_mixin.py:190} INFO - [2024-10-12T16:36:27.448+0000] {dag.py:3239} INFO - Sync 1 DAGs
[2024-10-12T16:36:27.456+0000] {logging_mixin.py:190} INFO - [2024-10-12T16:36:27.456+0000] {dag.py:4180} INFO - Setting next_dagrun for tutorial_objectstorage to None, run_after=None
[2024-10-12T16:36:27.465+0000] {processor.py:208} INFO - Processing /home/airflow/.local/lib/python3.12/site-packages/airflow/example_dags/tutorial_objectstorage.py took 0.038 seconds
[2024-10-12T16:36:57.588+0000] {processor.py:186} INFO - Started process (PID=1277) to work on /home/airflow/.local/lib/python3.12/site-packages/airflow/example_dags/tutorial_objectstorage.py
[2024-10-12T16:36:57.588+0000] {processor.py:914} INFO - Processing file /home/airflow/.local/lib/python3.12/site-packages/airflow/example_dags/tutorial_objectstorage.py for tasks to queue
[2024-10-12T16:36:57.590+0000] {logging_mixin.py:190} INFO - [2024-10-12T16:36:57.589+0000] {dagbag.py:588} INFO - Filling up the DagBag from /home/airflow/.local/lib/python3.12/site-packages/airflow/example_dags/tutorial_objectstorage.py
[2024-10-12T16:36:57.595+0000] {processor.py:925} INFO - DAG(s) 'tutorial_objectstorage' retrieved from /home/airflow/.local/lib/python3.12/site-packages/airflow/example_dags/tutorial_objectstorage.py
[2024-10-12T16:36:57.605+0000] {logging_mixin.py:190} INFO - [2024-10-12T16:36:57.605+0000] {dag.py:3239} INFO - Sync 1 DAGs
[2024-10-12T16:36:57.613+0000] {logging_mixin.py:190} INFO - [2024-10-12T16:36:57.613+0000] {dag.py:4180} INFO - Setting next_dagrun for tutorial_objectstorage to None, run_after=None
[2024-10-12T16:36:57.623+0000] {processor.py:208} INFO - Processing /home/airflow/.local/lib/python3.12/site-packages/airflow/example_dags/tutorial_objectstorage.py took 0.040 seconds
[2024-10-12T16:37:27.859+0000] {processor.py:186} INFO - Started process (PID=1562) to work on /home/airflow/.local/lib/python3.12/site-packages/airflow/example_dags/tutorial_objectstorage.py
[2024-10-12T16:37:27.859+0000] {processor.py:914} INFO - Processing file /home/airflow/.local/lib/python3.12/site-packages/airflow/example_dags/tutorial_objectstorage.py for tasks to queue
[2024-10-12T16:37:27.860+0000] {logging_mixin.py:190} INFO - [2024-10-12T16:37:27.860+0000] {dagbag.py:588} INFO - Filling up the DagBag from /home/airflow/.local/lib/python3.12/site-packages/airflow/example_dags/tutorial_objectstorage.py
[2024-10-12T16:37:27.866+0000] {processor.py:925} INFO - DAG(s) 'tutorial_objectstorage' retrieved from /home/airflow/.local/lib/python3.12/site-packages/airflow/example_dags/tutorial_objectstorage.py
[2024-10-12T16:37:27.876+0000] {logging_mixin.py:190} INFO - [2024-10-12T16:37:27.876+0000] {dag.py:3239} INFO - Sync 1 DAGs
[2024-10-12T16:37:27.884+0000] {logging_mixin.py:190} INFO - [2024-10-12T16:37:27.884+0000] {dag.py:4180} INFO - Setting next_dagrun for tutorial_objectstorage to None, run_after=None
[2024-10-12T16:37:27.893+0000] {processor.py:208} INFO - Processing /home/airflow/.local/lib/python3.12/site-packages/airflow/example_dags/tutorial_objectstorage.py took 0.039 seconds
[2024-10-12T16:37:58.274+0000] {processor.py:186} INFO - Started process (PID=1848) to work on /home/airflow/.local/lib/python3.12/site-packages/airflow/example_dags/tutorial_objectstorage.py
[2024-10-12T16:37:58.275+0000] {processor.py:914} INFO - Processing file /home/airflow/.local/lib/python3.12/site-packages/airflow/example_dags/tutorial_objectstorage.py for tasks to queue
[2024-10-12T16:37:58.277+0000] {logging_mixin.py:190} INFO - [2024-10-12T16:37:58.276+0000] {dagbag.py:588} INFO - Filling up the DagBag from /home/airflow/.local/lib/python3.12/site-packages/airflow/example_dags/tutorial_objectstorage.py
[2024-10-12T16:37:58.283+0000] {processor.py:925} INFO - DAG(s) 'tutorial_objectstorage' retrieved from /home/airflow/.local/lib/python3.12/site-packages/airflow/example_dags/tutorial_objectstorage.py
[2024-10-12T16:37:58.294+0000] {logging_mixin.py:190} INFO - [2024-10-12T16:37:58.294+0000] {dag.py:3239} INFO - Sync 1 DAGs
[2024-10-12T16:37:58.303+0000] {logging_mixin.py:190} INFO - [2024-10-12T16:37:58.303+0000] {dag.py:4180} INFO - Setting next_dagrun for tutorial_objectstorage to None, run_after=None
[2024-10-12T16:37:58.314+0000] {processor.py:208} INFO - Processing /home/airflow/.local/lib/python3.12/site-packages/airflow/example_dags/tutorial_objectstorage.py took 0.045 seconds
[2024-10-12T16:38:28.437+0000] {processor.py:186} INFO - Started process (PID=2134) to work on /home/airflow/.local/lib/python3.12/site-packages/airflow/example_dags/tutorial_objectstorage.py
[2024-10-12T16:38:28.438+0000] {processor.py:914} INFO - Processing file /home/airflow/.local/lib/python3.12/site-packages/airflow/example_dags/tutorial_objectstorage.py for tasks to queue
[2024-10-12T16:38:28.440+0000] {logging_mixin.py:190} INFO - [2024-10-12T16:38:28.440+0000] {dagbag.py:588} INFO - Filling up the DagBag from /home/airflow/.local/lib/python3.12/site-packages/airflow/example_dags/tutorial_objectstorage.py
[2024-10-12T16:38:28.446+0000] {processor.py:925} INFO - DAG(s) 'tutorial_objectstorage' retrieved from /home/airflow/.local/lib/python3.12/site-packages/airflow/example_dags/tutorial_objectstorage.py
[2024-10-12T16:38:28.457+0000] {logging_mixin.py:190} INFO - [2024-10-12T16:38:28.457+0000] {dag.py:3239} INFO - Sync 1 DAGs
[2024-10-12T16:38:28.465+0000] {logging_mixin.py:190} INFO - [2024-10-12T16:38:28.465+0000] {dag.py:4180} INFO - Setting next_dagrun for tutorial_objectstorage to None, run_after=None
[2024-10-12T16:38:28.475+0000] {processor.py:208} INFO - Processing /home/airflow/.local/lib/python3.12/site-packages/airflow/example_dags/tutorial_objectstorage.py took 0.042 seconds
[2024-10-12T16:38:58.708+0000] {processor.py:186} INFO - Started process (PID=2422) to work on /home/airflow/.local/lib/python3.12/site-packages/airflow/example_dags/tutorial_objectstorage.py
[2024-10-12T16:38:58.708+0000] {processor.py:914} INFO - Processing file /home/airflow/.local/lib/python3.12/site-packages/airflow/example_dags/tutorial_objectstorage.py for tasks to queue
[2024-10-12T16:38:58.710+0000] {logging_mixin.py:190} INFO - [2024-10-12T16:38:58.710+0000] {dagbag.py:588} INFO - Filling up the DagBag from /home/airflow/.local/lib/python3.12/site-packages/airflow/example_dags/tutorial_objectstorage.py
[2024-10-12T16:38:58.715+0000] {processor.py:925} INFO - DAG(s) 'tutorial_objectstorage' retrieved from /home/airflow/.local/lib/python3.12/site-packages/airflow/example_dags/tutorial_objectstorage.py
[2024-10-12T16:38:58.726+0000] {logging_mixin.py:190} INFO - [2024-10-12T16:38:58.726+0000] {dag.py:3239} INFO - Sync 1 DAGs
[2024-10-12T16:38:58.735+0000] {logging_mixin.py:190} INFO - [2024-10-12T16:38:58.734+0000] {dag.py:4180} INFO - Setting next_dagrun for tutorial_objectstorage to None, run_after=None
[2024-10-12T16:38:58.745+0000] {processor.py:208} INFO - Processing /home/airflow/.local/lib/python3.12/site-packages/airflow/example_dags/tutorial_objectstorage.py took 0.041 seconds
[2024-10-12T16:39:28.993+0000] {processor.py:186} INFO - Started process (PID=2706) to work on /home/airflow/.local/lib/python3.12/site-packages/airflow/example_dags/tutorial_objectstorage.py
[2024-10-12T16:39:28.993+0000] {processor.py:914} INFO - Processing file /home/airflow/.local/lib/python3.12/site-packages/airflow/example_dags/tutorial_objectstorage.py for tasks to queue
[2024-10-12T16:39:28.995+0000] {logging_mixin.py:190} INFO - [2024-10-12T16:39:28.995+0000] {dagbag.py:588} INFO - Filling up the DagBag from /home/airflow/.local/lib/python3.12/site-packages/airflow/example_dags/tutorial_objectstorage.py
[2024-10-12T16:39:29.000+0000] {processor.py:925} INFO - DAG(s) 'tutorial_objectstorage' retrieved from /home/airflow/.local/lib/python3.12/site-packages/airflow/example_dags/tutorial_objectstorage.py
[2024-10-12T16:39:29.011+0000] {logging_mixin.py:190} INFO - [2024-10-12T16:39:29.011+0000] {dag.py:3239} INFO - Sync 1 DAGs
[2024-10-12T16:39:29.021+0000] {logging_mixin.py:190} INFO - [2024-10-12T16:39:29.020+0000] {dag.py:4180} INFO - Setting next_dagrun for tutorial_objectstorage to None, run_after=None
[2024-10-12T16:39:29.030+0000] {processor.py:208} INFO - Processing /home/airflow/.local/lib/python3.12/site-packages/airflow/example_dags/tutorial_objectstorage.py took 0.042 seconds
[2024-10-12T16:39:59.168+0000] {processor.py:186} INFO - Started process (PID=2992) to work on /home/airflow/.local/lib/python3.12/site-packages/airflow/example_dags/tutorial_objectstorage.py
[2024-10-12T16:39:59.169+0000] {processor.py:914} INFO - Processing file /home/airflow/.local/lib/python3.12/site-packages/airflow/example_dags/tutorial_objectstorage.py for tasks to queue
[2024-10-12T16:39:59.170+0000] {logging_mixin.py:190} INFO - [2024-10-12T16:39:59.170+0000] {dagbag.py:588} INFO - Filling up the DagBag from /home/airflow/.local/lib/python3.12/site-packages/airflow/example_dags/tutorial_objectstorage.py
[2024-10-12T16:39:59.176+0000] {processor.py:925} INFO - DAG(s) 'tutorial_objectstorage' retrieved from /home/airflow/.local/lib/python3.12/site-packages/airflow/example_dags/tutorial_objectstorage.py
[2024-10-12T16:39:59.186+0000] {logging_mixin.py:190} INFO - [2024-10-12T16:39:59.186+0000] {dag.py:3239} INFO - Sync 1 DAGs
[2024-10-12T16:39:59.194+0000] {logging_mixin.py:190} INFO - [2024-10-12T16:39:59.194+0000] {dag.py:4180} INFO - Setting next_dagrun for tutorial_objectstorage to None, run_after=None
[2024-10-12T16:39:59.204+0000] {processor.py:208} INFO - Processing /home/airflow/.local/lib/python3.12/site-packages/airflow/example_dags/tutorial_objectstorage.py took 0.040 seconds
[2024-10-12T16:40:29.686+0000] {processor.py:186} INFO - Started process (PID=3278) to work on /home/airflow/.local/lib/python3.12/site-packages/airflow/example_dags/tutorial_objectstorage.py
[2024-10-12T16:40:29.687+0000] {processor.py:914} INFO - Processing file /home/airflow/.local/lib/python3.12/site-packages/airflow/example_dags/tutorial_objectstorage.py for tasks to queue
[2024-10-12T16:40:29.688+0000] {logging_mixin.py:190} INFO - [2024-10-12T16:40:29.688+0000] {dagbag.py:588} INFO - Filling up the DagBag from /home/airflow/.local/lib/python3.12/site-packages/airflow/example_dags/tutorial_objectstorage.py
[2024-10-12T16:40:29.694+0000] {processor.py:925} INFO - DAG(s) 'tutorial_objectstorage' retrieved from /home/airflow/.local/lib/python3.12/site-packages/airflow/example_dags/tutorial_objectstorage.py
[2024-10-12T16:40:29.705+0000] {logging_mixin.py:190} INFO - [2024-10-12T16:40:29.705+0000] {dag.py:3239} INFO - Sync 1 DAGs
[2024-10-12T16:40:29.714+0000] {logging_mixin.py:190} INFO - [2024-10-12T16:40:29.714+0000] {dag.py:4180} INFO - Setting next_dagrun for tutorial_objectstorage to None, run_after=None
[2024-10-12T16:40:29.725+0000] {processor.py:208} INFO - Processing /home/airflow/.local/lib/python3.12/site-packages/airflow/example_dags/tutorial_objectstorage.py took 0.043 seconds
[2024-10-12T16:41:00.034+0000] {processor.py:186} INFO - Started process (PID=3564) to work on /home/airflow/.local/lib/python3.12/site-packages/airflow/example_dags/tutorial_objectstorage.py
[2024-10-12T16:41:00.035+0000] {processor.py:914} INFO - Processing file /home/airflow/.local/lib/python3.12/site-packages/airflow/example_dags/tutorial_objectstorage.py for tasks to queue
[2024-10-12T16:41:00.036+0000] {logging_mixin.py:190} INFO - [2024-10-12T16:41:00.036+0000] {dagbag.py:588} INFO - Filling up the DagBag from /home/airflow/.local/lib/python3.12/site-packages/airflow/example_dags/tutorial_objectstorage.py
[2024-10-12T16:41:00.042+0000] {processor.py:925} INFO - DAG(s) 'tutorial_objectstorage' retrieved from /home/airflow/.local/lib/python3.12/site-packages/airflow/example_dags/tutorial_objectstorage.py
[2024-10-12T16:41:00.054+0000] {logging_mixin.py:190} INFO - [2024-10-12T16:41:00.053+0000] {dag.py:3239} INFO - Sync 1 DAGs
[2024-10-12T16:41:00.064+0000] {logging_mixin.py:190} INFO - [2024-10-12T16:41:00.064+0000] {dag.py:4180} INFO - Setting next_dagrun for tutorial_objectstorage to None, run_after=None
[2024-10-12T16:41:00.075+0000] {processor.py:208} INFO - Processing /home/airflow/.local/lib/python3.12/site-packages/airflow/example_dags/tutorial_objectstorage.py took 0.045 seconds
[2024-10-12T16:41:30.502+0000] {processor.py:186} INFO - Started process (PID=3852) to work on /home/airflow/.local/lib/python3.12/site-packages/airflow/example_dags/tutorial_objectstorage.py
[2024-10-12T16:41:30.502+0000] {processor.py:914} INFO - Processing file /home/airflow/.local/lib/python3.12/site-packages/airflow/example_dags/tutorial_objectstorage.py for tasks to queue
[2024-10-12T16:41:30.504+0000] {logging_mixin.py:190} INFO - [2024-10-12T16:41:30.504+0000] {dagbag.py:588} INFO - Filling up the DagBag from /home/airflow/.local/lib/python3.12/site-packages/airflow/example_dags/tutorial_objectstorage.py
[2024-10-12T16:41:30.509+0000] {processor.py:925} INFO - DAG(s) 'tutorial_objectstorage' retrieved from /home/airflow/.local/lib/python3.12/site-packages/airflow/example_dags/tutorial_objectstorage.py
[2024-10-12T16:41:30.521+0000] {logging_mixin.py:190} INFO - [2024-10-12T16:41:30.521+0000] {dag.py:3239} INFO - Sync 1 DAGs
[2024-10-12T16:41:30.531+0000] {logging_mixin.py:190} INFO - [2024-10-12T16:41:30.530+0000] {dag.py:4180} INFO - Setting next_dagrun for tutorial_objectstorage to None, run_after=None
[2024-10-12T16:41:30.541+0000] {processor.py:208} INFO - Processing /home/airflow/.local/lib/python3.12/site-packages/airflow/example_dags/tutorial_objectstorage.py took 0.043 seconds
