[2024-10-12T16:35:24.832+0000] {processor.py:186} INFO - Started process (PID=303) to work on /home/airflow/.local/lib/python3.12/site-packages/airflow/example_dags/tutorial_dag.py
[2024-10-12T16:35:24.832+0000] {processor.py:914} INFO - Processing file /home/airflow/.local/lib/python3.12/site-packages/airflow/example_dags/tutorial_dag.py for tasks to queue
[2024-10-12T16:35:24.834+0000] {logging_mixin.py:190} INFO - [2024-10-12T16:35:24.833+0000] {dagbag.py:588} INFO - Filling up the DagBag from /home/airflow/.local/lib/python3.12/site-packages/airflow/example_dags/tutorial_dag.py
[2024-10-12T16:35:24.839+0000] {processor.py:925} INFO - DAG(s) 'tutorial_dag' retrieved from /home/airflow/.local/lib/python3.12/site-packages/airflow/example_dags/tutorial_dag.py
[2024-10-12T16:35:24.893+0000] {logging_mixin.py:190} INFO - [2024-10-12T16:35:24.893+0000] {override.py:1900} INFO - Created Permission View: can edit on DAG:tutorial_dag
[2024-10-12T16:35:24.898+0000] {logging_mixin.py:190} INFO - [2024-10-12T16:35:24.898+0000] {override.py:1900} INFO - Created Permission View: can read on DAG:tutorial_dag
[2024-10-12T16:35:24.901+0000] {logging_mixin.py:190} INFO - [2024-10-12T16:35:24.901+0000] {override.py:1900} INFO - Created Permission View: can delete on DAG:tutorial_dag
[2024-10-12T16:35:24.905+0000] {logging_mixin.py:190} INFO - [2024-10-12T16:35:24.904+0000] {override.py:1900} INFO - Created Permission View: menu access on DAG Run:tutorial_dag
[2024-10-12T16:35:24.907+0000] {logging_mixin.py:190} INFO - [2024-10-12T16:35:24.907+0000] {override.py:1900} INFO - Created Permission View: can read on DAG Run:tutorial_dag
[2024-10-12T16:35:24.910+0000] {logging_mixin.py:190} INFO - [2024-10-12T16:35:24.910+0000] {override.py:1900} INFO - Created Permission View: can delete on DAG Run:tutorial_dag
[2024-10-12T16:35:24.913+0000] {logging_mixin.py:190} INFO - [2024-10-12T16:35:24.913+0000] {override.py:1900} INFO - Created Permission View: can create on DAG Run:tutorial_dag
[2024-10-12T16:35:24.914+0000] {logging_mixin.py:190} INFO - [2024-10-12T16:35:24.913+0000] {dag.py:3239} INFO - Sync 1 DAGs
[2024-10-12T16:35:24.924+0000] {logging_mixin.py:190} INFO - [2024-10-12T16:35:24.924+0000] {dag.py:3262} INFO - Creating ORM DAG for tutorial_dag
[2024-10-12T16:35:24.924+0000] {logging_mixin.py:190} INFO - [2024-10-12T16:35:24.924+0000] {dag.py:4180} INFO - Setting next_dagrun for tutorial_dag to None, run_after=None
[2024-10-12T16:35:24.933+0000] {processor.py:208} INFO - Processing /home/airflow/.local/lib/python3.12/site-packages/airflow/example_dags/tutorial_dag.py took 0.105 seconds
[2024-10-12T16:35:55.279+0000] {processor.py:186} INFO - Started process (PID=589) to work on /home/airflow/.local/lib/python3.12/site-packages/airflow/example_dags/tutorial_dag.py
[2024-10-12T16:35:55.280+0000] {processor.py:914} INFO - Processing file /home/airflow/.local/lib/python3.12/site-packages/airflow/example_dags/tutorial_dag.py for tasks to queue
[2024-10-12T16:35:55.281+0000] {logging_mixin.py:190} INFO - [2024-10-12T16:35:55.281+0000] {dagbag.py:588} INFO - Filling up the DagBag from /home/airflow/.local/lib/python3.12/site-packages/airflow/example_dags/tutorial_dag.py
[2024-10-12T16:35:55.285+0000] {processor.py:925} INFO - DAG(s) 'tutorial_dag' retrieved from /home/airflow/.local/lib/python3.12/site-packages/airflow/example_dags/tutorial_dag.py
[2024-10-12T16:35:55.296+0000] {logging_mixin.py:190} INFO - [2024-10-12T16:35:55.296+0000] {dag.py:3239} INFO - Sync 1 DAGs
[2024-10-12T16:35:55.304+0000] {logging_mixin.py:190} INFO - [2024-10-12T16:35:55.304+0000] {dag.py:4180} INFO - Setting next_dagrun for tutorial_dag to None, run_after=None
[2024-10-12T16:35:55.316+0000] {processor.py:208} INFO - Processing /home/airflow/.local/lib/python3.12/site-packages/airflow/example_dags/tutorial_dag.py took 0.040 seconds
[2024-10-12T16:36:25.497+0000] {processor.py:186} INFO - Started process (PID=875) to work on /home/airflow/.local/lib/python3.12/site-packages/airflow/example_dags/tutorial_dag.py
[2024-10-12T16:36:25.498+0000] {processor.py:914} INFO - Processing file /home/airflow/.local/lib/python3.12/site-packages/airflow/example_dags/tutorial_dag.py for tasks to queue
[2024-10-12T16:36:25.499+0000] {logging_mixin.py:190} INFO - [2024-10-12T16:36:25.499+0000] {dagbag.py:588} INFO - Filling up the DagBag from /home/airflow/.local/lib/python3.12/site-packages/airflow/example_dags/tutorial_dag.py
[2024-10-12T16:36:25.504+0000] {processor.py:925} INFO - DAG(s) 'tutorial_dag' retrieved from /home/airflow/.local/lib/python3.12/site-packages/airflow/example_dags/tutorial_dag.py
[2024-10-12T16:36:25.514+0000] {logging_mixin.py:190} INFO - [2024-10-12T16:36:25.514+0000] {dag.py:3239} INFO - Sync 1 DAGs
[2024-10-12T16:36:25.522+0000] {logging_mixin.py:190} INFO - [2024-10-12T16:36:25.522+0000] {dag.py:4180} INFO - Setting next_dagrun for tutorial_dag to None, run_after=None
[2024-10-12T16:36:25.532+0000] {processor.py:208} INFO - Processing /home/airflow/.local/lib/python3.12/site-packages/airflow/example_dags/tutorial_dag.py took 0.038 seconds
[2024-10-12T16:36:55.655+0000] {processor.py:186} INFO - Started process (PID=1161) to work on /home/airflow/.local/lib/python3.12/site-packages/airflow/example_dags/tutorial_dag.py
[2024-10-12T16:36:55.655+0000] {processor.py:914} INFO - Processing file /home/airflow/.local/lib/python3.12/site-packages/airflow/example_dags/tutorial_dag.py for tasks to queue
[2024-10-12T16:36:55.657+0000] {logging_mixin.py:190} INFO - [2024-10-12T16:36:55.657+0000] {dagbag.py:588} INFO - Filling up the DagBag from /home/airflow/.local/lib/python3.12/site-packages/airflow/example_dags/tutorial_dag.py
[2024-10-12T16:36:55.662+0000] {processor.py:925} INFO - DAG(s) 'tutorial_dag' retrieved from /home/airflow/.local/lib/python3.12/site-packages/airflow/example_dags/tutorial_dag.py
[2024-10-12T16:36:55.673+0000] {logging_mixin.py:190} INFO - [2024-10-12T16:36:55.673+0000] {dag.py:3239} INFO - Sync 1 DAGs
[2024-10-12T16:36:55.682+0000] {logging_mixin.py:190} INFO - [2024-10-12T16:36:55.681+0000] {dag.py:4180} INFO - Setting next_dagrun for tutorial_dag to None, run_after=None
[2024-10-12T16:36:55.692+0000] {processor.py:208} INFO - Processing /home/airflow/.local/lib/python3.12/site-packages/airflow/example_dags/tutorial_dag.py took 0.040 seconds
[2024-10-12T16:37:25.924+0000] {processor.py:186} INFO - Started process (PID=1447) to work on /home/airflow/.local/lib/python3.12/site-packages/airflow/example_dags/tutorial_dag.py
[2024-10-12T16:37:25.925+0000] {processor.py:914} INFO - Processing file /home/airflow/.local/lib/python3.12/site-packages/airflow/example_dags/tutorial_dag.py for tasks to queue
[2024-10-12T16:37:25.926+0000] {logging_mixin.py:190} INFO - [2024-10-12T16:37:25.926+0000] {dagbag.py:588} INFO - Filling up the DagBag from /home/airflow/.local/lib/python3.12/site-packages/airflow/example_dags/tutorial_dag.py
[2024-10-12T16:37:25.930+0000] {processor.py:925} INFO - DAG(s) 'tutorial_dag' retrieved from /home/airflow/.local/lib/python3.12/site-packages/airflow/example_dags/tutorial_dag.py
[2024-10-12T16:37:25.941+0000] {logging_mixin.py:190} INFO - [2024-10-12T16:37:25.941+0000] {dag.py:3239} INFO - Sync 1 DAGs
[2024-10-12T16:37:25.949+0000] {logging_mixin.py:190} INFO - [2024-10-12T16:37:25.949+0000] {dag.py:4180} INFO - Setting next_dagrun for tutorial_dag to None, run_after=None
[2024-10-12T16:37:25.959+0000] {processor.py:208} INFO - Processing /home/airflow/.local/lib/python3.12/site-packages/airflow/example_dags/tutorial_dag.py took 0.040 seconds
[2024-10-12T16:37:56.316+0000] {processor.py:186} INFO - Started process (PID=1735) to work on /home/airflow/.local/lib/python3.12/site-packages/airflow/example_dags/tutorial_dag.py
[2024-10-12T16:37:56.317+0000] {processor.py:914} INFO - Processing file /home/airflow/.local/lib/python3.12/site-packages/airflow/example_dags/tutorial_dag.py for tasks to queue
[2024-10-12T16:37:56.319+0000] {logging_mixin.py:190} INFO - [2024-10-12T16:37:56.319+0000] {dagbag.py:588} INFO - Filling up the DagBag from /home/airflow/.local/lib/python3.12/site-packages/airflow/example_dags/tutorial_dag.py
[2024-10-12T16:37:56.324+0000] {processor.py:925} INFO - DAG(s) 'tutorial_dag' retrieved from /home/airflow/.local/lib/python3.12/site-packages/airflow/example_dags/tutorial_dag.py
[2024-10-12T16:37:56.336+0000] {logging_mixin.py:190} INFO - [2024-10-12T16:37:56.335+0000] {dag.py:3239} INFO - Sync 1 DAGs
[2024-10-12T16:37:56.344+0000] {logging_mixin.py:190} INFO - [2024-10-12T16:37:56.343+0000] {dag.py:4180} INFO - Setting next_dagrun for tutorial_dag to None, run_after=None
[2024-10-12T16:37:56.354+0000] {processor.py:208} INFO - Processing /home/airflow/.local/lib/python3.12/site-packages/airflow/example_dags/tutorial_dag.py took 0.042 seconds
[2024-10-12T16:38:26.537+0000] {processor.py:186} INFO - Started process (PID=2019) to work on /home/airflow/.local/lib/python3.12/site-packages/airflow/example_dags/tutorial_dag.py
[2024-10-12T16:38:26.537+0000] {processor.py:914} INFO - Processing file /home/airflow/.local/lib/python3.12/site-packages/airflow/example_dags/tutorial_dag.py for tasks to queue
[2024-10-12T16:38:26.539+0000] {logging_mixin.py:190} INFO - [2024-10-12T16:38:26.539+0000] {dagbag.py:588} INFO - Filling up the DagBag from /home/airflow/.local/lib/python3.12/site-packages/airflow/example_dags/tutorial_dag.py
[2024-10-12T16:38:26.544+0000] {processor.py:925} INFO - DAG(s) 'tutorial_dag' retrieved from /home/airflow/.local/lib/python3.12/site-packages/airflow/example_dags/tutorial_dag.py
[2024-10-12T16:38:26.555+0000] {logging_mixin.py:190} INFO - [2024-10-12T16:38:26.555+0000] {dag.py:3239} INFO - Sync 1 DAGs
[2024-10-12T16:38:26.565+0000] {logging_mixin.py:190} INFO - [2024-10-12T16:38:26.565+0000] {dag.py:4180} INFO - Setting next_dagrun for tutorial_dag to None, run_after=None
[2024-10-12T16:38:26.575+0000] {processor.py:208} INFO - Processing /home/airflow/.local/lib/python3.12/site-packages/airflow/example_dags/tutorial_dag.py took 0.042 seconds
[2024-10-12T16:38:56.685+0000] {processor.py:186} INFO - Started process (PID=2307) to work on /home/airflow/.local/lib/python3.12/site-packages/airflow/example_dags/tutorial_dag.py
[2024-10-12T16:38:56.686+0000] {processor.py:914} INFO - Processing file /home/airflow/.local/lib/python3.12/site-packages/airflow/example_dags/tutorial_dag.py for tasks to queue
[2024-10-12T16:38:56.687+0000] {logging_mixin.py:190} INFO - [2024-10-12T16:38:56.687+0000] {dagbag.py:588} INFO - Filling up the DagBag from /home/airflow/.local/lib/python3.12/site-packages/airflow/example_dags/tutorial_dag.py
[2024-10-12T16:38:56.692+0000] {processor.py:925} INFO - DAG(s) 'tutorial_dag' retrieved from /home/airflow/.local/lib/python3.12/site-packages/airflow/example_dags/tutorial_dag.py
[2024-10-12T16:38:56.702+0000] {logging_mixin.py:190} INFO - [2024-10-12T16:38:56.702+0000] {dag.py:3239} INFO - Sync 1 DAGs
[2024-10-12T16:38:56.710+0000] {logging_mixin.py:190} INFO - [2024-10-12T16:38:56.710+0000] {dag.py:4180} INFO - Setting next_dagrun for tutorial_dag to None, run_after=None
[2024-10-12T16:38:56.720+0000] {processor.py:208} INFO - Processing /home/airflow/.local/lib/python3.12/site-packages/airflow/example_dags/tutorial_dag.py took 0.038 seconds
[2024-10-12T16:39:27.047+0000] {processor.py:186} INFO - Started process (PID=2591) to work on /home/airflow/.local/lib/python3.12/site-packages/airflow/example_dags/tutorial_dag.py
[2024-10-12T16:39:27.047+0000] {processor.py:914} INFO - Processing file /home/airflow/.local/lib/python3.12/site-packages/airflow/example_dags/tutorial_dag.py for tasks to queue
[2024-10-12T16:39:27.049+0000] {logging_mixin.py:190} INFO - [2024-10-12T16:39:27.049+0000] {dagbag.py:588} INFO - Filling up the DagBag from /home/airflow/.local/lib/python3.12/site-packages/airflow/example_dags/tutorial_dag.py
[2024-10-12T16:39:27.054+0000] {processor.py:925} INFO - DAG(s) 'tutorial_dag' retrieved from /home/airflow/.local/lib/python3.12/site-packages/airflow/example_dags/tutorial_dag.py
[2024-10-12T16:39:27.068+0000] {logging_mixin.py:190} INFO - [2024-10-12T16:39:27.068+0000] {dag.py:3239} INFO - Sync 1 DAGs
[2024-10-12T16:39:27.078+0000] {logging_mixin.py:190} INFO - [2024-10-12T16:39:27.078+0000] {dag.py:4180} INFO - Setting next_dagrun for tutorial_dag to None, run_after=None
[2024-10-12T16:39:27.096+0000] {processor.py:208} INFO - Processing /home/airflow/.local/lib/python3.12/site-packages/airflow/example_dags/tutorial_dag.py took 0.054 seconds
[2024-10-12T16:39:57.273+0000] {processor.py:186} INFO - Started process (PID=2877) to work on /home/airflow/.local/lib/python3.12/site-packages/airflow/example_dags/tutorial_dag.py
[2024-10-12T16:39:57.274+0000] {processor.py:914} INFO - Processing file /home/airflow/.local/lib/python3.12/site-packages/airflow/example_dags/tutorial_dag.py for tasks to queue
[2024-10-12T16:39:57.276+0000] {logging_mixin.py:190} INFO - [2024-10-12T16:39:57.276+0000] {dagbag.py:588} INFO - Filling up the DagBag from /home/airflow/.local/lib/python3.12/site-packages/airflow/example_dags/tutorial_dag.py
[2024-10-12T16:39:57.281+0000] {processor.py:925} INFO - DAG(s) 'tutorial_dag' retrieved from /home/airflow/.local/lib/python3.12/site-packages/airflow/example_dags/tutorial_dag.py
[2024-10-12T16:39:57.293+0000] {logging_mixin.py:190} INFO - [2024-10-12T16:39:57.293+0000] {dag.py:3239} INFO - Sync 1 DAGs
[2024-10-12T16:39:57.302+0000] {logging_mixin.py:190} INFO - [2024-10-12T16:39:57.302+0000] {dag.py:4180} INFO - Setting next_dagrun for tutorial_dag to None, run_after=None
[2024-10-12T16:39:57.311+0000] {processor.py:208} INFO - Processing /home/airflow/.local/lib/python3.12/site-packages/airflow/example_dags/tutorial_dag.py took 0.042 seconds
[2024-10-12T16:40:27.554+0000] {processor.py:186} INFO - Started process (PID=3165) to work on /home/airflow/.local/lib/python3.12/site-packages/airflow/example_dags/tutorial_dag.py
[2024-10-12T16:40:27.555+0000] {processor.py:914} INFO - Processing file /home/airflow/.local/lib/python3.12/site-packages/airflow/example_dags/tutorial_dag.py for tasks to queue
[2024-10-12T16:40:27.556+0000] {logging_mixin.py:190} INFO - [2024-10-12T16:40:27.556+0000] {dagbag.py:588} INFO - Filling up the DagBag from /home/airflow/.local/lib/python3.12/site-packages/airflow/example_dags/tutorial_dag.py
[2024-10-12T16:40:27.560+0000] {processor.py:925} INFO - DAG(s) 'tutorial_dag' retrieved from /home/airflow/.local/lib/python3.12/site-packages/airflow/example_dags/tutorial_dag.py
[2024-10-12T16:40:27.574+0000] {logging_mixin.py:190} INFO - [2024-10-12T16:40:27.574+0000] {dag.py:3239} INFO - Sync 1 DAGs
[2024-10-12T16:40:27.583+0000] {logging_mixin.py:190} INFO - [2024-10-12T16:40:27.583+0000] {dag.py:4180} INFO - Setting next_dagrun for tutorial_dag to None, run_after=None
[2024-10-12T16:40:27.598+0000] {processor.py:208} INFO - Processing /home/airflow/.local/lib/python3.12/site-packages/airflow/example_dags/tutorial_dag.py took 0.048 seconds
[2024-10-12T16:40:57.979+0000] {processor.py:186} INFO - Started process (PID=3449) to work on /home/airflow/.local/lib/python3.12/site-packages/airflow/example_dags/tutorial_dag.py
[2024-10-12T16:40:57.979+0000] {processor.py:914} INFO - Processing file /home/airflow/.local/lib/python3.12/site-packages/airflow/example_dags/tutorial_dag.py for tasks to queue
[2024-10-12T16:40:57.982+0000] {logging_mixin.py:190} INFO - [2024-10-12T16:40:57.982+0000] {dagbag.py:588} INFO - Filling up the DagBag from /home/airflow/.local/lib/python3.12/site-packages/airflow/example_dags/tutorial_dag.py
[2024-10-12T16:40:57.987+0000] {processor.py:925} INFO - DAG(s) 'tutorial_dag' retrieved from /home/airflow/.local/lib/python3.12/site-packages/airflow/example_dags/tutorial_dag.py
[2024-10-12T16:40:58.001+0000] {logging_mixin.py:190} INFO - [2024-10-12T16:40:58.001+0000] {dag.py:3239} INFO - Sync 1 DAGs
[2024-10-12T16:40:58.009+0000] {logging_mixin.py:190} INFO - [2024-10-12T16:40:58.009+0000] {dag.py:4180} INFO - Setting next_dagrun for tutorial_dag to None, run_after=None
[2024-10-12T16:40:58.024+0000] {processor.py:208} INFO - Processing /home/airflow/.local/lib/python3.12/site-packages/airflow/example_dags/tutorial_dag.py took 0.049 seconds
[2024-10-12T16:41:28.398+0000] {processor.py:186} INFO - Started process (PID=3735) to work on /home/airflow/.local/lib/python3.12/site-packages/airflow/example_dags/tutorial_dag.py
[2024-10-12T16:41:28.399+0000] {processor.py:914} INFO - Processing file /home/airflow/.local/lib/python3.12/site-packages/airflow/example_dags/tutorial_dag.py for tasks to queue
[2024-10-12T16:41:28.400+0000] {logging_mixin.py:190} INFO - [2024-10-12T16:41:28.400+0000] {dagbag.py:588} INFO - Filling up the DagBag from /home/airflow/.local/lib/python3.12/site-packages/airflow/example_dags/tutorial_dag.py
[2024-10-12T16:41:28.405+0000] {processor.py:925} INFO - DAG(s) 'tutorial_dag' retrieved from /home/airflow/.local/lib/python3.12/site-packages/airflow/example_dags/tutorial_dag.py
[2024-10-12T16:41:28.419+0000] {logging_mixin.py:190} INFO - [2024-10-12T16:41:28.419+0000] {dag.py:3239} INFO - Sync 1 DAGs
[2024-10-12T16:41:28.428+0000] {logging_mixin.py:190} INFO - [2024-10-12T16:41:28.428+0000] {dag.py:4180} INFO - Setting next_dagrun for tutorial_dag to None, run_after=None
[2024-10-12T16:41:28.439+0000] {processor.py:208} INFO - Processing /home/airflow/.local/lib/python3.12/site-packages/airflow/example_dags/tutorial_dag.py took 0.045 seconds
