[2024-10-12T18:19:00.277+0000] {local_task_job_runner.py:123} INFO - ::group::Pre task execution logs
[2024-10-12T18:19:00.291+0000] {taskinstance.py:2612} INFO - Dependencies all met for dep_context=non-requeueable deps ti=<TaskInstance: first-dag.task2 scheduled__2024-06-28T00:00:00+00:00 [queued]>
[2024-10-12T18:19:00.298+0000] {taskinstance.py:2612} INFO - Dependencies all met for dep_context=requeueable deps ti=<TaskInstance: first-dag.task2 scheduled__2024-06-28T00:00:00+00:00 [queued]>
[2024-10-12T18:19:00.298+0000] {taskinstance.py:2865} INFO - Starting attempt 1 of 6
[2024-10-12T18:19:00.338+0000] {taskinstance.py:2888} INFO - Executing <Task(BashOperator): task2> on 2024-06-28 00:00:00+00:00
[2024-10-12T18:19:00.345+0000] {standard_task_runner.py:104} INFO - Running: ['***', 'tasks', 'run', 'first-dag', 'task2', 'scheduled__2024-06-28T00:00:00+00:00', '--job-id', '2032', '--raw', '--subdir', 'DAGS_FOLDER/first_dag.py', '--cfg-path', '/tmp/tmp0tn1p41_']
[2024-10-12T18:19:00.345+0000] {logging_mixin.py:190} WARNING - /home/***/.local/lib/python3.12/site-packages/***/task/task_runner/standard_task_runner.py:70 DeprecationWarning: This process (pid=8542) is multi-threaded, use of fork() may lead to deadlocks in the child.
[2024-10-12T18:19:00.346+0000] {standard_task_runner.py:105} INFO - Job 2032: Subtask task2
[2024-10-12T18:19:00.347+0000] {standard_task_runner.py:72} INFO - Started process 8555 to run task
[2024-10-12T18:19:00.383+0000] {task_command.py:467} INFO - Running <TaskInstance: first-dag.task2 scheduled__2024-06-28T00:00:00+00:00 [running]> on host 50fe842129eb
[2024-10-12T18:19:00.455+0000] {taskinstance.py:3131} INFO - Exporting env vars: AIRFLOW_CTX_DAG_OWNER='james' AIRFLOW_CTX_DAG_ID='first-dag' AIRFLOW_CTX_TASK_ID='task2' AIRFLOW_CTX_EXECUTION_DATE='2024-06-28T00:00:00+00:00' AIRFLOW_CTX_TRY_NUMBER='1' AIRFLOW_CTX_DAG_RUN_ID='scheduled__2024-06-28T00:00:00+00:00'
[2024-10-12T18:19:00.456+0000] {taskinstance.py:731} INFO - ::endgroup::
[2024-10-12T18:19:00.469+0000] {subprocess.py:63} INFO - Tmp dir root location: /tmp
[2024-10-12T18:19:00.470+0000] {subprocess.py:75} INFO - Running command: ['/usr/bin/bash', '-c', 'echo "Running task2"']
[2024-10-12T18:19:00.478+0000] {subprocess.py:86} INFO - Output:
[2024-10-12T18:19:00.479+0000] {subprocess.py:93} INFO - Running task2
[2024-10-12T18:19:00.480+0000] {subprocess.py:97} INFO - Command exited with return code 0
[2024-10-12T18:19:00.503+0000] {taskinstance.py:340} INFO - ::group::Post task execution logs
[2024-10-12T18:19:00.503+0000] {taskinstance.py:352} INFO - Marking task as SUCCESS. dag_id=first-dag, task_id=task2, run_id=scheduled__2024-06-28T00:00:00+00:00, execution_date=20240628T000000, start_date=20241012T181900, end_date=20241012T181900
[2024-10-12T18:19:00.568+0000] {local_task_job_runner.py:266} INFO - Task exited with return code 0
[2024-10-12T18:19:00.579+0000] {local_task_job_runner.py:245} INFO - ::endgroup::
