[2024-10-12T18:17:49.558+0000] {local_task_job_runner.py:123} INFO - ::group::Pre task execution logs
[2024-10-12T18:17:49.572+0000] {taskinstance.py:2612} INFO - Dependencies all met for dep_context=non-requeueable deps ti=<TaskInstance: first-dag.task2 scheduled__2023-10-21T00:00:00+00:00 [queued]>
[2024-10-12T18:17:49.580+0000] {taskinstance.py:2612} INFO - Dependencies all met for dep_context=requeueable deps ti=<TaskInstance: first-dag.task2 scheduled__2023-10-21T00:00:00+00:00 [queued]>
[2024-10-12T18:17:49.581+0000] {taskinstance.py:2865} INFO - Starting attempt 1 of 6
[2024-10-12T18:17:49.590+0000] {taskinstance.py:2888} INFO - Executing <Task(BashOperator): task2> on 2023-10-21 00:00:00+00:00
[2024-10-12T18:17:49.596+0000] {logging_mixin.py:190} WARNING - /home/***/.local/lib/python3.12/site-packages/***/task/task_runner/standard_task_runner.py:70 DeprecationWarning: This process (pid=6501) is multi-threaded, use of fork() may lead to deadlocks in the child.
[2024-10-12T18:17:49.597+0000] {standard_task_runner.py:72} INFO - Started process 6507 to run task
[2024-10-12T18:17:49.596+0000] {standard_task_runner.py:104} INFO - Running: ['***', 'tasks', 'run', 'first-dag', 'task2', 'scheduled__2023-10-21T00:00:00+00:00', '--job-id', '1528', '--raw', '--subdir', 'DAGS_FOLDER/first_dag.py', '--cfg-path', '/tmp/tmp48rl2r4r']
[2024-10-12T18:17:49.599+0000] {standard_task_runner.py:105} INFO - Job 1528: Subtask task2
[2024-10-12T18:17:49.628+0000] {task_command.py:467} INFO - Running <TaskInstance: first-dag.task2 scheduled__2023-10-21T00:00:00+00:00 [running]> on host 50fe842129eb
[2024-10-12T18:17:49.679+0000] {taskinstance.py:3131} INFO - Exporting env vars: AIRFLOW_CTX_DAG_OWNER='james' AIRFLOW_CTX_DAG_ID='first-dag' AIRFLOW_CTX_TASK_ID='task2' AIRFLOW_CTX_EXECUTION_DATE='2023-10-21T00:00:00+00:00' AIRFLOW_CTX_TRY_NUMBER='1' AIRFLOW_CTX_DAG_RUN_ID='scheduled__2023-10-21T00:00:00+00:00'
[2024-10-12T18:17:49.679+0000] {taskinstance.py:731} INFO - ::endgroup::
[2024-10-12T18:17:49.697+0000] {subprocess.py:63} INFO - Tmp dir root location: /tmp
[2024-10-12T18:17:49.698+0000] {subprocess.py:75} INFO - Running command: ['/usr/bin/bash', '-c', 'echo "Running task2"']
[2024-10-12T18:17:49.704+0000] {subprocess.py:86} INFO - Output:
[2024-10-12T18:17:49.705+0000] {subprocess.py:93} INFO - Running task2
[2024-10-12T18:17:49.705+0000] {subprocess.py:97} INFO - Command exited with return code 0
[2024-10-12T18:17:49.721+0000] {taskinstance.py:340} INFO - ::group::Post task execution logs
[2024-10-12T18:17:49.721+0000] {taskinstance.py:352} INFO - Marking task as SUCCESS. dag_id=first-dag, task_id=task2, run_id=scheduled__2023-10-21T00:00:00+00:00, execution_date=20231021T000000, start_date=20241012T181749, end_date=20241012T181749
[2024-10-12T18:17:49.737+0000] {local_task_job_runner.py:266} INFO - Task exited with return code 0
[2024-10-12T18:17:49.746+0000] {taskinstance.py:3900} INFO - 0 downstream tasks scheduled from follow-on schedule check
[2024-10-12T18:17:49.747+0000] {local_task_job_runner.py:245} INFO - ::endgroup::
