[2024-10-15T15:51:15.634+0000] {local_task_job_runner.py:123} INFO - ::group::Pre task execution logs
[2024-10-15T15:51:15.642+0000] {taskinstance.py:2612} INFO - Dependencies all met for dep_context=non-requeueable deps ti=<TaskInstance: dag_with_cron.task1 scheduled__2024-10-08T00:00:00+00:00 [queued]>
[2024-10-15T15:51:15.646+0000] {taskinstance.py:2612} INFO - Dependencies all met for dep_context=requeueable deps ti=<TaskInstance: dag_with_cron.task1 scheduled__2024-10-08T00:00:00+00:00 [queued]>
[2024-10-15T15:51:15.646+0000] {taskinstance.py:2865} INFO - Starting attempt 1 of 6
[2024-10-15T15:51:15.653+0000] {taskinstance.py:2888} INFO - Executing <Task(BashOperator): task1> on 2024-10-08 00:00:00+00:00
[2024-10-15T15:51:15.658+0000] {logging_mixin.py:190} WARNING - /home/***/.local/lib/python3.12/site-packages/***/task/task_runner/standard_task_runner.py:70 DeprecationWarning: This process (pid=2572) is multi-threaded, use of fork() may lead to deadlocks in the child.
[2024-10-15T15:51:15.657+0000] {standard_task_runner.py:104} INFO - Running: ['***', 'tasks', 'run', 'dag_with_cron', 'task1', 'scheduled__2024-10-08T00:00:00+00:00', '--job-id', '21', '--raw', '--subdir', 'DAGS_FOLDER/dag_with_cron.py', '--cfg-path', '/tmp/tmpqwxl5oz9']
[2024-10-15T15:51:15.658+0000] {standard_task_runner.py:72} INFO - Started process 2575 to run task
[2024-10-15T15:51:15.658+0000] {standard_task_runner.py:105} INFO - Job 21: Subtask task1
[2024-10-15T15:51:15.683+0000] {task_command.py:467} INFO - Running <TaskInstance: dag_with_cron.task1 scheduled__2024-10-08T00:00:00+00:00 [running]> on host 49b50434baff
[2024-10-15T15:51:15.720+0000] {taskinstance.py:3131} INFO - Exporting env vars: AIRFLOW_CTX_DAG_OWNER='james' AIRFLOW_CTX_DAG_ID='dag_with_cron' AIRFLOW_CTX_TASK_ID='task1' AIRFLOW_CTX_EXECUTION_DATE='2024-10-08T00:00:00+00:00' AIRFLOW_CTX_TRY_NUMBER='1' AIRFLOW_CTX_DAG_RUN_ID='scheduled__2024-10-08T00:00:00+00:00'
[2024-10-15T15:51:15.720+0000] {taskinstance.py:731} INFO - ::endgroup::
[2024-10-15T15:51:15.730+0000] {subprocess.py:63} INFO - Tmp dir root location: /tmp
[2024-10-15T15:51:15.731+0000] {subprocess.py:75} INFO - Running command: ['/usr/bin/bash', '-c', 'echo hello world']
[2024-10-15T15:51:15.737+0000] {subprocess.py:86} INFO - Output:
[2024-10-15T15:51:15.738+0000] {subprocess.py:93} INFO - hello world
[2024-10-15T15:51:15.738+0000] {subprocess.py:97} INFO - Command exited with return code 0
[2024-10-15T15:51:15.751+0000] {taskinstance.py:340} INFO - ::group::Post task execution logs
[2024-10-15T15:51:15.752+0000] {taskinstance.py:352} INFO - Marking task as SUCCESS. dag_id=dag_with_cron, task_id=task1, run_id=scheduled__2024-10-08T00:00:00+00:00, execution_date=20241008T000000, start_date=20241015T155115, end_date=20241015T155115
[2024-10-15T15:51:15.791+0000] {local_task_job_runner.py:266} INFO - Task exited with return code 0
[2024-10-15T15:51:15.797+0000] {local_task_job_runner.py:245} INFO - ::endgroup::
