[2024-10-15T15:51:13.826+0000] {local_task_job_runner.py:123} INFO - ::group::Pre task execution logs
[2024-10-15T15:51:13.837+0000] {taskinstance.py:2612} INFO - Dependencies all met for dep_context=non-requeueable deps ti=<TaskInstance: dag_with_cron.task1 scheduled__2024-10-04T00:00:00+00:00 [queued]>
[2024-10-15T15:51:13.841+0000] {taskinstance.py:2612} INFO - Dependencies all met for dep_context=requeueable deps ti=<TaskInstance: dag_with_cron.task1 scheduled__2024-10-04T00:00:00+00:00 [queued]>
[2024-10-15T15:51:13.841+0000] {taskinstance.py:2865} INFO - Starting attempt 1 of 6
[2024-10-15T15:51:13.850+0000] {taskinstance.py:2888} INFO - Executing <Task(BashOperator): task1> on 2024-10-04 00:00:00+00:00
[2024-10-15T15:51:13.854+0000] {standard_task_runner.py:104} INFO - Running: ['***', 'tasks', 'run', 'dag_with_cron', 'task1', 'scheduled__2024-10-04T00:00:00+00:00', '--job-id', '17', '--raw', '--subdir', 'DAGS_FOLDER/dag_with_cron.py', '--cfg-path', '/tmp/tmpo_sc4h47']
[2024-10-15T15:51:13.855+0000] {standard_task_runner.py:105} INFO - Job 17: Subtask task1
[2024-10-15T15:51:13.856+0000] {logging_mixin.py:190} WARNING - /home/***/.local/lib/python3.12/site-packages/***/task/task_runner/standard_task_runner.py:70 DeprecationWarning: This process (pid=2548) is multi-threaded, use of fork() may lead to deadlocks in the child.
[2024-10-15T15:51:13.857+0000] {standard_task_runner.py:72} INFO - Started process 2556 to run task
[2024-10-15T15:51:13.879+0000] {task_command.py:467} INFO - Running <TaskInstance: dag_with_cron.task1 scheduled__2024-10-04T00:00:00+00:00 [running]> on host 49b50434baff
[2024-10-15T15:51:13.930+0000] {taskinstance.py:3131} INFO - Exporting env vars: AIRFLOW_CTX_DAG_OWNER='james' AIRFLOW_CTX_DAG_ID='dag_with_cron' AIRFLOW_CTX_TASK_ID='task1' AIRFLOW_CTX_EXECUTION_DATE='2024-10-04T00:00:00+00:00' AIRFLOW_CTX_TRY_NUMBER='1' AIRFLOW_CTX_DAG_RUN_ID='scheduled__2024-10-04T00:00:00+00:00'
[2024-10-15T15:51:13.931+0000] {taskinstance.py:731} INFO - ::endgroup::
[2024-10-15T15:51:13.941+0000] {subprocess.py:63} INFO - Tmp dir root location: /tmp
[2024-10-15T15:51:13.942+0000] {subprocess.py:75} INFO - Running command: ['/usr/bin/bash', '-c', 'echo hello world']
[2024-10-15T15:51:13.946+0000] {subprocess.py:86} INFO - Output:
[2024-10-15T15:51:13.947+0000] {subprocess.py:93} INFO - hello world
[2024-10-15T15:51:13.947+0000] {subprocess.py:97} INFO - Command exited with return code 0
[2024-10-15T15:51:13.960+0000] {taskinstance.py:340} INFO - ::group::Post task execution logs
[2024-10-15T15:51:13.961+0000] {taskinstance.py:352} INFO - Marking task as SUCCESS. dag_id=dag_with_cron, task_id=task1, run_id=scheduled__2024-10-04T00:00:00+00:00, execution_date=20241004T000000, start_date=20241015T155113, end_date=20241015T155113
[2024-10-15T15:51:13.989+0000] {local_task_job_runner.py:266} INFO - Task exited with return code 0
[2024-10-15T15:51:14.000+0000] {taskinstance.py:3900} INFO - 0 downstream tasks scheduled from follow-on schedule check
[2024-10-15T15:51:14.001+0000] {local_task_job_runner.py:245} INFO - ::endgroup::
