[2024-10-12T18:15:12.798+0000] {local_task_job_runner.py:123} INFO - ::group::Pre task execution logs
[2024-10-12T18:15:12.809+0000] {taskinstance.py:2612} INFO - Dependencies all met for dep_context=non-requeueable deps ti=<TaskInstance: first-dag.task1 scheduled__2022-04-21T00:00:00+00:00 [queued]>
[2024-10-12T18:15:12.815+0000] {taskinstance.py:2612} INFO - Dependencies all met for dep_context=requeueable deps ti=<TaskInstance: first-dag.task1 scheduled__2022-04-21T00:00:00+00:00 [queued]>
[2024-10-12T18:15:12.815+0000] {taskinstance.py:2865} INFO - Starting attempt 1 of 6
[2024-10-12T18:15:12.830+0000] {taskinstance.py:2888} INFO - Executing <Task(BashOperator): task1> on 2022-04-21 00:00:00+00:00
[2024-10-12T18:15:12.835+0000] {logging_mixin.py:190} WARNING - /home/***/.local/lib/python3.12/site-packages/***/task/task_runner/standard_task_runner.py:70 DeprecationWarning: This process (pid=2027) is multi-threaded, use of fork() may lead to deadlocks in the child.
[2024-10-12T18:15:12.837+0000] {standard_task_runner.py:72} INFO - Started process 2037 to run task
[2024-10-12T18:15:12.837+0000] {standard_task_runner.py:104} INFO - Running: ['***', 'tasks', 'run', 'first-dag', 'task1', 'scheduled__2022-04-21T00:00:00+00:00', '--job-id', '425', '--raw', '--subdir', 'DAGS_FOLDER/first_dag.py', '--cfg-path', '/tmp/tmp3tk129rf']
[2024-10-12T18:15:12.840+0000] {standard_task_runner.py:105} INFO - Job 425: Subtask task1
[2024-10-12T18:15:12.875+0000] {task_command.py:467} INFO - Running <TaskInstance: first-dag.task1 scheduled__2022-04-21T00:00:00+00:00 [running]> on host 50fe842129eb
[2024-10-12T18:15:12.946+0000] {taskinstance.py:3131} INFO - Exporting env vars: AIRFLOW_CTX_DAG_OWNER='james' AIRFLOW_CTX_DAG_ID='first-dag' AIRFLOW_CTX_TASK_ID='task1' AIRFLOW_CTX_EXECUTION_DATE='2022-04-21T00:00:00+00:00' AIRFLOW_CTX_TRY_NUMBER='1' AIRFLOW_CTX_DAG_RUN_ID='scheduled__2022-04-21T00:00:00+00:00'
[2024-10-12T18:15:12.947+0000] {taskinstance.py:731} INFO - ::endgroup::
[2024-10-12T18:15:12.961+0000] {subprocess.py:63} INFO - Tmp dir root location: /tmp
[2024-10-12T18:15:12.962+0000] {subprocess.py:75} INFO - Running command: ['/usr/bin/bash', '-c', 'echo "Running task1"']
[2024-10-12T18:15:12.972+0000] {subprocess.py:86} INFO - Output:
[2024-10-12T18:15:12.973+0000] {subprocess.py:93} INFO - Running task1
[2024-10-12T18:15:12.975+0000] {subprocess.py:97} INFO - Command exited with return code 0
[2024-10-12T18:15:12.994+0000] {taskinstance.py:340} INFO - ::group::Post task execution logs
[2024-10-12T18:15:12.995+0000] {taskinstance.py:352} INFO - Marking task as SUCCESS. dag_id=first-dag, task_id=task1, run_id=scheduled__2022-04-21T00:00:00+00:00, execution_date=20220421T000000, start_date=20241012T181512, end_date=20241012T181512
[2024-10-12T18:15:13.058+0000] {local_task_job_runner.py:266} INFO - Task exited with return code 0
[2024-10-12T18:15:13.068+0000] {local_task_job_runner.py:245} INFO - ::endgroup::
