[2024-10-12T18:15:56.765+0000] {local_task_job_runner.py:123} INFO - ::group::Pre task execution logs
[2024-10-12T18:15:56.782+0000] {taskinstance.py:2612} INFO - Dependencies all met for dep_context=non-requeueable deps ti=<TaskInstance: first-dag.task2 scheduled__2022-09-07T00:00:00+00:00 [queued]>
[2024-10-12T18:15:56.791+0000] {taskinstance.py:2612} INFO - Dependencies all met for dep_context=requeueable deps ti=<TaskInstance: first-dag.task2 scheduled__2022-09-07T00:00:00+00:00 [queued]>
[2024-10-12T18:15:56.792+0000] {taskinstance.py:2865} INFO - Starting attempt 1 of 6
[2024-10-12T18:15:56.811+0000] {taskinstance.py:2888} INFO - Executing <Task(BashOperator): task2> on 2022-09-07 00:00:00+00:00
[2024-10-12T18:15:56.819+0000] {logging_mixin.py:190} WARNING - /home/***/.local/lib/python3.12/site-packages/***/task/task_runner/standard_task_runner.py:70 DeprecationWarning: This process (pid=3209) is multi-threaded, use of fork() may lead to deadlocks in the child.
[2024-10-12T18:15:56.820+0000] {standard_task_runner.py:72} INFO - Started process 3217 to run task
[2024-10-12T18:15:56.820+0000] {standard_task_runner.py:104} INFO - Running: ['***', 'tasks', 'run', 'first-dag', 'task2', 'scheduled__2022-09-07T00:00:00+00:00', '--job-id', '715', '--raw', '--subdir', 'DAGS_FOLDER/first_dag.py', '--cfg-path', '/tmp/tmpqr53fgco']
[2024-10-12T18:15:56.821+0000] {standard_task_runner.py:105} INFO - Job 715: Subtask task2
[2024-10-12T18:15:56.857+0000] {task_command.py:467} INFO - Running <TaskInstance: first-dag.task2 scheduled__2022-09-07T00:00:00+00:00 [running]> on host 50fe842129eb
[2024-10-12T18:15:56.930+0000] {taskinstance.py:3131} INFO - Exporting env vars: AIRFLOW_CTX_DAG_OWNER='james' AIRFLOW_CTX_DAG_ID='first-dag' AIRFLOW_CTX_TASK_ID='task2' AIRFLOW_CTX_EXECUTION_DATE='2022-09-07T00:00:00+00:00' AIRFLOW_CTX_TRY_NUMBER='1' AIRFLOW_CTX_DAG_RUN_ID='scheduled__2022-09-07T00:00:00+00:00'
[2024-10-12T18:15:56.931+0000] {taskinstance.py:731} INFO - ::endgroup::
[2024-10-12T18:15:56.946+0000] {subprocess.py:63} INFO - Tmp dir root location: /tmp
[2024-10-12T18:15:56.946+0000] {subprocess.py:75} INFO - Running command: ['/usr/bin/bash', '-c', 'echo "Running task2"']
[2024-10-12T18:15:56.954+0000] {subprocess.py:86} INFO - Output:
[2024-10-12T18:15:56.955+0000] {subprocess.py:93} INFO - Running task2
[2024-10-12T18:15:56.956+0000] {subprocess.py:97} INFO - Command exited with return code 0
[2024-10-12T18:15:56.971+0000] {taskinstance.py:340} INFO - ::group::Post task execution logs
[2024-10-12T18:15:56.972+0000] {taskinstance.py:352} INFO - Marking task as SUCCESS. dag_id=first-dag, task_id=task2, run_id=scheduled__2022-09-07T00:00:00+00:00, execution_date=20220907T000000, start_date=20241012T181556, end_date=20241012T181556
[2024-10-12T18:15:57.042+0000] {local_task_job_runner.py:266} INFO - Task exited with return code 0
[2024-10-12T18:15:57.051+0000] {local_task_job_runner.py:245} INFO - ::endgroup::
