[2024-10-12T18:15:51.922+0000] {local_task_job_runner.py:123} INFO - ::group::Pre task execution logs
[2024-10-12T18:15:51.936+0000] {taskinstance.py:2612} INFO - Dependencies all met for dep_context=non-requeueable deps ti=<TaskInstance: first-dag.task1 scheduled__2022-08-28T00:00:00+00:00 [queued]>
[2024-10-12T18:15:51.941+0000] {taskinstance.py:2612} INFO - Dependencies all met for dep_context=requeueable deps ti=<TaskInstance: first-dag.task1 scheduled__2022-08-28T00:00:00+00:00 [queued]>
[2024-10-12T18:15:51.941+0000] {taskinstance.py:2865} INFO - Starting attempt 1 of 6
[2024-10-12T18:15:51.952+0000] {taskinstance.py:2888} INFO - Executing <Task(BashOperator): task1> on 2022-08-28 00:00:00+00:00
[2024-10-12T18:15:51.957+0000] {logging_mixin.py:190} WARNING - /home/***/.local/lib/python3.12/site-packages/***/task/task_runner/standard_task_runner.py:70 DeprecationWarning: This process (pid=3084) is multi-threaded, use of fork() may lead to deadlocks in the child.
[2024-10-12T18:15:51.957+0000] {standard_task_runner.py:72} INFO - Started process 3097 to run task
[2024-10-12T18:15:51.957+0000] {standard_task_runner.py:104} INFO - Running: ['***', 'tasks', 'run', 'first-dag', 'task1', 'scheduled__2022-08-28T00:00:00+00:00', '--job-id', '685', '--raw', '--subdir', 'DAGS_FOLDER/first_dag.py', '--cfg-path', '/tmp/tmpw21jgs9a']
[2024-10-12T18:15:51.958+0000] {standard_task_runner.py:105} INFO - Job 685: Subtask task1
[2024-10-12T18:15:51.988+0000] {task_command.py:467} INFO - Running <TaskInstance: first-dag.task1 scheduled__2022-08-28T00:00:00+00:00 [running]> on host 50fe842129eb
[2024-10-12T18:15:52.049+0000] {taskinstance.py:3131} INFO - Exporting env vars: AIRFLOW_CTX_DAG_OWNER='james' AIRFLOW_CTX_DAG_ID='first-dag' AIRFLOW_CTX_TASK_ID='task1' AIRFLOW_CTX_EXECUTION_DATE='2022-08-28T00:00:00+00:00' AIRFLOW_CTX_TRY_NUMBER='1' AIRFLOW_CTX_DAG_RUN_ID='scheduled__2022-08-28T00:00:00+00:00'
[2024-10-12T18:15:52.050+0000] {taskinstance.py:731} INFO - ::endgroup::
[2024-10-12T18:15:52.064+0000] {subprocess.py:63} INFO - Tmp dir root location: /tmp
[2024-10-12T18:15:52.066+0000] {subprocess.py:75} INFO - Running command: ['/usr/bin/bash', '-c', 'echo "Running task1"']
[2024-10-12T18:15:52.072+0000] {subprocess.py:86} INFO - Output:
[2024-10-12T18:15:52.073+0000] {subprocess.py:93} INFO - Running task1
[2024-10-12T18:15:52.074+0000] {subprocess.py:97} INFO - Command exited with return code 0
[2024-10-12T18:15:52.088+0000] {taskinstance.py:340} INFO - ::group::Post task execution logs
[2024-10-12T18:15:52.088+0000] {taskinstance.py:352} INFO - Marking task as SUCCESS. dag_id=first-dag, task_id=task1, run_id=scheduled__2022-08-28T00:00:00+00:00, execution_date=20220828T000000, start_date=20241012T181551, end_date=20241012T181552
[2024-10-12T18:15:52.138+0000] {local_task_job_runner.py:266} INFO - Task exited with return code 0
[2024-10-12T18:15:52.158+0000] {taskinstance.py:3900} INFO - 1 downstream tasks scheduled from follow-on schedule check
[2024-10-12T18:15:52.159+0000] {local_task_job_runner.py:245} INFO - ::endgroup::
