[2024-10-12T18:14:58.297+0000] {local_task_job_runner.py:123} INFO - ::group::Pre task execution logs
[2024-10-12T18:14:58.312+0000] {taskinstance.py:2612} INFO - Dependencies all met for dep_context=non-requeueable deps ti=<TaskInstance: first-dag.task1 scheduled__2022-03-05T00:00:00+00:00 [queued]>
[2024-10-12T18:14:58.319+0000] {taskinstance.py:2612} INFO - Dependencies all met for dep_context=requeueable deps ti=<TaskInstance: first-dag.task1 scheduled__2022-03-05T00:00:00+00:00 [queued]>
[2024-10-12T18:14:58.319+0000] {taskinstance.py:2865} INFO - Starting attempt 1 of 6
[2024-10-12T18:14:58.367+0000] {taskinstance.py:2888} INFO - Executing <Task(BashOperator): task1> on 2022-03-05 00:00:00+00:00
[2024-10-12T18:14:58.373+0000] {logging_mixin.py:190} WARNING - /home/***/.local/lib/python3.12/site-packages/***/task/task_runner/standard_task_runner.py:70 DeprecationWarning: This process (pid=1649) is multi-threaded, use of fork() may lead to deadlocks in the child.
[2024-10-12T18:14:58.374+0000] {standard_task_runner.py:72} INFO - Started process 1658 to run task
[2024-10-12T18:14:58.375+0000] {standard_task_runner.py:104} INFO - Running: ['***', 'tasks', 'run', 'first-dag', 'task1', 'scheduled__2022-03-05T00:00:00+00:00', '--job-id', '331', '--raw', '--subdir', 'DAGS_FOLDER/first_dag.py', '--cfg-path', '/tmp/tmpottgdzps']
[2024-10-12T18:14:58.376+0000] {standard_task_runner.py:105} INFO - Job 331: Subtask task1
[2024-10-12T18:14:58.417+0000] {task_command.py:467} INFO - Running <TaskInstance: first-dag.task1 scheduled__2022-03-05T00:00:00+00:00 [running]> on host 50fe842129eb
[2024-10-12T18:14:58.484+0000] {taskinstance.py:3131} INFO - Exporting env vars: AIRFLOW_CTX_DAG_OWNER='james' AIRFLOW_CTX_DAG_ID='first-dag' AIRFLOW_CTX_TASK_ID='task1' AIRFLOW_CTX_EXECUTION_DATE='2022-03-05T00:00:00+00:00' AIRFLOW_CTX_TRY_NUMBER='1' AIRFLOW_CTX_DAG_RUN_ID='scheduled__2022-03-05T00:00:00+00:00'
[2024-10-12T18:14:58.485+0000] {taskinstance.py:731} INFO - ::endgroup::
[2024-10-12T18:14:58.500+0000] {subprocess.py:63} INFO - Tmp dir root location: /tmp
[2024-10-12T18:14:58.501+0000] {subprocess.py:75} INFO - Running command: ['/usr/bin/bash', '-c', 'echo "Running task1"']
[2024-10-12T18:14:58.511+0000] {subprocess.py:86} INFO - Output:
[2024-10-12T18:14:58.512+0000] {subprocess.py:93} INFO - Running task1
[2024-10-12T18:14:58.513+0000] {subprocess.py:97} INFO - Command exited with return code 0
[2024-10-12T18:14:58.533+0000] {taskinstance.py:340} INFO - ::group::Post task execution logs
[2024-10-12T18:14:58.534+0000] {taskinstance.py:352} INFO - Marking task as SUCCESS. dag_id=first-dag, task_id=task1, run_id=scheduled__2022-03-05T00:00:00+00:00, execution_date=20220305T000000, start_date=20241012T181458, end_date=20241012T181458
[2024-10-12T18:14:58.594+0000] {local_task_job_runner.py:266} INFO - Task exited with return code 0
[2024-10-12T18:14:58.613+0000] {taskinstance.py:3900} INFO - 1 downstream tasks scheduled from follow-on schedule check
[2024-10-12T18:14:58.621+0000] {local_task_job_runner.py:245} INFO - ::endgroup::
