[2024-10-12T18:14:33.231+0000] {local_task_job_runner.py:123} INFO - ::group::Pre task execution logs
[2024-10-12T18:14:33.243+0000] {taskinstance.py:2612} INFO - Dependencies all met for dep_context=non-requeueable deps ti=<TaskInstance: first-dag.task1 scheduled__2021-12-24T00:00:00+00:00 [queued]>
[2024-10-12T18:14:33.248+0000] {taskinstance.py:2612} INFO - Dependencies all met for dep_context=requeueable deps ti=<TaskInstance: first-dag.task1 scheduled__2021-12-24T00:00:00+00:00 [queued]>
[2024-10-12T18:14:33.249+0000] {taskinstance.py:2865} INFO - Starting attempt 1 of 6
[2024-10-12T18:14:33.267+0000] {taskinstance.py:2888} INFO - Executing <Task(BashOperator): task1> on 2021-12-24 00:00:00+00:00
[2024-10-12T18:14:33.272+0000] {logging_mixin.py:190} WARNING - /home/***/.local/lib/python3.12/site-packages/***/task/task_runner/standard_task_runner.py:70 DeprecationWarning: This process (pid=1083) is multi-threaded, use of fork() may lead to deadlocks in the child.
[2024-10-12T18:14:33.273+0000] {standard_task_runner.py:72} INFO - Started process 1091 to run task
[2024-10-12T18:14:33.273+0000] {standard_task_runner.py:104} INFO - Running: ['***', 'tasks', 'run', 'first-dag', 'task1', 'scheduled__2021-12-24T00:00:00+00:00', '--job-id', '192', '--raw', '--subdir', 'DAGS_FOLDER/first_dag.py', '--cfg-path', '/tmp/tmpwi3h105f']
[2024-10-12T18:14:33.274+0000] {standard_task_runner.py:105} INFO - Job 192: Subtask task1
[2024-10-12T18:14:33.308+0000] {task_command.py:467} INFO - Running <TaskInstance: first-dag.task1 scheduled__2021-12-24T00:00:00+00:00 [running]> on host 50fe842129eb
[2024-10-12T18:14:33.381+0000] {taskinstance.py:3131} INFO - Exporting env vars: AIRFLOW_CTX_DAG_OWNER='james' AIRFLOW_CTX_DAG_ID='first-dag' AIRFLOW_CTX_TASK_ID='task1' AIRFLOW_CTX_EXECUTION_DATE='2021-12-24T00:00:00+00:00' AIRFLOW_CTX_TRY_NUMBER='1' AIRFLOW_CTX_DAG_RUN_ID='scheduled__2021-12-24T00:00:00+00:00'
[2024-10-12T18:14:33.381+0000] {taskinstance.py:731} INFO - ::endgroup::
[2024-10-12T18:14:33.397+0000] {subprocess.py:63} INFO - Tmp dir root location: /tmp
[2024-10-12T18:14:33.398+0000] {subprocess.py:75} INFO - Running command: ['/usr/bin/bash', '-c', 'echo "Running task1"']
[2024-10-12T18:14:33.404+0000] {subprocess.py:86} INFO - Output:
[2024-10-12T18:14:33.405+0000] {subprocess.py:93} INFO - Running task1
[2024-10-12T18:14:33.405+0000] {subprocess.py:97} INFO - Command exited with return code 0
[2024-10-12T18:14:33.423+0000] {taskinstance.py:340} INFO - ::group::Post task execution logs
[2024-10-12T18:14:33.424+0000] {taskinstance.py:352} INFO - Marking task as SUCCESS. dag_id=first-dag, task_id=task1, run_id=scheduled__2021-12-24T00:00:00+00:00, execution_date=20211224T000000, start_date=20241012T181433, end_date=20241012T181433
[2024-10-12T18:14:33.454+0000] {local_task_job_runner.py:266} INFO - Task exited with return code 0
[2024-10-12T18:14:33.462+0000] {local_task_job_runner.py:245} INFO - ::endgroup::
