[2024-10-12T18:16:16.997+0000] {local_task_job_runner.py:123} INFO - ::group::Pre task execution logs
[2024-10-12T18:16:17.010+0000] {taskinstance.py:2612} INFO - Dependencies all met for dep_context=non-requeueable deps ti=<TaskInstance: first-dag.task2 scheduled__2022-11-23T00:00:00+00:00 [queued]>
[2024-10-12T18:16:17.024+0000] {taskinstance.py:2612} INFO - Dependencies all met for dep_context=requeueable deps ti=<TaskInstance: first-dag.task2 scheduled__2022-11-23T00:00:00+00:00 [queued]>
[2024-10-12T18:16:17.025+0000] {taskinstance.py:2865} INFO - Starting attempt 1 of 6
[2024-10-12T18:16:17.050+0000] {taskinstance.py:2888} INFO - Executing <Task(BashOperator): task2> on 2022-11-23 00:00:00+00:00
[2024-10-12T18:16:17.062+0000] {logging_mixin.py:190} WARNING - /home/***/.local/lib/python3.12/site-packages/***/task/task_runner/standard_task_runner.py:70 DeprecationWarning: This process (pid=3830) is multi-threaded, use of fork() may lead to deadlocks in the child.
[2024-10-12T18:16:17.061+0000] {standard_task_runner.py:104} INFO - Running: ['***', 'tasks', 'run', 'first-dag', 'task2', 'scheduled__2022-11-23T00:00:00+00:00', '--job-id', '868', '--raw', '--subdir', 'DAGS_FOLDER/first_dag.py', '--cfg-path', '/tmp/tmpbwfbyplm']
[2024-10-12T18:16:17.063+0000] {standard_task_runner.py:72} INFO - Started process 3839 to run task
[2024-10-12T18:16:17.064+0000] {standard_task_runner.py:105} INFO - Job 868: Subtask task2
[2024-10-12T18:16:17.112+0000] {task_command.py:467} INFO - Running <TaskInstance: first-dag.task2 scheduled__2022-11-23T00:00:00+00:00 [running]> on host 50fe842129eb
[2024-10-12T18:16:17.200+0000] {taskinstance.py:3131} INFO - Exporting env vars: AIRFLOW_CTX_DAG_OWNER='james' AIRFLOW_CTX_DAG_ID='first-dag' AIRFLOW_CTX_TASK_ID='task2' AIRFLOW_CTX_EXECUTION_DATE='2022-11-23T00:00:00+00:00' AIRFLOW_CTX_TRY_NUMBER='1' AIRFLOW_CTX_DAG_RUN_ID='scheduled__2022-11-23T00:00:00+00:00'
[2024-10-12T18:16:17.200+0000] {taskinstance.py:731} INFO - ::endgroup::
[2024-10-12T18:16:17.223+0000] {subprocess.py:63} INFO - Tmp dir root location: /tmp
[2024-10-12T18:16:17.224+0000] {subprocess.py:75} INFO - Running command: ['/usr/bin/bash', '-c', 'echo "Running task2"']
[2024-10-12T18:16:17.235+0000] {subprocess.py:86} INFO - Output:
[2024-10-12T18:16:17.237+0000] {subprocess.py:93} INFO - Running task2
[2024-10-12T18:16:17.239+0000] {subprocess.py:97} INFO - Command exited with return code 0
[2024-10-12T18:16:17.262+0000] {taskinstance.py:340} INFO - ::group::Post task execution logs
[2024-10-12T18:16:17.263+0000] {taskinstance.py:352} INFO - Marking task as SUCCESS. dag_id=first-dag, task_id=task2, run_id=scheduled__2022-11-23T00:00:00+00:00, execution_date=20221123T000000, start_date=20241012T181617, end_date=20241012T181617
[2024-10-12T18:16:17.327+0000] {local_task_job_runner.py:266} INFO - Task exited with return code 0
[2024-10-12T18:16:17.342+0000] {taskinstance.py:3900} INFO - 0 downstream tasks scheduled from follow-on schedule check
[2024-10-12T18:16:17.343+0000] {local_task_job_runner.py:245} INFO - ::endgroup::
