[2024-10-12T18:14:50.942+0000] {local_task_job_runner.py:123} INFO - ::group::Pre task execution logs
[2024-10-12T18:14:50.956+0000] {taskinstance.py:2612} INFO - Dependencies all met for dep_context=non-requeueable deps ti=<TaskInstance: first-dag.task1 scheduled__2022-02-08T00:00:00+00:00 [queued]>
[2024-10-12T18:14:50.962+0000] {taskinstance.py:2612} INFO - Dependencies all met for dep_context=requeueable deps ti=<TaskInstance: first-dag.task1 scheduled__2022-02-08T00:00:00+00:00 [queued]>
[2024-10-12T18:14:50.963+0000] {taskinstance.py:2865} INFO - Starting attempt 1 of 6
[2024-10-12T18:14:50.997+0000] {taskinstance.py:2888} INFO - Executing <Task(BashOperator): task1> on 2022-02-08 00:00:00+00:00
[2024-10-12T18:14:51.004+0000] {logging_mixin.py:190} WARNING - /home/***/.local/lib/python3.12/site-packages/***/task/task_runner/standard_task_runner.py:70 DeprecationWarning: This process (pid=1444) is multi-threaded, use of fork() may lead to deadlocks in the child.
[2024-10-12T18:14:51.005+0000] {standard_task_runner.py:72} INFO - Started process 1453 to run task
[2024-10-12T18:14:51.004+0000] {standard_task_runner.py:104} INFO - Running: ['***', 'tasks', 'run', 'first-dag', 'task1', 'scheduled__2022-02-08T00:00:00+00:00', '--job-id', '280', '--raw', '--subdir', 'DAGS_FOLDER/first_dag.py', '--cfg-path', '/tmp/tmpk05neghn']
[2024-10-12T18:14:51.006+0000] {standard_task_runner.py:105} INFO - Job 280: Subtask task1
[2024-10-12T18:14:51.044+0000] {task_command.py:467} INFO - Running <TaskInstance: first-dag.task1 scheduled__2022-02-08T00:00:00+00:00 [running]> on host 50fe842129eb
[2024-10-12T18:14:51.108+0000] {taskinstance.py:3131} INFO - Exporting env vars: AIRFLOW_CTX_DAG_OWNER='james' AIRFLOW_CTX_DAG_ID='first-dag' AIRFLOW_CTX_TASK_ID='task1' AIRFLOW_CTX_EXECUTION_DATE='2022-02-08T00:00:00+00:00' AIRFLOW_CTX_TRY_NUMBER='1' AIRFLOW_CTX_DAG_RUN_ID='scheduled__2022-02-08T00:00:00+00:00'
[2024-10-12T18:14:51.109+0000] {taskinstance.py:731} INFO - ::endgroup::
[2024-10-12T18:14:51.131+0000] {subprocess.py:63} INFO - Tmp dir root location: /tmp
[2024-10-12T18:14:51.132+0000] {subprocess.py:75} INFO - Running command: ['/usr/bin/bash', '-c', 'echo "Running task1"']
[2024-10-12T18:14:51.141+0000] {subprocess.py:86} INFO - Output:
[2024-10-12T18:14:51.142+0000] {subprocess.py:93} INFO - Running task1
[2024-10-12T18:14:51.144+0000] {subprocess.py:97} INFO - Command exited with return code 0
[2024-10-12T18:14:51.163+0000] {taskinstance.py:340} INFO - ::group::Post task execution logs
[2024-10-12T18:14:51.163+0000] {taskinstance.py:352} INFO - Marking task as SUCCESS. dag_id=first-dag, task_id=task1, run_id=scheduled__2022-02-08T00:00:00+00:00, execution_date=20220208T000000, start_date=20241012T181450, end_date=20241012T181451
[2024-10-12T18:14:51.226+0000] {local_task_job_runner.py:266} INFO - Task exited with return code 0
[2024-10-12T18:14:51.247+0000] {taskinstance.py:3900} INFO - 1 downstream tasks scheduled from follow-on schedule check
[2024-10-12T18:14:51.249+0000] {local_task_job_runner.py:245} INFO - ::endgroup::
