[2024-10-12T18:15:21.858+0000] {local_task_job_runner.py:123} INFO - ::group::Pre task execution logs
[2024-10-12T18:15:21.872+0000] {taskinstance.py:2612} INFO - Dependencies all met for dep_context=non-requeueable deps ti=<TaskInstance: first-dag.task2 scheduled__2022-05-16T00:00:00+00:00 [queued]>
[2024-10-12T18:15:21.878+0000] {taskinstance.py:2612} INFO - Dependencies all met for dep_context=requeueable deps ti=<TaskInstance: first-dag.task2 scheduled__2022-05-16T00:00:00+00:00 [queued]>
[2024-10-12T18:15:21.880+0000] {taskinstance.py:2865} INFO - Starting attempt 1 of 6
[2024-10-12T18:15:21.891+0000] {taskinstance.py:2888} INFO - Executing <Task(BashOperator): task2> on 2022-05-16 00:00:00+00:00
[2024-10-12T18:15:21.895+0000] {logging_mixin.py:190} WARNING - /home/***/.local/lib/python3.12/site-packages/***/task/task_runner/standard_task_runner.py:70 DeprecationWarning: This process (pid=2262) is multi-threaded, use of fork() may lead to deadlocks in the child.
[2024-10-12T18:15:21.897+0000] {standard_task_runner.py:72} INFO - Started process 2275 to run task
[2024-10-12T18:15:21.896+0000] {standard_task_runner.py:104} INFO - Running: ['***', 'tasks', 'run', 'first-dag', 'task2', 'scheduled__2022-05-16T00:00:00+00:00', '--job-id', '482', '--raw', '--subdir', 'DAGS_FOLDER/first_dag.py', '--cfg-path', '/tmp/tmp1t0ojlgs']
[2024-10-12T18:15:21.898+0000] {standard_task_runner.py:105} INFO - Job 482: Subtask task2
[2024-10-12T18:15:21.924+0000] {task_command.py:467} INFO - Running <TaskInstance: first-dag.task2 scheduled__2022-05-16T00:00:00+00:00 [running]> on host 50fe842129eb
[2024-10-12T18:15:21.975+0000] {taskinstance.py:3131} INFO - Exporting env vars: AIRFLOW_CTX_DAG_OWNER='james' AIRFLOW_CTX_DAG_ID='first-dag' AIRFLOW_CTX_TASK_ID='task2' AIRFLOW_CTX_EXECUTION_DATE='2022-05-16T00:00:00+00:00' AIRFLOW_CTX_TRY_NUMBER='1' AIRFLOW_CTX_DAG_RUN_ID='scheduled__2022-05-16T00:00:00+00:00'
[2024-10-12T18:15:21.976+0000] {taskinstance.py:731} INFO - ::endgroup::
[2024-10-12T18:15:21.993+0000] {subprocess.py:63} INFO - Tmp dir root location: /tmp
[2024-10-12T18:15:21.993+0000] {subprocess.py:75} INFO - Running command: ['/usr/bin/bash', '-c', 'echo "Running task2"']
[2024-10-12T18:15:22.001+0000] {subprocess.py:86} INFO - Output:
[2024-10-12T18:15:22.002+0000] {subprocess.py:93} INFO - Running task2
[2024-10-12T18:15:22.003+0000] {subprocess.py:97} INFO - Command exited with return code 0
[2024-10-12T18:15:22.019+0000] {taskinstance.py:340} INFO - ::group::Post task execution logs
[2024-10-12T18:15:22.020+0000] {taskinstance.py:352} INFO - Marking task as SUCCESS. dag_id=first-dag, task_id=task2, run_id=scheduled__2022-05-16T00:00:00+00:00, execution_date=20220516T000000, start_date=20241012T181521, end_date=20241012T181522
[2024-10-12T18:15:22.036+0000] {local_task_job_runner.py:266} INFO - Task exited with return code 0
[2024-10-12T18:15:22.049+0000] {taskinstance.py:3900} INFO - 0 downstream tasks scheduled from follow-on schedule check
[2024-10-12T18:15:22.050+0000] {local_task_job_runner.py:245} INFO - ::endgroup::
