[2024-10-12T18:15:59.639+0000] {local_task_job_runner.py:123} INFO - ::group::Pre task execution logs
[2024-10-12T18:15:59.650+0000] {taskinstance.py:2612} INFO - Dependencies all met for dep_context=non-requeueable deps ti=<TaskInstance: first-dag.task2 scheduled__2022-09-19T00:00:00+00:00 [queued]>
[2024-10-12T18:15:59.658+0000] {taskinstance.py:2612} INFO - Dependencies all met for dep_context=requeueable deps ti=<TaskInstance: first-dag.task2 scheduled__2022-09-19T00:00:00+00:00 [queued]>
[2024-10-12T18:15:59.659+0000] {taskinstance.py:2865} INFO - Starting attempt 1 of 6
[2024-10-12T18:15:59.690+0000] {taskinstance.py:2888} INFO - Executing <Task(BashOperator): task2> on 2022-09-19 00:00:00+00:00
[2024-10-12T18:15:59.696+0000] {logging_mixin.py:190} WARNING - /home/***/.local/lib/python3.12/site-packages/***/task/task_runner/standard_task_runner.py:70 DeprecationWarning: This process (pid=3305) is multi-threaded, use of fork() may lead to deadlocks in the child.
[2024-10-12T18:15:59.697+0000] {standard_task_runner.py:72} INFO - Started process 3313 to run task
[2024-10-12T18:15:59.696+0000] {standard_task_runner.py:104} INFO - Running: ['***', 'tasks', 'run', 'first-dag', 'task2', 'scheduled__2022-09-19T00:00:00+00:00', '--job-id', '738', '--raw', '--subdir', 'DAGS_FOLDER/first_dag.py', '--cfg-path', '/tmp/tmpmposx0vn']
[2024-10-12T18:15:59.697+0000] {standard_task_runner.py:105} INFO - Job 738: Subtask task2
[2024-10-12T18:15:59.734+0000] {task_command.py:467} INFO - Running <TaskInstance: first-dag.task2 scheduled__2022-09-19T00:00:00+00:00 [running]> on host 50fe842129eb
[2024-10-12T18:15:59.807+0000] {taskinstance.py:3131} INFO - Exporting env vars: AIRFLOW_CTX_DAG_OWNER='james' AIRFLOW_CTX_DAG_ID='first-dag' AIRFLOW_CTX_TASK_ID='task2' AIRFLOW_CTX_EXECUTION_DATE='2022-09-19T00:00:00+00:00' AIRFLOW_CTX_TRY_NUMBER='1' AIRFLOW_CTX_DAG_RUN_ID='scheduled__2022-09-19T00:00:00+00:00'
[2024-10-12T18:15:59.810+0000] {taskinstance.py:731} INFO - ::endgroup::
[2024-10-12T18:15:59.829+0000] {subprocess.py:63} INFO - Tmp dir root location: /tmp
[2024-10-12T18:15:59.829+0000] {subprocess.py:75} INFO - Running command: ['/usr/bin/bash', '-c', 'echo "Running task2"']
[2024-10-12T18:15:59.837+0000] {subprocess.py:86} INFO - Output:
[2024-10-12T18:15:59.839+0000] {subprocess.py:93} INFO - Running task2
[2024-10-12T18:15:59.840+0000] {subprocess.py:97} INFO - Command exited with return code 0
[2024-10-12T18:15:59.858+0000] {taskinstance.py:340} INFO - ::group::Post task execution logs
[2024-10-12T18:15:59.859+0000] {taskinstance.py:352} INFO - Marking task as SUCCESS. dag_id=first-dag, task_id=task2, run_id=scheduled__2022-09-19T00:00:00+00:00, execution_date=20220919T000000, start_date=20241012T181559, end_date=20241012T181559
[2024-10-12T18:15:59.917+0000] {local_task_job_runner.py:266} INFO - Task exited with return code 0
[2024-10-12T18:15:59.933+0000] {taskinstance.py:3900} INFO - 0 downstream tasks scheduled from follow-on schedule check
[2024-10-12T18:15:59.934+0000] {local_task_job_runner.py:245} INFO - ::endgroup::
